INFO - 2025-01-21 15:59:40 --> Session: Class initialized using 'CodeIgniter\Session\Handlers\FileHandler' driver.
INFO - 2025-01-21 15:59:43 --> Session: Class initialized using 'CodeIgniter\Session\Handlers\FileHandler' driver.
INFO - 2025-01-21 15:59:44 --> Session: Class initialized using 'CodeIgniter\Session\Handlers\FileHandler' driver.
INFO - 2025-01-21 15:59:50 --> Session: Class initialized using 'CodeIgniter\Session\Handlers\FileHandler' driver.
ERROR - 2025-01-21 15:59:50 --> Login attempt with username: lili
ERROR - 2025-01-21 15:59:51 --> Checking login for username: lili
ERROR - 2025-01-21 15:59:51 --> User data: Array
(
    [user_id] => 9
    [username] => lili
    [nama] => alhamdulillah
    [nip] => 123456780123456789
    [email] => bismillah@gmail.com
    [password] => $2y$10$VOHOtZEaMBJvPLDT6v5/2uXNDqowMBRRYCjIGJtTPqb41gpCwVLI6
    [role] => admin
    [Bidang] => 
    [profil_foto] => image.png
    [alamat] => jalan 
    [jabatan] => Sekretaris
    [tanggal_lahir] => 2003-07-09
    [created_at] => 2025-01-10 02:06:34
    [updated_at] => 2025-01-16 07:45:21
)

ERROR - 2025-01-21 15:59:51 --> Password verify result for username lili: Success
ERROR - 2025-01-21 15:59:51 --> Login success for username: lili
INFO - 2025-01-21 15:59:51 --> Session: Class initialized using 'CodeIgniter\Session\Handlers\FileHandler' driver.
DEBUG - 2025-01-21 15:59:51 --> User ID: 9
DEBUG - 2025-01-21 15:59:51 --> Profile Picture: image.png
DEBUG - 2025-01-21 15:59:51 --> User Name: alhamdulillah
DEBUG - 2025-01-21 15:59:51 --> User Role: admin
INFO - 2025-01-21 15:59:52 --> Session: Class initialized using 'CodeIgniter\Session\Handlers\FileHandler' driver.
INFO - 2025-01-21 15:59:54 --> Mencoba mengambil pengguna dengan role notulensi dan pegawai
INFO - 2025-01-21 15:59:54 --> Pengguna dengan role notulensi atau pegawai ditemukan: Array
(
    [0] => Array
        (
            [user_id] => 3
            [username] => admin
            [nama] => John Doe
            [nip] => 123456789
            [email] => admin@example.com
            [password] => $2y$10$vtl3rv1OaY3pW2hnmPpXoe1OzmxqdjvxJLl.7qZDvhjN8fQfo6Mhq


            [role] => pegawai
            [Bidang] => Statistik dan Persandian
            [profil_foto] => profile1.jpg
            [alamat] => Jl. Merdeka No. 123, Jakarta
            [jabatan] => 
            [tanggal_lahir] => 
            [created_at] => 2025-01-09 22:02:06
            [updated_at] => 2025-01-10 16:07:07
        )

    [1] => Array
        (
            [user_id] => 6
            [username] => wulan
            [nama] => wulandariyulianis
            [nip] => 18679202938390
            [email] => lala@gmail.com
            [password] => $2y$10$QW2QpL2k9f5eBfqMjakx7eNCI3/XVLCO9a42jzNPjzvXpS8iFmqoK
            [role] => notulensi
            [Bidang] => Aptika
            [profil_foto] => pegawai.png


            [alamat] => 
            [jabatan] => 
            [tanggal_lahir] => 
            [created_at] => 2025-01-09 15:02:18
            [updated_at] => 2025-01-21 12:53:44
        )

    [2] => Array
        (
            [user_id] => 7
            [username] => lala
            [nama] => lala

            [nip] => 123456789123456789
            [email] => lala1@gmail.com
            [password] => $2y$10$tBSYxTpvfWjIlSkqSZ.7TeAQp2RvMqDg2J91d0vUGxaieUvPIv61a
            [role] => notulensi
            [Bidang] => Aptika
            [profil_foto] => 
            [alamat] => 
            [jabatan] => 
            [tanggal_lahir] => 
            [created_at] => 2025-01-09 15:16:16
            [updated_at] => 2025-01-15 21:48:23
        )

    [3] => Array
        (
            [user_id] => 13
            [username] => jaja
            [nama] => jungwon
            [nip] => 123456788987654324
            [email] => jaja@gmail.com
            [password] => $2y$10$nVk3.ULQ.f2qJcwl.zo9p.3ZmVs8RESB.SYe8GvwHZ4Y.pEHR.TlO
            [role] => pegawai
            [Bidang] => IKP
            [profil_foto] => pegawai.png
            [alamat] => 
            [jabatan] => korea
            [tanggal_lahir] => 
            [created_at] => 2025-01-13 07:53:10
            [updated_at] => 2025-01-17 07:33:28
        )

    [4] => Array
        (
            [user_id] => 18
            [username] => notulensi_user18
            [nama] => Nama Notulensi 18
            [nip] => 12345678918
            [email] => notulensi_user18@example.com
            [password] => password_enkripsi18
            [role] => notulensi
            [Bidang] => Administrasi
            [profil_foto] => 
            [alamat] => Alamat Notulensi 18
            [jabatan] => Notulensi
            [tanggal_lahir] => 1998-08-18
            [created_at] => 2025-01-16 09:28:25
            [updated_at] => 2025-01-17 00:16:49
        )

    [5] => Array
        (
            [user_id] => 26
            [username] => notulensi
            [nama] => alhamdulilla
            [nip] => 345678909876789376
            [email] => notulensi@gmail.com
            [password] => $2y$10$ZhNj131GHHBnlqCvbB3.bOR13E/V13x3i1tumnFZPNg.YhqScDCnq
            [role] => notulensi
            [Bidang] => 
            [profil_foto] => image.png

            [alamat] => 
            [jabatan] => 
            [tanggal_lahir] => 
            [created_at] => 2025-01-16 02:36:45
            [updated_at] => 2025-01-16 15:11:16
        )

    [6] => Array
        (
            [user_id] => 32
            [username] => dadang
            [nama] => dadang harjo
            [nip] => 098765432234567892
            [email] => dadang@gmail.com
            [password] => $2y$10$FKo1RqxUsHWcoWzbk5ZZae9C4Al32xjQuyf99kyXR4CMMYtDOyMVC
            [role] => notulensi
            [Bidang] => IKP
            [profil_foto] => wulan.jpg
            [alamat] => 
            [jabatan] => Sekretaris
            [tanggal_lahir] => 
            [created_at] => 2025-01-17 09:26:42
            [updated_at] => 2025-01-21 11:06:28
        )

    [7] => Array
        (
            [user_id] => 38
            [username] => rereng
            [nama] => rereng saja
            [nip] => 123456788987653847
            [email] => rereng@gmail.com
            [password] => $2y$10$jjN96rd2z9.qnK.E.5/8WugPbyEvPOlANFb3Or/CS5Nelp9lTK2a.
            [role] => pegawai
            [Bidang] => Aptika
            [profil_foto] => wulan.jpg

            [alamat] => 
            [jabatan] => Sekretaris
            [tanggal_lahir] => 
            [created_at] => 2025-01-20 08:33:37
            [updated_at] => 2025-01-21 12:54:41
        )

    [8] => Array
        (
            [user_id] => 39
            [username] => sakang
            [nama] => sakang saja
            [nip] => 123456788987654439
            [email] => sakang@gmail.com
            [password] => $2y$10$l879mKIRAjfZCba.v1lia.vmn0E1HMHVsnWOqcG1R6Rgh9SFu2arG
            [role] => notulensi
            [Bidang] => IKP
            [profil_foto] => 
            [alamat] => 
            [jabatan] => Sekretaris
            [tanggal_lahir] => 
            [created_at] => 2025-01-21 05:06:20
            [updated_at] => 2025-01-21 05:06:20
        )

    [9] => Array
        (
            [user_id] => 40
            [username] => cindy
            [nama] => cindy arwinda putry
            [nip] => 123456788987654259
            [email] => cindy@gmail.com
            [password] => $2y$10$fFtsHB1wzUtGMaBUM0/c3uv.EFy0QXZgTj6.q2gKaPtCdUVYHNMqG
            [role] => notulensi
            [Bidang] => IKP
            [profil_foto] => 
            [alamat] => 
            [jabatan] => Sekretaris
            [tanggal_lahir] => 
            [created_at] => 2025-01-21 05:07:14
            [updated_at] => 2025-01-21 05:07:14
        )

    [10] => Array
        (
            [user_id] => 42
            [username] => intan 
            [nama] => intan salma denaidy
            [nip] => 123456788987654092
            [email] => intan@gmail.com
            [password] => $2y$10$tPuhHlRshxG3GNF6Uhds0eb/DmYvMe25/E4J/9pWGqEtdliUchL7e
            [role] => notulensi
            [Bidang] => IKP
            [profil_foto] => 
            [alamat] => 
            [jabatan] => Sekretaris
            [tanggal_lahir] => 
            [created_at] => 2025-01-21 14:49:09
            [updated_at] => 2025-01-21 14:49:09
        )

)

INFO - 2025-01-21 15:59:54 --> Session: Class initialized using 'CodeIgniter\Session\Handlers\FileHandler' driver.
INFO - 2025-01-21 15:59:54 --> User profile for ID 9 retrieved successfully.
INFO - 2025-01-21 15:59:55 --> Session: Class initialized using 'CodeIgniter\Session\Handlers\FileHandler' driver.
INFO - 2025-01-21 16:00:05 --> Session: Class initialized using 'CodeIgniter\Session\Handlers\FileHandler' driver.
INFO - 2025-01-21 16:00:05 --> Attempting to retrieve user profile for user with ID: 3
INFO - 2025-01-21 16:00:05 --> User profile for ID 3 retrieved successfully.
INFO - 2025-01-21 16:00:05 --> User profile data: Array
(
    [user_id] => 3
    [username] => admin
    [nama] => John Doe
    [nip] => 123456789
    [email] => admin@example.com
    [password] => $2y$10$vtl3rv1OaY3pW2hnmPpXoe1OzmxqdjvxJLl.7qZDvhjN8fQfo6Mhq


    [role] => pegawai
    [Bidang] => Statistik dan Persandian
    [profil_foto] => profile1.jpg
    [alamat] => Jl. Merdeka No. 123, Jakarta
    [jabatan] => 
    [tanggal_lahir] => 
    [created_at] => 2025-01-09 22:02:06
    [updated_at] => 2025-01-10 16:07:07
)

INFO - 2025-01-21 16:00:06 --> Session: Class initialized using 'CodeIgniter\Session\Handlers\FileHandler' driver.
INFO - 2025-01-21 16:00:09 --> Mencoba mengambil pengguna dengan role notulensi dan pegawai
INFO - 2025-01-21 16:00:09 --> Pengguna dengan role notulensi atau pegawai ditemukan: Array
(
    [0] => Array
        (
            [user_id] => 3
            [username] => admin
            [nama] => John Doe
            [nip] => 123456789
            [email] => admin@example.com
            [password] => $2y$10$vtl3rv1OaY3pW2hnmPpXoe1OzmxqdjvxJLl.7qZDvhjN8fQfo6Mhq


            [role] => pegawai
            [Bidang] => Statistik dan Persandian
            [profil_foto] => profile1.jpg
            [alamat] => Jl. Merdeka No. 123, Jakarta
            [jabatan] => 
            [tanggal_lahir] => 
            [created_at] => 2025-01-09 22:02:06
            [updated_at] => 2025-01-10 16:07:07
        )

    [1] => Array
        (
            [user_id] => 6
            [username] => wulan
            [nama] => wulandariyulianis
            [nip] => 18679202938390
            [email] => lala@gmail.com
            [password] => $2y$10$QW2QpL2k9f5eBfqMjakx7eNCI3/XVLCO9a42jzNPjzvXpS8iFmqoK
            [role] => notulensi
            [Bidang] => Aptika
            [profil_foto] => pegawai.png


            [alamat] => 
            [jabatan] => 
            [tanggal_lahir] => 
            [created_at] => 2025-01-09 15:02:18
            [updated_at] => 2025-01-21 12:53:44
        )

    [2] => Array
        (
            [user_id] => 7
            [username] => lala
            [nama] => lala

            [nip] => 123456789123456789
            [email] => lala1@gmail.com
            [password] => $2y$10$tBSYxTpvfWjIlSkqSZ.7TeAQp2RvMqDg2J91d0vUGxaieUvPIv61a
            [role] => notulensi
            [Bidang] => Aptika
            [profil_foto] => 
            [alamat] => 
            [jabatan] => 
            [tanggal_lahir] => 
            [created_at] => 2025-01-09 15:16:16
            [updated_at] => 2025-01-15 21:48:23
        )

    [3] => Array
        (
            [user_id] => 13
            [username] => jaja
            [nama] => jungwon
            [nip] => 123456788987654324
            [email] => jaja@gmail.com
            [password] => $2y$10$nVk3.ULQ.f2qJcwl.zo9p.3ZmVs8RESB.SYe8GvwHZ4Y.pEHR.TlO
            [role] => pegawai
            [Bidang] => IKP
            [profil_foto] => pegawai.png
            [alamat] => 
            [jabatan] => korea
            [tanggal_lahir] => 
            [created_at] => 2025-01-13 07:53:10
            [updated_at] => 2025-01-17 07:33:28
        )

    [4] => Array
        (
            [user_id] => 18
            [username] => notulensi_user18
            [nama] => Nama Notulensi 18
            [nip] => 12345678918
            [email] => notulensi_user18@example.com
            [password] => password_enkripsi18
            [role] => notulensi
            [Bidang] => Administrasi
            [profil_foto] => 
            [alamat] => Alamat Notulensi 18
            [jabatan] => Notulensi
            [tanggal_lahir] => 1998-08-18
            [created_at] => 2025-01-16 09:28:25
            [updated_at] => 2025-01-17 00:16:49
        )

    [5] => Array
        (
            [user_id] => 26
            [username] => notulensi
            [nama] => alhamdulilla
            [nip] => 345678909876789376
            [email] => notulensi@gmail.com
            [password] => $2y$10$ZhNj131GHHBnlqCvbB3.bOR13E/V13x3i1tumnFZPNg.YhqScDCnq
            [role] => notulensi
            [Bidang] => 
            [profil_foto] => image.png

            [alamat] => 
            [jabatan] => 
            [tanggal_lahir] => 
            [created_at] => 2025-01-16 02:36:45
            [updated_at] => 2025-01-16 15:11:16
        )

    [6] => Array
        (
            [user_id] => 32
            [username] => dadang
            [nama] => dadang harjo
            [nip] => 098765432234567892
            [email] => dadang@gmail.com
            [password] => $2y$10$FKo1RqxUsHWcoWzbk5ZZae9C4Al32xjQuyf99kyXR4CMMYtDOyMVC
            [role] => notulensi
            [Bidang] => IKP
            [profil_foto] => wulan.jpg
            [alamat] => 
            [jabatan] => Sekretaris
            [tanggal_lahir] => 
            [created_at] => 2025-01-17 09:26:42
            [updated_at] => 2025-01-21 11:06:28
        )

    [7] => Array
        (
            [user_id] => 38
            [username] => rereng
            [nama] => rereng saja
            [nip] => 123456788987653847
            [email] => rereng@gmail.com
            [password] => $2y$10$jjN96rd2z9.qnK.E.5/8WugPbyEvPOlANFb3Or/CS5Nelp9lTK2a.
            [role] => pegawai
            [Bidang] => Aptika
            [profil_foto] => wulan.jpg

            [alamat] => 
            [jabatan] => Sekretaris
            [tanggal_lahir] => 
            [created_at] => 2025-01-20 08:33:37
            [updated_at] => 2025-01-21 12:54:41
        )

    [8] => Array
        (
            [user_id] => 39
            [username] => sakang
            [nama] => sakang saja
            [nip] => 123456788987654439
            [email] => sakang@gmail.com
            [password] => $2y$10$l879mKIRAjfZCba.v1lia.vmn0E1HMHVsnWOqcG1R6Rgh9SFu2arG
            [role] => notulensi
            [Bidang] => IKP
            [profil_foto] => 
            [alamat] => 
            [jabatan] => Sekretaris
            [tanggal_lahir] => 
            [created_at] => 2025-01-21 05:06:20
            [updated_at] => 2025-01-21 05:06:20
        )

    [9] => Array
        (
            [user_id] => 40
            [username] => cindy
            [nama] => cindy arwinda putry
            [nip] => 123456788987654259
            [email] => cindy@gmail.com
            [password] => $2y$10$fFtsHB1wzUtGMaBUM0/c3uv.EFy0QXZgTj6.q2gKaPtCdUVYHNMqG
            [role] => notulensi
            [Bidang] => IKP
            [profil_foto] => 
            [alamat] => 
            [jabatan] => Sekretaris
            [tanggal_lahir] => 
            [created_at] => 2025-01-21 05:07:14
            [updated_at] => 2025-01-21 05:07:14
        )

    [10] => Array
        (
            [user_id] => 42
            [username] => intan 
            [nama] => intan salma denaidy
            [nip] => 123456788987654092
            [email] => intan@gmail.com
            [password] => $2y$10$tPuhHlRshxG3GNF6Uhds0eb/DmYvMe25/E4J/9pWGqEtdliUchL7e
            [role] => notulensi
            [Bidang] => IKP
            [profil_foto] => 
            [alamat] => 
            [jabatan] => Sekretaris
            [tanggal_lahir] => 
            [created_at] => 2025-01-21 14:49:09
            [updated_at] => 2025-01-21 14:49:09
        )

)

INFO - 2025-01-21 16:00:09 --> Session: Class initialized using 'CodeIgniter\Session\Handlers\FileHandler' driver.
INFO - 2025-01-21 16:00:09 --> User profile for ID 9 retrieved successfully.
INFO - 2025-01-21 16:00:09 --> Session: Class initialized using 'CodeIgniter\Session\Handlers\FileHandler' driver.
INFO - 2025-01-21 16:00:11 --> Session: Class initialized using 'CodeIgniter\Session\Handlers\FileHandler' driver.
INFO - 2025-01-21 16:00:11 --> Attempting to retrieve user profile for user with ID: 7
INFO - 2025-01-21 16:00:11 --> User profile for ID 7 retrieved successfully.
INFO - 2025-01-21 16:00:11 --> User profile data: Array
(
    [user_id] => 7
    [username] => lala
    [nama] => lala

    [nip] => 123456789123456789
    [email] => lala1@gmail.com
    [password] => $2y$10$tBSYxTpvfWjIlSkqSZ.7TeAQp2RvMqDg2J91d0vUGxaieUvPIv61a
    [role] => notulensi
    [Bidang] => Aptika
    [profil_foto] => 
    [alamat] => 
    [jabatan] => 
    [tanggal_lahir] => 
    [created_at] => 2025-01-09 15:16:16
    [updated_at] => 2025-01-15 21:48:23
)

WARNING - 2025-01-21 16:00:11 --> [DEPRECATED] str_replace(): Passing null to parameter #3 ($subject) of type array|string is deprecated in APPPATH\Controllers\DetailPenggunaControllers.php on line 42.
 1 APPPATH\Controllers\DetailPenggunaControllers.php(42): str_replace('__', '', null)
 2 SYSTEMPATH\CodeIgniter.php(933): App\Controllers\DetailPenggunaControllers->index('7')
 3 SYSTEMPATH\CodeIgniter.php(509): CodeIgniter\CodeIgniter->runController(Object(App\Controllers\DetailPenggunaControllers))
 4 SYSTEMPATH\CodeIgniter.php(355): CodeIgniter\CodeIgniter->handleRequest(null, Object(Config\Cache), false)
 5 SYSTEMPATH\Boot.php(325): CodeIgniter\CodeIgniter->run()
 6 SYSTEMPATH\Boot.php(67): CodeIgniter\Boot::runCodeIgniter(Object(CodeIgniter\CodeIgniter))
 7 FCPATH\index.php(56): CodeIgniter\Boot::bootWeb(Object(Config\Paths))
 8 SYSTEMPATH\rewrite.php(44): require_once('D:\\xampp\\htdocs\\SiNotik\\public\\index.php')
INFO - 2025-01-21 16:00:12 --> Session: Class initialized using 'CodeIgniter\Session\Handlers\FileHandler' driver.
INFO - 2025-01-21 16:00:15 --> Mencoba mengambil pengguna dengan role notulensi dan pegawai
INFO - 2025-01-21 16:00:15 --> Pengguna dengan role notulensi atau pegawai ditemukan: Array
(
    [0] => Array
        (
            [user_id] => 3
            [username] => admin
            [nama] => John Doe
            [nip] => 123456789
            [email] => admin@example.com
            [password] => $2y$10$vtl3rv1OaY3pW2hnmPpXoe1OzmxqdjvxJLl.7qZDvhjN8fQfo6Mhq


            [role] => pegawai
            [Bidang] => Statistik dan Persandian
            [profil_foto] => profile1.jpg
            [alamat] => Jl. Merdeka No. 123, Jakarta
            [jabatan] => 
            [tanggal_lahir] => 
            [created_at] => 2025-01-09 22:02:06
            [updated_at] => 2025-01-10 16:07:07
        )

    [1] => Array
        (
            [user_id] => 6
            [username] => wulan
            [nama] => wulandariyulianis
            [nip] => 18679202938390
            [email] => lala@gmail.com
            [password] => $2y$10$QW2QpL2k9f5eBfqMjakx7eNCI3/XVLCO9a42jzNPjzvXpS8iFmqoK
            [role] => notulensi
            [Bidang] => Aptika
            [profil_foto] => pegawai.png


            [alamat] => 
            [jabatan] => 
            [tanggal_lahir] => 
            [created_at] => 2025-01-09 15:02:18
            [updated_at] => 2025-01-21 12:53:44
        )

    [2] => Array
        (
            [user_id] => 7
            [username] => lala
            [nama] => lala

            [nip] => 123456789123456789
            [email] => lala1@gmail.com
            [password] => $2y$10$tBSYxTpvfWjIlSkqSZ.7TeAQp2RvMqDg2J91d0vUGxaieUvPIv61a
            [role] => notulensi
            [Bidang] => Aptika
            [profil_foto] => 
            [alamat] => 
            [jabatan] => 
            [tanggal_lahir] => 
            [created_at] => 2025-01-09 15:16:16
            [updated_at] => 2025-01-15 21:48:23
        )

    [3] => Array
        (
            [user_id] => 13
            [username] => jaja
            [nama] => jungwon
            [nip] => 123456788987654324
            [email] => jaja@gmail.com
            [password] => $2y$10$nVk3.ULQ.f2qJcwl.zo9p.3ZmVs8RESB.SYe8GvwHZ4Y.pEHR.TlO
            [role] => pegawai
            [Bidang] => IKP
            [profil_foto] => pegawai.png
            [alamat] => 
            [jabatan] => korea
            [tanggal_lahir] => 
            [created_at] => 2025-01-13 07:53:10
            [updated_at] => 2025-01-17 07:33:28
        )

    [4] => Array
        (
            [user_id] => 18
            [username] => notulensi_user18
            [nama] => Nama Notulensi 18
            [nip] => 12345678918
            [email] => notulensi_user18@example.com
            [password] => password_enkripsi18
            [role] => notulensi
            [Bidang] => Administrasi
            [profil_foto] => 
            [alamat] => Alamat Notulensi 18
            [jabatan] => Notulensi
            [tanggal_lahir] => 1998-08-18
            [created_at] => 2025-01-16 09:28:25
            [updated_at] => 2025-01-17 00:16:49
        )

    [5] => Array
        (
            [user_id] => 26
            [username] => notulensi
            [nama] => alhamdulilla
            [nip] => 345678909876789376
            [email] => notulensi@gmail.com
            [password] => $2y$10$ZhNj131GHHBnlqCvbB3.bOR13E/V13x3i1tumnFZPNg.YhqScDCnq
            [role] => notulensi
            [Bidang] => 
            [profil_foto] => image.png

            [alamat] => 
            [jabatan] => 
            [tanggal_lahir] => 
            [created_at] => 2025-01-16 02:36:45
            [updated_at] => 2025-01-16 15:11:16
        )

    [6] => Array
        (
            [user_id] => 32
            [username] => dadang
            [nama] => dadang harjo
            [nip] => 098765432234567892
            [email] => dadang@gmail.com
            [password] => $2y$10$FKo1RqxUsHWcoWzbk5ZZae9C4Al32xjQuyf99kyXR4CMMYtDOyMVC
            [role] => notulensi
            [Bidang] => IKP
            [profil_foto] => wulan.jpg
            [alamat] => 
            [jabatan] => Sekretaris
            [tanggal_lahir] => 
            [created_at] => 2025-01-17 09:26:42
            [updated_at] => 2025-01-21 11:06:28
        )

    [7] => Array
        (
            [user_id] => 38
            [username] => rereng
            [nama] => rereng saja
            [nip] => 123456788987653847
            [email] => rereng@gmail.com
            [password] => $2y$10$jjN96rd2z9.qnK.E.5/8WugPbyEvPOlANFb3Or/CS5Nelp9lTK2a.
            [role] => pegawai
            [Bidang] => Aptika
            [profil_foto] => wulan.jpg

            [alamat] => 
            [jabatan] => Sekretaris
            [tanggal_lahir] => 
            [created_at] => 2025-01-20 08:33:37
            [updated_at] => 2025-01-21 12:54:41
        )

    [8] => Array
        (
            [user_id] => 39
            [username] => sakang
            [nama] => sakang saja
            [nip] => 123456788987654439
            [email] => sakang@gmail.com
            [password] => $2y$10$l879mKIRAjfZCba.v1lia.vmn0E1HMHVsnWOqcG1R6Rgh9SFu2arG
            [role] => notulensi
            [Bidang] => IKP
            [profil_foto] => 
            [alamat] => 
            [jabatan] => Sekretaris
            [tanggal_lahir] => 
            [created_at] => 2025-01-21 05:06:20
            [updated_at] => 2025-01-21 05:06:20
        )

    [9] => Array
        (
            [user_id] => 40
            [username] => cindy
            [nama] => cindy arwinda putry
            [nip] => 123456788987654259
            [email] => cindy@gmail.com
            [password] => $2y$10$fFtsHB1wzUtGMaBUM0/c3uv.EFy0QXZgTj6.q2gKaPtCdUVYHNMqG
            [role] => notulensi
            [Bidang] => IKP
            [profil_foto] => 
            [alamat] => 
            [jabatan] => Sekretaris
            [tanggal_lahir] => 
            [created_at] => 2025-01-21 05:07:14
            [updated_at] => 2025-01-21 05:07:14
        )

    [10] => Array
        (
            [user_id] => 42
            [username] => intan 
            [nama] => intan salma denaidy
            [nip] => 123456788987654092
            [email] => intan@gmail.com
            [password] => $2y$10$tPuhHlRshxG3GNF6Uhds0eb/DmYvMe25/E4J/9pWGqEtdliUchL7e
            [role] => notulensi
            [Bidang] => IKP
            [profil_foto] => 
            [alamat] => 
            [jabatan] => Sekretaris
            [tanggal_lahir] => 
            [created_at] => 2025-01-21 14:49:09
            [updated_at] => 2025-01-21 14:49:09
        )

)

INFO - 2025-01-21 16:00:15 --> Session: Class initialized using 'CodeIgniter\Session\Handlers\FileHandler' driver.
INFO - 2025-01-21 16:00:15 --> User profile for ID 9 retrieved successfully.
INFO - 2025-01-21 16:00:16 --> Session: Class initialized using 'CodeIgniter\Session\Handlers\FileHandler' driver.
INFO - 2025-01-21 16:00:17 --> Session: Class initialized using 'CodeIgniter\Session\Handlers\FileHandler' driver.
INFO - 2025-01-21 16:00:17 --> Attempting to retrieve user profile for user with ID: 13
INFO - 2025-01-21 16:00:18 --> User profile for ID 13 retrieved successfully.
INFO - 2025-01-21 16:00:18 --> User profile data: Array
(
    [user_id] => 13
    [username] => jaja
    [nama] => jungwon
    [nip] => 123456788987654324
    [email] => jaja@gmail.com
    [password] => $2y$10$nVk3.ULQ.f2qJcwl.zo9p.3ZmVs8RESB.SYe8GvwHZ4Y.pEHR.TlO
    [role] => pegawai
    [Bidang] => IKP
    [profil_foto] => pegawai.png
    [alamat] => 
    [jabatan] => korea
    [tanggal_lahir] => 
    [created_at] => 2025-01-13 07:53:10
    [updated_at] => 2025-01-17 07:33:28
)

INFO - 2025-01-21 16:00:19 --> Session: Class initialized using 'CodeIgniter\Session\Handlers\FileHandler' driver.
INFO - 2025-01-21 16:00:21 --> Mencoba mengambil pengguna dengan role notulensi dan pegawai
INFO - 2025-01-21 16:00:21 --> Pengguna dengan role notulensi atau pegawai ditemukan: Array
(
    [0] => Array
        (
            [user_id] => 3
            [username] => admin
            [nama] => John Doe
            [nip] => 123456789
            [email] => admin@example.com
            [password] => $2y$10$vtl3rv1OaY3pW2hnmPpXoe1OzmxqdjvxJLl.7qZDvhjN8fQfo6Mhq


            [role] => pegawai
            [Bidang] => Statistik dan Persandian
            [profil_foto] => profile1.jpg
            [alamat] => Jl. Merdeka No. 123, Jakarta
            [jabatan] => 
            [tanggal_lahir] => 
            [created_at] => 2025-01-09 22:02:06
            [updated_at] => 2025-01-10 16:07:07
        )

    [1] => Array
        (
            [user_id] => 6
            [username] => wulan
            [nama] => wulandariyulianis
            [nip] => 18679202938390
            [email] => lala@gmail.com
            [password] => $2y$10$QW2QpL2k9f5eBfqMjakx7eNCI3/XVLCO9a42jzNPjzvXpS8iFmqoK
            [role] => notulensi
            [Bidang] => Aptika
            [profil_foto] => pegawai.png


            [alamat] => 
            [jabatan] => 
            [tanggal_lahir] => 
            [created_at] => 2025-01-09 15:02:18
            [updated_at] => 2025-01-21 12:53:44
        )

    [2] => Array
        (
            [user_id] => 7
            [username] => lala
            [nama] => lala

            [nip] => 123456789123456789
            [email] => lala1@gmail.com
            [password] => $2y$10$tBSYxTpvfWjIlSkqSZ.7TeAQp2RvMqDg2J91d0vUGxaieUvPIv61a
            [role] => notulensi
            [Bidang] => Aptika
            [profil_foto] => 
            [alamat] => 
            [jabatan] => 
            [tanggal_lahir] => 
            [created_at] => 2025-01-09 15:16:16
            [updated_at] => 2025-01-15 21:48:23
        )

    [3] => Array
        (
            [user_id] => 13
            [username] => jaja
            [nama] => jungwon
            [nip] => 123456788987654324
            [email] => jaja@gmail.com
            [password] => $2y$10$nVk3.ULQ.f2qJcwl.zo9p.3ZmVs8RESB.SYe8GvwHZ4Y.pEHR.TlO
            [role] => pegawai
            [Bidang] => IKP
            [profil_foto] => pegawai.png
            [alamat] => 
            [jabatan] => korea
            [tanggal_lahir] => 
            [created_at] => 2025-01-13 07:53:10
            [updated_at] => 2025-01-17 07:33:28
        )

    [4] => Array
        (
            [user_id] => 18
            [username] => notulensi_user18
            [nama] => Nama Notulensi 18
            [nip] => 12345678918
            [email] => notulensi_user18@example.com
            [password] => password_enkripsi18
            [role] => notulensi
            [Bidang] => Administrasi
            [profil_foto] => 
            [alamat] => Alamat Notulensi 18
            [jabatan] => Notulensi
            [tanggal_lahir] => 1998-08-18
            [created_at] => 2025-01-16 09:28:25
            [updated_at] => 2025-01-17 00:16:49
        )

    [5] => Array
        (
            [user_id] => 26
            [username] => notulensi
            [nama] => alhamdulilla
            [nip] => 345678909876789376
            [email] => notulensi@gmail.com
            [password] => $2y$10$ZhNj131GHHBnlqCvbB3.bOR13E/V13x3i1tumnFZPNg.YhqScDCnq
            [role] => notulensi
            [Bidang] => 
            [profil_foto] => image.png

            [alamat] => 
            [jabatan] => 
            [tanggal_lahir] => 
            [created_at] => 2025-01-16 02:36:45
            [updated_at] => 2025-01-16 15:11:16
        )

    [6] => Array
        (
            [user_id] => 32
            [username] => dadang
            [nama] => dadang harjo
            [nip] => 098765432234567892
            [email] => dadang@gmail.com
            [password] => $2y$10$FKo1RqxUsHWcoWzbk5ZZae9C4Al32xjQuyf99kyXR4CMMYtDOyMVC
            [role] => notulensi
            [Bidang] => IKP
            [profil_foto] => wulan.jpg
            [alamat] => 
            [jabatan] => Sekretaris
            [tanggal_lahir] => 
            [created_at] => 2025-01-17 09:26:42
            [updated_at] => 2025-01-21 11:06:28
        )

    [7] => Array
        (
            [user_id] => 38
            [username] => rereng
            [nama] => rereng saja
            [nip] => 123456788987653847
            [email] => rereng@gmail.com
            [password] => $2y$10$jjN96rd2z9.qnK.E.5/8WugPbyEvPOlANFb3Or/CS5Nelp9lTK2a.
            [role] => pegawai
            [Bidang] => Aptika
            [profil_foto] => wulan.jpg

            [alamat] => 
            [jabatan] => Sekretaris
            [tanggal_lahir] => 
            [created_at] => 2025-01-20 08:33:37
            [updated_at] => 2025-01-21 12:54:41
        )

    [8] => Array
        (
            [user_id] => 39
            [username] => sakang
            [nama] => sakang saja
            [nip] => 123456788987654439
            [email] => sakang@gmail.com
            [password] => $2y$10$l879mKIRAjfZCba.v1lia.vmn0E1HMHVsnWOqcG1R6Rgh9SFu2arG
            [role] => notulensi
            [Bidang] => IKP
            [profil_foto] => 
            [alamat] => 
            [jabatan] => Sekretaris
            [tanggal_lahir] => 
            [created_at] => 2025-01-21 05:06:20
            [updated_at] => 2025-01-21 05:06:20
        )

    [9] => Array
        (
            [user_id] => 40
            [username] => cindy
            [nama] => cindy arwinda putry
            [nip] => 123456788987654259
            [email] => cindy@gmail.com
            [password] => $2y$10$fFtsHB1wzUtGMaBUM0/c3uv.EFy0QXZgTj6.q2gKaPtCdUVYHNMqG
            [role] => notulensi
            [Bidang] => IKP
            [profil_foto] => 
            [alamat] => 
            [jabatan] => Sekretaris
            [tanggal_lahir] => 
            [created_at] => 2025-01-21 05:07:14
            [updated_at] => 2025-01-21 05:07:14
        )

    [10] => Array
        (
            [user_id] => 42
            [username] => intan 
            [nama] => intan salma denaidy
            [nip] => 123456788987654092
            [email] => intan@gmail.com
            [password] => $2y$10$tPuhHlRshxG3GNF6Uhds0eb/DmYvMe25/E4J/9pWGqEtdliUchL7e
            [role] => notulensi
            [Bidang] => IKP
            [profil_foto] => 
            [alamat] => 
            [jabatan] => Sekretaris
            [tanggal_lahir] => 
            [created_at] => 2025-01-21 14:49:09
            [updated_at] => 2025-01-21 14:49:09
        )

)

INFO - 2025-01-21 16:00:21 --> Session: Class initialized using 'CodeIgniter\Session\Handlers\FileHandler' driver.
INFO - 2025-01-21 16:00:21 --> User profile for ID 9 retrieved successfully.
INFO - 2025-01-21 16:00:22 --> Session: Class initialized using 'CodeIgniter\Session\Handlers\FileHandler' driver.
INFO - 2025-01-21 16:00:24 --> Session: Class initialized using 'CodeIgniter\Session\Handlers\FileHandler' driver.
INFO - 2025-01-21 16:00:24 --> Attempting to retrieve user profile for user with ID: 32
INFO - 2025-01-21 16:00:24 --> User profile for ID 32 retrieved successfully.
INFO - 2025-01-21 16:00:24 --> User profile data: Array
(
    [user_id] => 32
    [username] => dadang
    [nama] => dadang harjo
    [nip] => 098765432234567892
    [email] => dadang@gmail.com
    [password] => $2y$10$FKo1RqxUsHWcoWzbk5ZZae9C4Al32xjQuyf99kyXR4CMMYtDOyMVC
    [role] => notulensi
    [Bidang] => IKP
    [profil_foto] => wulan.jpg
    [alamat] => 
    [jabatan] => Sekretaris
    [tanggal_lahir] => 
    [created_at] => 2025-01-17 09:26:42
    [updated_at] => 2025-01-21 11:06:28
)

INFO - 2025-01-21 16:00:25 --> Session: Class initialized using 'CodeIgniter\Session\Handlers\FileHandler' driver.
INFO - 2025-01-21 16:00:28 --> Mencoba mengambil pengguna dengan role notulensi dan pegawai
INFO - 2025-01-21 16:00:28 --> Pengguna dengan role notulensi atau pegawai ditemukan: Array
(
    [0] => Array
        (
            [user_id] => 3
            [username] => admin
            [nama] => John Doe
            [nip] => 123456789
            [email] => admin@example.com
            [password] => $2y$10$vtl3rv1OaY3pW2hnmPpXoe1OzmxqdjvxJLl.7qZDvhjN8fQfo6Mhq


            [role] => pegawai
            [Bidang] => Statistik dan Persandian
            [profil_foto] => profile1.jpg
            [alamat] => Jl. Merdeka No. 123, Jakarta
            [jabatan] => 
            [tanggal_lahir] => 
            [created_at] => 2025-01-09 22:02:06
            [updated_at] => 2025-01-10 16:07:07
        )

    [1] => Array
        (
            [user_id] => 6
            [username] => wulan
            [nama] => wulandariyulianis
            [nip] => 18679202938390
            [email] => lala@gmail.com
            [password] => $2y$10$QW2QpL2k9f5eBfqMjakx7eNCI3/XVLCO9a42jzNPjzvXpS8iFmqoK
            [role] => notulensi
            [Bidang] => Aptika
            [profil_foto] => pegawai.png


            [alamat] => 
            [jabatan] => 
            [tanggal_lahir] => 
            [created_at] => 2025-01-09 15:02:18
            [updated_at] => 2025-01-21 12:53:44
        )

    [2] => Array
        (
            [user_id] => 7
            [username] => lala
            [nama] => lala

            [nip] => 123456789123456789
            [email] => lala1@gmail.com
            [password] => $2y$10$tBSYxTpvfWjIlSkqSZ.7TeAQp2RvMqDg2J91d0vUGxaieUvPIv61a
            [role] => notulensi
            [Bidang] => Aptika
            [profil_foto] => 
            [alamat] => 
            [jabatan] => 
            [tanggal_lahir] => 
            [created_at] => 2025-01-09 15:16:16
            [updated_at] => 2025-01-15 21:48:23
        )

    [3] => Array
        (
            [user_id] => 13
            [username] => jaja
            [nama] => jungwon
            [nip] => 123456788987654324
            [email] => jaja@gmail.com
            [password] => $2y$10$nVk3.ULQ.f2qJcwl.zo9p.3ZmVs8RESB.SYe8GvwHZ4Y.pEHR.TlO
            [role] => pegawai
            [Bidang] => IKP
            [profil_foto] => pegawai.png
            [alamat] => 
            [jabatan] => korea
            [tanggal_lahir] => 
            [created_at] => 2025-01-13 07:53:10
            [updated_at] => 2025-01-17 07:33:28
        )

    [4] => Array
        (
            [user_id] => 18
            [username] => notulensi_user18
            [nama] => Nama Notulensi 18
            [nip] => 12345678918
            [email] => notulensi_user18@example.com
            [password] => password_enkripsi18
            [role] => notulensi
            [Bidang] => Administrasi
            [profil_foto] => 
            [alamat] => Alamat Notulensi 18
            [jabatan] => Notulensi
            [tanggal_lahir] => 1998-08-18
            [created_at] => 2025-01-16 09:28:25
            [updated_at] => 2025-01-17 00:16:49
        )

    [5] => Array
        (
            [user_id] => 26
            [username] => notulensi
            [nama] => alhamdulilla
            [nip] => 345678909876789376
            [email] => notulensi@gmail.com
            [password] => $2y$10$ZhNj131GHHBnlqCvbB3.bOR13E/V13x3i1tumnFZPNg.YhqScDCnq
            [role] => notulensi
            [Bidang] => 
            [profil_foto] => image.png

            [alamat] => 
            [jabatan] => 
            [tanggal_lahir] => 
            [created_at] => 2025-01-16 02:36:45
            [updated_at] => 2025-01-16 15:11:16
        )

    [6] => Array
        (
            [user_id] => 32
            [username] => dadang
            [nama] => dadang harjo
            [nip] => 098765432234567892
            [email] => dadang@gmail.com
            [password] => $2y$10$FKo1RqxUsHWcoWzbk5ZZae9C4Al32xjQuyf99kyXR4CMMYtDOyMVC
            [role] => notulensi
            [Bidang] => IKP
            [profil_foto] => wulan.jpg
            [alamat] => 
            [jabatan] => Sekretaris
            [tanggal_lahir] => 
            [created_at] => 2025-01-17 09:26:42
            [updated_at] => 2025-01-21 11:06:28
        )

    [7] => Array
        (
            [user_id] => 38
            [username] => rereng
            [nama] => rereng saja
            [nip] => 123456788987653847
            [email] => rereng@gmail.com
            [password] => $2y$10$jjN96rd2z9.qnK.E.5/8WugPbyEvPOlANFb3Or/CS5Nelp9lTK2a.
            [role] => pegawai
            [Bidang] => Aptika
            [profil_foto] => wulan.jpg

            [alamat] => 
            [jabatan] => Sekretaris
            [tanggal_lahir] => 
            [created_at] => 2025-01-20 08:33:37
            [updated_at] => 2025-01-21 12:54:41
        )

    [8] => Array
        (
            [user_id] => 39
            [username] => sakang
            [nama] => sakang saja
            [nip] => 123456788987654439
            [email] => sakang@gmail.com
            [password] => $2y$10$l879mKIRAjfZCba.v1lia.vmn0E1HMHVsnWOqcG1R6Rgh9SFu2arG
            [role] => notulensi
            [Bidang] => IKP
            [profil_foto] => 
            [alamat] => 
            [jabatan] => Sekretaris
            [tanggal_lahir] => 
            [created_at] => 2025-01-21 05:06:20
            [updated_at] => 2025-01-21 05:06:20
        )

    [9] => Array
        (
            [user_id] => 40
            [username] => cindy
            [nama] => cindy arwinda putry
            [nip] => 123456788987654259
            [email] => cindy@gmail.com
            [password] => $2y$10$fFtsHB1wzUtGMaBUM0/c3uv.EFy0QXZgTj6.q2gKaPtCdUVYHNMqG
            [role] => notulensi
            [Bidang] => IKP
            [profil_foto] => 
            [alamat] => 
            [jabatan] => Sekretaris
            [tanggal_lahir] => 
            [created_at] => 2025-01-21 05:07:14
            [updated_at] => 2025-01-21 05:07:14
        )

    [10] => Array
        (
            [user_id] => 42
            [username] => intan 
            [nama] => intan salma denaidy
            [nip] => 123456788987654092
            [email] => intan@gmail.com
            [password] => $2y$10$tPuhHlRshxG3GNF6Uhds0eb/DmYvMe25/E4J/9pWGqEtdliUchL7e
            [role] => notulensi
            [Bidang] => IKP
            [profil_foto] => 
            [alamat] => 
            [jabatan] => Sekretaris
            [tanggal_lahir] => 
            [created_at] => 2025-01-21 14:49:09
            [updated_at] => 2025-01-21 14:49:09
        )

)

INFO - 2025-01-21 16:00:28 --> Session: Class initialized using 'CodeIgniter\Session\Handlers\FileHandler' driver.
INFO - 2025-01-21 16:00:28 --> User profile for ID 9 retrieved successfully.
INFO - 2025-01-21 16:00:29 --> Session: Class initialized using 'CodeIgniter\Session\Handlers\FileHandler' driver.
INFO - 2025-01-21 16:00:32 --> Session: Class initialized using 'CodeIgniter\Session\Handlers\FileHandler' driver.
INFO - 2025-01-21 16:00:32 --> Attempting to retrieve user profile for user with ID: 38
INFO - 2025-01-21 16:00:32 --> User profile for ID 38 retrieved successfully.
INFO - 2025-01-21 16:00:32 --> User profile data: Array
(
    [user_id] => 38
    [username] => rereng
    [nama] => rereng saja
    [nip] => 123456788987653847
    [email] => rereng@gmail.com
    [password] => $2y$10$jjN96rd2z9.qnK.E.5/8WugPbyEvPOlANFb3Or/CS5Nelp9lTK2a.
    [role] => pegawai
    [Bidang] => Aptika
    [profil_foto] => wulan.jpg

    [alamat] => 
    [jabatan] => Sekretaris
    [tanggal_lahir] => 
    [created_at] => 2025-01-20 08:33:37
    [updated_at] => 2025-01-21 12:54:41
)

INFO - 2025-01-21 16:00:33 --> Session: Class initialized using 'CodeIgniter\Session\Handlers\FileHandler' driver.
INFO - 2025-01-21 16:00:35 --> Mencoba mengambil pengguna dengan role notulensi dan pegawai
INFO - 2025-01-21 16:00:35 --> Pengguna dengan role notulensi atau pegawai ditemukan: Array
(
    [0] => Array
        (
            [user_id] => 3
            [username] => admin
            [nama] => John Doe
            [nip] => 123456789
            [email] => admin@example.com
            [password] => $2y$10$vtl3rv1OaY3pW2hnmPpXoe1OzmxqdjvxJLl.7qZDvhjN8fQfo6Mhq


            [role] => pegawai
            [Bidang] => Statistik dan Persandian
            [profil_foto] => profile1.jpg
            [alamat] => Jl. Merdeka No. 123, Jakarta
            [jabatan] => 
            [tanggal_lahir] => 
            [created_at] => 2025-01-09 22:02:06
            [updated_at] => 2025-01-10 16:07:07
        )

    [1] => Array
        (
            [user_id] => 6
            [username] => wulan
            [nama] => wulandariyulianis
            [nip] => 18679202938390
            [email] => lala@gmail.com
            [password] => $2y$10$QW2QpL2k9f5eBfqMjakx7eNCI3/XVLCO9a42jzNPjzvXpS8iFmqoK
            [role] => notulensi
            [Bidang] => Aptika
            [profil_foto] => pegawai.png


            [alamat] => 
            [jabatan] => 
            [tanggal_lahir] => 
            [created_at] => 2025-01-09 15:02:18
            [updated_at] => 2025-01-21 12:53:44
        )

    [2] => Array
        (
            [user_id] => 7
            [username] => lala
            [nama] => lala

            [nip] => 123456789123456789
            [email] => lala1@gmail.com
            [password] => $2y$10$tBSYxTpvfWjIlSkqSZ.7TeAQp2RvMqDg2J91d0vUGxaieUvPIv61a
            [role] => notulensi
            [Bidang] => Aptika
            [profil_foto] => 
            [alamat] => 
            [jabatan] => 
            [tanggal_lahir] => 
            [created_at] => 2025-01-09 15:16:16
            [updated_at] => 2025-01-15 21:48:23
        )

    [3] => Array
        (
            [user_id] => 13
            [username] => jaja
            [nama] => jungwon
            [nip] => 123456788987654324
            [email] => jaja@gmail.com
            [password] => $2y$10$nVk3.ULQ.f2qJcwl.zo9p.3ZmVs8RESB.SYe8GvwHZ4Y.pEHR.TlO
            [role] => pegawai
            [Bidang] => IKP
            [profil_foto] => pegawai.png
            [alamat] => 
            [jabatan] => korea
            [tanggal_lahir] => 
            [created_at] => 2025-01-13 07:53:10
            [updated_at] => 2025-01-17 07:33:28
        )

    [4] => Array
        (
            [user_id] => 18
            [username] => notulensi_user18
            [nama] => Nama Notulensi 18
            [nip] => 12345678918
            [email] => notulensi_user18@example.com
            [password] => password_enkripsi18
            [role] => notulensi
            [Bidang] => Administrasi
            [profil_foto] => 
            [alamat] => Alamat Notulensi 18
            [jabatan] => Notulensi
            [tanggal_lahir] => 1998-08-18
            [created_at] => 2025-01-16 09:28:25
            [updated_at] => 2025-01-17 00:16:49
        )

    [5] => Array
        (
            [user_id] => 26
            [username] => notulensi
            [nama] => alhamdulilla
            [nip] => 345678909876789376
            [email] => notulensi@gmail.com
            [password] => $2y$10$ZhNj131GHHBnlqCvbB3.bOR13E/V13x3i1tumnFZPNg.YhqScDCnq
            [role] => notulensi
            [Bidang] => 
            [profil_foto] => image.png

            [alamat] => 
            [jabatan] => 
            [tanggal_lahir] => 
            [created_at] => 2025-01-16 02:36:45
            [updated_at] => 2025-01-16 15:11:16
        )

    [6] => Array
        (
            [user_id] => 32
            [username] => dadang
            [nama] => dadang harjo
            [nip] => 098765432234567892
            [email] => dadang@gmail.com
            [password] => $2y$10$FKo1RqxUsHWcoWzbk5ZZae9C4Al32xjQuyf99kyXR4CMMYtDOyMVC
            [role] => notulensi
            [Bidang] => IKP
            [profil_foto] => wulan.jpg
            [alamat] => 
            [jabatan] => Sekretaris
            [tanggal_lahir] => 
            [created_at] => 2025-01-17 09:26:42
            [updated_at] => 2025-01-21 11:06:28
        )

    [7] => Array
        (
            [user_id] => 38
            [username] => rereng
            [nama] => rereng saja
            [nip] => 123456788987653847
            [email] => rereng@gmail.com
            [password] => $2y$10$jjN96rd2z9.qnK.E.5/8WugPbyEvPOlANFb3Or/CS5Nelp9lTK2a.
            [role] => pegawai
            [Bidang] => Aptika
            [profil_foto] => wulan.jpg

            [alamat] => 
            [jabatan] => Sekretaris
            [tanggal_lahir] => 
            [created_at] => 2025-01-20 08:33:37
            [updated_at] => 2025-01-21 12:54:41
        )

    [8] => Array
        (
            [user_id] => 39
            [username] => sakang
            [nama] => sakang saja
            [nip] => 123456788987654439
            [email] => sakang@gmail.com
            [password] => $2y$10$l879mKIRAjfZCba.v1lia.vmn0E1HMHVsnWOqcG1R6Rgh9SFu2arG
            [role] => notulensi
            [Bidang] => IKP
            [profil_foto] => 
            [alamat] => 
            [jabatan] => Sekretaris
            [tanggal_lahir] => 
            [created_at] => 2025-01-21 05:06:20
            [updated_at] => 2025-01-21 05:06:20
        )

    [9] => Array
        (
            [user_id] => 40
            [username] => cindy
            [nama] => cindy arwinda putry
            [nip] => 123456788987654259
            [email] => cindy@gmail.com
            [password] => $2y$10$fFtsHB1wzUtGMaBUM0/c3uv.EFy0QXZgTj6.q2gKaPtCdUVYHNMqG
            [role] => notulensi
            [Bidang] => IKP
            [profil_foto] => 
            [alamat] => 
            [jabatan] => Sekretaris
            [tanggal_lahir] => 
            [created_at] => 2025-01-21 05:07:14
            [updated_at] => 2025-01-21 05:07:14
        )

    [10] => Array
        (
            [user_id] => 42
            [username] => intan 
            [nama] => intan salma denaidy
            [nip] => 123456788987654092
            [email] => intan@gmail.com
            [password] => $2y$10$tPuhHlRshxG3GNF6Uhds0eb/DmYvMe25/E4J/9pWGqEtdliUchL7e
            [role] => notulensi
            [Bidang] => IKP
            [profil_foto] => 
            [alamat] => 
            [jabatan] => Sekretaris
            [tanggal_lahir] => 
            [created_at] => 2025-01-21 14:49:09
            [updated_at] => 2025-01-21 14:49:09
        )

)

INFO - 2025-01-21 16:00:35 --> Session: Class initialized using 'CodeIgniter\Session\Handlers\FileHandler' driver.
INFO - 2025-01-21 16:00:35 --> User profile for ID 9 retrieved successfully.
INFO - 2025-01-21 16:00:36 --> Session: Class initialized using 'CodeIgniter\Session\Handlers\FileHandler' driver.
INFO - 2025-01-21 16:02:18 --> Mencoba mengambil pengguna dengan role notulensi dan pegawai
INFO - 2025-01-21 16:02:18 --> Pengguna dengan role notulensi atau pegawai ditemukan: Array
(
    [0] => Array
        (
            [user_id] => 3
            [username] => admin
            [nama] => John Doe
            [nip] => 123456789
            [email] => admin@example.com
            [password] => $2y$10$vtl3rv1OaY3pW2hnmPpXoe1OzmxqdjvxJLl.7qZDvhjN8fQfo6Mhq


            [role] => pegawai
            [Bidang] => Statistik dan Persandian
            [profil_foto] => profile1.jpg
            [alamat] => Jl. Merdeka No. 123, Jakarta
            [jabatan] => 
            [tanggal_lahir] => 
            [created_at] => 2025-01-09 22:02:06
            [updated_at] => 2025-01-10 16:07:07
        )

    [1] => Array
        (
            [user_id] => 6
            [username] => wulan
            [nama] => wulandariyulianis
            [nip] => 18679202938390
            [email] => lala@gmail.com
            [password] => $2y$10$QW2QpL2k9f5eBfqMjakx7eNCI3/XVLCO9a42jzNPjzvXpS8iFmqoK
            [role] => notulensi
            [Bidang] => Aptika
            [profil_foto] => pegawai.png


            [alamat] => 
            [jabatan] => 
            [tanggal_lahir] => 
            [created_at] => 2025-01-09 15:02:18
            [updated_at] => 2025-01-21 12:53:44
        )

    [2] => Array
        (
            [user_id] => 7
            [username] => lala
            [nama] => lala

            [nip] => 123456789123456789
            [email] => lala1@gmail.com
            [password] => $2y$10$tBSYxTpvfWjIlSkqSZ.7TeAQp2RvMqDg2J91d0vUGxaieUvPIv61a
            [role] => notulensi
            [Bidang] => Aptika
            [profil_foto] => 
            [alamat] => 
            [jabatan] => 
            [tanggal_lahir] => 
            [created_at] => 2025-01-09 15:16:16
            [updated_at] => 2025-01-15 21:48:23
        )

    [3] => Array
        (
            [user_id] => 13
            [username] => jaja
            [nama] => jungwon
            [nip] => 123456788987654324
            [email] => jaja@gmail.com
            [password] => $2y$10$nVk3.ULQ.f2qJcwl.zo9p.3ZmVs8RESB.SYe8GvwHZ4Y.pEHR.TlO
            [role] => pegawai
            [Bidang] => IKP
            [profil_foto] => pegawai.png
            [alamat] => 
            [jabatan] => korea
            [tanggal_lahir] => 
            [created_at] => 2025-01-13 07:53:10
            [updated_at] => 2025-01-17 07:33:28
        )

    [4] => Array
        (
            [user_id] => 18
            [username] => notulensi_user18
            [nama] => Nama Notulensi 18
            [nip] => 12345678918
            [email] => notulensi_user18@example.com
            [password] => password_enkripsi18
            [role] => notulensi
            [Bidang] => Administrasi
            [profil_foto] => 
            [alamat] => Alamat Notulensi 18
            [jabatan] => Notulensi
            [tanggal_lahir] => 1998-08-18
            [created_at] => 2025-01-16 09:28:25
            [updated_at] => 2025-01-17 00:16:49
        )

    [5] => Array
        (
            [user_id] => 26
            [username] => notulensi
            [nama] => alhamdulilla
            [nip] => 345678909876789376
            [email] => notulensi@gmail.com
            [password] => $2y$10$ZhNj131GHHBnlqCvbB3.bOR13E/V13x3i1tumnFZPNg.YhqScDCnq
            [role] => notulensi
            [Bidang] => 
            [profil_foto] => image.png

            [alamat] => 
            [jabatan] => 
            [tanggal_lahir] => 
            [created_at] => 2025-01-16 02:36:45
            [updated_at] => 2025-01-16 15:11:16
        )

    [6] => Array
        (
            [user_id] => 32
            [username] => dadang
            [nama] => dadang harjo
            [nip] => 098765432234567892
            [email] => dadang@gmail.com
            [password] => $2y$10$FKo1RqxUsHWcoWzbk5ZZae9C4Al32xjQuyf99kyXR4CMMYtDOyMVC
            [role] => notulensi
            [Bidang] => IKP
            [profil_foto] => wulan.jpg
            [alamat] => 
            [jabatan] => Sekretaris
            [tanggal_lahir] => 
            [created_at] => 2025-01-17 09:26:42
            [updated_at] => 2025-01-21 11:06:28
        )

    [7] => Array
        (
            [user_id] => 38
            [username] => rereng
            [nama] => rereng saja
            [nip] => 123456788987653847
            [email] => rereng@gmail.com
            [password] => $2y$10$jjN96rd2z9.qnK.E.5/8WugPbyEvPOlANFb3Or/CS5Nelp9lTK2a.
            [role] => pegawai
            [Bidang] => Aptika
            [profil_foto] => wulan.jpg

            [alamat] => 
            [jabatan] => Sekretaris
            [tanggal_lahir] => 
            [created_at] => 2025-01-20 08:33:37
            [updated_at] => 2025-01-21 12:54:41
        )

    [8] => Array
        (
            [user_id] => 39
            [username] => sakang
            [nama] => sakang saja
            [nip] => 123456788987654439
            [email] => sakang@gmail.com
            [password] => $2y$10$l879mKIRAjfZCba.v1lia.vmn0E1HMHVsnWOqcG1R6Rgh9SFu2arG
            [role] => notulensi
            [Bidang] => IKP
            [profil_foto] => 
            [alamat] => 
            [jabatan] => Sekretaris
            [tanggal_lahir] => 
            [created_at] => 2025-01-21 05:06:20
            [updated_at] => 2025-01-21 05:06:20
        )

    [9] => Array
        (
            [user_id] => 40
            [username] => cindy
            [nama] => cindy arwinda putry
            [nip] => 123456788987654259
            [email] => cindy@gmail.com
            [password] => $2y$10$fFtsHB1wzUtGMaBUM0/c3uv.EFy0QXZgTj6.q2gKaPtCdUVYHNMqG
            [role] => notulensi
            [Bidang] => IKP
            [profil_foto] => 
            [alamat] => 
            [jabatan] => Sekretaris
            [tanggal_lahir] => 
            [created_at] => 2025-01-21 05:07:14
            [updated_at] => 2025-01-21 05:07:14
        )

    [10] => Array
        (
            [user_id] => 42
            [username] => intan 
            [nama] => intan salma denaidy
            [nip] => 123456788987654092
            [email] => intan@gmail.com
            [password] => $2y$10$tPuhHlRshxG3GNF6Uhds0eb/DmYvMe25/E4J/9pWGqEtdliUchL7e
            [role] => notulensi
            [Bidang] => IKP
            [profil_foto] => 
            [alamat] => 
            [jabatan] => Sekretaris
            [tanggal_lahir] => 
            [created_at] => 2025-01-21 14:49:09
            [updated_at] => 2025-01-21 14:49:09
        )

)

INFO - 2025-01-21 16:02:18 --> Session: Class initialized using 'CodeIgniter\Session\Handlers\FileHandler' driver.
INFO - 2025-01-21 16:02:18 --> User profile for ID 9 retrieved successfully.
INFO - 2025-01-21 16:02:19 --> Session: Class initialized using 'CodeIgniter\Session\Handlers\FileHandler' driver.
INFO - 2025-01-21 16:05:23 --> Session: Class initialized using 'CodeIgniter\Session\Handlers\FileHandler' driver.
