INFO - 2025-01-20 03:26:43 --> Session: Class initialized using 'CodeIgniter\Session\Handlers\FileHandler' driver.
INFO - 2025-01-20 03:27:22 --> Session: Class initialized using 'CodeIgniter\Session\Handlers\FileHandler' driver.
INFO - 2025-01-20 03:29:28 --> Session: Class initialized using 'CodeIgniter\Session\Handlers\FileHandler' driver.
INFO - 2025-01-20 03:30:00 --> Session: Class initialized using 'CodeIgniter\Session\Handlers\FileHandler' driver.
INFO - 2025-01-20 03:31:15 --> Session: Class initialized using 'CodeIgniter\Session\Handlers\FileHandler' driver.
INFO - 2025-01-20 03:33:50 --> Session: Class initialized using 'CodeIgniter\Session\Handlers\FileHandler' driver.
INFO - 2025-01-20 03:36:28 --> Session: Class initialized using 'CodeIgniter\Session\Handlers\FileHandler' driver.
INFO - 2025-01-20 03:36:51 --> Session: Class initialized using 'CodeIgniter\Session\Handlers\FileHandler' driver.
INFO - 2025-01-20 08:24:52 --> Session: Class initialized using 'CodeIgniter\Session\Handlers\FileHandler' driver.
INFO - 2025-01-20 08:25:08 --> Session: Class initialized using 'CodeIgniter\Session\Handlers\FileHandler' driver.
INFO - 2025-01-20 08:25:09 --> Session: Class initialized using 'CodeIgniter\Session\Handlers\FileHandler' driver.
INFO - 2025-01-20 08:25:10 --> Session: Class initialized using 'CodeIgniter\Session\Handlers\FileHandler' driver.
INFO - 2025-01-20 08:25:28 --> Session: Class initialized using 'CodeIgniter\Session\Handlers\FileHandler' driver.
ERROR - 2025-01-20 08:25:28 --> Login attempt with username: lili
ERROR - 2025-01-20 08:25:29 --> Checking login for username: lili
ERROR - 2025-01-20 08:25:29 --> User data: Array
(
    [user_id] => 9
    [username] => lili
    [nama] => alhamdulillah
    [nip] => 123456780123456789
    [email] => bismillah@gmail.com
    [password] => $2y$10$VOHOtZEaMBJvPLDT6v5/2uXNDqowMBRRYCjIGJtTPqb41gpCwVLI6
    [role] => admin
    [Bidang] => 
    [profil_foto] => image.png
    [alamat] => jalan 
    [jabatan] => Sekretaris
    [tanggal_lahir] => 2003-07-09
    [created_at] => 2025-01-10 02:06:34
    [updated_at] => 2025-01-16 07:45:21
)

ERROR - 2025-01-20 08:25:29 --> Password verify result for username lili: Failure
ERROR - 2025-01-20 08:25:29 --> Login failed for username: lili
INFO - 2025-01-20 08:25:29 --> Session: Class initialized using 'CodeIgniter\Session\Handlers\FileHandler' driver.
INFO - 2025-01-20 08:25:30 --> Session: Class initialized using 'CodeIgniter\Session\Handlers\FileHandler' driver.
INFO - 2025-01-20 08:25:34 --> Session: Class initialized using 'CodeIgniter\Session\Handlers\FileHandler' driver.
ERROR - 2025-01-20 08:25:34 --> Login attempt with username: lili
ERROR - 2025-01-20 08:25:34 --> Checking login for username: lili
ERROR - 2025-01-20 08:25:34 --> User data: Array
(
    [user_id] => 9
    [username] => lili
    [nama] => alhamdulillah
    [nip] => 123456780123456789
    [email] => bismillah@gmail.com
    [password] => $2y$10$VOHOtZEaMBJvPLDT6v5/2uXNDqowMBRRYCjIGJtTPqb41gpCwVLI6
    [role] => admin
    [Bidang] => 
    [profil_foto] => image.png
    [alamat] => jalan 
    [jabatan] => Sekretaris
    [tanggal_lahir] => 2003-07-09
    [created_at] => 2025-01-10 02:06:34
    [updated_at] => 2025-01-16 07:45:21
)

ERROR - 2025-01-20 08:25:34 --> Password verify result for username lili: Success
ERROR - 2025-01-20 08:25:34 --> Login success for username: lili
INFO - 2025-01-20 08:25:35 --> Session: Class initialized using 'CodeIgniter\Session\Handlers\FileHandler' driver.
DEBUG - 2025-01-20 08:25:35 --> User ID: 9
DEBUG - 2025-01-20 08:25:35 --> Profile Picture: image.png
DEBUG - 2025-01-20 08:25:35 --> User Name: alhamdulillah
DEBUG - 2025-01-20 08:25:35 --> User Role: admin
INFO - 2025-01-20 08:25:35 --> Session: Class initialized using 'CodeIgniter\Session\Handlers\FileHandler' driver.
INFO - 2025-01-20 08:25:37 --> Mencoba mengambil pengguna dengan role notulensi dan pegawai
INFO - 2025-01-20 08:25:37 --> Pengguna dengan role notulensi atau pegawai ditemukan: Array
(
    [0] => Array
        (
            [user_id] => 3
            [username] => admin
            [nama] => John Doe
            [nip] => 123456789
            [email] => admin@example.com
            [password] => $2y$10$vtl3rv1OaY3pW2hnmPpXoe1OzmxqdjvxJLl.7qZDvhjN8fQfo6Mhq


            [role] => pegawai
            [Bidang] => Statistik dan Persandian
            [profil_foto] => profile1.jpg
            [alamat] => Jl. Merdeka No. 123, Jakarta
            [jabatan] => 
            [tanggal_lahir] => 
            [created_at] => 2025-01-09 22:02:06
            [updated_at] => 2025-01-10 16:07:07
        )

    [1] => Array
        (
            [user_id] => 6
            [username] => wulan
            [nama] => wulandariyulianis
            [nip] => 18679202938390
            [email] => lala@gmail.com
            [password] => $2y$10$QW2QpL2k9f5eBfqMjakx7eNCI3/XVLCO9a42jzNPjzvXpS8iFmqoK
            [role] => notulensi
            [Bidang] => Aptika
            [profil_foto] => wulan.jpg


            [alamat] => 
            [jabatan] => 
            [tanggal_lahir] => 
            [created_at] => 2025-01-09 15:02:18
            [updated_at] => 2025-01-15 21:18:55
        )

    [2] => Array
        (
            [user_id] => 7
            [username] => lala
            [nama] => lala

            [nip] => 123456789123456789
            [email] => lala1@gmail.com
            [password] => $2y$10$tBSYxTpvfWjIlSkqSZ.7TeAQp2RvMqDg2J91d0vUGxaieUvPIv61a
            [role] => notulensi
            [Bidang] => Aptika
            [profil_foto] => 
            [alamat] => 
            [jabatan] => 
            [tanggal_lahir] => 
            [created_at] => 2025-01-09 15:16:16
            [updated_at] => 2025-01-15 21:48:23
        )

    [3] => Array
        (
            [user_id] => 13
            [username] => jaja
            [nama] => jungwon
            [nip] => 123456788987654324
            [email] => jaja@gmail.com
            [password] => $2y$10$nVk3.ULQ.f2qJcwl.zo9p.3ZmVs8RESB.SYe8GvwHZ4Y.pEHR.TlO
            [role] => pegawai
            [Bidang] => IKP
            [profil_foto] => pegawai.png
            [alamat] => 
            [jabatan] => korea
            [tanggal_lahir] => 
            [created_at] => 2025-01-13 07:53:10
            [updated_at] => 2025-01-17 07:33:28
        )

    [4] => Array
        (
            [user_id] => 18
            [username] => notulensi_user18
            [nama] => Nama Notulensi 18
            [nip] => 12345678918
            [email] => notulensi_user18@example.com
            [password] => password_enkripsi18
            [role] => notulensi
            [Bidang] => Administrasi
            [profil_foto] => 
            [alamat] => Alamat Notulensi 18
            [jabatan] => Notulensi
            [tanggal_lahir] => 1998-08-18
            [created_at] => 2025-01-16 09:28:25
            [updated_at] => 2025-01-17 00:16:49
        )

    [5] => Array
        (
            [user_id] => 26
            [username] => notulensi
            [nama] => alhamdulilla
            [nip] => 345678909876789376
            [email] => notulensi@gmail.com
            [password] => $2y$10$ZhNj131GHHBnlqCvbB3.bOR13E/V13x3i1tumnFZPNg.YhqScDCnq
            [role] => notulensi
            [Bidang] => 
            [profil_foto] => image.png

            [alamat] => 
            [jabatan] => 
            [tanggal_lahir] => 
            [created_at] => 2025-01-16 02:36:45
            [updated_at] => 2025-01-16 15:11:16
        )

    [6] => Array
        (
            [user_id] => 32
            [username] => dadang
            [nama] => dadang harjo
            [nip] => 098765432234567892
            [email] => dadang@gmail.com
            [password] => $2y$10$FKo1RqxUsHWcoWzbk5ZZae9C4Al32xjQuyf99kyXR4CMMYtDOyMVC
            [role] => notulensi
            [Bidang] => IKP
            [profil_foto] => 
            [alamat] => 
            [jabatan] => Sekretaris
            [tanggal_lahir] => 
            [created_at] => 2025-01-17 09:26:42
            [updated_at] => 2025-01-17 09:26:42
        )

)

INFO - 2025-01-20 08:25:37 --> Session: Class initialized using 'CodeIgniter\Session\Handlers\FileHandler' driver.
INFO - 2025-01-20 08:25:37 --> User profile for ID 9 retrieved successfully.
INFO - 2025-01-20 08:25:38 --> Session: Class initialized using 'CodeIgniter\Session\Handlers\FileHandler' driver.
INFO - 2025-01-20 08:25:45 --> Session: Class initialized using 'CodeIgniter\Session\Handlers\FileHandler' driver.
INFO - 2025-01-20 08:26:05 --> Session: Class initialized using 'CodeIgniter\Session\Handlers\FileHandler' driver.
INFO - 2025-01-20 08:26:07 --> Session: Class initialized using 'CodeIgniter\Session\Handlers\FileHandler' driver.
INFO - 2025-01-20 08:26:08 --> Session: Class initialized using 'CodeIgniter\Session\Handlers\FileHandler' driver.
INFO - 2025-01-20 08:26:16 --> Session: Class initialized using 'CodeIgniter\Session\Handlers\FileHandler' driver.
ERROR - 2025-01-20 08:26:16 --> Login attempt with username: dadang
ERROR - 2025-01-20 08:26:16 --> Checking login for username: dadang
ERROR - 2025-01-20 08:26:16 --> User data: Array
(
    [user_id] => 32
    [username] => dadang
    [nama] => dadang harjo
    [nip] => 098765432234567892
    [email] => dadang@gmail.com
    [password] => $2y$10$FKo1RqxUsHWcoWzbk5ZZae9C4Al32xjQuyf99kyXR4CMMYtDOyMVC
    [role] => notulensi
    [Bidang] => IKP
    [profil_foto] => 
    [alamat] => 
    [jabatan] => Sekretaris
    [tanggal_lahir] => 
    [created_at] => 2025-01-17 09:26:42
    [updated_at] => 2025-01-17 09:26:42
)

ERROR - 2025-01-20 08:26:16 --> Password verify result for username dadang: Success
ERROR - 2025-01-20 08:26:17 --> Login success for username: dadang
INFO - 2025-01-20 08:26:17 --> Session: Class initialized using 'CodeIgniter\Session\Handlers\FileHandler' driver.
DEBUG - 2025-01-20 08:26:17 --> User ID: 32
DEBUG - 2025-01-20 08:26:17 --> Profile Picture: default.jpg
DEBUG - 2025-01-20 08:26:17 --> User Name: dadang harjo
DEBUG - 2025-01-20 08:26:17 --> User Role: notulensi
INFO - 2025-01-20 08:26:18 --> Session: Class initialized using 'CodeIgniter\Session\Handlers\FileHandler' driver.
INFO - 2025-01-20 08:26:21 --> Session: Class initialized using 'CodeIgniter\Session\Handlers\FileHandler' driver.
INFO - 2025-01-20 08:27:06 --> Session: Class initialized using 'CodeIgniter\Session\Handlers\FileHandler' driver.
INFO - 2025-01-20 08:27:19 --> Session: Class initialized using 'CodeIgniter\Session\Handlers\FileHandler' driver.
INFO - 2025-01-20 08:27:20 --> Mencoba mengambil pengguna dengan role notulensi dan pegawai
INFO - 2025-01-20 08:27:20 --> Pengguna dengan role notulensi atau pegawai ditemukan: Array
(
    [0] => Array
        (
            [user_id] => 3
            [username] => admin
            [nama] => John Doe
            [nip] => 123456789
            [email] => admin@example.com
            [password] => $2y$10$vtl3rv1OaY3pW2hnmPpXoe1OzmxqdjvxJLl.7qZDvhjN8fQfo6Mhq


            [role] => pegawai
            [Bidang] => Statistik dan Persandian
            [profil_foto] => profile1.jpg
            [alamat] => Jl. Merdeka No. 123, Jakarta
            [jabatan] => 
            [tanggal_lahir] => 
            [created_at] => 2025-01-09 22:02:06
            [updated_at] => 2025-01-10 16:07:07
        )

    [1] => Array
        (
            [user_id] => 6
            [username] => wulan
            [nama] => wulandariyulianis
            [nip] => 18679202938390
            [email] => lala@gmail.com
            [password] => $2y$10$QW2QpL2k9f5eBfqMjakx7eNCI3/XVLCO9a42jzNPjzvXpS8iFmqoK
            [role] => notulensi
            [Bidang] => Aptika
            [profil_foto] => wulan.jpg


            [alamat] => 
            [jabatan] => 
            [tanggal_lahir] => 
            [created_at] => 2025-01-09 15:02:18
            [updated_at] => 2025-01-15 21:18:55
        )

    [2] => Array
        (
            [user_id] => 7
            [username] => lala
            [nama] => lala

            [nip] => 123456789123456789
            [email] => lala1@gmail.com
            [password] => $2y$10$tBSYxTpvfWjIlSkqSZ.7TeAQp2RvMqDg2J91d0vUGxaieUvPIv61a
            [role] => notulensi
            [Bidang] => Aptika
            [profil_foto] => 
            [alamat] => 
            [jabatan] => 
            [tanggal_lahir] => 
            [created_at] => 2025-01-09 15:16:16
            [updated_at] => 2025-01-15 21:48:23
        )

    [3] => Array
        (
            [user_id] => 13
            [username] => jaja
            [nama] => jungwon
            [nip] => 123456788987654324
            [email] => jaja@gmail.com
            [password] => $2y$10$nVk3.ULQ.f2qJcwl.zo9p.3ZmVs8RESB.SYe8GvwHZ4Y.pEHR.TlO
            [role] => pegawai
            [Bidang] => IKP
            [profil_foto] => pegawai.png
            [alamat] => 
            [jabatan] => korea
            [tanggal_lahir] => 
            [created_at] => 2025-01-13 07:53:10
            [updated_at] => 2025-01-17 07:33:28
        )

    [4] => Array
        (
            [user_id] => 18
            [username] => notulensi_user18
            [nama] => Nama Notulensi 18
            [nip] => 12345678918
            [email] => notulensi_user18@example.com
            [password] => password_enkripsi18
            [role] => notulensi
            [Bidang] => Administrasi
            [profil_foto] => 
            [alamat] => Alamat Notulensi 18
            [jabatan] => Notulensi
            [tanggal_lahir] => 1998-08-18
            [created_at] => 2025-01-16 09:28:25
            [updated_at] => 2025-01-17 00:16:49
        )

    [5] => Array
        (
            [user_id] => 26
            [username] => notulensi
            [nama] => alhamdulilla
            [nip] => 345678909876789376
            [email] => notulensi@gmail.com
            [password] => $2y$10$ZhNj131GHHBnlqCvbB3.bOR13E/V13x3i1tumnFZPNg.YhqScDCnq
            [role] => notulensi
            [Bidang] => 
            [profil_foto] => image.png

            [alamat] => 
            [jabatan] => 
            [tanggal_lahir] => 
            [created_at] => 2025-01-16 02:36:45
            [updated_at] => 2025-01-16 15:11:16
        )

    [6] => Array
        (
            [user_id] => 32
            [username] => dadang
            [nama] => dadang harjo
            [nip] => 098765432234567892
            [email] => dadang@gmail.com
            [password] => $2y$10$FKo1RqxUsHWcoWzbk5ZZae9C4Al32xjQuyf99kyXR4CMMYtDOyMVC
            [role] => notulensi
            [Bidang] => IKP
            [profil_foto] => 
            [alamat] => 
            [jabatan] => Sekretaris
            [tanggal_lahir] => 
            [created_at] => 2025-01-17 09:26:42
            [updated_at] => 2025-01-17 09:26:42
        )

)

INFO - 2025-01-20 08:27:20 --> Session: Class initialized using 'CodeIgniter\Session\Handlers\FileHandler' driver.
INFO - 2025-01-20 08:27:20 --> User profile for ID 9 retrieved successfully.
INFO - 2025-01-20 08:27:21 --> Session: Class initialized using 'CodeIgniter\Session\Handlers\FileHandler' driver.
INFO - 2025-01-20 08:27:25 --> Session: Class initialized using 'CodeIgniter\Session\Handlers\FileHandler' driver.
INFO - 2025-01-20 08:27:25 --> Attempting to retrieve user profile for user with ID: 3
INFO - 2025-01-20 08:27:25 --> User profile for ID 3 retrieved successfully.
INFO - 2025-01-20 08:27:25 --> User profile data: Array
(
    [user_id] => 3
    [username] => admin
    [nama] => John Doe
    [nip] => 123456789
    [email] => admin@example.com
    [password] => $2y$10$vtl3rv1OaY3pW2hnmPpXoe1OzmxqdjvxJLl.7qZDvhjN8fQfo6Mhq


    [role] => pegawai
    [Bidang] => Statistik dan Persandian
    [profil_foto] => profile1.jpg
    [alamat] => Jl. Merdeka No. 123, Jakarta
    [jabatan] => 
    [tanggal_lahir] => 
    [created_at] => 2025-01-09 22:02:06
    [updated_at] => 2025-01-10 16:07:07
)

INFO - 2025-01-20 08:27:25 --> Session: Class initialized using 'CodeIgniter\Session\Handlers\FileHandler' driver.
INFO - 2025-01-20 08:27:28 --> Mencoba mengambil pengguna dengan role notulensi dan pegawai
INFO - 2025-01-20 08:27:28 --> Pengguna dengan role notulensi atau pegawai ditemukan: Array
(
    [0] => Array
        (
            [user_id] => 3
            [username] => admin
            [nama] => John Doe
            [nip] => 123456789
            [email] => admin@example.com
            [password] => $2y$10$vtl3rv1OaY3pW2hnmPpXoe1OzmxqdjvxJLl.7qZDvhjN8fQfo6Mhq


            [role] => pegawai
            [Bidang] => Statistik dan Persandian
            [profil_foto] => profile1.jpg
            [alamat] => Jl. Merdeka No. 123, Jakarta
            [jabatan] => 
            [tanggal_lahir] => 
            [created_at] => 2025-01-09 22:02:06
            [updated_at] => 2025-01-10 16:07:07
        )

    [1] => Array
        (
            [user_id] => 6
            [username] => wulan
            [nama] => wulandariyulianis
            [nip] => 18679202938390
            [email] => lala@gmail.com
            [password] => $2y$10$QW2QpL2k9f5eBfqMjakx7eNCI3/XVLCO9a42jzNPjzvXpS8iFmqoK
            [role] => notulensi
            [Bidang] => Aptika
            [profil_foto] => wulan.jpg


            [alamat] => 
            [jabatan] => 
            [tanggal_lahir] => 
            [created_at] => 2025-01-09 15:02:18
            [updated_at] => 2025-01-15 21:18:55
        )

    [2] => Array
        (
            [user_id] => 7
            [username] => lala
            [nama] => lala

            [nip] => 123456789123456789
            [email] => lala1@gmail.com
            [password] => $2y$10$tBSYxTpvfWjIlSkqSZ.7TeAQp2RvMqDg2J91d0vUGxaieUvPIv61a
            [role] => notulensi
            [Bidang] => Aptika
            [profil_foto] => 
            [alamat] => 
            [jabatan] => 
            [tanggal_lahir] => 
            [created_at] => 2025-01-09 15:16:16
            [updated_at] => 2025-01-15 21:48:23
        )

    [3] => Array
        (
            [user_id] => 13
            [username] => jaja
            [nama] => jungwon
            [nip] => 123456788987654324
            [email] => jaja@gmail.com
            [password] => $2y$10$nVk3.ULQ.f2qJcwl.zo9p.3ZmVs8RESB.SYe8GvwHZ4Y.pEHR.TlO
            [role] => pegawai
            [Bidang] => IKP
            [profil_foto] => pegawai.png
            [alamat] => 
            [jabatan] => korea
            [tanggal_lahir] => 
            [created_at] => 2025-01-13 07:53:10
            [updated_at] => 2025-01-17 07:33:28
        )

    [4] => Array
        (
            [user_id] => 18
            [username] => notulensi_user18
            [nama] => Nama Notulensi 18
            [nip] => 12345678918
            [email] => notulensi_user18@example.com
            [password] => password_enkripsi18
            [role] => notulensi
            [Bidang] => Administrasi
            [profil_foto] => 
            [alamat] => Alamat Notulensi 18
            [jabatan] => Notulensi
            [tanggal_lahir] => 1998-08-18
            [created_at] => 2025-01-16 09:28:25
            [updated_at] => 2025-01-17 00:16:49
        )

    [5] => Array
        (
            [user_id] => 26
            [username] => notulensi
            [nama] => alhamdulilla
            [nip] => 345678909876789376
            [email] => notulensi@gmail.com
            [password] => $2y$10$ZhNj131GHHBnlqCvbB3.bOR13E/V13x3i1tumnFZPNg.YhqScDCnq
            [role] => notulensi
            [Bidang] => 
            [profil_foto] => image.png

            [alamat] => 
            [jabatan] => 
            [tanggal_lahir] => 
            [created_at] => 2025-01-16 02:36:45
            [updated_at] => 2025-01-16 15:11:16
        )

    [6] => Array
        (
            [user_id] => 32
            [username] => dadang
            [nama] => dadang harjo
            [nip] => 098765432234567892
            [email] => dadang@gmail.com
            [password] => $2y$10$FKo1RqxUsHWcoWzbk5ZZae9C4Al32xjQuyf99kyXR4CMMYtDOyMVC
            [role] => notulensi
            [Bidang] => IKP
            [profil_foto] => 
            [alamat] => 
            [jabatan] => Sekretaris
            [tanggal_lahir] => 
            [created_at] => 2025-01-17 09:26:42
            [updated_at] => 2025-01-17 09:26:42
        )

)

INFO - 2025-01-20 08:27:28 --> Session: Class initialized using 'CodeIgniter\Session\Handlers\FileHandler' driver.
INFO - 2025-01-20 08:27:28 --> User profile for ID 9 retrieved successfully.
INFO - 2025-01-20 08:27:29 --> Session: Class initialized using 'CodeIgniter\Session\Handlers\FileHandler' driver.
INFO - 2025-01-20 08:27:30 --> Session: Class initialized using 'CodeIgniter\Session\Handlers\FileHandler' driver.
INFO - 2025-01-20 08:27:30 --> Attempting to retrieve user profile for user with ID: 7
INFO - 2025-01-20 08:27:30 --> User profile for ID 7 retrieved successfully.
INFO - 2025-01-20 08:27:30 --> User profile data: Array
(
    [user_id] => 7
    [username] => lala
    [nama] => lala

    [nip] => 123456789123456789
    [email] => lala1@gmail.com
    [password] => $2y$10$tBSYxTpvfWjIlSkqSZ.7TeAQp2RvMqDg2J91d0vUGxaieUvPIv61a
    [role] => notulensi
    [Bidang] => Aptika
    [profil_foto] => 
    [alamat] => 
    [jabatan] => 
    [tanggal_lahir] => 
    [created_at] => 2025-01-09 15:16:16
    [updated_at] => 2025-01-15 21:48:23
)

WARNING - 2025-01-20 08:27:30 --> [DEPRECATED] str_replace(): Passing null to parameter #3 ($subject) of type array|string is deprecated in APPPATH\Controllers\DetailPenggunaControllers.php on line 42.
 1 APPPATH\Controllers\DetailPenggunaControllers.php(42): str_replace('__', '', null)
 2 SYSTEMPATH\CodeIgniter.php(933): App\Controllers\DetailPenggunaControllers->index('7')
 3 SYSTEMPATH\CodeIgniter.php(509): CodeIgniter\CodeIgniter->runController(Object(App\Controllers\DetailPenggunaControllers))
 4 SYSTEMPATH\CodeIgniter.php(355): CodeIgniter\CodeIgniter->handleRequest(null, Object(Config\Cache), false)
 5 SYSTEMPATH\Boot.php(325): CodeIgniter\CodeIgniter->run()
 6 SYSTEMPATH\Boot.php(67): CodeIgniter\Boot::runCodeIgniter(Object(CodeIgniter\CodeIgniter))
 7 FCPATH\index.php(56): CodeIgniter\Boot::bootWeb(Object(Config\Paths))
 8 SYSTEMPATH\rewrite.php(44): require_once('D:\\xampp\\htdocs\\SiNotik\\public\\index.php')
INFO - 2025-01-20 08:27:30 --> Session: Class initialized using 'CodeIgniter\Session\Handlers\FileHandler' driver.
INFO - 2025-01-20 08:27:32 --> Mencoba mengambil pengguna dengan role notulensi dan pegawai
INFO - 2025-01-20 08:27:32 --> Pengguna dengan role notulensi atau pegawai ditemukan: Array
(
    [0] => Array
        (
            [user_id] => 3
            [username] => admin
            [nama] => John Doe
            [nip] => 123456789
            [email] => admin@example.com
            [password] => $2y$10$vtl3rv1OaY3pW2hnmPpXoe1OzmxqdjvxJLl.7qZDvhjN8fQfo6Mhq


            [role] => pegawai
            [Bidang] => Statistik dan Persandian
            [profil_foto] => profile1.jpg
            [alamat] => Jl. Merdeka No. 123, Jakarta
            [jabatan] => 
            [tanggal_lahir] => 
            [created_at] => 2025-01-09 22:02:06
            [updated_at] => 2025-01-10 16:07:07
        )

    [1] => Array
        (
            [user_id] => 6
            [username] => wulan
            [nama] => wulandariyulianis
            [nip] => 18679202938390
            [email] => lala@gmail.com
            [password] => $2y$10$QW2QpL2k9f5eBfqMjakx7eNCI3/XVLCO9a42jzNPjzvXpS8iFmqoK
            [role] => notulensi
            [Bidang] => Aptika
            [profil_foto] => wulan.jpg


            [alamat] => 
            [jabatan] => 
            [tanggal_lahir] => 
            [created_at] => 2025-01-09 15:02:18
            [updated_at] => 2025-01-15 21:18:55
        )

    [2] => Array
        (
            [user_id] => 7
            [username] => lala
            [nama] => lala

            [nip] => 123456789123456789
            [email] => lala1@gmail.com
            [password] => $2y$10$tBSYxTpvfWjIlSkqSZ.7TeAQp2RvMqDg2J91d0vUGxaieUvPIv61a
            [role] => notulensi
            [Bidang] => Aptika
            [profil_foto] => 
            [alamat] => 
            [jabatan] => 
            [tanggal_lahir] => 
            [created_at] => 2025-01-09 15:16:16
            [updated_at] => 2025-01-15 21:48:23
        )

    [3] => Array
        (
            [user_id] => 13
            [username] => jaja
            [nama] => jungwon
            [nip] => 123456788987654324
            [email] => jaja@gmail.com
            [password] => $2y$10$nVk3.ULQ.f2qJcwl.zo9p.3ZmVs8RESB.SYe8GvwHZ4Y.pEHR.TlO
            [role] => pegawai
            [Bidang] => IKP
            [profil_foto] => pegawai.png
            [alamat] => 
            [jabatan] => korea
            [tanggal_lahir] => 
            [created_at] => 2025-01-13 07:53:10
            [updated_at] => 2025-01-17 07:33:28
        )

    [4] => Array
        (
            [user_id] => 18
            [username] => notulensi_user18
            [nama] => Nama Notulensi 18
            [nip] => 12345678918
            [email] => notulensi_user18@example.com
            [password] => password_enkripsi18
            [role] => notulensi
            [Bidang] => Administrasi
            [profil_foto] => 
            [alamat] => Alamat Notulensi 18
            [jabatan] => Notulensi
            [tanggal_lahir] => 1998-08-18
            [created_at] => 2025-01-16 09:28:25
            [updated_at] => 2025-01-17 00:16:49
        )

    [5] => Array
        (
            [user_id] => 26
            [username] => notulensi
            [nama] => alhamdulilla
            [nip] => 345678909876789376
            [email] => notulensi@gmail.com
            [password] => $2y$10$ZhNj131GHHBnlqCvbB3.bOR13E/V13x3i1tumnFZPNg.YhqScDCnq
            [role] => notulensi
            [Bidang] => 
            [profil_foto] => image.png

            [alamat] => 
            [jabatan] => 
            [tanggal_lahir] => 
            [created_at] => 2025-01-16 02:36:45
            [updated_at] => 2025-01-16 15:11:16
        )

    [6] => Array
        (
            [user_id] => 32
            [username] => dadang
            [nama] => dadang harjo
            [nip] => 098765432234567892
            [email] => dadang@gmail.com
            [password] => $2y$10$FKo1RqxUsHWcoWzbk5ZZae9C4Al32xjQuyf99kyXR4CMMYtDOyMVC
            [role] => notulensi
            [Bidang] => IKP
            [profil_foto] => 
            [alamat] => 
            [jabatan] => Sekretaris
            [tanggal_lahir] => 
            [created_at] => 2025-01-17 09:26:42
            [updated_at] => 2025-01-17 09:26:42
        )

)

INFO - 2025-01-20 08:27:32 --> Session: Class initialized using 'CodeIgniter\Session\Handlers\FileHandler' driver.
INFO - 2025-01-20 08:27:32 --> User profile for ID 9 retrieved successfully.
INFO - 2025-01-20 08:27:32 --> Session: Class initialized using 'CodeIgniter\Session\Handlers\FileHandler' driver.
INFO - 2025-01-20 08:28:10 --> Session: Class initialized using 'CodeIgniter\Session\Handlers\FileHandler' driver.
INFO - 2025-01-20 08:28:12 --> Session: Class initialized using 'CodeIgniter\Session\Handlers\FileHandler' driver.
DEBUG - 2025-01-20 08:28:12 --> User ID: 32
DEBUG - 2025-01-20 08:28:12 --> Profile Picture: default.jpg
DEBUG - 2025-01-20 08:28:12 --> User Name: dadang harjo
DEBUG - 2025-01-20 08:28:12 --> User Role: notulensi
INFO - 2025-01-20 08:28:13 --> Session: Class initialized using 'CodeIgniter\Session\Handlers\FileHandler' driver.
INFO - 2025-01-20 08:30:31 --> Session: Class initialized using 'CodeIgniter\Session\Handlers\FileHandler' driver.
DEBUG - 2025-01-20 08:30:31 --> User ID: 32
DEBUG - 2025-01-20 08:30:31 --> Profile Picture: default.jpg
DEBUG - 2025-01-20 08:30:31 --> User Name: dadang harjo
DEBUG - 2025-01-20 08:30:31 --> User Role: notulensi
INFO - 2025-01-20 08:30:31 --> Session: Class initialized using 'CodeIgniter\Session\Handlers\FileHandler' driver.
INFO - 2025-01-20 08:31:02 --> Session: Class initialized using 'CodeIgniter\Session\Handlers\FileHandler' driver.
DEBUG - 2025-01-20 08:31:02 --> User ID: 32
DEBUG - 2025-01-20 08:31:02 --> Profile Picture: default.jpg
DEBUG - 2025-01-20 08:31:02 --> User Name: dadang harjo
DEBUG - 2025-01-20 08:31:02 --> User Role: notulensi
INFO - 2025-01-20 08:31:03 --> Session: Class initialized using 'CodeIgniter\Session\Handlers\FileHandler' driver.
INFO - 2025-01-20 08:31:05 --> Session: Class initialized using 'CodeIgniter\Session\Handlers\FileHandler' driver.
INFO - 2025-01-20 08:31:13 --> Session: Class initialized using 'CodeIgniter\Session\Handlers\FileHandler' driver.
DEBUG - 2025-01-20 08:31:13 --> User ID: 32
DEBUG - 2025-01-20 08:31:13 --> Profile Picture: default.jpg
DEBUG - 2025-01-20 08:31:13 --> User Name: dadang harjo
DEBUG - 2025-01-20 08:31:13 --> User Role: notulensi
INFO - 2025-01-20 08:31:13 --> Session: Class initialized using 'CodeIgniter\Session\Handlers\FileHandler' driver.
INFO - 2025-01-20 08:32:42 --> Session: Class initialized using 'CodeIgniter\Session\Handlers\FileHandler' driver.
INFO - 2025-01-20 08:33:37 --> Session: Class initialized using 'CodeIgniter\Session\Handlers\FileHandler' driver.
INFO - 2025-01-20 08:33:37 --> Mencoba mengambil pengguna dengan role notulensi dan pegawai
INFO - 2025-01-20 08:33:37 --> Pengguna dengan role notulensi atau pegawai ditemukan: Array
(
    [0] => Array
        (
            [user_id] => 3
            [username] => admin
            [nama] => John Doe
            [nip] => 123456789
            [email] => admin@example.com
            [password] => $2y$10$vtl3rv1OaY3pW2hnmPpXoe1OzmxqdjvxJLl.7qZDvhjN8fQfo6Mhq


            [role] => pegawai
            [Bidang] => Statistik dan Persandian
            [profil_foto] => profile1.jpg
            [alamat] => Jl. Merdeka No. 123, Jakarta
            [jabatan] => 
            [tanggal_lahir] => 
            [created_at] => 2025-01-09 22:02:06
            [updated_at] => 2025-01-10 16:07:07
        )

    [1] => Array
        (
            [user_id] => 6
            [username] => wulan
            [nama] => wulandariyulianis
            [nip] => 18679202938390
            [email] => lala@gmail.com
            [password] => $2y$10$QW2QpL2k9f5eBfqMjakx7eNCI3/XVLCO9a42jzNPjzvXpS8iFmqoK
            [role] => notulensi
            [Bidang] => Aptika
            [profil_foto] => wulan.jpg


            [alamat] => 
            [jabatan] => 
            [tanggal_lahir] => 
            [created_at] => 2025-01-09 15:02:18
            [updated_at] => 2025-01-15 21:18:55
        )

    [2] => Array
        (
            [user_id] => 7
            [username] => lala
            [nama] => lala

            [nip] => 123456789123456789
            [email] => lala1@gmail.com
            [password] => $2y$10$tBSYxTpvfWjIlSkqSZ.7TeAQp2RvMqDg2J91d0vUGxaieUvPIv61a
            [role] => notulensi
            [Bidang] => Aptika
            [profil_foto] => 
            [alamat] => 
            [jabatan] => 
            [tanggal_lahir] => 
            [created_at] => 2025-01-09 15:16:16
            [updated_at] => 2025-01-15 21:48:23
        )

    [3] => Array
        (
            [user_id] => 13
            [username] => jaja
            [nama] => jungwon
            [nip] => 123456788987654324
            [email] => jaja@gmail.com
            [password] => $2y$10$nVk3.ULQ.f2qJcwl.zo9p.3ZmVs8RESB.SYe8GvwHZ4Y.pEHR.TlO
            [role] => pegawai
            [Bidang] => IKP
            [profil_foto] => pegawai.png
            [alamat] => 
            [jabatan] => korea
            [tanggal_lahir] => 
            [created_at] => 2025-01-13 07:53:10
            [updated_at] => 2025-01-17 07:33:28
        )

    [4] => Array
        (
            [user_id] => 18
            [username] => notulensi_user18
            [nama] => Nama Notulensi 18
            [nip] => 12345678918
            [email] => notulensi_user18@example.com
            [password] => password_enkripsi18
            [role] => notulensi
            [Bidang] => Administrasi
            [profil_foto] => 
            [alamat] => Alamat Notulensi 18
            [jabatan] => Notulensi
            [tanggal_lahir] => 1998-08-18
            [created_at] => 2025-01-16 09:28:25
            [updated_at] => 2025-01-17 00:16:49
        )

    [5] => Array
        (
            [user_id] => 26
            [username] => notulensi
            [nama] => alhamdulilla
            [nip] => 345678909876789376
            [email] => notulensi@gmail.com
            [password] => $2y$10$ZhNj131GHHBnlqCvbB3.bOR13E/V13x3i1tumnFZPNg.YhqScDCnq
            [role] => notulensi
            [Bidang] => 
            [profil_foto] => image.png

            [alamat] => 
            [jabatan] => 
            [tanggal_lahir] => 
            [created_at] => 2025-01-16 02:36:45
            [updated_at] => 2025-01-16 15:11:16
        )

    [6] => Array
        (
            [user_id] => 32
            [username] => dadang
            [nama] => dadang harjo
            [nip] => 098765432234567892
            [email] => dadang@gmail.com
            [password] => $2y$10$FKo1RqxUsHWcoWzbk5ZZae9C4Al32xjQuyf99kyXR4CMMYtDOyMVC
            [role] => notulensi
            [Bidang] => IKP
            [profil_foto] => 
            [alamat] => 
            [jabatan] => Sekretaris
            [tanggal_lahir] => 
            [created_at] => 2025-01-17 09:26:42
            [updated_at] => 2025-01-17 09:26:42
        )

    [7] => Array
        (
            [user_id] => 38
            [username] => rereng
            [nama] => rereng saja
            [nip] => 123456788987653847
            [email] => rereng@gmail.com
            [password] => $2y$10$jjN96rd2z9.qnK.E.5/8WugPbyEvPOlANFb3Or/CS5Nelp9lTK2a.
            [role] => pegawai
            [Bidang] => Aptika
            [profil_foto] => 
            [alamat] => 
            [jabatan] => Sekretaris
            [tanggal_lahir] => 
            [created_at] => 2025-01-20 08:33:37
            [updated_at] => 2025-01-20 08:33:37
        )

)

INFO - 2025-01-20 08:33:37 --> Session: Class initialized using 'CodeIgniter\Session\Handlers\FileHandler' driver.
INFO - 2025-01-20 08:33:37 --> User profile for ID 9 retrieved successfully.
INFO - 2025-01-20 08:33:38 --> Session: Class initialized using 'CodeIgniter\Session\Handlers\FileHandler' driver.
INFO - 2025-01-20 08:33:44 --> Session: Class initialized using 'CodeIgniter\Session\Handlers\FileHandler' driver.
DEBUG - 2025-01-20 08:33:44 --> User ID: 32
DEBUG - 2025-01-20 08:33:44 --> Profile Picture: default.jpg
DEBUG - 2025-01-20 08:33:44 --> User Name: dadang harjo
DEBUG - 2025-01-20 08:33:44 --> User Role: notulensi
INFO - 2025-01-20 08:33:45 --> Session: Class initialized using 'CodeIgniter\Session\Handlers\FileHandler' driver.
INFO - 2025-01-20 21:20:02 --> Session: Class initialized using 'CodeIgniter\Session\Handlers\FileHandler' driver.
INFO - 2025-01-20 21:20:06 --> Session: Class initialized using 'CodeIgniter\Session\Handlers\FileHandler' driver.
INFO - 2025-01-20 21:20:07 --> Session: Class initialized using 'CodeIgniter\Session\Handlers\FileHandler' driver.
INFO - 2025-01-20 21:20:49 --> Session: Class initialized using 'CodeIgniter\Session\Handlers\FileHandler' driver.
INFO - 2025-01-20 21:36:18 --> Session: Class initialized using 'CodeIgniter\Session\Handlers\FileHandler' driver.
INFO - 2025-01-20 21:38:27 --> Session: Class initialized using 'CodeIgniter\Session\Handlers\FileHandler' driver.
