INFO - 2025-01-23 03:22:29 --> Session: Class initialized using 'CodeIgniter\Session\Handlers\FileHandler' driver.
INFO - 2025-01-23 03:22:37 --> Session: Class initialized using 'CodeIgniter\Session\Handlers\FileHandler' driver.
INFO - 2025-01-23 03:22:41 --> Session: Class initialized using 'CodeIgniter\Session\Handlers\FileHandler' driver.
INFO - 2025-01-23 03:22:42 --> Session: Class initialized using 'CodeIgniter\Session\Handlers\FileHandler' driver.
INFO - 2025-01-23 03:22:48 --> Session: Class initialized using 'CodeIgniter\Session\Handlers\FileHandler' driver.
ERROR - 2025-01-23 03:22:48 --> Login attempt with username: lili
ERROR - 2025-01-23 03:22:49 --> Checking login for username: lili
ERROR - 2025-01-23 03:22:49 --> User data: Array
(
    [user_id] => 9
    [username] => lili
    [nama] => alhamdulillah
    [nip] => 123456780123456789
    [email] => bismillah@gmail.com
    [password] => $2y$10$VOHOtZEaMBJvPLDT6v5/2uXNDqowMBRRYCjIGJtTPqb41gpCwVLI6
    [role] => admin
    [Bidang] => 
    [profil_foto] => image.png
    [alamat] => jalan 
    [jabatan] => Sekretaris
    [tanggal_lahir] => 2003-07-09
    [created_at] => 2025-01-10 02:06:34
    [updated_at] => 2025-01-16 07:45:21
)

ERROR - 2025-01-23 03:22:49 --> Password verify result for username lili: Failure
ERROR - 2025-01-23 03:22:49 --> Login failed for username: lili
INFO - 2025-01-23 03:22:49 --> Session: Class initialized using 'CodeIgniter\Session\Handlers\FileHandler' driver.
INFO - 2025-01-23 03:22:50 --> Session: Class initialized using 'CodeIgniter\Session\Handlers\FileHandler' driver.
INFO - 2025-01-23 03:22:54 --> Session: Class initialized using 'CodeIgniter\Session\Handlers\FileHandler' driver.
ERROR - 2025-01-23 03:22:54 --> Login attempt with username: lili
ERROR - 2025-01-23 03:22:54 --> Checking login for username: lili
ERROR - 2025-01-23 03:22:54 --> User data: Array
(
    [user_id] => 9
    [username] => lili
    [nama] => alhamdulillah
    [nip] => 123456780123456789
    [email] => bismillah@gmail.com
    [password] => $2y$10$VOHOtZEaMBJvPLDT6v5/2uXNDqowMBRRYCjIGJtTPqb41gpCwVLI6
    [role] => admin
    [Bidang] => 
    [profil_foto] => image.png
    [alamat] => jalan 
    [jabatan] => Sekretaris
    [tanggal_lahir] => 2003-07-09
    [created_at] => 2025-01-10 02:06:34
    [updated_at] => 2025-01-16 07:45:21
)

ERROR - 2025-01-23 03:22:54 --> Password verify result for username lili: Success
ERROR - 2025-01-23 03:22:54 --> Login success for username: lili
INFO - 2025-01-23 03:22:55 --> Session: Class initialized using 'CodeIgniter\Session\Handlers\FileHandler' driver.
DEBUG - 2025-01-23 03:22:55 --> User ID: 9
DEBUG - 2025-01-23 03:22:55 --> Profile Picture: image.png
DEBUG - 2025-01-23 03:22:55 --> User Name: alhamdulillah
DEBUG - 2025-01-23 03:22:55 --> User Role: admin
INFO - 2025-01-23 03:22:56 --> Session: Class initialized using 'CodeIgniter\Session\Handlers\FileHandler' driver.
INFO - 2025-01-23 03:23:03 --> Session: Class initialized using 'CodeIgniter\Session\Handlers\FileHandler' driver.
INFO - 2025-01-23 03:23:04 --> Session: Class initialized using 'CodeIgniter\Session\Handlers\FileHandler' driver.
INFO - 2025-01-23 03:23:06 --> Session: Class initialized using 'CodeIgniter\Session\Handlers\FileHandler' driver.
ERROR - 2025-01-23 03:23:06 --> Login attempt with username: dadang
ERROR - 2025-01-23 03:23:06 --> Checking login for username: dadang
ERROR - 2025-01-23 03:23:06 --> User data: Array
(
    [user_id] => 32
    [username] => dadang
    [nama] => dadang harjo
    [nip] => 098765432234567892
    [email] => dadang@gmail.com
    [password] => $2y$10$FKo1RqxUsHWcoWzbk5ZZae9C4Al32xjQuyf99kyXR4CMMYtDOyMVC
    [role] => notulensi
    [Bidang] => IKP
    [profil_foto] => wulan.jpg
    [alamat] => 
    [jabatan] => Sekretaris
    [tanggal_lahir] => 
    [created_at] => 2025-01-17 09:26:42
    [updated_at] => 2025-01-21 11:06:28
)

ERROR - 2025-01-23 03:23:07 --> Password verify result for username dadang: Success
ERROR - 2025-01-23 03:23:07 --> Login success for username: dadang
INFO - 2025-01-23 03:23:07 --> Session: Class initialized using 'CodeIgniter\Session\Handlers\FileHandler' driver.
DEBUG - 2025-01-23 03:23:07 --> User ID: 32
DEBUG - 2025-01-23 03:23:07 --> Profile Picture: wulan.jpg
DEBUG - 2025-01-23 03:23:07 --> User Name: dadang harjo
DEBUG - 2025-01-23 03:23:07 --> User Role: notulensi
INFO - 2025-01-23 03:23:08 --> Session: Class initialized using 'CodeIgniter\Session\Handlers\FileHandler' driver.
INFO - 2025-01-23 03:23:14 --> Session: Class initialized using 'CodeIgniter\Session\Handlers\FileHandler' driver.
INFO - 2025-01-23 03:23:15 --> Session: Class initialized using 'CodeIgniter\Session\Handlers\FileHandler' driver.
INFO - 2025-01-23 03:23:37 --> Session: Class initialized using 'CodeIgniter\Session\Handlers\FileHandler' driver.
DEBUG - 2025-01-23 03:23:37 --> Data yang akan disimpan: {"judul":"lala","agenda":"ddd","tanggal_dibuat":"2025-01-23","tanggal":"2025-01-23","partisipan":"kdkkd","upload":"1737602617_76a013c1434405cb2d87.jpg","user_id":"32","isi":"ejje","bidang":"IKP"}
DEBUG - 2025-01-23 03:23:37 --> Koneksi database berhasil.
INFO - 2025-01-23 03:23:37 --> Data berhasil dimasukkan ke dalam tabel notulensi. Data: {"judul":"lala","agenda":"ddd","tanggal_dibuat":"2025-01-23","tanggal":"2025-01-23","partisipan":"kdkkd","upload":"1737602617_76a013c1434405cb2d87.jpg","user_id":"32","isi":"ejje","bidang":"IKP"}
INFO - 2025-01-23 03:23:37 --> Data berhasil dimasukkan ke tabel riwayatnotulensi. Data: {"notulensi_id":32}
INFO - 2025-01-23 03:23:38 --> Session: Class initialized using 'CodeIgniter\Session\Handlers\FileHandler' driver.
INFO - 2025-01-23 03:23:44 --> Data notulensi berhasil ditampilkan: Array
(
    [0] => Array
        (
            [notulensi_id] => 17
            [user_id] => 32
            [judul] => alala
            [partisipan] => skkks
            [agenda] => skdnjk
            [isi] => amaa
            [Bidang] => Aptika
            [tanggal_dibuat] => 2025-01-21
            [riwayat_id] => 17
            [dokumentasi_id] => 1
            [foto_dokumentasi] => 1737433053_30d4a24a6731de0c676c.png
            [user_name] => dadang harjo
        )

    [1] => Array
        (
            [notulensi_id] => 29
            [user_id] => 32
            [judul] => pemilihan jodoh terbaik untuk cindy
            [partisipan] => 1.wulan
2.heni
3.intan
4.mahira
            [agenda] => 1. ktiteria jodoh cindy
2. alterfantif jodoh cind
            [isi] => belum menemukan karena lagi dibogor sudah rindu
            [Bidang] => IKP
            [tanggal_dibuat] => 2025-01-22
            [riwayat_id] => 29
            [dokumentasi_id] => 12
            [foto_dokumentasi] => 1737527174_5ea251670dabbf17b632.jpg
            [user_name] => dadang harjo
        )

    [2] => Array
        (
            [notulensi_id] => 31
            [user_id] => 32
            [judul] => qq
            [partisipan] => qqqqqqqqqqqqq
            [agenda] => qqqqqqqqqqqq
            [isi] => qqqqqqqqqqqqqqqqqq
            [Bidang] => IKP
            [tanggal_dibuat] => 2025-01-22
            [riwayat_id] => 31
            [dokumentasi_id] => 14
            [foto_dokumentasi] => 1737557344_9763e1adf34ac1669890.png
            [user_name] => dadang harjo
        )

    [3] => Array
        (
            [notulensi_id] => 32
            [user_id] => 32
            [judul] => lala
            [partisipan] => kdkkd
            [agenda] => ddd
            [isi] => ejje
            [Bidang] => IKP
            [tanggal_dibuat] => 2025-01-23
            [riwayat_id] => 32
            [dokumentasi_id] => 15
            [foto_dokumentasi] => 1737602617_76a013c1434405cb2d87.jpg
            [user_name] => dadang harjo
        )

)

INFO - 2025-01-23 03:23:45 --> Session: Class initialized using 'CodeIgniter\Session\Handlers\FileHandler' driver.
INFO - 2025-01-23 04:10:44 --> Session: Class initialized using 'CodeIgniter\Session\Handlers\FileHandler' driver.
INFO - 2025-01-23 04:10:44 --> User profile for ID  retrieved successfully.
CRITICAL - 2025-01-23 04:10:44 --> ErrorException: Undefined array key "profil_foto"
[Method: GET, Route: admin/profiladmin]
in APPPATH\Views\admin\profiladmin.php on line 57.
 1 APPPATH\Views\admin\profiladmin.php(57): CodeIgniter\Debug\Exceptions->errorHandler(2, 'Undefined array key "profil_foto"', 'C:\\xampp\\htdocs\\SiNotik\\app\\Views\\admin\\profiladmin.php', 57)
 2 SYSTEMPATH\View\View.php(234): include('C:\\xampp\\htdocs\\SiNotik\\app\\Views\\admin\\profiladmin.php')
 3 SYSTEMPATH\View\View.php(237): CodeIgniter\View\View->CodeIgniter\View\{closure}()
 4 SYSTEMPATH\Common.php(1171): CodeIgniter\View\View->render('admin/profiladmin', [], true)
 5 APPPATH\Controllers\ProfilAdminController.php(23): view('admin/profiladmin', [...])
 6 SYSTEMPATH\CodeIgniter.php(933): App\Controllers\ProfilAdminController->profilAdmin()
 7 SYSTEMPATH\CodeIgniter.php(509): CodeIgniter\CodeIgniter->runController(Object(App\Controllers\ProfilAdminController))
 8 SYSTEMPATH\CodeIgniter.php(355): CodeIgniter\CodeIgniter->handleRequest(null, Object(Config\Cache), false)
 9 SYSTEMPATH\Boot.php(325): CodeIgniter\CodeIgniter->run()
10 SYSTEMPATH\Boot.php(67): CodeIgniter\Boot::runCodeIgniter(Object(CodeIgniter\CodeIgniter))
11 FCPATH\index.php(56): CodeIgniter\Boot::bootWeb(Object(Config\Paths))
12 SYSTEMPATH\rewrite.php(44): require_once('C:\\xampp\\htdocs\\SiNotik\\public\\index.php')
INFO - 2025-01-23 04:12:14 --> Session: Class initialized using 'CodeIgniter\Session\Handlers\FileHandler' driver.
INFO - 2025-01-23 04:12:14 --> User profile for ID  retrieved successfully.
CRITICAL - 2025-01-23 04:12:14 --> ErrorException: Undefined array key "profil_foto"
[Method: GET, Route: admin/profiladmin]
in APPPATH\Views\admin\profiladmin.php on line 57.
 1 APPPATH\Views\admin\profiladmin.php(57): CodeIgniter\Debug\Exceptions->errorHandler(2, 'Undefined array key "profil_foto"', 'C:\\xampp\\htdocs\\SiNotik\\app\\Views\\admin\\profiladmin.php', 57)
 2 SYSTEMPATH\View\View.php(234): include('C:\\xampp\\htdocs\\SiNotik\\app\\Views\\admin\\profiladmin.php')
 3 SYSTEMPATH\View\View.php(237): CodeIgniter\View\View->CodeIgniter\View\{closure}()
 4 SYSTEMPATH\Common.php(1171): CodeIgniter\View\View->render('admin/profiladmin', [], true)
 5 APPPATH\Controllers\ProfilAdminController.php(23): view('admin/profiladmin', [...])
 6 SYSTEMPATH\CodeIgniter.php(933): App\Controllers\ProfilAdminController->profilAdmin()
 7 SYSTEMPATH\CodeIgniter.php(509): CodeIgniter\CodeIgniter->runController(Object(App\Controllers\ProfilAdminController))
 8 SYSTEMPATH\CodeIgniter.php(355): CodeIgniter\CodeIgniter->handleRequest(null, Object(Config\Cache), false)
 9 SYSTEMPATH\Boot.php(325): CodeIgniter\CodeIgniter->run()
10 SYSTEMPATH\Boot.php(67): CodeIgniter\Boot::runCodeIgniter(Object(CodeIgniter\CodeIgniter))
11 FCPATH\index.php(56): CodeIgniter\Boot::bootWeb(Object(Config\Paths))
12 SYSTEMPATH\rewrite.php(44): require_once('C:\\xampp\\htdocs\\SiNotik\\public\\index.php')
INFO - 2025-01-23 04:12:57 --> Session: Class initialized using 'CodeIgniter\Session\Handlers\FileHandler' driver.
INFO - 2025-01-23 04:13:04 --> Session: Class initialized using 'CodeIgniter\Session\Handlers\FileHandler' driver.
INFO - 2025-01-23 04:13:04 --> Session: Class initialized using 'CodeIgniter\Session\Handlers\FileHandler' driver.
INFO - 2025-01-23 04:13:11 --> Session: Class initialized using 'CodeIgniter\Session\Handlers\FileHandler' driver.
ERROR - 2025-01-23 04:13:11 --> Login attempt with username: lili
ERROR - 2025-01-23 04:13:11 --> Checking login for username: lili
ERROR - 2025-01-23 04:13:11 --> User data: Array
(
    [user_id] => 9
    [username] => lili
    [nama] => alhamdulillah
    [nip] => 123456780123456789
    [email] => bismillah@gmail.com
    [password] => $2y$10$VOHOtZEaMBJvPLDT6v5/2uXNDqowMBRRYCjIGJtTPqb41gpCwVLI6
    [role] => admin
    [Bidang] => 
    [profil_foto] => image.png
    [alamat] => jalan 
    [jabatan] => Sekretaris
    [tanggal_lahir] => 2003-07-09
    [created_at] => 2025-01-10 02:06:34
    [updated_at] => 2025-01-16 07:45:21
)

ERROR - 2025-01-23 04:13:11 --> Password verify result for username lili: Success
ERROR - 2025-01-23 04:13:11 --> Login success for username: lili
INFO - 2025-01-23 04:13:11 --> Session: Class initialized using 'CodeIgniter\Session\Handlers\FileHandler' driver.
DEBUG - 2025-01-23 04:13:11 --> User ID: 9
DEBUG - 2025-01-23 04:13:11 --> Profile Picture: image.png
DEBUG - 2025-01-23 04:13:11 --> User Name: alhamdulillah
DEBUG - 2025-01-23 04:13:11 --> User Role: admin
INFO - 2025-01-23 04:13:12 --> Session: Class initialized using 'CodeIgniter\Session\Handlers\FileHandler' driver.
INFO - 2025-01-23 04:13:20 --> Mencoba mengambil pengguna dengan role notulensi dan pegawai
INFO - 2025-01-23 04:13:20 --> Pengguna dengan role notulensi atau pegawai ditemukan: Array
(
    [0] => Array
        (
            [user_id] => 3
            [username] => admin
            [nama] => John Doe
            [nip] => 123456789
            [email] => admin@example.com
            [password] => $2y$10$vtl3rv1OaY3pW2hnmPpXoe1OzmxqdjvxJLl.7qZDvhjN8fQfo6Mhq


            [role] => pegawai
            [Bidang] => Statistik dan Persandian
            [profil_foto] => profile1.jpg
            [alamat] => Jl. Merdeka No. 123, Jakarta
            [jabatan] => 
            [tanggal_lahir] => 
            [created_at] => 2025-01-09 22:02:06
            [updated_at] => 2025-01-10 16:07:07
        )

    [1] => Array
        (
            [user_id] => 6
            [username] => wulan
            [nama] => wulandariyulianis
            [nip] => 18679202938390
            [email] => lala@gmail.com
            [password] => $2y$10$QW2QpL2k9f5eBfqMjakx7eNCI3/XVLCO9a42jzNPjzvXpS8iFmqoK
            [role] => notulensi
            [Bidang] => Aptika
            [profil_foto] => pegawai.png


            [alamat] => 
            [jabatan] => 
            [tanggal_lahir] => 
            [created_at] => 2025-01-09 15:02:18
            [updated_at] => 2025-01-21 12:53:44
        )

    [2] => Array
        (
            [user_id] => 7
            [username] => lala
            [nama] => lala

            [nip] => 123456789123456789
            [email] => lala1@gmail.com
            [password] => $2y$10$tBSYxTpvfWjIlSkqSZ.7TeAQp2RvMqDg2J91d0vUGxaieUvPIv61a
            [role] => notulensi
            [Bidang] => Aptika
            [profil_foto] => 
            [alamat] => 
            [jabatan] => 
            [tanggal_lahir] => 
            [created_at] => 2025-01-09 15:16:16
            [updated_at] => 2025-01-15 21:48:23
        )

    [3] => Array
        (
            [user_id] => 13
            [username] => jaja
            [nama] => jungwon
            [nip] => 123456788987654324
            [email] => jaja@gmail.com
            [password] => $2y$10$nVk3.ULQ.f2qJcwl.zo9p.3ZmVs8RESB.SYe8GvwHZ4Y.pEHR.TlO
            [role] => pegawai
            [Bidang] => IKP
            [profil_foto] => pegawai.png
            [alamat] => 
            [jabatan] => korea
            [tanggal_lahir] => 
            [created_at] => 2025-01-13 07:53:10
            [updated_at] => 2025-01-17 07:33:28
        )

    [4] => Array
        (
            [user_id] => 18
            [username] => notulensi_user18
            [nama] => Nama Notulensi 18
            [nip] => 12345678918
            [email] => notulensi_user18@example.com
            [password] => password_enkripsi18
            [role] => notulensi
            [Bidang] => Administrasi
            [profil_foto] => 
            [alamat] => Alamat Notulensi 18
            [jabatan] => Notulensi
            [tanggal_lahir] => 1998-08-18
            [created_at] => 2025-01-16 09:28:25
            [updated_at] => 2025-01-17 00:16:49
        )

    [5] => Array
        (
            [user_id] => 26
            [username] => notulensi
            [nama] => alhamdulilla
            [nip] => 345678909876789376
            [email] => notulensi@gmail.com
            [password] => $2y$10$ZhNj131GHHBnlqCvbB3.bOR13E/V13x3i1tumnFZPNg.YhqScDCnq
            [role] => notulensi
            [Bidang] => 
            [profil_foto] => image.png

            [alamat] => 
            [jabatan] => 
            [tanggal_lahir] => 
            [created_at] => 2025-01-16 02:36:45
            [updated_at] => 2025-01-16 15:11:16
        )

    [6] => Array
        (
            [user_id] => 32
            [username] => dadang
            [nama] => dadang harjo
            [nip] => 098765432234567892
            [email] => dadang@gmail.com
            [password] => $2y$10$FKo1RqxUsHWcoWzbk5ZZae9C4Al32xjQuyf99kyXR4CMMYtDOyMVC
            [role] => notulensi
            [Bidang] => IKP
            [profil_foto] => wulan.jpg
            [alamat] => 
            [jabatan] => Sekretaris
            [tanggal_lahir] => 
            [created_at] => 2025-01-17 09:26:42
            [updated_at] => 2025-01-21 11:06:28
        )

    [7] => Array
        (
            [user_id] => 38
            [username] => rereng
            [nama] => rereng saja
            [nip] => 123456788987653847
            [email] => rereng@gmail.com
            [password] => $2y$10$jjN96rd2z9.qnK.E.5/8WugPbyEvPOlANFb3Or/CS5Nelp9lTK2a.
            [role] => pegawai
            [Bidang] => Aptika
            [profil_foto] => wulan.jpg

            [alamat] => 
            [jabatan] => Sekretaris
            [tanggal_lahir] => 
            [created_at] => 2025-01-20 08:33:37
            [updated_at] => 2025-01-21 12:54:41
        )

    [8] => Array
        (
            [user_id] => 40
            [username] => cindy
            [nama] => cindy arwinda putry
            [nip] => 123456788987654259
            [email] => cindy@gmail.com
            [password] => $2y$10$fFtsHB1wzUtGMaBUM0/c3uv.EFy0QXZgTj6.q2gKaPtCdUVYHNMqG
            [role] => notulensi
            [Bidang] => IKP
            [profil_foto] => 
            [alamat] => 
            [jabatan] => Sekretaris
            [tanggal_lahir] => 
            [created_at] => 2025-01-21 05:07:14
            [updated_at] => 2025-01-21 05:07:14
        )

)

INFO - 2025-01-23 04:13:20 --> Session: Class initialized using 'CodeIgniter\Session\Handlers\FileHandler' driver.
INFO - 2025-01-23 04:13:20 --> User profile for ID 9 retrieved successfully.
INFO - 2025-01-23 04:13:21 --> Session: Class initialized using 'CodeIgniter\Session\Handlers\FileHandler' driver.
INFO - 2025-01-23 04:13:28 --> Session: Class initialized using 'CodeIgniter\Session\Handlers\FileHandler' driver.
DEBUG - 2025-01-23 04:13:28 --> User ID: 9
DEBUG - 2025-01-23 04:13:28 --> Profile Picture: image.png
DEBUG - 2025-01-23 04:13:28 --> User Name: alhamdulillah
DEBUG - 2025-01-23 04:13:28 --> User Role: admin
INFO - 2025-01-23 04:13:29 --> Session: Class initialized using 'CodeIgniter\Session\Handlers\FileHandler' driver.
INFO - 2025-01-23 04:13:33 --> Session: Class initialized using 'CodeIgniter\Session\Handlers\FileHandler' driver.
INFO - 2025-01-23 04:13:34 --> User profile for ID 9 retrieved successfully.
INFO - 2025-01-23 04:13:34 --> Session: Class initialized using 'CodeIgniter\Session\Handlers\FileHandler' driver.
INFO - 2025-01-23 14:28:22 --> Session: Class initialized using 'CodeIgniter\Session\Handlers\FileHandler' driver.
INFO - 2025-01-23 14:28:41 --> Session: Class initialized using 'CodeIgniter\Session\Handlers\FileHandler' driver.
INFO - 2025-01-23 14:28:53 --> Session: Class initialized using 'CodeIgniter\Session\Handlers\FileHandler' driver.
INFO - 2025-01-23 14:28:56 --> Session: Class initialized using 'CodeIgniter\Session\Handlers\FileHandler' driver.
INFO - 2025-01-23 14:28:57 --> Session: Class initialized using 'CodeIgniter\Session\Handlers\FileHandler' driver.
INFO - 2025-01-23 14:29:06 --> Session: Class initialized using 'CodeIgniter\Session\Handlers\FileHandler' driver.
ERROR - 2025-01-23 14:29:06 --> Login attempt with username: lili
ERROR - 2025-01-23 14:29:06 --> Checking login for username: lili
ERROR - 2025-01-23 14:29:06 --> User data: Array
(
    [user_id] => 9
    [username] => lili
    [nama] => alhamdulillah
    [nip] => 123456780123456789
    [email] => bismillah@gmail.com
    [password] => $2y$10$VOHOtZEaMBJvPLDT6v5/2uXNDqowMBRRYCjIGJtTPqb41gpCwVLI6
    [role] => admin
    [Bidang] => 
    [profil_foto] => image.png
    [alamat] => jalan 
    [jabatan] => Sekretaris
    [tanggal_lahir] => 2003-07-09
    [created_at] => 2025-01-10 02:06:34
    [updated_at] => 2025-01-16 07:45:21
)

ERROR - 2025-01-23 14:29:07 --> Password verify result for username lili: Success
ERROR - 2025-01-23 14:29:07 --> Login success for username: lili
INFO - 2025-01-23 14:29:07 --> Session: Class initialized using 'CodeIgniter\Session\Handlers\FileHandler' driver.
DEBUG - 2025-01-23 14:29:07 --> User ID: 9
DEBUG - 2025-01-23 14:29:07 --> Profile Picture: image.png
DEBUG - 2025-01-23 14:29:07 --> User Name: alhamdulillah
DEBUG - 2025-01-23 14:29:07 --> User Role: admin
INFO - 2025-01-23 14:29:09 --> Session: Class initialized using 'CodeIgniter\Session\Handlers\FileHandler' driver.
INFO - 2025-01-23 14:29:12 --> Mencoba mengambil pengguna dengan role notulensi dan pegawai
INFO - 2025-01-23 14:29:12 --> Pengguna dengan role notulensi atau pegawai ditemukan: Array
(
    [0] => Array
        (
            [user_id] => 3
            [username] => admin
            [nama] => John Doe
            [nip] => 123456789
            [email] => admin@example.com
            [password] => $2y$10$vtl3rv1OaY3pW2hnmPpXoe1OzmxqdjvxJLl.7qZDvhjN8fQfo6Mhq


            [role] => pegawai
            [Bidang] => Statistik dan Persandian
            [profil_foto] => profile1.jpg
            [alamat] => Jl. Merdeka No. 123, Jakarta
            [jabatan] => 
            [tanggal_lahir] => 
            [created_at] => 2025-01-09 22:02:06
            [updated_at] => 2025-01-10 16:07:07
        )

    [1] => Array
        (
            [user_id] => 6
            [username] => wulan
            [nama] => wulandariyulianis
            [nip] => 18679202938390
            [email] => lala@gmail.com
            [password] => $2y$10$QW2QpL2k9f5eBfqMjakx7eNCI3/XVLCO9a42jzNPjzvXpS8iFmqoK
            [role] => notulensi
            [Bidang] => Aptika
            [profil_foto] => pegawai.png


            [alamat] => 
            [jabatan] => 
            [tanggal_lahir] => 
            [created_at] => 2025-01-09 15:02:18
            [updated_at] => 2025-01-21 12:53:44
        )

    [2] => Array
        (
            [user_id] => 7
            [username] => lala
            [nama] => lala

            [nip] => 123456789123456789
            [email] => lala1@gmail.com
            [password] => $2y$10$tBSYxTpvfWjIlSkqSZ.7TeAQp2RvMqDg2J91d0vUGxaieUvPIv61a
            [role] => notulensi
            [Bidang] => Aptika
            [profil_foto] => 
            [alamat] => 
            [jabatan] => 
            [tanggal_lahir] => 
            [created_at] => 2025-01-09 15:16:16
            [updated_at] => 2025-01-15 21:48:23
        )

    [3] => Array
        (
            [user_id] => 13
            [username] => jaja
            [nama] => jungwon
            [nip] => 123456788987654324
            [email] => jaja@gmail.com
            [password] => $2y$10$nVk3.ULQ.f2qJcwl.zo9p.3ZmVs8RESB.SYe8GvwHZ4Y.pEHR.TlO
            [role] => pegawai
            [Bidang] => IKP
            [profil_foto] => pegawai.png
            [alamat] => 
            [jabatan] => korea
            [tanggal_lahir] => 
            [created_at] => 2025-01-13 07:53:10
            [updated_at] => 2025-01-17 07:33:28
        )

    [4] => Array
        (
            [user_id] => 18
            [username] => notulensi_user18
            [nama] => Nama Notulensi 18
            [nip] => 12345678918
            [email] => notulensi_user18@example.com
            [password] => password_enkripsi18
            [role] => notulensi
            [Bidang] => Administrasi
            [profil_foto] => 
            [alamat] => Alamat Notulensi 18
            [jabatan] => Notulensi
            [tanggal_lahir] => 1998-08-18
            [created_at] => 2025-01-16 09:28:25
            [updated_at] => 2025-01-17 00:16:49
        )

    [5] => Array
        (
            [user_id] => 26
            [username] => notulensi
            [nama] => alhamdulilla
            [nip] => 345678909876789376
            [email] => notulensi@gmail.com
            [password] => $2y$10$ZhNj131GHHBnlqCvbB3.bOR13E/V13x3i1tumnFZPNg.YhqScDCnq
            [role] => notulensi
            [Bidang] => 
            [profil_foto] => image.png

            [alamat] => 
            [jabatan] => 
            [tanggal_lahir] => 
            [created_at] => 2025-01-16 02:36:45
            [updated_at] => 2025-01-16 15:11:16
        )

    [6] => Array
        (
            [user_id] => 32
            [username] => dadang
            [nama] => dadang harjo
            [nip] => 098765432234567892
            [email] => dadang@gmail.com
            [password] => $2y$10$FKo1RqxUsHWcoWzbk5ZZae9C4Al32xjQuyf99kyXR4CMMYtDOyMVC
            [role] => notulensi
            [Bidang] => IKP
            [profil_foto] => wulan.jpg
            [alamat] => 
            [jabatan] => Sekretaris
            [tanggal_lahir] => 
            [created_at] => 2025-01-17 09:26:42
            [updated_at] => 2025-01-21 11:06:28
        )

    [7] => Array
        (
            [user_id] => 38
            [username] => rereng
            [nama] => rereng saja
            [nip] => 123456788987653847
            [email] => rereng@gmail.com
            [password] => $2y$10$jjN96rd2z9.qnK.E.5/8WugPbyEvPOlANFb3Or/CS5Nelp9lTK2a.
            [role] => pegawai
            [Bidang] => Aptika
            [profil_foto] => wulan.jpg

            [alamat] => 
            [jabatan] => Sekretaris
            [tanggal_lahir] => 
            [created_at] => 2025-01-20 08:33:37
            [updated_at] => 2025-01-21 12:54:41
        )

    [8] => Array
        (
            [user_id] => 40
            [username] => cindy
            [nama] => cindy arwinda putry
            [nip] => 123456788987654259
            [email] => cindy@gmail.com
            [password] => $2y$10$fFtsHB1wzUtGMaBUM0/c3uv.EFy0QXZgTj6.q2gKaPtCdUVYHNMqG
            [role] => notulensi
            [Bidang] => IKP
            [profil_foto] => 
            [alamat] => 
            [jabatan] => Sekretaris
            [tanggal_lahir] => 
            [created_at] => 2025-01-21 05:07:14
            [updated_at] => 2025-01-21 05:07:14
        )

)

INFO - 2025-01-23 14:29:12 --> Session: Class initialized using 'CodeIgniter\Session\Handlers\FileHandler' driver.
INFO - 2025-01-23 14:29:12 --> User profile for ID 9 retrieved successfully.
INFO - 2025-01-23 14:29:13 --> Session: Class initialized using 'CodeIgniter\Session\Handlers\FileHandler' driver.
INFO - 2025-01-23 14:29:20 --> Data notulensi berhasil ditampilkan: Array
(
    [0] => Array
        (
            [notulensi_id] => 29
            [user_id] => 32
            [judul] => pemilihan jodoh terbaik untuk cindy
            [partisipan] => 1.wulan
2.heni
3.intan
4.mahira
            [agenda] => 1. ktiteria jodoh cindy
2. alterfantif jodoh cind
            [isi] => belum menemukan karena lagi dibogor sudah rindu
            [Bidang] => IKP
            [tanggal_dibuat] => 2025-01-22
            [riwayat_id] => 29
            [dokumentasi_id] => 12
            [foto_dokumentasi] => 1737527174_5ea251670dabbf17b632.jpg
            [user_name] => dadang harjo
        )

    [1] => Array
        (
            [notulensi_id] => 31
            [user_id] => 32
            [judul] => qq
            [partisipan] => qqqqqqqqqqqqq
            [agenda] => qqqqqqqqqqqq
            [isi] => qqqqqqqqqqqqqqqqqq
            [Bidang] => IKP
            [tanggal_dibuat] => 2025-01-22
            [riwayat_id] => 31
            [dokumentasi_id] => 14
            [foto_dokumentasi] => 1737557344_9763e1adf34ac1669890.png
            [user_name] => dadang harjo
        )

    [2] => Array
        (
            [notulensi_id] => 32
            [user_id] => 32
            [judul] => lala
            [partisipan] => kdkkd
            [agenda] => ddd
            [isi] => ejje
            [Bidang] => IKP
            [tanggal_dibuat] => 2025-01-23
            [riwayat_id] => 32
            [dokumentasi_id] => 15
            [foto_dokumentasi] => 1737602617_76a013c1434405cb2d87.jpg
            [user_name] => dadang harjo
        )

    [3] => Array
        (
            [notulensi_id] => 33
            [user_id] => 32
            [judul] => duri duri damn
            [partisipan] => akkakalaala
            [agenda] => asjjsjsj
            [isi] => ajajakA
            [Bidang] => IKP
            [tanggal_dibuat] => 2025-01-23
            [riwayat_id] => 33
            [dokumentasi_id] => 16
            [foto_dokumentasi] => 1737621116_72f202d9612f23ab927c.jpg
            [user_name] => dadang harjo
        )

)

INFO - 2025-01-23 14:29:21 --> Session: Class initialized using 'CodeIgniter\Session\Handlers\FileHandler' driver.
INFO - 2025-01-23 14:29:59 --> Session: Class initialized using 'CodeIgniter\Session\Handlers\FileHandler' driver.
INFO - 2025-01-23 14:30:01 --> Session: Class initialized using 'CodeIgniter\Session\Handlers\FileHandler' driver.
INFO - 2025-01-23 14:30:02 --> Session: Class initialized using 'CodeIgniter\Session\Handlers\FileHandler' driver.
INFO - 2025-01-23 14:30:09 --> Session: Class initialized using 'CodeIgniter\Session\Handlers\FileHandler' driver.
ERROR - 2025-01-23 14:30:09 --> Login attempt with username: dadang
ERROR - 2025-01-23 14:30:09 --> Checking login for username: dadang
ERROR - 2025-01-23 14:30:09 --> User data: Array
(
    [user_id] => 32
    [username] => dadang
    [nama] => dadang harjo
    [nip] => 098765432234567892
    [email] => dadang@gmail.com
    [password] => $2y$10$FKo1RqxUsHWcoWzbk5ZZae9C4Al32xjQuyf99kyXR4CMMYtDOyMVC
    [role] => notulensi
    [Bidang] => IKP
    [profil_foto] => wulan.jpg
    [alamat] => 
    [jabatan] => Sekretaris
    [tanggal_lahir] => 
    [created_at] => 2025-01-17 09:26:42
    [updated_at] => 2025-01-21 11:06:28
)

ERROR - 2025-01-23 14:30:09 --> Password verify result for username dadang: Success
ERROR - 2025-01-23 14:30:09 --> Login success for username: dadang
INFO - 2025-01-23 14:30:09 --> Session: Class initialized using 'CodeIgniter\Session\Handlers\FileHandler' driver.
DEBUG - 2025-01-23 14:30:09 --> User ID: 32
DEBUG - 2025-01-23 14:30:09 --> Profile Picture: wulan.jpg
DEBUG - 2025-01-23 14:30:09 --> User Name: dadang harjo
DEBUG - 2025-01-23 14:30:09 --> User Role: notulensi
INFO - 2025-01-23 14:30:10 --> Session: Class initialized using 'CodeIgniter\Session\Handlers\FileHandler' driver.
INFO - 2025-01-23 14:30:14 --> Session: Class initialized using 'CodeIgniter\Session\Handlers\FileHandler' driver.
INFO - 2025-01-23 14:30:23 --> Session: Class initialized using 'CodeIgniter\Session\Handlers\FileHandler' driver.
INFO - 2025-01-23 14:36:18 --> Session: Class initialized using 'CodeIgniter\Session\Handlers\FileHandler' driver.
INFO - 2025-01-23 14:36:30 --> Session: Class initialized using 'CodeIgniter\Session\Handlers\FileHandler' driver.
INFO - 2025-01-23 14:36:38 --> Session: Class initialized using 'CodeIgniter\Session\Handlers\FileHandler' driver.
INFO - 2025-01-23 14:38:53 --> Session: Class initialized using 'CodeIgniter\Session\Handlers\FileHandler' driver.
INFO - 2025-01-23 14:39:01 --> Session: Class initialized using 'CodeIgniter\Session\Handlers\FileHandler' driver.
INFO - 2025-01-23 14:41:05 --> Session: Class initialized using 'CodeIgniter\Session\Handlers\FileHandler' driver.
INFO - 2025-01-23 14:41:09 --> Session: Class initialized using 'CodeIgniter\Session\Handlers\FileHandler' driver.
INFO - 2025-01-23 14:41:29 --> Session: Class initialized using 'CodeIgniter\Session\Handlers\FileHandler' driver.
INFO - 2025-01-23 14:43:37 --> Session: Class initialized using 'CodeIgniter\Session\Handlers\FileHandler' driver.
INFO - 2025-01-23 14:46:38 --> Session: Class initialized using 'CodeIgniter\Session\Handlers\FileHandler' driver.
INFO - 2025-01-23 14:47:00 --> Session: Class initialized using 'CodeIgniter\Session\Handlers\FileHandler' driver.
INFO - 2025-01-23 14:54:19 --> Session: Class initialized using 'CodeIgniter\Session\Handlers\FileHandler' driver.
INFO - 2025-01-23 14:54:28 --> Session: Class initialized using 'CodeIgniter\Session\Handlers\FileHandler' driver.
INFO - 2025-01-23 14:58:35 --> Session: Class initialized using 'CodeIgniter\Session\Handlers\FileHandler' driver.
INFO - 2025-01-23 14:58:40 --> Session: Class initialized using 'CodeIgniter\Session\Handlers\FileHandler' driver.
INFO - 2025-01-23 14:58:52 --> Session: Class initialized using 'CodeIgniter\Session\Handlers\FileHandler' driver.
INFO - 2025-01-23 15:02:03 --> Session: Class initialized using 'CodeIgniter\Session\Handlers\FileHandler' driver.
INFO - 2025-01-23 15:03:55 --> Session: Class initialized using 'CodeIgniter\Session\Handlers\FileHandler' driver.
INFO - 2025-01-23 15:04:13 --> Session: Class initialized using 'CodeIgniter\Session\Handlers\FileHandler' driver.
INFO - 2025-01-23 15:05:56 --> Session: Class initialized using 'CodeIgniter\Session\Handlers\FileHandler' driver.
INFO - 2025-01-23 15:07:05 --> Session: Class initialized using 'CodeIgniter\Session\Handlers\FileHandler' driver.
INFO - 2025-01-23 15:08:32 --> Session: Class initialized using 'CodeIgniter\Session\Handlers\FileHandler' driver.
INFO - 2025-01-23 15:08:48 --> Session: Class initialized using 'CodeIgniter\Session\Handlers\FileHandler' driver.
INFO - 2025-01-23 15:11:55 --> Session: Class initialized using 'CodeIgniter\Session\Handlers\FileHandler' driver.
INFO - 2025-01-23 15:12:03 --> Session: Class initialized using 'CodeIgniter\Session\Handlers\FileHandler' driver.
INFO - 2025-01-23 15:17:17 --> Session: Class initialized using 'CodeIgniter\Session\Handlers\FileHandler' driver.
INFO - 2025-01-23 15:21:42 --> Session: Class initialized using 'CodeIgniter\Session\Handlers\FileHandler' driver.
INFO - 2025-01-23 15:22:34 --> Session: Class initialized using 'CodeIgniter\Session\Handlers\FileHandler' driver.
INFO - 2025-01-23 15:35:00 --> Session: Class initialized using 'CodeIgniter\Session\Handlers\FileHandler' driver.
INFO - 2025-01-23 15:35:10 --> Session: Class initialized using 'CodeIgniter\Session\Handlers\FileHandler' driver.
INFO - 2025-01-23 15:36:44 --> Session: Class initialized using 'CodeIgniter\Session\Handlers\FileHandler' driver.
INFO - 2025-01-23 15:38:46 --> Session: Class initialized using 'CodeIgniter\Session\Handlers\FileHandler' driver.
INFO - 2025-01-23 15:38:55 --> Session: Class initialized using 'CodeIgniter\Session\Handlers\FileHandler' driver.
INFO - 2025-01-23 15:39:46 --> Session: Class initialized using 'CodeIgniter\Session\Handlers\FileHandler' driver.
INFO - 2025-01-23 15:39:59 --> Session: Class initialized using 'CodeIgniter\Session\Handlers\FileHandler' driver.
INFO - 2025-01-23 15:42:11 --> Session: Class initialized using 'CodeIgniter\Session\Handlers\FileHandler' driver.
INFO - 2025-01-23 15:42:39 --> Session: Class initialized using 'CodeIgniter\Session\Handlers\FileHandler' driver.
