INFO - 2025-02-11 06:36:08 --> Session: Class initialized using 'CodeIgniter\Session\Handlers\FileHandler' driver.
INFO - 2025-02-11 06:35:34 --> Session: Class initialized using 'CodeIgniter\Session\Handlers\FileHandler' driver.
INFO - 2025-02-11 06:35:54 --> Session: Class initialized using 'CodeIgniter\Session\Handlers\FileHandler' driver.
INFO - 2025-02-11 06:35:56 --> Session: Class initialized using 'CodeIgniter\Session\Handlers\FileHandler' driver.
INFO - 2025-02-11 06:35:56 --> Session: Class initialized using 'CodeIgniter\Session\Handlers\FileHandler' driver.
INFO - 2025-02-11 06:36:02 --> Session: Class initialized using 'CodeIgniter\Session\Handlers\FileHandler' driver.
ERROR - 2025-02-11 06:36:02 --> Login attempt with username: lili
ERROR - 2025-02-11 06:36:02 --> Checking login for username: lili
ERROR - 2025-02-11 06:36:02 --> User data: Array
(
    [user_id] => 9
    [username] => lili
    [nama] => wulandari yulianis
    [nip] => 123456780123456789
    [email] => bismillah@gmail.com
    [password] => $2y$10$GNfd6zIA4kK/7vX47gN7eepuS.AXjm5tSpBgx7YvxRDjgGubdAS0K
    [role] => admin
    [Bidang] => 
    [profil_foto] => 7 (1).jpg
    [alamat] => jalan  saja
    [jabatan] => Sekretaris
    [tanggal_lahir] => 2003-07-09
    [created_at] => 2025-01-10 02:06:34
    [updated_at] => 2025-02-07 04:49:11
)

ERROR - 2025-02-11 06:36:02 --> Password verify result for username lili: Success
ERROR - 2025-02-11 06:36:02 --> Login success for username: lili
INFO - 2025-02-11 06:36:03 --> Session: Class initialized using 'CodeIgniter\Session\Handlers\FileHandler' driver.
DEBUG - 2025-02-11 06:36:03 --> User ID: 9
DEBUG - 2025-02-11 06:36:03 --> Profile Picture: 7 (1).jpg
DEBUG - 2025-02-11 06:36:03 --> User Name: wulandari yulianis
DEBUG - 2025-02-11 06:36:03 --> User Role: admin
INFO - 2025-02-11 06:36:04 --> Session: Class initialized using 'CodeIgniter\Session\Handlers\FileHandler' driver.
INFO - 2025-02-11 06:38:26 --> Session: Class initialized using 'CodeIgniter\Session\Handlers\FileHandler' driver.
DEBUG - 2025-02-11 06:38:26 --> User ID: 9
DEBUG - 2025-02-11 06:38:26 --> Profile Picture: 7 (1).jpg
DEBUG - 2025-02-11 06:38:26 --> User Name: wulandari yulianis
DEBUG - 2025-02-11 06:38:26 --> User Role: admin
INFO - 2025-02-11 06:38:27 --> Session: Class initialized using 'CodeIgniter\Session\Handlers\FileHandler' driver.
INFO - 2025-02-11 06:39:08 --> Session: Class initialized using 'CodeIgniter\Session\Handlers\FileHandler' driver.
DEBUG - 2025-02-11 06:39:08 --> User ID: 9
DEBUG - 2025-02-11 06:39:08 --> Profile Picture: 7 (1).jpg
DEBUG - 2025-02-11 06:39:08 --> User Name: wulandari yulianis
DEBUG - 2025-02-11 06:39:08 --> User Role: admin
INFO - 2025-02-11 06:39:09 --> Session: Class initialized using 'CodeIgniter\Session\Handlers\FileHandler' driver.
INFO - 2025-02-11 06:39:09 --> Session: Class initialized using 'CodeIgniter\Session\Handlers\FileHandler' driver.
DEBUG - 2025-02-11 06:39:09 --> User ID: 9
DEBUG - 2025-02-11 06:39:09 --> Profile Picture: 7 (1).jpg
DEBUG - 2025-02-11 06:39:09 --> User Name: wulandari yulianis
DEBUG - 2025-02-11 06:39:09 --> User Role: admin
INFO - 2025-02-11 06:39:10 --> Session: Class initialized using 'CodeIgniter\Session\Handlers\FileHandler' driver.
INFO - 2025-02-11 06:39:14 --> Session: Class initialized using 'CodeIgniter\Session\Handlers\FileHandler' driver.
INFO - 2025-02-11 06:39:27 --> Session: Class initialized using 'CodeIgniter\Session\Handlers\FileHandler' driver.
INFO - 2025-02-11 06:39:41 --> Session: Class initialized using 'CodeIgniter\Session\Handlers\FileHandler' driver.
INFO - 2025-02-11 06:39:42 --> Session: Class initialized using 'CodeIgniter\Session\Handlers\FileHandler' driver.
INFO - 2025-02-11 06:39:42 --> Session: Class initialized using 'CodeIgniter\Session\Handlers\FileHandler' driver.
INFO - 2025-02-11 06:39:49 --> Session: Class initialized using 'CodeIgniter\Session\Handlers\FileHandler' driver.
ERROR - 2025-02-11 06:39:49 --> Login attempt with username: jaja
ERROR - 2025-02-11 06:39:49 --> Checking login for username: jaja
ERROR - 2025-02-11 06:39:49 --> User data: Array
(
    [user_id] => 13
    [username] => jaja
    [nama] => jungwon
    [nip] => 123456788987654324
    [email] => jaja@gmail.com
    [password] => $2y$10$nVk3.ULQ.f2qJcwl.zo9p.3ZmVs8RESB.SYe8GvwHZ4Y.pEHR.TlO
    [role] => pegawai
    [Bidang] => IKP
    [profil_foto] => pegawai.png
    [alamat] => 
    [jabatan] => korea
    [tanggal_lahir] => 
    [created_at] => 2025-01-13 07:53:10
    [updated_at] => 2025-01-31 05:12:25
)

ERROR - 2025-02-11 06:39:49 --> Password verify result for username jaja: Success
ERROR - 2025-02-11 06:39:49 --> Login success for username: jaja
INFO - 2025-02-11 06:39:49 --> Session: Class initialized using 'CodeIgniter\Session\Handlers\FileHandler' driver.
DEBUG - 2025-02-11 06:39:49 --> User ID: 13
DEBUG - 2025-02-11 06:39:49 --> Profile Picture: pegawai.png
DEBUG - 2025-02-11 06:39:49 --> User Name: jungwon
DEBUG - 2025-02-11 06:39:49 --> User Role: pegawai
INFO - 2025-02-11 06:39:50 --> Session: Class initialized using 'CodeIgniter\Session\Handlers\FileHandler' driver.
INFO - 2025-02-11 06:40:11 --> Session: Class initialized using 'CodeIgniter\Session\Handlers\FileHandler' driver.
DEBUG - 2025-02-11 06:40:11 --> User ID: 13
DEBUG - 2025-02-11 06:40:11 --> Profile Picture: pegawai.png
DEBUG - 2025-02-11 06:40:11 --> User Name: jungwon
DEBUG - 2025-02-11 06:40:11 --> User Role: pegawai
INFO - 2025-02-11 06:40:12 --> Session: Class initialized using 'CodeIgniter\Session\Handlers\FileHandler' driver.
INFO - 2025-02-11 06:40:13 --> Session: Class initialized using 'CodeIgniter\Session\Handlers\FileHandler' driver.
INFO - 2025-02-11 06:40:13 --> Mencoba mengambil profil pengguna dengan ID 13
INFO - 2025-02-11 06:40:13 --> Pengguna dengan ID 13 ditemukan di database: Array
(
    [user_id] => 13
    [username] => jaja
    [nama] => jungwon
    [nip] => 123456788987654324
    [email] => jaja@gmail.com
    [password] => $2y$10$nVk3.ULQ.f2qJcwl.zo9p.3ZmVs8RESB.SYe8GvwHZ4Y.pEHR.TlO
    [role] => pegawai
    [Bidang] => IKP
    [profil_foto] => pegawai.png
    [alamat] => 
    [jabatan] => korea
    [tanggal_lahir] => 
    [created_at] => 2025-01-13 07:53:10
    [updated_at] => 2025-01-31 05:12:25
)

INFO - 2025-02-11 06:40:13 --> Session: Class initialized using 'CodeIgniter\Session\Handlers\FileHandler' driver.
INFO - 2025-02-11 06:40:32 --> Session: Class initialized using 'CodeIgniter\Session\Handlers\FileHandler' driver.
INFO - 2025-02-11 06:40:32 --> Data yang akan disimpan: {"agenda":"coa","tanggal":"2025-02-11","waktu":"12:23","lokasi":"ss","user_id":"13"}
INFO - 2025-02-11 06:40:32 --> Session: Class initialized using 'CodeIgniter\Session\Handlers\FileHandler' driver.
INFO - 2025-02-11 06:40:32 --> Mencoba mengambil profil pengguna dengan ID 13
INFO - 2025-02-11 06:40:32 --> Pengguna dengan ID 13 ditemukan di database: Array
(
    [user_id] => 13
    [username] => jaja
    [nama] => jungwon
    [nip] => 123456788987654324
    [email] => jaja@gmail.com
    [password] => $2y$10$nVk3.ULQ.f2qJcwl.zo9p.3ZmVs8RESB.SYe8GvwHZ4Y.pEHR.TlO
    [role] => pegawai
    [Bidang] => IKP
    [profil_foto] => pegawai.png
    [alamat] => 
    [jabatan] => korea
    [tanggal_lahir] => 
    [created_at] => 2025-01-13 07:53:10
    [updated_at] => 2025-01-31 05:12:25
)

INFO - 2025-02-11 06:40:33 --> Session: Class initialized using 'CodeIgniter\Session\Handlers\FileHandler' driver.
INFO - 2025-02-11 06:41:36 --> Session: Class initialized using 'CodeIgniter\Session\Handlers\FileHandler' driver.
INFO - 2025-02-11 06:41:36 --> Mencoba mengambil profil pengguna dengan ID 13
INFO - 2025-02-11 06:41:36 --> Pengguna dengan ID 13 ditemukan di database: Array
(
    [user_id] => 13
    [username] => jaja
    [nama] => jungwon
    [nip] => 123456788987654324
    [email] => jaja@gmail.com
    [password] => $2y$10$nVk3.ULQ.f2qJcwl.zo9p.3ZmVs8RESB.SYe8GvwHZ4Y.pEHR.TlO
    [role] => pegawai
    [Bidang] => IKP
    [profil_foto] => pegawai.png
    [alamat] => 
    [jabatan] => korea
    [tanggal_lahir] => 
    [created_at] => 2025-01-13 07:53:10
    [updated_at] => 2025-01-31 05:12:25
)

INFO - 2025-02-11 06:41:37 --> Session: Class initialized using 'CodeIgniter\Session\Handlers\FileHandler' driver.
INFO - 2025-02-11 06:42:14 --> Session: Class initialized using 'CodeIgniter\Session\Handlers\FileHandler' driver.
INFO - 2025-02-11 06:42:14 --> Mencoba mengambil profil pengguna dengan ID 13
INFO - 2025-02-11 06:42:14 --> Pengguna dengan ID 13 ditemukan di database: Array
(
    [user_id] => 13
    [username] => jaja
    [nama] => jungwon
    [nip] => 123456788987654324
    [email] => jaja@gmail.com
    [password] => $2y$10$nVk3.ULQ.f2qJcwl.zo9p.3ZmVs8RESB.SYe8GvwHZ4Y.pEHR.TlO
    [role] => pegawai
    [Bidang] => IKP
    [profil_foto] => pegawai.png
    [alamat] => 
    [jabatan] => korea
    [tanggal_lahir] => 
    [created_at] => 2025-01-13 07:53:10
    [updated_at] => 2025-01-31 05:12:25
)

INFO - 2025-02-11 06:42:15 --> Session: Class initialized using 'CodeIgniter\Session\Handlers\FileHandler' driver.
