INFO - 2025-01-27 17:38:36 --> Session: Class initialized using 'CodeIgniter\Session\Handlers\FileHandler' driver.
INFO - 2025-01-27 17:38:37 --> Session: Class initialized using 'CodeIgniter\Session\Handlers\FileHandler' driver.
INFO - 2025-01-27 17:38:53 --> Session: Class initialized using 'CodeIgniter\Session\Handlers\FileHandler' driver.
ERROR - 2025-01-27 17:38:53 --> Login attempt with username: dadang
ERROR - 2025-01-27 17:38:53 --> Checking login for username: dadang
ERROR - 2025-01-27 17:38:53 --> User data: Array
(
    [user_id] => 32
    [username] => dadang
    [nama] => cindy arwinda 
    [nip] => 098765432234567892
    [email] => dadang@gmail.com
    [password] => $2y$10$FKo1RqxUsHWcoWzbk5ZZae9C4Al32xjQuyf99kyXR4CMMYtDOyMVC
    [role] => notulensi
    [Bidang] => IKP
    [profil_foto] => 2.jpg
    [alamat] => 
    [jabatan] => Sekretaris
    [tanggal_lahir] => 
    [created_at] => 2025-01-17 09:26:42
    [updated_at] => 2025-01-27 20:37:10
)

ERROR - 2025-01-27 17:38:53 --> Password verify result for username dadang: Success
ERROR - 2025-01-27 17:38:53 --> Login success for username: dadang
INFO - 2025-01-27 17:38:53 --> Session: Class initialized using 'CodeIgniter\Session\Handlers\FileHandler' driver.
DEBUG - 2025-01-27 17:38:53 --> User ID: 32
DEBUG - 2025-01-27 17:38:53 --> Profile Picture: 2.jpg
DEBUG - 2025-01-27 17:38:53 --> User Name: cindy arwinda 
DEBUG - 2025-01-27 17:38:53 --> User Role: notulensi
INFO - 2025-01-27 17:38:54 --> Session: Class initialized using 'CodeIgniter\Session\Handlers\FileHandler' driver.
INFO - 2025-01-27 17:39:00 --> Session: Class initialized using 'CodeIgniter\Session\Handlers\FileHandler' driver.
INFO - 2025-01-27 17:39:01 --> Session: Class initialized using 'CodeIgniter\Session\Handlers\FileHandler' driver.
INFO - 2025-01-27 17:44:33 --> Session: Class initialized using 'CodeIgniter\Session\Handlers\FileHandler' driver.
INFO - 2025-01-27 17:44:35 --> Session: Class initialized using 'CodeIgniter\Session\Handlers\FileHandler' driver.
INFO - 2025-01-27 17:51:19 --> Session: Class initialized using 'CodeIgniter\Session\Handlers\FileHandler' driver.
INFO - 2025-01-27 17:51:20 --> Session: Class initialized using 'CodeIgniter\Session\Handlers\FileHandler' driver.
INFO - 2025-01-27 17:52:17 --> Session: Class initialized using 'CodeIgniter\Session\Handlers\FileHandler' driver.
INFO - 2025-01-27 17:52:49 --> Session: Class initialized using 'CodeIgniter\Session\Handlers\FileHandler' driver.
INFO - 2025-01-27 17:52:50 --> Session: Class initialized using 'CodeIgniter\Session\Handlers\FileHandler' driver.
INFO - 2025-01-27 17:53:05 --> Session: Class initialized using 'CodeIgniter\Session\Handlers\FileHandler' driver.
ERROR - 2025-01-27 17:53:05 --> Login attempt with username: dadang
ERROR - 2025-01-27 17:53:05 --> Checking login for username: dadang
ERROR - 2025-01-27 17:53:05 --> User data: Array
(
    [user_id] => 32
    [username] => dadang
    [nama] => cindy arwinda 
    [nip] => 098765432234567892
    [email] => dadang@gmail.com
    [password] => $2y$10$FKo1RqxUsHWcoWzbk5ZZae9C4Al32xjQuyf99kyXR4CMMYtDOyMVC
    [role] => notulensi
    [Bidang] => IKP
    [profil_foto] => 2.jpg
    [alamat] => 
    [jabatan] => Sekretaris
    [tanggal_lahir] => 
    [created_at] => 2025-01-17 09:26:42
    [updated_at] => 2025-01-27 20:37:10
)

ERROR - 2025-01-27 17:53:05 --> Password verify result for username dadang: Failure
ERROR - 2025-01-27 17:53:05 --> Login failed for username: dadang
INFO - 2025-01-27 17:53:06 --> Session: Class initialized using 'CodeIgniter\Session\Handlers\FileHandler' driver.
INFO - 2025-01-27 17:53:06 --> Session: Class initialized using 'CodeIgniter\Session\Handlers\FileHandler' driver.
INFO - 2025-01-27 17:53:10 --> Session: Class initialized using 'CodeIgniter\Session\Handlers\FileHandler' driver.
ERROR - 2025-01-27 17:53:10 --> Login attempt with username: dadang
ERROR - 2025-01-27 17:53:10 --> Checking login for username: dadang
ERROR - 2025-01-27 17:53:10 --> User data: Array
(
    [user_id] => 32
    [username] => dadang
    [nama] => cindy arwinda 
    [nip] => 098765432234567892
    [email] => dadang@gmail.com
    [password] => $2y$10$FKo1RqxUsHWcoWzbk5ZZae9C4Al32xjQuyf99kyXR4CMMYtDOyMVC
    [role] => notulensi
    [Bidang] => IKP
    [profil_foto] => 2.jpg
    [alamat] => 
    [jabatan] => Sekretaris
    [tanggal_lahir] => 
    [created_at] => 2025-01-17 09:26:42
    [updated_at] => 2025-01-27 20:37:10
)

ERROR - 2025-01-27 17:53:10 --> Password verify result for username dadang: Success
ERROR - 2025-01-27 17:53:10 --> Login success for username: dadang
INFO - 2025-01-27 17:53:10 --> Session: Class initialized using 'CodeIgniter\Session\Handlers\FileHandler' driver.
DEBUG - 2025-01-27 17:53:10 --> User ID: 32
DEBUG - 2025-01-27 17:53:10 --> Profile Picture: 2.jpg
DEBUG - 2025-01-27 17:53:10 --> User Name: cindy arwinda 
DEBUG - 2025-01-27 17:53:10 --> User Role: notulensi
INFO - 2025-01-27 17:53:11 --> Session: Class initialized using 'CodeIgniter\Session\Handlers\FileHandler' driver.
INFO - 2025-01-27 17:53:14 --> Session: Class initialized using 'CodeIgniter\Session\Handlers\FileHandler' driver.
INFO - 2025-01-27 17:53:15 --> Session: Class initialized using 'CodeIgniter\Session\Handlers\FileHandler' driver.
INFO - 2025-01-27 17:53:45 --> Session: Class initialized using 'CodeIgniter\Session\Handlers\FileHandler' driver.
DEBUG - 2025-01-27 17:53:45 --> Data yang akan disimpan: {"judul":"duri duri damn","agenda":"mm","tanggal_dibuat":"2025-01-27","tanggal":"2025-01-20","partisipan":"mm","upload":"1738000425_bc512c9b9867d4013bda.png","user_id":"32","isi":"<p>nnnnnnnnnnn<\/p>\r\n<p>&nbsp;<\/p>\r\n<p>&nbsp;<\/p>\r\n<p>&nbsp;<\/p>\r\n<p>&nbsp;<\/p>","bidang":"IKP"}
DEBUG - 2025-01-27 17:53:45 --> Koneksi database berhasil.
INFO - 2025-01-27 17:53:45 --> Data berhasil dimasukkan ke dalam tabel notulensi. Data: {"judul":"duri duri damn","agenda":"mm","tanggal_dibuat":"2025-01-27","tanggal":"2025-01-20","partisipan":"mm","upload":"1738000425_bc512c9b9867d4013bda.png","user_id":"32","isi":"<p>nnnnnnnnnnn<\/p>\r\n<p>&nbsp;<\/p>\r\n<p>&nbsp;<\/p>\r\n<p>&nbsp;<\/p>\r\n<p>&nbsp;<\/p>","bidang":"IKP"}
INFO - 2025-01-27 17:53:45 --> Data berhasil dimasukkan ke tabel riwayatnotulensi. Data: {"notulensi_id":35}
INFO - 2025-01-27 17:53:45 --> Session: Class initialized using 'CodeIgniter\Session\Handlers\FileHandler' driver.
INFO - 2025-01-27 17:53:45 --> Data pengguna ditemukan: user_id = 32
INFO - 2025-01-27 17:53:46 --> Session: Class initialized using 'CodeIgniter\Session\Handlers\FileHandler' driver.
INFO - 2025-01-27 17:53:57 --> Session: Class initialized using 'CodeIgniter\Session\Handlers\FileHandler' driver.
INFO - 2025-01-27 17:53:58 --> Session: Class initialized using 'CodeIgniter\Session\Handlers\FileHandler' driver.
INFO - 2025-01-27 17:53:58 --> Data pengguna ditemukan: user_id = 32
INFO - 2025-01-27 17:53:59 --> Session: Class initialized using 'CodeIgniter\Session\Handlers\FileHandler' driver.
INFO - 2025-01-27 17:54:15 --> Session: Class initialized using 'CodeIgniter\Session\Handlers\FileHandler' driver.
INFO - 2025-01-27 17:54:16 --> Session: Class initialized using 'CodeIgniter\Session\Handlers\FileHandler' driver.
INFO - 2025-01-27 17:54:17 --> Session: Class initialized using 'CodeIgniter\Session\Handlers\FileHandler' driver.
INFO - 2025-01-27 17:54:23 --> Session: Class initialized using 'CodeIgniter\Session\Handlers\FileHandler' driver.
ERROR - 2025-01-27 17:54:23 --> Login attempt with username: lili
ERROR - 2025-01-27 17:54:24 --> Checking login for username: lili
ERROR - 2025-01-27 17:54:24 --> User data: Array
(
    [user_id] => 9
    [username] => lili
    [nama] => alhamdulillah
    [nip] => 123456780123456789
    [email] => bismillah@gmail.com
    [password] => $2y$10$VOHOtZEaMBJvPLDT6v5/2uXNDqowMBRRYCjIGJtTPqb41gpCwVLI6
    [role] => admin
    [Bidang] => 
    [profil_foto] => 7 (1).jpg
    [alamat] => jalan  saja
    [jabatan] => Sekretaris
    [tanggal_lahir] => 2003-07-09
    [created_at] => 2025-01-10 02:06:34
    [updated_at] => 2025-01-26 16:57:48
)

ERROR - 2025-01-27 17:54:24 --> Password verify result for username lili: Success
ERROR - 2025-01-27 17:54:24 --> Login success for username: lili
INFO - 2025-01-27 17:54:24 --> Session: Class initialized using 'CodeIgniter\Session\Handlers\FileHandler' driver.
DEBUG - 2025-01-27 17:54:24 --> User ID: 9
DEBUG - 2025-01-27 17:54:24 --> Profile Picture: 7 (1).jpg
DEBUG - 2025-01-27 17:54:24 --> User Name: alhamdulillah
DEBUG - 2025-01-27 17:54:24 --> User Role: admin
INFO - 2025-01-27 17:54:25 --> Session: Class initialized using 'CodeIgniter\Session\Handlers\FileHandler' driver.
INFO - 2025-01-27 17:54:27 --> Session: Class initialized using 'CodeIgniter\Session\Handlers\FileHandler' driver.
INFO - 2025-01-27 17:54:27 --> Data pengguna ditemukan: user_id = 9
INFO - 2025-01-27 17:54:27 --> Data notulensi berhasil ditampilkan: Array
(
    [0] => Array
        (
            [notulensi_id] => 29
            [user_id] => 32
            [judul] => pemilihan jodoh terbaik untuk cindy
            [partisipan] => 1.wulan
2.heni
3.intan
4.mahira
            [agenda] => 1. ktiteria jodoh cindy
2. alterfantif jodoh cind
            [isi] => belum menemukan karena lagi dibogor sudah rindu
            [Bidang] => IKP
            [tanggal_dibuat] => 2025-01-22
            [riwayat_id] => 29
            [dokumentasi_id] => 12
            [foto_dokumentasi] => 1737527174_5ea251670dabbf17b632.jpg
            [user_name] => cindy arwinda 
        )

    [1] => Array
        (
            [notulensi_id] => 32
            [user_id] => 32
            [judul] => lala
            [partisipan] => kdkkd
            [agenda] => ddd
            [isi] => ejje
            [Bidang] => IKP
            [tanggal_dibuat] => 2025-01-23
            [riwayat_id] => 32
            [dokumentasi_id] => 15
            [foto_dokumentasi] => 1737602617_76a013c1434405cb2d87.jpg
            [user_name] => cindy arwinda 
        )

    [2] => Array
        (
            [notulensi_id] => 35
            [user_id] => 32
            [judul] => duri duri damn
            [partisipan] => mm
            [agenda] => mm
            [isi] => <p>nnnnnnnnnnn</p>
<p>&nbsp;</p>
<p>&nbsp;</p>
<p>&nbsp;</p>
<p>&nbsp;</p>
            [Bidang] => IKP
            [tanggal_dibuat] => 2025-01-27
            [riwayat_id] => 35
            [dokumentasi_id] => 18
            [foto_dokumentasi] => 1738000425_bc512c9b9867d4013bda.png
            [user_name] => cindy arwinda 
        )

)

INFO - 2025-01-27 17:54:27 --> Session: Class initialized using 'CodeIgniter\Session\Handlers\FileHandler' driver.
INFO - 2025-01-27 17:54:38 --> Session: Class initialized using 'CodeIgniter\Session\Handlers\FileHandler' driver.
INFO - 2025-01-27 17:54:39 --> Session: Class initialized using 'CodeIgniter\Session\Handlers\FileHandler' driver.
INFO - 2025-01-27 18:02:12 --> Session: Class initialized using 'CodeIgniter\Session\Handlers\FileHandler' driver.
INFO - 2025-01-27 18:02:13 --> Session: Class initialized using 'CodeIgniter\Session\Handlers\FileHandler' driver.
INFO - 2025-01-27 18:03:42 --> Session: Class initialized using 'CodeIgniter\Session\Handlers\FileHandler' driver.
DEBUG - 2025-01-27 18:03:42 --> Data yang akan disimpan: {"judul":"duri duri damn","agenda":"mmmmmmm","tanggal_dibuat":"2025-01-27","tanggal":"2025-01-28","partisipan":"mm","upload":"1738001022_9c89e2dfe3b3a9145370.png","user_id":"32","isi":"<p>mm<\/p>","bidang":"IKP"}
DEBUG - 2025-01-27 18:03:42 --> Koneksi database berhasil.
INFO - 2025-01-27 18:03:42 --> Data berhasil dimasukkan ke dalam tabel notulensi. Data: {"judul":"duri duri damn","agenda":"mmmmmmm","tanggal_dibuat":"2025-01-27","tanggal":"2025-01-28","partisipan":"mm","upload":"1738001022_9c89e2dfe3b3a9145370.png","user_id":"32","isi":"<p>mm<\/p>","bidang":"IKP"}
INFO - 2025-01-27 18:03:42 --> Data berhasil dimasukkan ke tabel riwayatnotulensi. Data: {"notulensi_id":36}
INFO - 2025-01-27 18:03:42 --> Session: Class initialized using 'CodeIgniter\Session\Handlers\FileHandler' driver.
INFO - 2025-01-27 18:03:42 --> Data pengguna ditemukan: user_id = 32
INFO - 2025-01-27 18:03:42 --> Session: Class initialized using 'CodeIgniter\Session\Handlers\FileHandler' driver.
INFO - 2025-01-27 18:03:48 --> Session: Class initialized using 'CodeIgniter\Session\Handlers\FileHandler' driver.
INFO - 2025-01-27 18:03:48 --> Data pengguna ditemukan: user_id = 9
INFO - 2025-01-27 18:03:48 --> Data notulensi berhasil ditampilkan: Array
(
    [0] => Array
        (
            [notulensi_id] => 29
            [user_id] => 32
            [judul] => pemilihan jodoh terbaik untuk cindy
            [partisipan] => 1.wulan
2.heni
3.intan
4.mahira
            [agenda] => 1. ktiteria jodoh cindy
2. alterfantif jodoh cind
            [isi] => belum menemukan karena lagi dibogor sudah rindu
            [Bidang] => IKP
            [tanggal_dibuat] => 2025-01-22
            [riwayat_id] => 29
            [dokumentasi_id] => 12
            [foto_dokumentasi] => 1737527174_5ea251670dabbf17b632.jpg
            [user_name] => cindy arwinda 
        )

    [1] => Array
        (
            [notulensi_id] => 32
            [user_id] => 32
            [judul] => lala
            [partisipan] => kdkkd
            [agenda] => ddd
            [isi] => ejje
            [Bidang] => IKP
            [tanggal_dibuat] => 2025-01-23
            [riwayat_id] => 32
            [dokumentasi_id] => 15
            [foto_dokumentasi] => 1737602617_76a013c1434405cb2d87.jpg
            [user_name] => cindy arwinda 
        )

    [2] => Array
        (
            [notulensi_id] => 35
            [user_id] => 32
            [judul] => duri duri damn
            [partisipan] => mm
            [agenda] => mm
            [isi] => <p>nnnnnnnnnnn</p>
<p>&nbsp;</p>
<p>&nbsp;</p>
<p>&nbsp;</p>
<p>&nbsp;</p>
            [Bidang] => IKP
            [tanggal_dibuat] => 2025-01-27
            [riwayat_id] => 35
            [dokumentasi_id] => 18
            [foto_dokumentasi] => 1738000425_bc512c9b9867d4013bda.png
            [user_name] => cindy arwinda 
        )

    [3] => Array
        (
            [notulensi_id] => 36
            [user_id] => 32
            [judul] => duri duri damn
            [partisipan] => mm
            [agenda] => mmmmmmm
            [isi] => <p>mm</p>
            [Bidang] => IKP
            [tanggal_dibuat] => 2025-01-27
            [riwayat_id] => 36
            [dokumentasi_id] => 19
            [foto_dokumentasi] => 1738001022_9c89e2dfe3b3a9145370.png
            [user_name] => cindy arwinda 
        )

)

INFO - 2025-01-27 18:03:49 --> Session: Class initialized using 'CodeIgniter\Session\Handlers\FileHandler' driver.
INFO - 2025-01-27 18:04:01 --> Session: Class initialized using 'CodeIgniter\Session\Handlers\FileHandler' driver.
INFO - 2025-01-27 18:04:01 --> Session: Class initialized using 'CodeIgniter\Session\Handlers\FileHandler' driver.
INFO - 2025-01-27 18:04:06 --> Session: Class initialized using 'CodeIgniter\Session\Handlers\FileHandler' driver.
INFO - 2025-01-27 18:04:07 --> Session: Class initialized using 'CodeIgniter\Session\Handlers\FileHandler' driver.
INFO - 2025-01-27 18:06:57 --> Session: Class initialized using 'CodeIgniter\Session\Handlers\FileHandler' driver.
INFO - 2025-01-27 18:06:57 --> Session: Class initialized using 'CodeIgniter\Session\Handlers\FileHandler' driver.
INFO - 2025-01-27 18:07:41 --> Session: Class initialized using 'CodeIgniter\Session\Handlers\FileHandler' driver.
INFO - 2025-01-27 18:07:41 --> Session: Class initialized using 'CodeIgniter\Session\Handlers\FileHandler' driver.
INFO - 2025-01-27 18:08:16 --> Session: Class initialized using 'CodeIgniter\Session\Handlers\FileHandler' driver.
INFO - 2025-01-27 18:08:17 --> Session: Class initialized using 'CodeIgniter\Session\Handlers\FileHandler' driver.
