INFO - 2025-02-04 02:27:30 --> Session: Class initialized using 'CodeIgniter\Session\Handlers\FileHandler' driver.
INFO - 2025-02-04 02:27:31 --> Session: Class initialized using 'CodeIgniter\Session\Handlers\FileHandler' driver.
INFO - 2025-02-04 02:27:31 --> Session: Class initialized using 'CodeIgniter\Session\Handlers\FileHandler' driver.
INFO - 2025-02-04 02:27:41 --> Session: Class initialized using 'CodeIgniter\Session\Handlers\FileHandler' driver.
ERROR - 2025-02-04 02:27:41 --> Login attempt with username: dadang
ERROR - 2025-02-04 02:27:41 --> Checking login for username: dadang
ERROR - 2025-02-04 02:27:41 --> User data: Array
(
    [user_id] => 32
    [username] => dadang
    [nama] => dadang harjo
    [nip] => 098765432234567892
    [email] => dadang@gmail.com
    [password] => $2y$10$FKo1RqxUsHWcoWzbk5ZZae9C4Al32xjQuyf99kyXR4CMMYtDOyMVC
    [role] => notulensi
    [Bidang] => IKP
    [profil_foto] => wulan.jpg
    [alamat] => 
    [jabatan] => Sekretaris
    [tanggal_lahir] => 
    [created_at] => 2025-01-17 09:26:42
    [updated_at] => 2025-01-21 11:06:28
)

ERROR - 2025-02-04 02:27:41 --> Password verify result for username dadang: Success
ERROR - 2025-02-04 02:27:41 --> Login success for username: dadang
INFO - 2025-02-04 02:27:41 --> Session: Class initialized using 'CodeIgniter\Session\Handlers\FileHandler' driver.
DEBUG - 2025-02-04 02:27:41 --> User ID: 32
DEBUG - 2025-02-04 02:27:41 --> Profile Picture: wulan.jpg
DEBUG - 2025-02-04 02:27:41 --> User Name: dadang harjo
DEBUG - 2025-02-04 02:27:41 --> User Role: notulensi
INFO - 2025-02-04 02:27:41 --> Session: Class initialized using 'CodeIgniter\Session\Handlers\FileHandler' driver.
INFO - 2025-02-04 02:27:45 --> Session: Class initialized using 'CodeIgniter\Session\Handlers\FileHandler' driver.
INFO - 2025-02-04 02:27:45 --> Data pengguna ditemukan: user_id = 32
INFO - 2025-02-04 02:27:46 --> Session: Class initialized using 'CodeIgniter\Session\Handlers\FileHandler' driver.
INFO - 2025-02-04 07:10:30 --> Session: Class initialized using 'CodeIgniter\Session\Handlers\FileHandler' driver.
INFO - 2025-02-04 07:10:32 --> Session: Class initialized using 'CodeIgniter\Session\Handlers\FileHandler' driver.
INFO - 2025-02-04 07:10:32 --> Session: Class initialized using 'CodeIgniter\Session\Handlers\FileHandler' driver.
INFO - 2025-02-04 07:10:41 --> Session: Class initialized using 'CodeIgniter\Session\Handlers\FileHandler' driver.
ERROR - 2025-02-04 07:10:41 --> Login attempt with username: dadang
ERROR - 2025-02-04 07:10:41 --> Checking login for username: dadang
ERROR - 2025-02-04 07:10:41 --> User data: Array
(
    [user_id] => 32
    [username] => dadang
    [nama] => dadang harjo
    [nip] => 098765432234567892
    [email] => dadang@gmail.com
    [password] => $2y$10$FKo1RqxUsHWcoWzbk5ZZae9C4Al32xjQuyf99kyXR4CMMYtDOyMVC
    [role] => notulensi
    [Bidang] => IKP
    [profil_foto] => wulan.jpg
    [alamat] => 
    [jabatan] => Sekretaris
    [tanggal_lahir] => 
    [created_at] => 2025-01-17 09:26:42
    [updated_at] => 2025-01-21 11:06:28
)

ERROR - 2025-02-04 07:10:41 --> Password verify result for username dadang: Success
ERROR - 2025-02-04 07:10:41 --> Login success for username: dadang
INFO - 2025-02-04 07:10:41 --> Session: Class initialized using 'CodeIgniter\Session\Handlers\FileHandler' driver.
DEBUG - 2025-02-04 07:10:41 --> User ID: 32
DEBUG - 2025-02-04 07:10:41 --> Profile Picture: wulan.jpg
DEBUG - 2025-02-04 07:10:41 --> User Name: dadang harjo
DEBUG - 2025-02-04 07:10:41 --> User Role: notulensi
INFO - 2025-02-04 07:10:42 --> Session: Class initialized using 'CodeIgniter\Session\Handlers\FileHandler' driver.
INFO - 2025-02-04 07:10:46 --> Session: Class initialized using 'CodeIgniter\Session\Handlers\FileHandler' driver.
INFO - 2025-02-04 07:10:46 --> Data pengguna ditemukan: user_id = 32
INFO - 2025-02-04 07:10:46 --> Session: Class initialized using 'CodeIgniter\Session\Handlers\FileHandler' driver.
