INFO - 2025-01-28 04:46:13 --> Session: Class initialized using 'CodeIgniter\Session\Handlers\FileHandler' driver.
INFO - 2025-01-28 04:46:23 --> Session: Class initialized using 'CodeIgniter\Session\Handlers\FileHandler' driver.
INFO - 2025-01-28 04:46:24 --> Session: Class initialized using 'CodeIgniter\Session\Handlers\FileHandler' driver.
INFO - 2025-01-28 04:46:33 --> Session: Class initialized using 'CodeIgniter\Session\Handlers\FileHandler' driver.
ERROR - 2025-01-28 04:46:33 --> Login attempt with username: lili
ERROR - 2025-01-28 04:46:33 --> Checking login for username: lili
ERROR - 2025-01-28 04:46:33 --> User data: Array
(
    [user_id] => 9
    [username] => lili
    [nama] => alhamdulillah
    [nip] => 123456780123456789
    [email] => bismillah@gmail.com
    [password] => $2y$10$VOHOtZEaMBJvPLDT6v5/2uXNDqowMBRRYCjIGJtTPqb41gpCwVLI6
    [role] => admin
    [Bidang] => 
    [profil_foto] => 7 (1).jpg
    [alamat] => jalan  saja
    [jabatan] => Sekretaris
    [tanggal_lahir] => 2003-07-09
    [created_at] => 2025-01-10 02:06:34
    [updated_at] => 2025-01-26 16:57:48
)

ERROR - 2025-01-28 04:46:33 --> Password verify result for username lili: Success
ERROR - 2025-01-28 04:46:33 --> Login success for username: lili
INFO - 2025-01-28 04:46:34 --> Session: Class initialized using 'CodeIgniter\Session\Handlers\FileHandler' driver.
DEBUG - 2025-01-28 04:46:34 --> User ID: 9
DEBUG - 2025-01-28 04:46:34 --> Profile Picture: 7 (1).jpg
DEBUG - 2025-01-28 04:46:34 --> User Name: alhamdulillah
DEBUG - 2025-01-28 04:46:34 --> User Role: admin
INFO - 2025-01-28 04:46:34 --> Session: Class initialized using 'CodeIgniter\Session\Handlers\FileHandler' driver.
INFO - 2025-01-28 04:46:39 --> Mencoba mengambil pengguna dengan role notulensi dan pegawai
INFO - 2025-01-28 04:46:39 --> Pengguna dengan role notulensi atau pegawai ditemukan: Array
(
    [0] => Array
        (
            [user_id] => 3
            [username] => admin
            [nama] => John 
            [nip] => 123456789
            [email] => admin@example.com
            [password] => $2y$10$vtl3rv1OaY3pW2hnmPpXoe1OzmxqdjvxJLl.7qZDvhjN8fQfo6Mhq


            [role] => pegawai
            [Bidang] => Statistik dan Persandian
            [profil_foto] => profile1.jpg
            [alamat] => Jl. Merdeka No. 123, Jakarta
            [jabatan] => korea
            [tanggal_lahir] => 
            [created_at] => 2025-01-09 22:02:06
            [updated_at] => 2025-01-27 17:20:44
        )

    [1] => Array
        (
            [user_id] => 6
            [username] => wulan
            [nama] => wulandari 
            [nip] => 18679202938390
            [email] => lala@gmail.com
            [password] => $2y$10$QW2QpL2k9f5eBfqMjakx7eNCI3/XVLCO9a42jzNPjzvXpS8iFmqoK
            [role] => notulensi
            [Bidang] => Aptika
            [profil_foto] => pegawai.png


            [alamat] => 
            [jabatan] => sek
            [tanggal_lahir] => 
            [created_at] => 2025-01-09 15:02:18
            [updated_at] => 2025-01-27 17:37:11
        )

    [2] => Array
        (
            [user_id] => 7
            [username] => lala
            [nama] => lala

            [nip] => 123456789123456789
            [email] => lala1@gmail.com
            [password] => $2y$10$tBSYxTpvfWjIlSkqSZ.7TeAQp2RvMqDg2J91d0vUGxaieUvPIv61a
            [role] => notulensi
            [Bidang] => Aptika
            [profil_foto] => 
            [alamat] => 
            [jabatan] => 
            [tanggal_lahir] => 
            [created_at] => 2025-01-09 15:16:16
            [updated_at] => 2025-01-15 21:48:23
        )

    [3] => Array
        (
            [user_id] => 13
            [username] => jaja
            [nama] => jungwon
            [nip] => 123456788987654324
            [email] => jaja@gmail.com
            [password] => $2y$10$nVk3.ULQ.f2qJcwl.zo9p.3ZmVs8RESB.SYe8GvwHZ4Y.pEHR.TlO
            [role] => pegawai
            [Bidang] => IKP
            [profil_foto] => pegawai.png
            [alamat] => 
            [jabatan] => korea
            [tanggal_lahir] => 
            [created_at] => 2025-01-13 07:53:10
            [updated_at] => 2025-01-17 07:33:28
        )

    [4] => Array
        (
            [user_id] => 18
            [username] => notulensi_user18
            [nama] => Nama Notulensi 18
            [nip] => 12345678918
            [email] => notulensi_user18@example.com
            [password] => password_enkripsi18
            [role] => notulensi
            [Bidang] => Administrasi
            [profil_foto] => 
            [alamat] => Alamat Notulensi 18
            [jabatan] => Notulensi
            [tanggal_lahir] => 1998-08-18
            [created_at] => 2025-01-16 09:28:25
            [updated_at] => 2025-01-17 00:16:49
        )

    [5] => Array
        (
            [user_id] => 26
            [username] => notulensi
            [nama] => alhamdulilla
            [nip] => 345678909876789376
            [email] => notulensi@gmail.com
            [password] => $2y$10$ZhNj131GHHBnlqCvbB3.bOR13E/V13x3i1tumnFZPNg.YhqScDCnq
            [role] => notulensi
            [Bidang] => 
            [profil_foto] => image.png

            [alamat] => 
            [jabatan] => 
            [tanggal_lahir] => 
            [created_at] => 2025-01-16 02:36:45
            [updated_at] => 2025-01-16 15:11:16
        )

    [6] => Array
        (
            [user_id] => 32
            [username] => dadang
            [nama] => cindy arwinda 
            [nip] => 098765432234567892
            [email] => dadang@gmail.com
            [password] => $2y$10$FKo1RqxUsHWcoWzbk5ZZae9C4Al32xjQuyf99kyXR4CMMYtDOyMVC
            [role] => notulensi
            [Bidang] => IKP
            [profil_foto] => 2.jpg
            [alamat] => 
            [jabatan] => Sekretaris
            [tanggal_lahir] => 
            [created_at] => 2025-01-17 09:26:42
            [updated_at] => 2025-01-27 20:37:10
        )

    [7] => Array
        (
            [user_id] => 40
            [username] => cindy
            [nama] => cindy arwinda putry
            [nip] => 123456788987654259
            [email] => cindy@gmail.com
            [password] => $2y$10$fFtsHB1wzUtGMaBUM0/c3uv.EFy0QXZgTj6.q2gKaPtCdUVYHNMqG
            [role] => notulensi
            [Bidang] => IKP
            [profil_foto] => 2.jpg
            [alamat] => 
            [jabatan] => Sekretaris
            [tanggal_lahir] => 
            [created_at] => 2025-01-21 05:07:14
            [updated_at] => 2025-01-27 00:04:23
        )

    [8] => Array
        (
            [user_id] => 46
            [username] => bismillah
            [nama] => 
            [nip] => 123456789023749185
            [email] => bismillah10@gmail.com
            [password] => $2y$10$xL7EcP9eM.sZ7iGKd8FpnuEzf3a4WEgfr3jNz0Ujw3YyxXNfmQKIq
            [role] => pegawai
            [Bidang] => APTIKA
            [profil_foto] => 
            [alamat] => 
            [jabatan] => 
            [tanggal_lahir] => 
            [created_at] => 2025-01-24 08:06:32
            [updated_at] => 2025-01-24 08:06:32
        )

    [9] => Array
        (
            [user_id] => 55
            [username] => intan 
            [nama] => intan salma denaidy
            [nip] => 123456788987654027
            [email] => udin@gmail.com
            [password] => $2y$10$9kVXeKAthFw9q.ufMS8QROXgLFNFyncZwjwX4he7cdOxGPvWR0yYG
            [role] => notulensi
            [Bidang] => IKP
            [profil_foto] => 1737989756_c65595a1af910fde5423.jpg
            [alamat] => 
            [jabatan] => Sekretaris
            [tanggal_lahir] => 
            [created_at] => 2025-01-27 14:55:56
            [updated_at] => 2025-01-27 14:55:56
        )

)

INFO - 2025-01-28 04:46:39 --> Session: Class initialized using 'CodeIgniter\Session\Handlers\FileHandler' driver.
INFO - 2025-01-28 04:46:39 --> User profile for ID 9 retrieved successfully.
INFO - 2025-01-28 04:46:41 --> Session: Class initialized using 'CodeIgniter\Session\Handlers\FileHandler' driver.
INFO - 2025-01-28 04:46:41 --> Session: Class initialized using 'CodeIgniter\Session\Handlers\FileHandler' driver.
INFO - 2025-01-28 04:46:42 --> Session: Class initialized using 'CodeIgniter\Session\Handlers\FileHandler' driver.
INFO - 2025-01-28 04:47:34 --> Mencoba mengambil pengguna dengan role notulensi dan pegawai
INFO - 2025-01-28 04:47:34 --> Pengguna dengan role notulensi atau pegawai ditemukan: Array
(
    [0] => Array
        (
            [user_id] => 3
            [username] => admin
            [nama] => John 
            [nip] => 123456789
            [email] => admin@example.com
            [password] => $2y$10$vtl3rv1OaY3pW2hnmPpXoe1OzmxqdjvxJLl.7qZDvhjN8fQfo6Mhq


            [role] => pegawai
            [Bidang] => Statistik dan Persandian
            [profil_foto] => profile1.jpg
            [alamat] => Jl. Merdeka No. 123, Jakarta
            [jabatan] => korea
            [tanggal_lahir] => 
            [created_at] => 2025-01-09 22:02:06
            [updated_at] => 2025-01-27 17:20:44
        )

    [1] => Array
        (
            [user_id] => 6
            [username] => wulan
            [nama] => wulandari 
            [nip] => 18679202938390
            [email] => lala@gmail.com
            [password] => $2y$10$QW2QpL2k9f5eBfqMjakx7eNCI3/XVLCO9a42jzNPjzvXpS8iFmqoK
            [role] => notulensi
            [Bidang] => Aptika
            [profil_foto] => pegawai.png


            [alamat] => 
            [jabatan] => sek
            [tanggal_lahir] => 
            [created_at] => 2025-01-09 15:02:18
            [updated_at] => 2025-01-27 17:37:11
        )

    [2] => Array
        (
            [user_id] => 7
            [username] => lala
            [nama] => lala

            [nip] => 123456789123456789
            [email] => lala1@gmail.com
            [password] => $2y$10$tBSYxTpvfWjIlSkqSZ.7TeAQp2RvMqDg2J91d0vUGxaieUvPIv61a
            [role] => notulensi
            [Bidang] => Aptika
            [profil_foto] => 
            [alamat] => 
            [jabatan] => 
            [tanggal_lahir] => 
            [created_at] => 2025-01-09 15:16:16
            [updated_at] => 2025-01-15 21:48:23
        )

    [3] => Array
        (
            [user_id] => 13
            [username] => jaja
            [nama] => jungwon
            [nip] => 123456788987654324
            [email] => jaja@gmail.com
            [password] => $2y$10$nVk3.ULQ.f2qJcwl.zo9p.3ZmVs8RESB.SYe8GvwHZ4Y.pEHR.TlO
            [role] => pegawai
            [Bidang] => IKP
            [profil_foto] => pegawai.png
            [alamat] => 
            [jabatan] => korea
            [tanggal_lahir] => 
            [created_at] => 2025-01-13 07:53:10
            [updated_at] => 2025-01-17 07:33:28
        )

    [4] => Array
        (
            [user_id] => 18
            [username] => notulensi_user18
            [nama] => Nama Notulensi 18
            [nip] => 12345678918
            [email] => notulensi_user18@example.com
            [password] => password_enkripsi18
            [role] => notulensi
            [Bidang] => Administrasi
            [profil_foto] => 
            [alamat] => Alamat Notulensi 18
            [jabatan] => Notulensi
            [tanggal_lahir] => 1998-08-18
            [created_at] => 2025-01-16 09:28:25
            [updated_at] => 2025-01-17 00:16:49
        )

    [5] => Array
        (
            [user_id] => 26
            [username] => notulensi
            [nama] => alhamdulilla
            [nip] => 345678909876789376
            [email] => notulensi@gmail.com
            [password] => $2y$10$ZhNj131GHHBnlqCvbB3.bOR13E/V13x3i1tumnFZPNg.YhqScDCnq
            [role] => notulensi
            [Bidang] => 
            [profil_foto] => image.png

            [alamat] => 
            [jabatan] => 
            [tanggal_lahir] => 
            [created_at] => 2025-01-16 02:36:45
            [updated_at] => 2025-01-16 15:11:16
        )

    [6] => Array
        (
            [user_id] => 32
            [username] => dadang
            [nama] => cindy arwinda 
            [nip] => 098765432234567892
            [email] => dadang@gmail.com
            [password] => $2y$10$FKo1RqxUsHWcoWzbk5ZZae9C4Al32xjQuyf99kyXR4CMMYtDOyMVC
            [role] => notulensi
            [Bidang] => IKP
            [profil_foto] => 2.jpg
            [alamat] => 
            [jabatan] => Sekretaris
            [tanggal_lahir] => 
            [created_at] => 2025-01-17 09:26:42
            [updated_at] => 2025-01-27 20:37:10
        )

    [7] => Array
        (
            [user_id] => 40
            [username] => cindy
            [nama] => cindy arwinda putry
            [nip] => 123456788987654259
            [email] => cindy@gmail.com
            [password] => $2y$10$fFtsHB1wzUtGMaBUM0/c3uv.EFy0QXZgTj6.q2gKaPtCdUVYHNMqG
            [role] => notulensi
            [Bidang] => IKP
            [profil_foto] => 2.jpg
            [alamat] => 
            [jabatan] => Sekretaris
            [tanggal_lahir] => 
            [created_at] => 2025-01-21 05:07:14
            [updated_at] => 2025-01-27 00:04:23
        )

    [8] => Array
        (
            [user_id] => 46
            [username] => bismillah
            [nama] => 
            [nip] => 123456789023749185
            [email] => bismillah10@gmail.com
            [password] => $2y$10$xL7EcP9eM.sZ7iGKd8FpnuEzf3a4WEgfr3jNz0Ujw3YyxXNfmQKIq
            [role] => pegawai
            [Bidang] => APTIKA
            [profil_foto] => 
            [alamat] => 
            [jabatan] => 
            [tanggal_lahir] => 
            [created_at] => 2025-01-24 08:06:32
            [updated_at] => 2025-01-24 08:06:32
        )

    [9] => Array
        (
            [user_id] => 55
            [username] => intan 
            [nama] => intan salma denaidy
            [nip] => 123456788987654027
            [email] => udin@gmail.com
            [password] => $2y$10$9kVXeKAthFw9q.ufMS8QROXgLFNFyncZwjwX4he7cdOxGPvWR0yYG
            [role] => notulensi
            [Bidang] => IKP
            [profil_foto] => 1737989756_c65595a1af910fde5423.jpg
            [alamat] => 
            [jabatan] => Sekretaris
            [tanggal_lahir] => 
            [created_at] => 2025-01-27 14:55:56
            [updated_at] => 2025-01-27 14:55:56
        )

)

INFO - 2025-01-28 04:47:34 --> Session: Class initialized using 'CodeIgniter\Session\Handlers\FileHandler' driver.
INFO - 2025-01-28 04:47:34 --> User profile for ID 9 retrieved successfully.
INFO - 2025-01-28 04:47:34 --> Session: Class initialized using 'CodeIgniter\Session\Handlers\FileHandler' driver.
INFO - 2025-01-28 04:47:45 --> Session: Class initialized using 'CodeIgniter\Session\Handlers\FileHandler' driver.
INFO - 2025-01-28 04:47:46 --> Session: Class initialized using 'CodeIgniter\Session\Handlers\FileHandler' driver.
INFO - 2025-01-28 04:47:57 --> Mencoba mengambil pengguna dengan role notulensi dan pegawai
INFO - 2025-01-28 04:47:57 --> Pengguna dengan role notulensi atau pegawai ditemukan: Array
(
    [0] => Array
        (
            [user_id] => 3
            [username] => admin
            [nama] => John 
            [nip] => 123456789
            [email] => admin@example.com
            [password] => $2y$10$vtl3rv1OaY3pW2hnmPpXoe1OzmxqdjvxJLl.7qZDvhjN8fQfo6Mhq


            [role] => pegawai
            [Bidang] => Statistik dan Persandian
            [profil_foto] => profile1.jpg
            [alamat] => Jl. Merdeka No. 123, Jakarta
            [jabatan] => korea
            [tanggal_lahir] => 
            [created_at] => 2025-01-09 22:02:06
            [updated_at] => 2025-01-27 17:20:44
        )

    [1] => Array
        (
            [user_id] => 6
            [username] => wulan
            [nama] => wulandari 
            [nip] => 18679202938390
            [email] => lala@gmail.com
            [password] => $2y$10$QW2QpL2k9f5eBfqMjakx7eNCI3/XVLCO9a42jzNPjzvXpS8iFmqoK
            [role] => notulensi
            [Bidang] => Aptika
            [profil_foto] => pegawai.png


            [alamat] => 
            [jabatan] => sek
            [tanggal_lahir] => 
            [created_at] => 2025-01-09 15:02:18
            [updated_at] => 2025-01-27 17:37:11
        )

    [2] => Array
        (
            [user_id] => 7
            [username] => lala
            [nama] => lala

            [nip] => 123456789123456789
            [email] => lala1@gmail.com
            [password] => $2y$10$tBSYxTpvfWjIlSkqSZ.7TeAQp2RvMqDg2J91d0vUGxaieUvPIv61a
            [role] => notulensi
            [Bidang] => Aptika
            [profil_foto] => 
            [alamat] => 
            [jabatan] => 
            [tanggal_lahir] => 
            [created_at] => 2025-01-09 15:16:16
            [updated_at] => 2025-01-15 21:48:23
        )

    [3] => Array
        (
            [user_id] => 13
            [username] => jaja
            [nama] => jungwon
            [nip] => 123456788987654324
            [email] => jaja@gmail.com
            [password] => $2y$10$nVk3.ULQ.f2qJcwl.zo9p.3ZmVs8RESB.SYe8GvwHZ4Y.pEHR.TlO
            [role] => pegawai
            [Bidang] => IKP
            [profil_foto] => pegawai.png
            [alamat] => 
            [jabatan] => korea
            [tanggal_lahir] => 
            [created_at] => 2025-01-13 07:53:10
            [updated_at] => 2025-01-17 07:33:28
        )

    [4] => Array
        (
            [user_id] => 18
            [username] => notulensi_user18
            [nama] => Nama Notulensi 18
            [nip] => 12345678918
            [email] => notulensi_user18@example.com
            [password] => password_enkripsi18
            [role] => notulensi
            [Bidang] => Administrasi
            [profil_foto] => 
            [alamat] => Alamat Notulensi 18
            [jabatan] => Notulensi
            [tanggal_lahir] => 1998-08-18
            [created_at] => 2025-01-16 09:28:25
            [updated_at] => 2025-01-17 00:16:49
        )

    [5] => Array
        (
            [user_id] => 26
            [username] => notulensi
            [nama] => alhamdulilla
            [nip] => 345678909876789376
            [email] => notulensi@gmail.com
            [password] => $2y$10$ZhNj131GHHBnlqCvbB3.bOR13E/V13x3i1tumnFZPNg.YhqScDCnq
            [role] => notulensi
            [Bidang] => 
            [profil_foto] => image.png

            [alamat] => 
            [jabatan] => 
            [tanggal_lahir] => 
            [created_at] => 2025-01-16 02:36:45
            [updated_at] => 2025-01-16 15:11:16
        )

    [6] => Array
        (
            [user_id] => 32
            [username] => dadang
            [nama] => cindy arwinda 
            [nip] => 098765432234567892
            [email] => dadang@gmail.com
            [password] => $2y$10$FKo1RqxUsHWcoWzbk5ZZae9C4Al32xjQuyf99kyXR4CMMYtDOyMVC
            [role] => notulensi
            [Bidang] => IKP
            [profil_foto] => 2.jpg
            [alamat] => 
            [jabatan] => Sekretaris
            [tanggal_lahir] => 
            [created_at] => 2025-01-17 09:26:42
            [updated_at] => 2025-01-27 20:37:10
        )

    [7] => Array
        (
            [user_id] => 40
            [username] => cindy
            [nama] => cindy arwinda putry
            [nip] => 123456788987654259
            [email] => cindy@gmail.com
            [password] => $2y$10$fFtsHB1wzUtGMaBUM0/c3uv.EFy0QXZgTj6.q2gKaPtCdUVYHNMqG
            [role] => notulensi
            [Bidang] => IKP
            [profil_foto] => 2.jpg
            [alamat] => 
            [jabatan] => Sekretaris
            [tanggal_lahir] => 
            [created_at] => 2025-01-21 05:07:14
            [updated_at] => 2025-01-27 00:04:23
        )

    [8] => Array
        (
            [user_id] => 46
            [username] => bismillah
            [nama] => 
            [nip] => 123456789023749185
            [email] => bismillah10@gmail.com
            [password] => $2y$10$xL7EcP9eM.sZ7iGKd8FpnuEzf3a4WEgfr3jNz0Ujw3YyxXNfmQKIq
            [role] => pegawai
            [Bidang] => APTIKA
            [profil_foto] => 
            [alamat] => 
            [jabatan] => 
            [tanggal_lahir] => 
            [created_at] => 2025-01-24 08:06:32
            [updated_at] => 2025-01-24 08:06:32
        )

    [9] => Array
        (
            [user_id] => 55
            [username] => intan 
            [nama] => intan salma denaidy
            [nip] => 123456788987654027
            [email] => udin@gmail.com
            [password] => $2y$10$9kVXeKAthFw9q.ufMS8QROXgLFNFyncZwjwX4he7cdOxGPvWR0yYG
            [role] => notulensi
            [Bidang] => IKP
            [profil_foto] => 1737989756_c65595a1af910fde5423.jpg
            [alamat] => 
            [jabatan] => Sekretaris
            [tanggal_lahir] => 
            [created_at] => 2025-01-27 14:55:56
            [updated_at] => 2025-01-27 14:55:56
        )

)

INFO - 2025-01-28 04:47:57 --> Session: Class initialized using 'CodeIgniter\Session\Handlers\FileHandler' driver.
INFO - 2025-01-28 04:47:57 --> User profile for ID 9 retrieved successfully.
INFO - 2025-01-28 04:47:58 --> Session: Class initialized using 'CodeIgniter\Session\Handlers\FileHandler' driver.
INFO - 2025-01-28 04:49:10 --> Session: Class initialized using 'CodeIgniter\Session\Handlers\FileHandler' driver.
INFO - 2025-01-28 04:49:12 --> Session: Class initialized using 'CodeIgniter\Session\Handlers\FileHandler' driver.
INFO - 2025-01-28 04:49:13 --> Session: Class initialized using 'CodeIgniter\Session\Handlers\FileHandler' driver.
INFO - 2025-01-28 04:49:17 --> Session: Class initialized using 'CodeIgniter\Session\Handlers\FileHandler' driver.
ERROR - 2025-01-28 04:49:17 --> Login attempt with username: dadang
ERROR - 2025-01-28 04:49:17 --> Checking login for username: dadang
ERROR - 2025-01-28 04:49:17 --> User data: Array
(
    [user_id] => 32
    [username] => dadang
    [nama] => cindy arwinda 
    [nip] => 098765432234567892
    [email] => dadang@gmail.com
    [password] => $2y$10$FKo1RqxUsHWcoWzbk5ZZae9C4Al32xjQuyf99kyXR4CMMYtDOyMVC
    [role] => notulensi
    [Bidang] => IKP
    [profil_foto] => 2.jpg
    [alamat] => 
    [jabatan] => Sekretaris
    [tanggal_lahir] => 
    [created_at] => 2025-01-17 09:26:42
    [updated_at] => 2025-01-27 20:37:10
)

ERROR - 2025-01-28 04:49:17 --> Password verify result for username dadang: Success
ERROR - 2025-01-28 04:49:17 --> Login success for username: dadang
INFO - 2025-01-28 04:49:17 --> Session: Class initialized using 'CodeIgniter\Session\Handlers\FileHandler' driver.
DEBUG - 2025-01-28 04:49:17 --> User ID: 32
DEBUG - 2025-01-28 04:49:17 --> Profile Picture: 2.jpg
DEBUG - 2025-01-28 04:49:17 --> User Name: cindy arwinda 
DEBUG - 2025-01-28 04:49:17 --> User Role: notulensi
INFO - 2025-01-28 04:49:18 --> Session: Class initialized using 'CodeIgniter\Session\Handlers\FileHandler' driver.
INFO - 2025-01-28 04:49:26 --> Session: Class initialized using 'CodeIgniter\Session\Handlers\FileHandler' driver.
DEBUG - 2025-01-28 04:49:26 --> User ID: 32
DEBUG - 2025-01-28 04:49:26 --> Profile Picture: 2.jpg
DEBUG - 2025-01-28 04:49:26 --> User Name: cindy arwinda 
DEBUG - 2025-01-28 04:49:26 --> User Role: notulensi
INFO - 2025-01-28 04:49:27 --> Session: Class initialized using 'CodeIgniter\Session\Handlers\FileHandler' driver.
INFO - 2025-01-28 04:49:32 --> Session: Class initialized using 'CodeIgniter\Session\Handlers\FileHandler' driver.
INFO - 2025-01-28 04:49:33 --> Session: Class initialized using 'CodeIgniter\Session\Handlers\FileHandler' driver.
INFO - 2025-01-28 04:49:51 --> Session: Class initialized using 'CodeIgniter\Session\Handlers\FileHandler' driver.
INFO - 2025-01-28 04:49:52 --> Session: Class initialized using 'CodeIgniter\Session\Handlers\FileHandler' driver.
INFO - 2025-01-28 04:49:52 --> Session: Class initialized using 'CodeIgniter\Session\Handlers\FileHandler' driver.
INFO - 2025-01-28 04:49:53 --> Session: Class initialized using 'CodeIgniter\Session\Handlers\FileHandler' driver.
INFO - 2025-01-28 04:50:05 --> Session: Class initialized using 'CodeIgniter\Session\Handlers\FileHandler' driver.
INFO - 2025-01-28 04:50:06 --> Session: Class initialized using 'CodeIgniter\Session\Handlers\FileHandler' driver.
INFO - 2025-01-28 04:50:06 --> Session: Class initialized using 'CodeIgniter\Session\Handlers\FileHandler' driver.
INFO - 2025-01-28 04:50:13 --> Session: Class initialized using 'CodeIgniter\Session\Handlers\FileHandler' driver.
ERROR - 2025-01-28 04:50:13 --> Login attempt with username: dadang
ERROR - 2025-01-28 04:50:13 --> Checking login for username: dadang
ERROR - 2025-01-28 04:50:13 --> User data: Array
(
    [user_id] => 32
    [username] => dadang
    [nama] => cindy arwinda 
    [nip] => 098765432234567892
    [email] => dadang@gmail.com
    [password] => $2y$10$FKo1RqxUsHWcoWzbk5ZZae9C4Al32xjQuyf99kyXR4CMMYtDOyMVC
    [role] => notulensi
    [Bidang] => IKP
    [profil_foto] => 2.jpg
    [alamat] => 
    [jabatan] => Sekretaris
    [tanggal_lahir] => 
    [created_at] => 2025-01-17 09:26:42
    [updated_at] => 2025-01-27 20:37:10
)

ERROR - 2025-01-28 04:50:13 --> Password verify result for username dadang: Success
ERROR - 2025-01-28 04:50:13 --> Login success for username: dadang
INFO - 2025-01-28 04:50:13 --> Session: Class initialized using 'CodeIgniter\Session\Handlers\FileHandler' driver.
DEBUG - 2025-01-28 04:50:13 --> User ID: 32
DEBUG - 2025-01-28 04:50:13 --> Profile Picture: 2.jpg
DEBUG - 2025-01-28 04:50:13 --> User Name: cindy arwinda 
DEBUG - 2025-01-28 04:50:13 --> User Role: notulensi
INFO - 2025-01-28 04:50:14 --> Session: Class initialized using 'CodeIgniter\Session\Handlers\FileHandler' driver.
INFO - 2025-01-28 04:50:17 --> Session: Class initialized using 'CodeIgniter\Session\Handlers\FileHandler' driver.
INFO - 2025-01-28 04:50:17 --> Session: Class initialized using 'CodeIgniter\Session\Handlers\FileHandler' driver.
INFO - 2025-01-28 04:50:57 --> Session: Class initialized using 'CodeIgniter\Session\Handlers\FileHandler' driver.
INFO - 2025-01-28 04:50:58 --> Session: Class initialized using 'CodeIgniter\Session\Handlers\FileHandler' driver.
INFO - 2025-01-28 04:51:55 --> Session: Class initialized using 'CodeIgniter\Session\Handlers\FileHandler' driver.
INFO - 2025-01-28 04:51:56 --> Session: Class initialized using 'CodeIgniter\Session\Handlers\FileHandler' driver.
INFO - 2025-01-28 04:51:57 --> Session: Class initialized using 'CodeIgniter\Session\Handlers\FileHandler' driver.
INFO - 2025-01-28 04:52:02 --> Session: Class initialized using 'CodeIgniter\Session\Handlers\FileHandler' driver.
ERROR - 2025-01-28 04:52:02 --> Login attempt with username: lili
ERROR - 2025-01-28 04:52:02 --> Checking login for username: lili
ERROR - 2025-01-28 04:52:02 --> User data: Array
(
    [user_id] => 9
    [username] => lili
    [nama] => alhamdulillah
    [nip] => 123456780123456789
    [email] => bismillah@gmail.com
    [password] => $2y$10$VOHOtZEaMBJvPLDT6v5/2uXNDqowMBRRYCjIGJtTPqb41gpCwVLI6
    [role] => admin
    [Bidang] => 
    [profil_foto] => 7 (1).jpg
    [alamat] => jalan  saja
    [jabatan] => Sekretaris
    [tanggal_lahir] => 2003-07-09
    [created_at] => 2025-01-10 02:06:34
    [updated_at] => 2025-01-26 16:57:48
)

ERROR - 2025-01-28 04:52:02 --> Password verify result for username lili: Success
ERROR - 2025-01-28 04:52:02 --> Login success for username: lili
INFO - 2025-01-28 04:52:03 --> Session: Class initialized using 'CodeIgniter\Session\Handlers\FileHandler' driver.
DEBUG - 2025-01-28 04:52:03 --> User ID: 9
DEBUG - 2025-01-28 04:52:03 --> Profile Picture: 7 (1).jpg
DEBUG - 2025-01-28 04:52:03 --> User Name: alhamdulillah
DEBUG - 2025-01-28 04:52:03 --> User Role: admin
INFO - 2025-01-28 04:52:03 --> Session: Class initialized using 'CodeIgniter\Session\Handlers\FileHandler' driver.
INFO - 2025-01-28 04:54:40 --> Session: Class initialized using 'CodeIgniter\Session\Handlers\FileHandler' driver.
DEBUG - 2025-01-28 04:54:40 --> User ID: 9
DEBUG - 2025-01-28 04:54:40 --> Profile Picture: 7 (1).jpg
DEBUG - 2025-01-28 04:54:40 --> User Name: alhamdulillah
DEBUG - 2025-01-28 04:54:40 --> User Role: admin
INFO - 2025-01-28 04:54:41 --> Session: Class initialized using 'CodeIgniter\Session\Handlers\FileHandler' driver.
INFO - 2025-01-28 04:54:46 --> Session: Class initialized using 'CodeIgniter\Session\Handlers\FileHandler' driver.
INFO - 2025-01-28 04:54:48 --> Session: Class initialized using 'CodeIgniter\Session\Handlers\FileHandler' driver.
INFO - 2025-01-28 04:55:44 --> Session: Class initialized using 'CodeIgniter\Session\Handlers\FileHandler' driver.
INFO - 2025-01-28 04:55:47 --> Session: Class initialized using 'CodeIgniter\Session\Handlers\FileHandler' driver.
INFO - 2025-01-28 04:57:00 --> Session: Class initialized using 'CodeIgniter\Session\Handlers\FileHandler' driver.
INFO - 2025-01-28 04:57:03 --> Session: Class initialized using 'CodeIgniter\Session\Handlers\FileHandler' driver.
INFO - 2025-01-28 04:57:04 --> Session: Class initialized using 'CodeIgniter\Session\Handlers\FileHandler' driver.
INFO - 2025-01-28 04:57:15 --> Session: Class initialized using 'CodeIgniter\Session\Handlers\FileHandler' driver.
ERROR - 2025-01-28 04:57:15 --> Login attempt with username: dadang
ERROR - 2025-01-28 04:57:15 --> Checking login for username: dadang
ERROR - 2025-01-28 04:57:15 --> User data: Array
(
    [user_id] => 32
    [username] => dadang
    [nama] => cindy arwinda 
    [nip] => 098765432234567892
    [email] => dadang@gmail.com
    [password] => $2y$10$FKo1RqxUsHWcoWzbk5ZZae9C4Al32xjQuyf99kyXR4CMMYtDOyMVC
    [role] => notulensi
    [Bidang] => IKP
    [profil_foto] => 2.jpg
    [alamat] => 
    [jabatan] => Sekretaris
    [tanggal_lahir] => 
    [created_at] => 2025-01-17 09:26:42
    [updated_at] => 2025-01-27 20:37:10
)

ERROR - 2025-01-28 04:57:15 --> Password verify result for username dadang: Failure
ERROR - 2025-01-28 04:57:15 --> Login failed for username: dadang
INFO - 2025-01-28 04:57:16 --> Session: Class initialized using 'CodeIgniter\Session\Handlers\FileHandler' driver.
INFO - 2025-01-28 04:57:16 --> Session: Class initialized using 'CodeIgniter\Session\Handlers\FileHandler' driver.
INFO - 2025-01-28 04:57:24 --> Session: Class initialized using 'CodeIgniter\Session\Handlers\FileHandler' driver.
ERROR - 2025-01-28 04:57:24 --> Login attempt with username: dadang
ERROR - 2025-01-28 04:57:24 --> Checking login for username: dadang
ERROR - 2025-01-28 04:57:24 --> User data: Array
(
    [user_id] => 32
    [username] => dadang
    [nama] => cindy arwinda 
    [nip] => 098765432234567892
    [email] => dadang@gmail.com
    [password] => $2y$10$FKo1RqxUsHWcoWzbk5ZZae9C4Al32xjQuyf99kyXR4CMMYtDOyMVC
    [role] => notulensi
    [Bidang] => IKP
    [profil_foto] => 2.jpg
    [alamat] => 
    [jabatan] => Sekretaris
    [tanggal_lahir] => 
    [created_at] => 2025-01-17 09:26:42
    [updated_at] => 2025-01-27 20:37:10
)

ERROR - 2025-01-28 04:57:25 --> Password verify result for username dadang: Success
ERROR - 2025-01-28 04:57:25 --> Login success for username: dadang
INFO - 2025-01-28 04:57:25 --> Session: Class initialized using 'CodeIgniter\Session\Handlers\FileHandler' driver.
DEBUG - 2025-01-28 04:57:25 --> User ID: 32
DEBUG - 2025-01-28 04:57:25 --> Profile Picture: 2.jpg
DEBUG - 2025-01-28 04:57:25 --> User Name: cindy arwinda 
DEBUG - 2025-01-28 04:57:25 --> User Role: notulensi
INFO - 2025-01-28 04:57:26 --> Session: Class initialized using 'CodeIgniter\Session\Handlers\FileHandler' driver.
INFO - 2025-01-28 04:57:30 --> Session: Class initialized using 'CodeIgniter\Session\Handlers\FileHandler' driver.
INFO - 2025-01-28 04:57:31 --> Session: Class initialized using 'CodeIgniter\Session\Handlers\FileHandler' driver.
INFO - 2025-01-28 04:58:20 --> Session: Class initialized using 'CodeIgniter\Session\Handlers\FileHandler' driver.
INFO - 2025-01-28 04:58:21 --> Session: Class initialized using 'CodeIgniter\Session\Handlers\FileHandler' driver.
INFO - 2025-01-28 04:58:22 --> Session: Class initialized using 'CodeIgniter\Session\Handlers\FileHandler' driver.
INFO - 2025-01-28 04:58:33 --> Session: Class initialized using 'CodeIgniter\Session\Handlers\FileHandler' driver.
ERROR - 2025-01-28 04:58:33 --> Login attempt with username: lili
ERROR - 2025-01-28 04:58:33 --> Checking login for username: lili
ERROR - 2025-01-28 04:58:33 --> User data: Array
(
    [user_id] => 9
    [username] => lili
    [nama] => alhamdulillah
    [nip] => 123456780123456789
    [email] => bismillah@gmail.com
    [password] => $2y$10$VOHOtZEaMBJvPLDT6v5/2uXNDqowMBRRYCjIGJtTPqb41gpCwVLI6
    [role] => admin
    [Bidang] => 
    [profil_foto] => 7 (1).jpg
    [alamat] => jalan  saja
    [jabatan] => Sekretaris
    [tanggal_lahir] => 2003-07-09
    [created_at] => 2025-01-10 02:06:34
    [updated_at] => 2025-01-26 16:57:48
)

ERROR - 2025-01-28 04:58:33 --> Password verify result for username lili: Success
ERROR - 2025-01-28 04:58:33 --> Login success for username: lili
INFO - 2025-01-28 04:58:33 --> Session: Class initialized using 'CodeIgniter\Session\Handlers\FileHandler' driver.
DEBUG - 2025-01-28 04:58:33 --> User ID: 9
DEBUG - 2025-01-28 04:58:33 --> Profile Picture: 7 (1).jpg
DEBUG - 2025-01-28 04:58:33 --> User Name: alhamdulillah
DEBUG - 2025-01-28 04:58:33 --> User Role: admin
INFO - 2025-01-28 04:58:35 --> Session: Class initialized using 'CodeIgniter\Session\Handlers\FileHandler' driver.
INFO - 2025-01-28 04:58:36 --> Mencoba mengambil pengguna dengan role notulensi dan pegawai
INFO - 2025-01-28 04:58:36 --> Pengguna dengan role notulensi atau pegawai ditemukan: Array
(
    [0] => Array
        (
            [user_id] => 3
            [username] => admin
            [nama] => John 
            [nip] => 123456789
            [email] => admin@example.com
            [password] => $2y$10$vtl3rv1OaY3pW2hnmPpXoe1OzmxqdjvxJLl.7qZDvhjN8fQfo6Mhq


            [role] => pegawai
            [Bidang] => Statistik dan Persandian
            [profil_foto] => profile1.jpg
            [alamat] => Jl. Merdeka No. 123, Jakarta
            [jabatan] => korea
            [tanggal_lahir] => 
            [created_at] => 2025-01-09 22:02:06
            [updated_at] => 2025-01-27 17:20:44
        )

    [1] => Array
        (
            [user_id] => 6
            [username] => wulan
            [nama] => wulandari 
            [nip] => 18679202938390
            [email] => lala@gmail.com
            [password] => $2y$10$QW2QpL2k9f5eBfqMjakx7eNCI3/XVLCO9a42jzNPjzvXpS8iFmqoK
            [role] => notulensi
            [Bidang] => Aptika
            [profil_foto] => pegawai.png


            [alamat] => 
            [jabatan] => sek
            [tanggal_lahir] => 
            [created_at] => 2025-01-09 15:02:18
            [updated_at] => 2025-01-27 17:37:11
        )

    [2] => Array
        (
            [user_id] => 7
            [username] => lala
            [nama] => lala

            [nip] => 123456789123456789
            [email] => lala1@gmail.com
            [password] => $2y$10$tBSYxTpvfWjIlSkqSZ.7TeAQp2RvMqDg2J91d0vUGxaieUvPIv61a
            [role] => notulensi
            [Bidang] => Aptika
            [profil_foto] => 
            [alamat] => 
            [jabatan] => 
            [tanggal_lahir] => 
            [created_at] => 2025-01-09 15:16:16
            [updated_at] => 2025-01-15 21:48:23
        )

    [3] => Array
        (
            [user_id] => 13
            [username] => jaja
            [nama] => jungwon
            [nip] => 123456788987654324
            [email] => jaja@gmail.com
            [password] => $2y$10$nVk3.ULQ.f2qJcwl.zo9p.3ZmVs8RESB.SYe8GvwHZ4Y.pEHR.TlO
            [role] => pegawai
            [Bidang] => IKP
            [profil_foto] => pegawai.png
            [alamat] => 
            [jabatan] => korea
            [tanggal_lahir] => 
            [created_at] => 2025-01-13 07:53:10
            [updated_at] => 2025-01-17 07:33:28
        )

    [4] => Array
        (
            [user_id] => 18
            [username] => notulensi_user18
            [nama] => Nama Notulensi 18
            [nip] => 12345678918
            [email] => notulensi_user18@example.com
            [password] => password_enkripsi18
            [role] => notulensi
            [Bidang] => Administrasi
            [profil_foto] => 
            [alamat] => Alamat Notulensi 18
            [jabatan] => Notulensi
            [tanggal_lahir] => 1998-08-18
            [created_at] => 2025-01-16 09:28:25
            [updated_at] => 2025-01-17 00:16:49
        )

    [5] => Array
        (
            [user_id] => 26
            [username] => notulensi
            [nama] => alhamdulilla
            [nip] => 345678909876789376
            [email] => notulensi@gmail.com
            [password] => $2y$10$ZhNj131GHHBnlqCvbB3.bOR13E/V13x3i1tumnFZPNg.YhqScDCnq
            [role] => notulensi
            [Bidang] => 
            [profil_foto] => image.png

            [alamat] => 
            [jabatan] => 
            [tanggal_lahir] => 
            [created_at] => 2025-01-16 02:36:45
            [updated_at] => 2025-01-16 15:11:16
        )

    [6] => Array
        (
            [user_id] => 32
            [username] => dadang
            [nama] => cindy arwinda 
            [nip] => 098765432234567892
            [email] => dadang@gmail.com
            [password] => $2y$10$FKo1RqxUsHWcoWzbk5ZZae9C4Al32xjQuyf99kyXR4CMMYtDOyMVC
            [role] => notulensi
            [Bidang] => IKP
            [profil_foto] => 2.jpg
            [alamat] => 
            [jabatan] => Sekretaris
            [tanggal_lahir] => 
            [created_at] => 2025-01-17 09:26:42
            [updated_at] => 2025-01-27 20:37:10
        )

    [7] => Array
        (
            [user_id] => 40
            [username] => cindy
            [nama] => cindy arwinda putry
            [nip] => 123456788987654259
            [email] => cindy@gmail.com
            [password] => $2y$10$fFtsHB1wzUtGMaBUM0/c3uv.EFy0QXZgTj6.q2gKaPtCdUVYHNMqG
            [role] => notulensi
            [Bidang] => IKP
            [profil_foto] => 2.jpg
            [alamat] => 
            [jabatan] => Sekretaris
            [tanggal_lahir] => 
            [created_at] => 2025-01-21 05:07:14
            [updated_at] => 2025-01-27 00:04:23
        )

    [8] => Array
        (
            [user_id] => 46
            [username] => bismillah
            [nama] => 
            [nip] => 123456789023749185
            [email] => bismillah10@gmail.com
            [password] => $2y$10$xL7EcP9eM.sZ7iGKd8FpnuEzf3a4WEgfr3jNz0Ujw3YyxXNfmQKIq
            [role] => pegawai
            [Bidang] => APTIKA
            [profil_foto] => 
            [alamat] => 
            [jabatan] => 
            [tanggal_lahir] => 
            [created_at] => 2025-01-24 08:06:32
            [updated_at] => 2025-01-24 08:06:32
        )

    [9] => Array
        (
            [user_id] => 55
            [username] => intan 
            [nama] => intan salma denaidy
            [nip] => 123456788987654027
            [email] => udin@gmail.com
            [password] => $2y$10$9kVXeKAthFw9q.ufMS8QROXgLFNFyncZwjwX4he7cdOxGPvWR0yYG
            [role] => notulensi
            [Bidang] => IKP
            [profil_foto] => 1737989756_c65595a1af910fde5423.jpg
            [alamat] => 
            [jabatan] => Sekretaris
            [tanggal_lahir] => 
            [created_at] => 2025-01-27 14:55:56
            [updated_at] => 2025-01-27 14:55:56
        )

)

INFO - 2025-01-28 04:58:36 --> Session: Class initialized using 'CodeIgniter\Session\Handlers\FileHandler' driver.
INFO - 2025-01-28 04:58:36 --> User profile for ID 9 retrieved successfully.
INFO - 2025-01-28 04:58:37 --> Session: Class initialized using 'CodeIgniter\Session\Handlers\FileHandler' driver.
INFO - 2025-01-28 04:58:39 --> Session: Class initialized using 'CodeIgniter\Session\Handlers\FileHandler' driver.
INFO - 2025-01-28 04:58:40 --> Session: Class initialized using 'CodeIgniter\Session\Handlers\FileHandler' driver.
INFO - 2025-01-28 05:01:41 --> Session: Class initialized using 'CodeIgniter\Session\Handlers\FileHandler' driver.
INFO - 2025-01-28 05:01:42 --> Session: Class initialized using 'CodeIgniter\Session\Handlers\FileHandler' driver.
INFO - 2025-01-28 05:02:14 --> Session: Class initialized using 'CodeIgniter\Session\Handlers\FileHandler' driver.
INFO - 2025-01-28 05:02:16 --> Session: Class initialized using 'CodeIgniter\Session\Handlers\FileHandler' driver.
INFO - 2025-01-28 05:02:58 --> Session: Class initialized using 'CodeIgniter\Session\Handlers\FileHandler' driver.
INFO - 2025-01-28 05:02:59 --> Session: Class initialized using 'CodeIgniter\Session\Handlers\FileHandler' driver.
INFO - 2025-01-28 05:03:54 --> Session: Class initialized using 'CodeIgniter\Session\Handlers\FileHandler' driver.
INFO - 2025-01-28 05:03:55 --> Session: Class initialized using 'CodeIgniter\Session\Handlers\FileHandler' driver.
INFO - 2025-01-28 05:04:06 --> Session: Class initialized using 'CodeIgniter\Session\Handlers\FileHandler' driver.
INFO - 2025-01-28 05:04:07 --> Session: Class initialized using 'CodeIgniter\Session\Handlers\FileHandler' driver.
INFO - 2025-01-28 05:04:08 --> Session: Class initialized using 'CodeIgniter\Session\Handlers\FileHandler' driver.
INFO - 2025-01-28 05:04:17 --> Session: Class initialized using 'CodeIgniter\Session\Handlers\FileHandler' driver.
ERROR - 2025-01-28 05:04:17 --> Login attempt with username: dadang
ERROR - 2025-01-28 05:04:17 --> Checking login for username: dadang
ERROR - 2025-01-28 05:04:17 --> User data: Array
(
    [user_id] => 32
    [username] => dadang
    [nama] => cindy arwinda 
    [nip] => 098765432234567892
    [email] => dadang@gmail.com
    [password] => $2y$10$FKo1RqxUsHWcoWzbk5ZZae9C4Al32xjQuyf99kyXR4CMMYtDOyMVC
    [role] => notulensi
    [Bidang] => IKP
    [profil_foto] => 2.jpg
    [alamat] => 
    [jabatan] => Sekretaris
    [tanggal_lahir] => 
    [created_at] => 2025-01-17 09:26:42
    [updated_at] => 2025-01-27 20:37:10
)

ERROR - 2025-01-28 05:04:17 --> Password verify result for username dadang: Success
ERROR - 2025-01-28 05:04:17 --> Login success for username: dadang
INFO - 2025-01-28 05:04:17 --> Session: Class initialized using 'CodeIgniter\Session\Handlers\FileHandler' driver.
DEBUG - 2025-01-28 05:04:17 --> User ID: 32
DEBUG - 2025-01-28 05:04:17 --> Profile Picture: 2.jpg
DEBUG - 2025-01-28 05:04:17 --> User Name: cindy arwinda 
DEBUG - 2025-01-28 05:04:17 --> User Role: notulensi
INFO - 2025-01-28 05:04:18 --> Session: Class initialized using 'CodeIgniter\Session\Handlers\FileHandler' driver.
INFO - 2025-01-28 05:04:29 --> Session: Class initialized using 'CodeIgniter\Session\Handlers\FileHandler' driver.
INFO - 2025-01-28 05:04:29 --> Data pengguna ditemukan: user_id = 32
INFO - 2025-01-28 05:04:30 --> Session: Class initialized using 'CodeIgniter\Session\Handlers\FileHandler' driver.
INFO - 2025-01-28 05:04:37 --> Session: Class initialized using 'CodeIgniter\Session\Handlers\FileHandler' driver.
DEBUG - 2025-01-28 05:04:37 --> User ID: 32
DEBUG - 2025-01-28 05:04:37 --> Profile Picture: 2.jpg
DEBUG - 2025-01-28 05:04:37 --> User Name: cindy arwinda 
DEBUG - 2025-01-28 05:04:37 --> User Role: notulensi
INFO - 2025-01-28 05:04:38 --> Session: Class initialized using 'CodeIgniter\Session\Handlers\FileHandler' driver.
INFO - 2025-01-28 05:04:39 --> Session: Class initialized using 'CodeIgniter\Session\Handlers\FileHandler' driver.
INFO - 2025-01-28 05:04:40 --> Session: Class initialized using 'CodeIgniter\Session\Handlers\FileHandler' driver.
INFO - 2025-01-28 05:05:47 --> Session: Class initialized using 'CodeIgniter\Session\Handlers\FileHandler' driver.
INFO - 2025-01-28 05:05:48 --> Session: Class initialized using 'CodeIgniter\Session\Handlers\FileHandler' driver.
INFO - 2025-01-28 05:05:49 --> Session: Class initialized using 'CodeIgniter\Session\Handlers\FileHandler' driver.
INFO - 2025-01-28 05:05:55 --> Session: Class initialized using 'CodeIgniter\Session\Handlers\FileHandler' driver.
ERROR - 2025-01-28 05:05:55 --> Login attempt with username: lili
ERROR - 2025-01-28 05:05:55 --> Checking login for username: lili
ERROR - 2025-01-28 05:05:55 --> User data: Array
(
    [user_id] => 9
    [username] => lili
    [nama] => alhamdulillah
    [nip] => 123456780123456789
    [email] => bismillah@gmail.com
    [password] => $2y$10$VOHOtZEaMBJvPLDT6v5/2uXNDqowMBRRYCjIGJtTPqb41gpCwVLI6
    [role] => admin
    [Bidang] => 
    [profil_foto] => 7 (1).jpg
    [alamat] => jalan  saja
    [jabatan] => Sekretaris
    [tanggal_lahir] => 2003-07-09
    [created_at] => 2025-01-10 02:06:34
    [updated_at] => 2025-01-26 16:57:48
)

ERROR - 2025-01-28 05:05:55 --> Password verify result for username lili: Success
ERROR - 2025-01-28 05:05:55 --> Login success for username: lili
INFO - 2025-01-28 05:05:56 --> Session: Class initialized using 'CodeIgniter\Session\Handlers\FileHandler' driver.
DEBUG - 2025-01-28 05:05:56 --> User ID: 9
DEBUG - 2025-01-28 05:05:56 --> Profile Picture: 7 (1).jpg
DEBUG - 2025-01-28 05:05:56 --> User Name: alhamdulillah
DEBUG - 2025-01-28 05:05:56 --> User Role: admin
INFO - 2025-01-28 05:05:56 --> Session: Class initialized using 'CodeIgniter\Session\Handlers\FileHandler' driver.
INFO - 2025-01-28 05:06:00 --> Session: Class initialized using 'CodeIgniter\Session\Handlers\FileHandler' driver.
INFO - 2025-01-28 05:06:00 --> User profile for ID 9 retrieved successfully.
INFO - 2025-01-28 05:06:02 --> Session: Class initialized using 'CodeIgniter\Session\Handlers\FileHandler' driver.
INFO - 2025-01-28 05:06:03 --> Session: Class initialized using 'CodeIgniter\Session\Handlers\FileHandler' driver.
INFO - 2025-01-28 05:06:04 --> Data yang akan diperbarui: Array
(
)

INFO - 2025-01-28 05:06:04 --> Data sebelum pembaruan: Array
(
    [user_id] => 9
    [username] => lili
    [nama] => alhamdulillah
    [nip] => 123456780123456789
    [email] => bismillah@gmail.com
    [password] => $2y$10$VOHOtZEaMBJvPLDT6v5/2uXNDqowMBRRYCjIGJtTPqb41gpCwVLI6
    [role] => admin
    [Bidang] => 
    [profil_foto] => 7 (1).jpg
    [alamat] => jalan  saja
    [jabatan] => Sekretaris
    [tanggal_lahir] => 2003-07-09
    [created_at] => 2025-01-10 02:06:34
    [updated_at] => 2025-01-26 16:57:48
)

INFO - 2025-01-28 05:06:04 --> Data yang akan dikirim: Array
(
)

INFO - 2025-01-28 05:06:04 --> Tidak ada perubahan data untuk profil pengguna dengan ID 9
INFO - 2025-01-28 05:06:05 --> Session: Class initialized using 'CodeIgniter\Session\Handlers\FileHandler' driver.
INFO - 2025-01-28 05:06:10 --> Session: Class initialized using 'CodeIgniter\Session\Handlers\FileHandler' driver.
INFO - 2025-01-28 05:06:11 --> Session: Class initialized using 'CodeIgniter\Session\Handlers\FileHandler' driver.
INFO - 2025-01-28 05:13:43 --> Session: Class initialized using 'CodeIgniter\Session\Handlers\FileHandler' driver.
INFO - 2025-01-28 05:13:44 --> Session: Class initialized using 'CodeIgniter\Session\Handlers\FileHandler' driver.
