INFO - 2025-01-22 02:32:18 --> Session: Class initialized using 'CodeIgniter\Session\Handlers\FileHandler' driver.
ERROR - 2025-01-22 02:32:18 --> Login attempt with username: jaja
ERROR - 2025-01-22 02:32:18 --> Checking login for username: jaja
ERROR - 2025-01-22 02:32:18 --> User data: Array
(
    [user_id] => 13
    [username] => jaja
    [nama] => jungwon
    [nip] => 123456788987654324
    [email] => jaja@gmail.com
    [password] => $2y$10$nVk3.ULQ.f2qJcwl.zo9p.3ZmVs8RESB.SYe8GvwHZ4Y.pEHR.TlO
    [role] => pegawai
    [Bidang] => IKP
    [profil_foto] => pegawai.png
    [alamat] => 
    [jabatan] => korea
    [tanggal_lahir] => 
    [created_at] => 2025-01-13 07:53:10
    [updated_at] => 2025-01-17 07:33:28
)

ERROR - 2025-01-22 02:32:18 --> Password verify result for username jaja: Success
ERROR - 2025-01-22 02:32:18 --> Login success for username: jaja
INFO - 2025-01-22 02:32:18 --> Session: Class initialized using 'CodeIgniter\Session\Handlers\FileHandler' driver.
DEBUG - 2025-01-22 02:32:18 --> User ID: 13
DEBUG - 2025-01-22 02:32:18 --> Profile Picture: pegawai.png
DEBUG - 2025-01-22 02:32:18 --> User Name: jungwon
DEBUG - 2025-01-22 02:32:18 --> User Role: pegawai
INFO - 2025-01-22 02:32:19 --> Session: Class initialized using 'CodeIgniter\Session\Handlers\FileHandler' driver.
INFO - 2025-01-22 02:33:33 --> Session: Class initialized using 'CodeIgniter\Session\Handlers\FileHandler' driver.
DEBUG - 2025-01-22 02:33:33 --> User ID: 13
DEBUG - 2025-01-22 02:33:33 --> Profile Picture: pegawai.png
DEBUG - 2025-01-22 02:33:33 --> User Name: jungwon
DEBUG - 2025-01-22 02:33:33 --> User Role: pegawai
INFO - 2025-01-22 02:33:34 --> Session: Class initialized using 'CodeIgniter\Session\Handlers\FileHandler' driver.
INFO - 2025-01-22 02:33:59 --> Session: Class initialized using 'CodeIgniter\Session\Handlers\FileHandler' driver.
DEBUG - 2025-01-22 02:33:59 --> User ID: 9
DEBUG - 2025-01-22 02:33:59 --> Profile Picture: image.png
DEBUG - 2025-01-22 02:33:59 --> User Name: alhamdulillah
DEBUG - 2025-01-22 02:33:59 --> User Role: admin
INFO - 2025-01-22 02:33:59 --> Session: Class initialized using 'CodeIgniter\Session\Handlers\FileHandler' driver.
INFO - 2025-01-22 02:34:03 --> Session: Class initialized using 'CodeIgniter\Session\Handlers\FileHandler' driver.
DEBUG - 2025-01-22 02:34:03 --> User ID: 13
DEBUG - 2025-01-22 02:34:03 --> Profile Picture: pegawai.png
DEBUG - 2025-01-22 02:34:03 --> User Name: jungwon
DEBUG - 2025-01-22 02:34:03 --> User Role: pegawai
INFO - 2025-01-22 02:34:03 --> Session: Class initialized using 'CodeIgniter\Session\Handlers\FileHandler' driver.
