INFO - 2025-01-11 13:48:06 --> Session: Class initialized using 'CodeIgniter\Session\Handlers\FileHandler' driver.
INFO - 2025-01-11 13:48:08 --> Session: Class initialized using 'CodeIgniter\Session\Handlers\FileHandler' driver.
INFO - 2025-01-11 13:48:09 --> Session: Class initialized using 'CodeIgniter\Session\Handlers\FileHandler' driver.
INFO - 2025-01-11 13:48:19 --> Session: Class initialized using 'CodeIgniter\Session\Handlers\FileHandler' driver.
ERROR - 2025-01-11 13:48:19 --> Login attempt with username: lili
ERROR - 2025-01-11 13:48:19 --> Checking login for username: lili
ERROR - 2025-01-11 13:48:19 --> User data: Array
(
    [user_id] => 9
    [username] => lili
    [nama] => 
    [nip] => 123456780123456789
    [email] => jurandariyurianidu@gmail.com
    [password] => $2y$10$VOHOtZEaMBJvPLDT6v5/2uXNDqowMBRRYCjIGJtTPqb41gpCwVLI6
    [role] => admin
    [Bidang] => 
    [profil_foto] => 
    [alamat] => 
    [created_at] => 2025-01-10 02:06:34
    [updated_at] => 2025-01-10 12:08:25
)

ERROR - 2025-01-11 13:48:19 --> Password verify result for username lili: Success
ERROR - 2025-01-11 13:48:19 --> Login success for username: lili
INFO - 2025-01-11 13:48:21 --> Session: Class initialized using 'CodeIgniter\Session\Handlers\FileHandler' driver.
INFO - 2025-01-11 13:49:16 --> Session: Class initialized using 'CodeIgniter\Session\Handlers\FileHandler' driver.
INFO - 2025-01-11 13:49:17 --> Session: Class initialized using 'CodeIgniter\Session\Handlers\FileHandler' driver.
INFO - 2025-01-11 13:49:21 --> Session: Class initialized using 'CodeIgniter\Session\Handlers\FileHandler' driver.
ERROR - 2025-01-11 13:49:21 --> Login attempt with username: lili
ERROR - 2025-01-11 13:49:21 --> Checking login for username: lili
ERROR - 2025-01-11 13:49:21 --> User data: Array
(
    [user_id] => 9
    [username] => lili
    [nama] => 
    [nip] => 123456780123456789
    [email] => jurandariyurianidu@gmail.com
    [password] => $2y$10$VOHOtZEaMBJvPLDT6v5/2uXNDqowMBRRYCjIGJtTPqb41gpCwVLI6
    [role] => admin
    [Bidang] => 
    [profil_foto] => 
    [alamat] => 
    [created_at] => 2025-01-10 02:06:34
    [updated_at] => 2025-01-10 12:08:25
)

ERROR - 2025-01-11 13:49:21 --> Password verify result for username lili: Success
ERROR - 2025-01-11 13:49:21 --> Login success for username: lili
INFO - 2025-01-11 13:49:22 --> Session: Class initialized using 'CodeIgniter\Session\Handlers\FileHandler' driver.
CRITICAL - 2025-01-11 14:03:54 --> BadMethodCallException: Call to undefined method App\Models\DashboardAdminModel::getPegawai
[Method: GET, Route: admin/dashboard_admin]
in SYSTEMPATH\Model.php on line 932.
 1 APPPATH\Controllers\DashboardAdminController.php(20): CodeIgniter\Model->__call('getPegawai', [])
 2 SYSTEMPATH\CodeIgniter.php(933): App\Controllers\DashboardAdminController->dashboardAdmin()
 3 SYSTEMPATH\CodeIgniter.php(509): CodeIgniter\CodeIgniter->runController(Object(App\Controllers\DashboardAdminController))
 4 SYSTEMPATH\CodeIgniter.php(355): CodeIgniter\CodeIgniter->handleRequest(null, Object(Config\Cache), false)
 5 SYSTEMPATH\Boot.php(325): CodeIgniter\CodeIgniter->run()
 6 SYSTEMPATH\Boot.php(67): CodeIgniter\Boot::runCodeIgniter(Object(CodeIgniter\CodeIgniter))
 7 FCPATH\index.php(56): CodeIgniter\Boot::bootWeb(Object(Config\Paths))
 8 SYSTEMPATH\rewrite.php(44): require_once('C:\\xampp\\htdocs\\SiNotik\\public\\index.php')
CRITICAL - 2025-01-11 14:05:21 --> BadMethodCallException: Call to undefined method App\Models\DashboardAdminModel::getPegawai
[Method: GET, Route: admin/dashboard_admin]
in SYSTEMPATH\Model.php on line 932.
 1 APPPATH\Controllers\DashboardAdminController.php(18): CodeIgniter\Model->__call('getPegawai', [])
 2 SYSTEMPATH\CodeIgniter.php(933): App\Controllers\DashboardAdminController->dashboardAdmin()
 3 SYSTEMPATH\CodeIgniter.php(509): CodeIgniter\CodeIgniter->runController(Object(App\Controllers\DashboardAdminController))
 4 SYSTEMPATH\CodeIgniter.php(355): CodeIgniter\CodeIgniter->handleRequest(null, Object(Config\Cache), false)
 5 SYSTEMPATH\Boot.php(325): CodeIgniter\CodeIgniter->run()
 6 SYSTEMPATH\Boot.php(67): CodeIgniter\Boot::runCodeIgniter(Object(CodeIgniter\CodeIgniter))
 7 FCPATH\index.php(56): CodeIgniter\Boot::bootWeb(Object(Config\Paths))
 8 SYSTEMPATH\rewrite.php(44): require_once('C:\\xampp\\htdocs\\SiNotik\\public\\index.php')
CRITICAL - 2025-01-11 14:05:41 --> ErrorException: Undefined variable $total_notulensi
[Method: GET, Route: admin/dashboard_admin]
in APPPATH\Views\admin\dashboard_admin.php on line 74.
 1 APPPATH\Views\admin\dashboard_admin.php(74): CodeIgniter\Debug\Exceptions->errorHandler(2, 'Undefined variable $total_notulensi', 'C:\\xampp\\htdocs\\SiNotik\\app\\Views\\admin\\dashboard_admin.php', 74)
 2 SYSTEMPATH\View\View.php(234): include('C:\\xampp\\htdocs\\SiNotik\\app\\Views\\admin\\dashboard_admin.php')
 3 SYSTEMPATH\View\View.php(237): CodeIgniter\View\View->CodeIgniter\View\{closure}()
 4 SYSTEMPATH\Common.php(1171): CodeIgniter\View\View->render('admin/dashboard_admin', [], true)
 5 APPPATH\Controllers\DashboardAdminController.php(24): view('admin/dashboard_admin', [...])
 6 SYSTEMPATH\CodeIgniter.php(933): App\Controllers\DashboardAdminController->dashboardAdmin()
 7 SYSTEMPATH\CodeIgniter.php(509): CodeIgniter\CodeIgniter->runController(Object(App\Controllers\DashboardAdminController))
 8 SYSTEMPATH\CodeIgniter.php(355): CodeIgniter\CodeIgniter->handleRequest(null, Object(Config\Cache), false)
 9 SYSTEMPATH\Boot.php(325): CodeIgniter\CodeIgniter->run()
10 SYSTEMPATH\Boot.php(67): CodeIgniter\Boot::runCodeIgniter(Object(CodeIgniter\CodeIgniter))
11 FCPATH\index.php(56): CodeIgniter\Boot::bootWeb(Object(Config\Paths))
12 SYSTEMPATH\rewrite.php(44): require_once('C:\\xampp\\htdocs\\SiNotik\\public\\index.php')
CRITICAL - 2025-01-11 14:06:52 --> ErrorException: Undefined variable $total_notulensi
[Method: GET, Route: admin/dashboard_admin]
in APPPATH\Views\admin\dashboard_admin.php on line 74.
 1 APPPATH\Views\admin\dashboard_admin.php(74): CodeIgniter\Debug\Exceptions->errorHandler(2, 'Undefined variable $total_notulensi', 'C:\\xampp\\htdocs\\SiNotik\\app\\Views\\admin\\dashboard_admin.php', 74)
 2 SYSTEMPATH\View\View.php(234): include('C:\\xampp\\htdocs\\SiNotik\\app\\Views\\admin\\dashboard_admin.php')
 3 SYSTEMPATH\View\View.php(237): CodeIgniter\View\View->CodeIgniter\View\{closure}()
 4 SYSTEMPATH\Common.php(1171): CodeIgniter\View\View->render('admin/dashboard_admin', [], true)
 5 APPPATH\Controllers\DashboardAdminController.php(24): view('admin/dashboard_admin', [...])
 6 SYSTEMPATH\CodeIgniter.php(933): App\Controllers\DashboardAdminController->dashboardAdmin()
 7 SYSTEMPATH\CodeIgniter.php(509): CodeIgniter\CodeIgniter->runController(Object(App\Controllers\DashboardAdminController))
 8 SYSTEMPATH\CodeIgniter.php(355): CodeIgniter\CodeIgniter->handleRequest(null, Object(Config\Cache), false)
 9 SYSTEMPATH\Boot.php(325): CodeIgniter\CodeIgniter->run()
10 SYSTEMPATH\Boot.php(67): CodeIgniter\Boot::runCodeIgniter(Object(CodeIgniter\CodeIgniter))
11 FCPATH\index.php(56): CodeIgniter\Boot::bootWeb(Object(Config\Paths))
12 SYSTEMPATH\rewrite.php(44): require_once('C:\\xampp\\htdocs\\SiNotik\\public\\index.php')
INFO - 2025-01-11 14:10:15 --> Session: Class initialized using 'CodeIgniter\Session\Handlers\FileHandler' driver.
INFO - 2025-01-11 14:12:38 --> Session: Class initialized using 'CodeIgniter\Session\Handlers\FileHandler' driver.
INFO - 2025-01-11 14:12:52 --> Session: Class initialized using 'CodeIgniter\Session\Handlers\FileHandler' driver.
INFO - 2025-01-11 14:14:31 --> Session: Class initialized using 'CodeIgniter\Session\Handlers\FileHandler' driver.
INFO - 2025-01-11 14:19:33 --> Session: Class initialized using 'CodeIgniter\Session\Handlers\FileHandler' driver.
INFO - 2025-01-11 14:20:37 --> Session: Class initialized using 'CodeIgniter\Session\Handlers\FileHandler' driver.
INFO - 2025-01-11 14:21:37 --> Session: Class initialized using 'CodeIgniter\Session\Handlers\FileHandler' driver.
INFO - 2025-01-11 14:22:25 --> Session: Class initialized using 'CodeIgniter\Session\Handlers\FileHandler' driver.
INFO - 2025-01-11 14:23:20 --> Session: Class initialized using 'CodeIgniter\Session\Handlers\FileHandler' driver.
INFO - 2025-01-11 14:28:01 --> Session: Class initialized using 'CodeIgniter\Session\Handlers\FileHandler' driver.
INFO - 2025-01-11 14:29:07 --> Session: Class initialized using 'CodeIgniter\Session\Handlers\FileHandler' driver.
INFO - 2025-01-11 14:29:24 --> Session: Class initialized using 'CodeIgniter\Session\Handlers\FileHandler' driver.
INFO - 2025-01-11 14:30:23 --> Session: Class initialized using 'CodeIgniter\Session\Handlers\FileHandler' driver.
INFO - 2025-01-11 14:30:37 --> Session: Class initialized using 'CodeIgniter\Session\Handlers\FileHandler' driver.
INFO - 2025-01-11 14:31:50 --> Session: Class initialized using 'CodeIgniter\Session\Handlers\FileHandler' driver.
INFO - 2025-01-11 14:33:52 --> Session: Class initialized using 'CodeIgniter\Session\Handlers\FileHandler' driver.
INFO - 2025-01-11 14:34:04 --> Session: Class initialized using 'CodeIgniter\Session\Handlers\FileHandler' driver.
INFO - 2025-01-11 14:34:13 --> Session: Class initialized using 'CodeIgniter\Session\Handlers\FileHandler' driver.
INFO - 2025-01-11 14:35:12 --> Session: Class initialized using 'CodeIgniter\Session\Handlers\FileHandler' driver.
INFO - 2025-01-11 14:38:10 --> Session: Class initialized using 'CodeIgniter\Session\Handlers\FileHandler' driver.
INFO - 2025-01-11 14:38:28 --> Session: Class initialized using 'CodeIgniter\Session\Handlers\FileHandler' driver.
INFO - 2025-01-11 14:40:18 --> Session: Class initialized using 'CodeIgniter\Session\Handlers\FileHandler' driver.
INFO - 2025-01-11 14:41:04 --> Session: Class initialized using 'CodeIgniter\Session\Handlers\FileHandler' driver.
INFO - 2025-01-11 14:41:22 --> Session: Class initialized using 'CodeIgniter\Session\Handlers\FileHandler' driver.
INFO - 2025-01-11 14:41:56 --> Session: Class initialized using 'CodeIgniter\Session\Handlers\FileHandler' driver.
INFO - 2025-01-11 14:45:03 --> Session: Class initialized using 'CodeIgniter\Session\Handlers\FileHandler' driver.
INFO - 2025-01-11 14:50:15 --> Session: Class initialized using 'CodeIgniter\Session\Handlers\FileHandler' driver.
INFO - 2025-01-11 14:50:37 --> Session: Class initialized using 'CodeIgniter\Session\Handlers\FileHandler' driver.
INFO - 2025-01-11 14:50:46 --> Session: Class initialized using 'CodeIgniter\Session\Handlers\FileHandler' driver.
INFO - 2025-01-11 14:51:23 --> Session: Class initialized using 'CodeIgniter\Session\Handlers\FileHandler' driver.
INFO - 2025-01-11 14:51:52 --> Session: Class initialized using 'CodeIgniter\Session\Handlers\FileHandler' driver.
INFO - 2025-01-11 14:54:20 --> Session: Class initialized using 'CodeIgniter\Session\Handlers\FileHandler' driver.
INFO - 2025-01-11 14:54:30 --> Session: Class initialized using 'CodeIgniter\Session\Handlers\FileHandler' driver.
INFO - 2025-01-11 14:54:38 --> Session: Class initialized using 'CodeIgniter\Session\Handlers\FileHandler' driver.
INFO - 2025-01-11 14:54:46 --> Session: Class initialized using 'CodeIgniter\Session\Handlers\FileHandler' driver.
INFO - 2025-01-11 14:54:57 --> Session: Class initialized using 'CodeIgniter\Session\Handlers\FileHandler' driver.
INFO - 2025-01-11 14:55:05 --> Session: Class initialized using 'CodeIgniter\Session\Handlers\FileHandler' driver.
INFO - 2025-01-11 14:55:14 --> Session: Class initialized using 'CodeIgniter\Session\Handlers\FileHandler' driver.
INFO - 2025-01-11 14:55:24 --> Session: Class initialized using 'CodeIgniter\Session\Handlers\FileHandler' driver.
INFO - 2025-01-11 14:57:53 --> Session: Class initialized using 'CodeIgniter\Session\Handlers\FileHandler' driver.
INFO - 2025-01-11 14:58:09 --> Session: Class initialized using 'CodeIgniter\Session\Handlers\FileHandler' driver.
INFO - 2025-01-11 15:01:34 --> Session: Class initialized using 'CodeIgniter\Session\Handlers\FileHandler' driver.
INFO - 2025-01-11 15:04:19 --> Session: Class initialized using 'CodeIgniter\Session\Handlers\FileHandler' driver.
INFO - 2025-01-11 15:04:28 --> Session: Class initialized using 'CodeIgniter\Session\Handlers\FileHandler' driver.
INFO - 2025-01-11 15:04:40 --> Session: Class initialized using 'CodeIgniter\Session\Handlers\FileHandler' driver.
