INFO - 2025-01-24 07:08:47 --> Session: Class initialized using 'CodeIgniter\Session\Handlers\FileHandler' driver.
INFO - 2025-01-24 07:08:50 --> Session: Class initialized using 'CodeIgniter\Session\Handlers\FileHandler' driver.
INFO - 2025-01-24 07:08:50 --> Session: Class initialized using 'CodeIgniter\Session\Handlers\FileHandler' driver.
INFO - 2025-01-24 07:08:59 --> Session: Class initialized using 'CodeIgniter\Session\Handlers\FileHandler' driver.
ERROR - 2025-01-24 07:08:59 --> Login attempt with username: dadang
ERROR - 2025-01-24 07:08:59 --> Checking login for username: dadang
ERROR - 2025-01-24 07:08:59 --> User data: Array
(
    [user_id] => 32
    [username] => dadang
    [nama] => dadang harjo
    [nip] => 098765432234567892
    [email] => dadang@gmail.com
    [password] => $2y$10$FKo1RqxUsHWcoWzbk5ZZae9C4Al32xjQuyf99kyXR4CMMYtDOyMVC
    [role] => notulensi
    [Bidang] => IKP
    [profil_foto] => wulan.jpg
    [alamat] => 
    [jabatan] => Sekretaris
    [tanggal_lahir] => 
    [created_at] => 2025-01-17 09:26:42
    [updated_at] => 2025-01-21 11:06:28
)

ERROR - 2025-01-24 07:08:59 --> Password verify result for username dadang: Success
ERROR - 2025-01-24 07:08:59 --> Login success for username: dadang
INFO - 2025-01-24 07:08:59 --> Session: Class initialized using 'CodeIgniter\Session\Handlers\FileHandler' driver.
DEBUG - 2025-01-24 07:08:59 --> User ID: 32
DEBUG - 2025-01-24 07:08:59 --> Profile Picture: wulan.jpg
DEBUG - 2025-01-24 07:08:59 --> User Name: dadang harjo
DEBUG - 2025-01-24 07:08:59 --> User Role: notulensi
INFO - 2025-01-24 07:08:59 --> Session: Class initialized using 'CodeIgniter\Session\Handlers\FileHandler' driver.
INFO - 2025-01-24 07:09:05 --> Session: Class initialized using 'CodeIgniter\Session\Handlers\FileHandler' driver.
INFO - 2025-01-24 07:09:05 --> Data pengguna ditemukan: user_id = 32
INFO - 2025-01-24 07:09:05 --> Session: Class initialized using 'CodeIgniter\Session\Handlers\FileHandler' driver.
INFO - 2025-01-24 07:09:23 --> Session: Class initialized using 'CodeIgniter\Session\Handlers\FileHandler' driver.
INFO - 2025-01-24 07:09:23 --> Data pengguna ditemukan: user_id = 32
INFO - 2025-01-24 07:09:23 --> Session: Class initialized using 'CodeIgniter\Session\Handlers\FileHandler' driver.
INFO - 2025-01-24 07:09:35 --> Session: Class initialized using 'CodeIgniter\Session\Handlers\FileHandler' driver.
DEBUG - 2025-01-24 07:09:35 --> User ID: 32
DEBUG - 2025-01-24 07:09:35 --> Profile Picture: wulan.jpg
DEBUG - 2025-01-24 07:09:35 --> User Name: dadang harjo
DEBUG - 2025-01-24 07:09:35 --> User Role: notulensi
INFO - 2025-01-24 07:09:35 --> Session: Class initialized using 'CodeIgniter\Session\Handlers\FileHandler' driver.
INFO - 2025-01-24 07:09:46 --> Session: Class initialized using 'CodeIgniter\Session\Handlers\FileHandler' driver.
INFO - 2025-01-24 07:09:46 --> Session: Class initialized using 'CodeIgniter\Session\Handlers\FileHandler' driver.
INFO - 2025-01-24 07:09:54 --> Session: Class initialized using 'CodeIgniter\Session\Handlers\FileHandler' driver.
ERROR - 2025-01-24 07:09:54 --> Login attempt with username: lili
ERROR - 2025-01-24 07:09:54 --> Checking login for username: lili
ERROR - 2025-01-24 07:09:54 --> User data: Array
(
    [user_id] => 9
    [username] => lili
    [nama] => alhamdulillah
    [nip] => 123456780123456789
    [email] => bismillah@gmail.com
    [password] => $2y$10$VOHOtZEaMBJvPLDT6v5/2uXNDqowMBRRYCjIGJtTPqb41gpCwVLI6
    [role] => admin
    [Bidang] => 
    [profil_foto] => image.png
    [alamat] => jalan 
    [jabatan] => Sekretaris
    [tanggal_lahir] => 2003-07-09
    [created_at] => 2025-01-10 02:06:34
    [updated_at] => 2025-01-16 07:45:21
)

ERROR - 2025-01-24 07:09:55 --> Password verify result for username lili: Success
ERROR - 2025-01-24 07:09:55 --> Login success for username: lili
INFO - 2025-01-24 07:09:55 --> Session: Class initialized using 'CodeIgniter\Session\Handlers\FileHandler' driver.
DEBUG - 2025-01-24 07:09:55 --> User ID: 9
DEBUG - 2025-01-24 07:09:55 --> Profile Picture: image.png
DEBUG - 2025-01-24 07:09:55 --> User Name: alhamdulillah
DEBUG - 2025-01-24 07:09:55 --> User Role: admin
INFO - 2025-01-24 07:09:55 --> Session: Class initialized using 'CodeIgniter\Session\Handlers\FileHandler' driver.
INFO - 2025-01-24 07:09:59 --> Session: Class initialized using 'CodeIgniter\Session\Handlers\FileHandler' driver.
INFO - 2025-01-24 07:09:59 --> Data pengguna ditemukan: user_id = 9
INFO - 2025-01-24 07:09:59 --> Data notulensi berhasil ditampilkan: Array
(
    [0] => Array
        (
            [notulensi_id] => 17
            [user_id] => 32
            [judul] => alala
            [partisipan] => skkks
            [agenda] => skdnjk
            [isi] => amaa
            [Bidang] => Aptika
            [tanggal_dibuat] => 2025-01-21
            [riwayat_id] => 17
            [dokumentasi_id] => 1
            [foto_dokumentasi] => 1737433053_30d4a24a6731de0c676c.png
            [user_name] => dadang harjo
        )

    [1] => Array
        (
            [notulensi_id] => 18
            [user_id] => 32
            [judul] => percobaan
            [partisipan] => kwwwwwwwwwwwwww
            [agenda] => aaaaaaaaa
            [isi] => wkkkkkkkkkkkkkkkk
            [Bidang] => IKP
            [tanggal_dibuat] => 2025-01-21
            [riwayat_id] => 18
            [dokumentasi_id] => 2
            [foto_dokumentasi] => 1737441931_0b631fabdd322dbda8e2.jpg
            [user_name] => dadang harjo
        )

)

INFO - 2025-01-24 07:09:59 --> Session: Class initialized using 'CodeIgniter\Session\Handlers\FileHandler' driver.
