INFO - 2025-01-12 12:00:32 --> Session: Class initialized using 'CodeIgniter\Session\Handlers\FileHandler' driver.
INFO - 2025-01-12 12:00:34 --> Session: Class initialized using 'CodeIgniter\Session\Handlers\FileHandler' driver.
INFO - 2025-01-12 12:00:35 --> Session: Class initialized using 'CodeIgniter\Session\Handlers\FileHandler' driver.
INFO - 2025-01-12 12:00:41 --> Session: Class initialized using 'CodeIgniter\Session\Handlers\FileHandler' driver.
ERROR - 2025-01-12 12:00:41 --> Login attempt with username: lili
ERROR - 2025-01-12 12:00:41 --> Checking login for username: lili
ERROR - 2025-01-12 12:00:41 --> User data: Array
(
    [user_id] => 9
    [username] => lili
    [nama] => lili saja
    [nip] => 123456780123456789
    [email] => jurandariyurianidu@gmail.com
    [password] => $2y$10$VOHOtZEaMBJvPLDT6v5/2uXNDqowMBRRYCjIGJtTPqb41gpCwVLI6
    [role] => admin
    [Bidang] => 
    [profil_foto] => image.png
    [alamat] => 
    [created_at] => 2025-01-10 02:06:34
    [updated_at] => 2025-01-12 00:11:35
)

ERROR - 2025-01-12 12:00:41 --> Password verify result for username lili: Success
ERROR - 2025-01-12 12:00:42 --> Login success for username: lili
INFO - 2025-01-12 12:00:42 --> Session: Class initialized using 'CodeIgniter\Session\Handlers\FileHandler' driver.
INFO - 2025-01-12 12:00:43 --> Session: Class initialized using 'CodeIgniter\Session\Handlers\FileHandler' driver.
INFO - 2025-01-12 12:38:01 --> Session: Class initialized using 'CodeIgniter\Session\Handlers\FileHandler' driver.
CRITICAL - 2025-01-12 12:38:01 --> BadMethodCallException: Call to undefined method App\Models\DashboardAdminModel::getUserDetails
[Method: GET, Route: admin/dashboard_admin]
in SYSTEMPATH\Model.php on line 932.
 1 APPPATH\Controllers\DashboardAdminController.php(37): CodeIgniter\Model->__call('getUserDetails', [...])
 2 SYSTEMPATH\CodeIgniter.php(933): App\Controllers\DashboardAdminController->dashboardAdmin()
 3 SYSTEMPATH\CodeIgniter.php(509): CodeIgniter\CodeIgniter->runController(Object(App\Controllers\DashboardAdminController))
 4 SYSTEMPATH\CodeIgniter.php(355): CodeIgniter\CodeIgniter->handleRequest(null, Object(Config\Cache), false)
 5 SYSTEMPATH\Boot.php(325): CodeIgniter\CodeIgniter->run()
 6 SYSTEMPATH\Boot.php(67): CodeIgniter\Boot::runCodeIgniter(Object(CodeIgniter\CodeIgniter))
 7 FCPATH\index.php(56): CodeIgniter\Boot::bootWeb(Object(Config\Paths))
 8 SYSTEMPATH\rewrite.php(44): require_once('C:\\xampp\\htdocs\\SiNotik\\public\\index.php')
INFO - 2025-01-12 12:38:38 --> Session: Class initialized using 'CodeIgniter\Session\Handlers\FileHandler' driver.
CRITICAL - 2025-01-12 12:38:38 --> ErrorException: Undefined variable $profile_name
[Method: GET, Route: admin/dashboard_admin]
in APPPATH\Views\admin\dashboard_admin.php on line 44.
 1 APPPATH\Views\admin\dashboard_admin.php(44): CodeIgniter\Debug\Exceptions->errorHandler(2, 'Undefined variable $profile_name', 'C:\\xampp\\htdocs\\SiNotik\\app\\Views\\admin\\dashboard_admin.php', 44)
 2 SYSTEMPATH\View\View.php(234): include('C:\\xampp\\htdocs\\SiNotik\\app\\Views\\admin\\dashboard_admin.php')
 3 SYSTEMPATH\View\View.php(237): CodeIgniter\View\View->CodeIgniter\View\{closure}()
 4 SYSTEMPATH\Common.php(1171): CodeIgniter\View\View->render('admin/dashboard_admin', [], true)
 5 APPPATH\Controllers\DashboardAdminController.php(42): view('admin/dashboard_admin', [...])
 6 SYSTEMPATH\CodeIgniter.php(933): App\Controllers\DashboardAdminController->dashboardAdmin()
 7 SYSTEMPATH\CodeIgniter.php(509): CodeIgniter\CodeIgniter->runController(Object(App\Controllers\DashboardAdminController))
 8 SYSTEMPATH\CodeIgniter.php(355): CodeIgniter\CodeIgniter->handleRequest(null, Object(Config\Cache), false)
 9 SYSTEMPATH\Boot.php(325): CodeIgniter\CodeIgniter->run()
10 SYSTEMPATH\Boot.php(67): CodeIgniter\Boot::runCodeIgniter(Object(CodeIgniter\CodeIgniter))
11 FCPATH\index.php(56): CodeIgniter\Boot::bootWeb(Object(Config\Paths))
12 SYSTEMPATH\rewrite.php(44): require_once('C:\\xampp\\htdocs\\SiNotik\\public\\index.php')
INFO - 2025-01-12 12:40:01 --> Session: Class initialized using 'CodeIgniter\Session\Handlers\FileHandler' driver.
INFO - 2025-01-12 12:40:04 --> Session: Class initialized using 'CodeIgniter\Session\Handlers\FileHandler' driver.
INFO - 2025-01-12 12:40:32 --> Session: Class initialized using 'CodeIgniter\Session\Handlers\FileHandler' driver.
INFO - 2025-01-12 12:40:33 --> Session: Class initialized using 'CodeIgniter\Session\Handlers\FileHandler' driver.
INFO - 2025-01-12 12:40:44 --> Session: Class initialized using 'CodeIgniter\Session\Handlers\FileHandler' driver.
INFO - 2025-01-12 12:40:45 --> Session: Class initialized using 'CodeIgniter\Session\Handlers\FileHandler' driver.
INFO - 2025-01-12 12:40:54 --> Session: Class initialized using 'CodeIgniter\Session\Handlers\FileHandler' driver.
INFO - 2025-01-12 12:40:54 --> Session: Class initialized using 'CodeIgniter\Session\Handlers\FileHandler' driver.
INFO - 2025-01-12 12:41:07 --> Session: Class initialized using 'CodeIgniter\Session\Handlers\FileHandler' driver.
INFO - 2025-01-12 12:41:08 --> Session: Class initialized using 'CodeIgniter\Session\Handlers\FileHandler' driver.
INFO - 2025-01-12 12:41:22 --> Session: Class initialized using 'CodeIgniter\Session\Handlers\FileHandler' driver.
INFO - 2025-01-12 12:41:23 --> Session: Class initialized using 'CodeIgniter\Session\Handlers\FileHandler' driver.
INFO - 2025-01-12 12:41:31 --> Session: Class initialized using 'CodeIgniter\Session\Handlers\FileHandler' driver.
INFO - 2025-01-12 12:47:38 --> Session: Class initialized using 'CodeIgniter\Session\Handlers\FileHandler' driver.
INFO - 2025-01-12 12:47:39 --> Session: Class initialized using 'CodeIgniter\Session\Handlers\FileHandler' driver.
INFO - 2025-01-12 12:49:15 --> Session: Class initialized using 'CodeIgniter\Session\Handlers\FileHandler' driver.
INFO - 2025-01-12 12:49:16 --> Session: Class initialized using 'CodeIgniter\Session\Handlers\FileHandler' driver.
INFO - 2025-01-12 12:55:18 --> Session: Class initialized using 'CodeIgniter\Session\Handlers\FileHandler' driver.
DEBUG - 2025-01-12 12:55:18 --> User ID: 9
DEBUG - 2025-01-12 12:55:18 --> Profile Picture: image.png
DEBUG - 2025-01-12 12:55:18 --> User Info: Array
(
    [nama] => lili saja
    [role] => admin
)

DEBUG - 2025-01-12 12:55:18 --> User Name: lili saja
DEBUG - 2025-01-12 12:55:18 --> User Role: admin
INFO - 2025-01-12 12:55:19 --> Session: Class initialized using 'CodeIgniter\Session\Handlers\FileHandler' driver.
INFO - 2025-01-12 12:55:42 --> Session: Class initialized using 'CodeIgniter\Session\Handlers\FileHandler' driver.
DEBUG - 2025-01-12 12:55:42 --> User ID: 9
DEBUG - 2025-01-12 12:55:42 --> Profile Picture: image.png
DEBUG - 2025-01-12 12:55:42 --> User Name: lili saja
DEBUG - 2025-01-12 12:55:42 --> User Role: admin
INFO - 2025-01-12 12:55:43 --> Session: Class initialized using 'CodeIgniter\Session\Handlers\FileHandler' driver.
INFO - 2025-01-12 12:57:53 --> Session: Class initialized using 'CodeIgniter\Session\Handlers\FileHandler' driver.
DEBUG - 2025-01-12 12:57:53 --> User ID: 9
DEBUG - 2025-01-12 12:57:53 --> Profile Picture: image.png
DEBUG - 2025-01-12 12:57:53 --> User Name: lili saja
DEBUG - 2025-01-12 12:57:53 --> User Role: admin
INFO - 2025-01-12 12:57:54 --> Session: Class initialized using 'CodeIgniter\Session\Handlers\FileHandler' driver.
INFO - 2025-01-12 12:58:05 --> Session: Class initialized using 'CodeIgniter\Session\Handlers\FileHandler' driver.
DEBUG - 2025-01-12 12:58:05 --> User ID: 9
DEBUG - 2025-01-12 12:58:05 --> Profile Picture: image.png
DEBUG - 2025-01-12 12:58:05 --> User Name: lili saja
DEBUG - 2025-01-12 12:58:05 --> User Role: admin
INFO - 2025-01-12 12:58:07 --> Session: Class initialized using 'CodeIgniter\Session\Handlers\FileHandler' driver.
INFO - 2025-01-12 12:59:55 --> Session: Class initialized using 'CodeIgniter\Session\Handlers\FileHandler' driver.
DEBUG - 2025-01-12 12:59:55 --> User ID: 9
DEBUG - 2025-01-12 12:59:55 --> Profile Picture: image.png
DEBUG - 2025-01-12 12:59:55 --> User Name: lili saja
DEBUG - 2025-01-12 12:59:55 --> User Role: admin
INFO - 2025-01-12 12:59:56 --> Session: Class initialized using 'CodeIgniter\Session\Handlers\FileHandler' driver.
INFO - 2025-01-12 13:00:14 --> Session: Class initialized using 'CodeIgniter\Session\Handlers\FileHandler' driver.
DEBUG - 2025-01-12 13:00:14 --> User ID: 9
DEBUG - 2025-01-12 13:00:14 --> Profile Picture: image.png
DEBUG - 2025-01-12 13:00:14 --> User Name: lili saja
DEBUG - 2025-01-12 13:00:14 --> User Role: admin
INFO - 2025-01-12 13:00:15 --> Session: Class initialized using 'CodeIgniter\Session\Handlers\FileHandler' driver.
INFO - 2025-01-12 13:00:26 --> Session: Class initialized using 'CodeIgniter\Session\Handlers\FileHandler' driver.
DEBUG - 2025-01-12 13:00:26 --> User ID: 9
DEBUG - 2025-01-12 13:00:26 --> Profile Picture: image.png
DEBUG - 2025-01-12 13:00:26 --> User Name: lili saja
DEBUG - 2025-01-12 13:00:26 --> User Role: admin
INFO - 2025-01-12 13:00:27 --> Session: Class initialized using 'CodeIgniter\Session\Handlers\FileHandler' driver.
INFO - 2025-01-12 13:00:35 --> Session: Class initialized using 'CodeIgniter\Session\Handlers\FileHandler' driver.
DEBUG - 2025-01-12 13:00:35 --> User ID: 9
DEBUG - 2025-01-12 13:00:35 --> Profile Picture: image.png
DEBUG - 2025-01-12 13:00:35 --> User Name: lili saja
DEBUG - 2025-01-12 13:00:35 --> User Role: admin
INFO - 2025-01-12 13:00:37 --> Session: Class initialized using 'CodeIgniter\Session\Handlers\FileHandler' driver.
INFO - 2025-01-12 13:00:46 --> Session: Class initialized using 'CodeIgniter\Session\Handlers\FileHandler' driver.
DEBUG - 2025-01-12 13:00:46 --> User ID: 9
DEBUG - 2025-01-12 13:00:46 --> Profile Picture: image.png
DEBUG - 2025-01-12 13:00:46 --> User Name: lili saja
DEBUG - 2025-01-12 13:00:46 --> User Role: admin
INFO - 2025-01-12 13:00:47 --> Session: Class initialized using 'CodeIgniter\Session\Handlers\FileHandler' driver.
INFO - 2025-01-12 13:01:02 --> Session: Class initialized using 'CodeIgniter\Session\Handlers\FileHandler' driver.
DEBUG - 2025-01-12 13:01:02 --> User ID: 9
DEBUG - 2025-01-12 13:01:02 --> Profile Picture: image.png
DEBUG - 2025-01-12 13:01:02 --> User Name: lili saja
DEBUG - 2025-01-12 13:01:02 --> User Role: admin
INFO - 2025-01-12 13:01:03 --> Session: Class initialized using 'CodeIgniter\Session\Handlers\FileHandler' driver.
INFO - 2025-01-12 13:01:26 --> Session: Class initialized using 'CodeIgniter\Session\Handlers\FileHandler' driver.
DEBUG - 2025-01-12 13:01:26 --> User ID: 9
DEBUG - 2025-01-12 13:01:26 --> Profile Picture: image.png
DEBUG - 2025-01-12 13:01:26 --> User Name: lili saja
DEBUG - 2025-01-12 13:01:26 --> User Role: admin
INFO - 2025-01-12 13:01:27 --> Session: Class initialized using 'CodeIgniter\Session\Handlers\FileHandler' driver.
INFO - 2025-01-12 13:01:33 --> Session: Class initialized using 'CodeIgniter\Session\Handlers\FileHandler' driver.
DEBUG - 2025-01-12 13:01:33 --> User ID: 9
DEBUG - 2025-01-12 13:01:33 --> Profile Picture: image.png
DEBUG - 2025-01-12 13:01:33 --> User Name: lili saja
DEBUG - 2025-01-12 13:01:33 --> User Role: admin
INFO - 2025-01-12 13:01:35 --> Session: Class initialized using 'CodeIgniter\Session\Handlers\FileHandler' driver.
INFO - 2025-01-12 13:01:44 --> Session: Class initialized using 'CodeIgniter\Session\Handlers\FileHandler' driver.
DEBUG - 2025-01-12 13:01:44 --> User ID: 9
DEBUG - 2025-01-12 13:01:44 --> Profile Picture: image.png
DEBUG - 2025-01-12 13:01:44 --> User Name: lili saja
DEBUG - 2025-01-12 13:01:44 --> User Role: admin
INFO - 2025-01-12 13:01:45 --> Session: Class initialized using 'CodeIgniter\Session\Handlers\FileHandler' driver.
INFO - 2025-01-12 14:03:42 --> Session: Class initialized using 'CodeIgniter\Session\Handlers\FileHandler' driver.
INFO - 2025-01-12 14:03:45 --> Session: Class initialized using 'CodeIgniter\Session\Handlers\FileHandler' driver.
INFO - 2025-01-12 14:03:46 --> Session: Class initialized using 'CodeIgniter\Session\Handlers\FileHandler' driver.
INFO - 2025-01-12 14:03:53 --> Session: Class initialized using 'CodeIgniter\Session\Handlers\FileHandler' driver.
ERROR - 2025-01-12 14:03:53 --> Login attempt with username: lili
ERROR - 2025-01-12 14:03:53 --> Checking login for username: lili
ERROR - 2025-01-12 14:03:53 --> User data: Array
(
    [user_id] => 9
    [username] => lili
    [nama] => lili saja
    [nip] => 123456780123456789
    [email] => jurandariyurianidu@gmail.com
    [password] => $2y$10$VOHOtZEaMBJvPLDT6v5/2uXNDqowMBRRYCjIGJtTPqb41gpCwVLI6
    [role] => admin
    [Bidang] => 
    [profil_foto] => image.png
    [alamat] => 
    [created_at] => 2025-01-10 02:06:34
    [updated_at] => 2025-01-12 00:11:35
)

ERROR - 2025-01-12 14:03:53 --> Password verify result for username lili: Success
ERROR - 2025-01-12 14:03:53 --> Login success for username: lili
INFO - 2025-01-12 14:03:54 --> Session: Class initialized using 'CodeIgniter\Session\Handlers\FileHandler' driver.
DEBUG - 2025-01-12 14:03:54 --> User ID: 9
DEBUG - 2025-01-12 14:03:54 --> Profile Picture: image.png
DEBUG - 2025-01-12 14:03:54 --> User Name: lili saja
DEBUG - 2025-01-12 14:03:54 --> User Role: admin
INFO - 2025-01-12 14:03:55 --> Session: Class initialized using 'CodeIgniter\Session\Handlers\FileHandler' driver.
INFO - 2025-01-12 14:06:14 --> Session: Class initialized using 'CodeIgniter\Session\Handlers\FileHandler' driver.
DEBUG - 2025-01-12 14:06:14 --> User ID: 9
DEBUG - 2025-01-12 14:06:14 --> Profile Picture: image.png
DEBUG - 2025-01-12 14:06:14 --> User Name: lili saja
DEBUG - 2025-01-12 14:06:14 --> User Role: admin
INFO - 2025-01-12 14:06:14 --> Session: Class initialized using 'CodeIgniter\Session\Handlers\FileHandler' driver.
INFO - 2025-01-12 14:07:38 --> Session: Class initialized using 'CodeIgniter\Session\Handlers\FileHandler' driver.
DEBUG - 2025-01-12 14:07:38 --> User ID: 9
DEBUG - 2025-01-12 14:07:38 --> Profile Picture: image.png
DEBUG - 2025-01-12 14:07:38 --> User Name: lili saja
DEBUG - 2025-01-12 14:07:38 --> User Role: admin
INFO - 2025-01-12 14:07:39 --> Session: Class initialized using 'CodeIgniter\Session\Handlers\FileHandler' driver.
INFO - 2025-01-12 14:08:42 --> Session: Class initialized using 'CodeIgniter\Session\Handlers\FileHandler' driver.
DEBUG - 2025-01-12 14:08:42 --> User ID: 9
DEBUG - 2025-01-12 14:08:42 --> Profile Picture: image.png
DEBUG - 2025-01-12 14:08:42 --> User Name: lili saja
DEBUG - 2025-01-12 14:08:42 --> User Role: admin
INFO - 2025-01-12 14:08:43 --> Session: Class initialized using 'CodeIgniter\Session\Handlers\FileHandler' driver.
INFO - 2025-01-12 14:08:56 --> Session: Class initialized using 'CodeIgniter\Session\Handlers\FileHandler' driver.
DEBUG - 2025-01-12 14:08:56 --> User ID: 9
DEBUG - 2025-01-12 14:08:56 --> Profile Picture: image.png
DEBUG - 2025-01-12 14:08:56 --> User Name: lili saja
DEBUG - 2025-01-12 14:08:56 --> User Role: admin
INFO - 2025-01-12 14:08:57 --> Session: Class initialized using 'CodeIgniter\Session\Handlers\FileHandler' driver.
INFO - 2025-01-12 14:15:13 --> Session: Class initialized using 'CodeIgniter\Session\Handlers\FileHandler' driver.
DEBUG - 2025-01-12 14:15:13 --> User ID: 9
DEBUG - 2025-01-12 14:15:13 --> Profile Picture: image.png
DEBUG - 2025-01-12 14:15:13 --> User Name: lili saja
DEBUG - 2025-01-12 14:15:13 --> User Role: admin
INFO - 2025-01-12 14:15:16 --> Session: Class initialized using 'CodeIgniter\Session\Handlers\FileHandler' driver.
INFO - 2025-01-12 14:17:28 --> Session: Class initialized using 'CodeIgniter\Session\Handlers\FileHandler' driver.
DEBUG - 2025-01-12 14:17:28 --> User ID: 9
DEBUG - 2025-01-12 14:17:28 --> Profile Picture: image.png
DEBUG - 2025-01-12 14:17:28 --> User Name: lili saja
DEBUG - 2025-01-12 14:17:28 --> User Role: admin
INFO - 2025-01-12 14:17:29 --> Session: Class initialized using 'CodeIgniter\Session\Handlers\FileHandler' driver.
INFO - 2025-01-12 14:17:36 --> Session: Class initialized using 'CodeIgniter\Session\Handlers\FileHandler' driver.
DEBUG - 2025-01-12 14:17:36 --> User ID: 9
DEBUG - 2025-01-12 14:17:36 --> Profile Picture: image.png
DEBUG - 2025-01-12 14:17:36 --> User Name: lili saja
DEBUG - 2025-01-12 14:17:36 --> User Role: admin
INFO - 2025-01-12 14:17:37 --> Session: Class initialized using 'CodeIgniter\Session\Handlers\FileHandler' driver.
INFO - 2025-01-12 14:21:22 --> Session: Class initialized using 'CodeIgniter\Session\Handlers\FileHandler' driver.
DEBUG - 2025-01-12 14:21:22 --> User ID: 9
DEBUG - 2025-01-12 14:21:22 --> Profile Picture: image.png
DEBUG - 2025-01-12 14:21:22 --> User Name: lili saja
DEBUG - 2025-01-12 14:21:22 --> User Role: admin
INFO - 2025-01-12 14:21:24 --> Session: Class initialized using 'CodeIgniter\Session\Handlers\FileHandler' driver.
INFO - 2025-01-12 14:21:38 --> Session: Class initialized using 'CodeIgniter\Session\Handlers\FileHandler' driver.
DEBUG - 2025-01-12 14:21:38 --> User ID: 9
DEBUG - 2025-01-12 14:21:38 --> Profile Picture: image.png
DEBUG - 2025-01-12 14:21:38 --> User Name: lili saja
DEBUG - 2025-01-12 14:21:38 --> User Role: admin
INFO - 2025-01-12 14:21:39 --> Session: Class initialized using 'CodeIgniter\Session\Handlers\FileHandler' driver.
INFO - 2025-01-12 14:22:07 --> Session: Class initialized using 'CodeIgniter\Session\Handlers\FileHandler' driver.
DEBUG - 2025-01-12 14:22:07 --> User ID: 9
DEBUG - 2025-01-12 14:22:07 --> Profile Picture: image.png
DEBUG - 2025-01-12 14:22:07 --> User Name: lili saja
DEBUG - 2025-01-12 14:22:07 --> User Role: admin
INFO - 2025-01-12 14:22:09 --> Session: Class initialized using 'CodeIgniter\Session\Handlers\FileHandler' driver.
INFO - 2025-01-12 14:23:18 --> Session: Class initialized using 'CodeIgniter\Session\Handlers\FileHandler' driver.
DEBUG - 2025-01-12 14:23:18 --> User ID: 9
DEBUG - 2025-01-12 14:23:18 --> Profile Picture: image.png
DEBUG - 2025-01-12 14:23:18 --> User Name: lili saja
DEBUG - 2025-01-12 14:23:18 --> User Role: admin
INFO - 2025-01-12 14:23:19 --> Session: Class initialized using 'CodeIgniter\Session\Handlers\FileHandler' driver.
INFO - 2025-01-12 14:24:40 --> Session: Class initialized using 'CodeIgniter\Session\Handlers\FileHandler' driver.
DEBUG - 2025-01-12 14:24:40 --> User ID: 9
DEBUG - 2025-01-12 14:24:40 --> Profile Picture: image.png
DEBUG - 2025-01-12 14:24:40 --> User Name: lili saja
DEBUG - 2025-01-12 14:24:40 --> User Role: admin
INFO - 2025-01-12 14:24:42 --> Session: Class initialized using 'CodeIgniter\Session\Handlers\FileHandler' driver.
INFO - 2025-01-12 14:25:05 --> Session: Class initialized using 'CodeIgniter\Session\Handlers\FileHandler' driver.
DEBUG - 2025-01-12 14:25:05 --> User ID: 9
DEBUG - 2025-01-12 14:25:05 --> Profile Picture: image.png
DEBUG - 2025-01-12 14:25:05 --> User Name: lili saja
DEBUG - 2025-01-12 14:25:05 --> User Role: admin
INFO - 2025-01-12 14:25:06 --> Session: Class initialized using 'CodeIgniter\Session\Handlers\FileHandler' driver.
INFO - 2025-01-12 14:25:39 --> Session: Class initialized using 'CodeIgniter\Session\Handlers\FileHandler' driver.
DEBUG - 2025-01-12 14:25:39 --> User ID: 9
DEBUG - 2025-01-12 14:25:39 --> Profile Picture: image.png
DEBUG - 2025-01-12 14:25:39 --> User Name: lili saja
DEBUG - 2025-01-12 14:25:39 --> User Role: admin
INFO - 2025-01-12 14:25:40 --> Session: Class initialized using 'CodeIgniter\Session\Handlers\FileHandler' driver.
INFO - 2025-01-12 14:25:50 --> Session: Class initialized using 'CodeIgniter\Session\Handlers\FileHandler' driver.
DEBUG - 2025-01-12 14:25:50 --> User ID: 9
DEBUG - 2025-01-12 14:25:50 --> Profile Picture: image.png
DEBUG - 2025-01-12 14:25:50 --> User Name: lili saja
DEBUG - 2025-01-12 14:25:50 --> User Role: admin
INFO - 2025-01-12 14:25:51 --> Session: Class initialized using 'CodeIgniter\Session\Handlers\FileHandler' driver.
INFO - 2025-01-12 14:26:10 --> Session: Class initialized using 'CodeIgniter\Session\Handlers\FileHandler' driver.
DEBUG - 2025-01-12 14:26:10 --> User ID: 9
DEBUG - 2025-01-12 14:26:10 --> Profile Picture: image.png
DEBUG - 2025-01-12 14:26:10 --> User Name: lili saja
DEBUG - 2025-01-12 14:26:10 --> User Role: admin
INFO - 2025-01-12 14:26:11 --> Session: Class initialized using 'CodeIgniter\Session\Handlers\FileHandler' driver.
INFO - 2025-01-12 14:27:54 --> Session: Class initialized using 'CodeIgniter\Session\Handlers\FileHandler' driver.
DEBUG - 2025-01-12 14:27:54 --> User ID: 9
DEBUG - 2025-01-12 14:27:54 --> Profile Picture: image.png
DEBUG - 2025-01-12 14:27:54 --> User Name: lili saja
DEBUG - 2025-01-12 14:27:54 --> User Role: admin
INFO - 2025-01-12 14:27:55 --> Session: Class initialized using 'CodeIgniter\Session\Handlers\FileHandler' driver.
INFO - 2025-01-12 14:28:28 --> Session: Class initialized using 'CodeIgniter\Session\Handlers\FileHandler' driver.
DEBUG - 2025-01-12 14:28:28 --> User ID: 9
DEBUG - 2025-01-12 14:28:28 --> Profile Picture: image.png
DEBUG - 2025-01-12 14:28:28 --> User Name: lili saja
DEBUG - 2025-01-12 14:28:28 --> User Role: admin
INFO - 2025-01-12 14:28:30 --> Session: Class initialized using 'CodeIgniter\Session\Handlers\FileHandler' driver.
INFO - 2025-01-12 14:29:46 --> Session: Class initialized using 'CodeIgniter\Session\Handlers\FileHandler' driver.
DEBUG - 2025-01-12 14:29:46 --> User ID: 9
DEBUG - 2025-01-12 14:29:46 --> Profile Picture: image.png
DEBUG - 2025-01-12 14:29:46 --> User Name: lili saja
DEBUG - 2025-01-12 14:29:46 --> User Role: admin
INFO - 2025-01-12 14:29:47 --> Session: Class initialized using 'CodeIgniter\Session\Handlers\FileHandler' driver.
INFO - 2025-01-12 14:33:23 --> Session: Class initialized using 'CodeIgniter\Session\Handlers\FileHandler' driver.
INFO - 2025-01-12 14:36:18 --> Session: Class initialized using 'CodeIgniter\Session\Handlers\FileHandler' driver.
DEBUG - 2025-01-12 14:36:18 --> User ID: 9
DEBUG - 2025-01-12 14:36:18 --> Profile Picture: image.png
DEBUG - 2025-01-12 14:36:18 --> User Name: lili saja
DEBUG - 2025-01-12 14:36:18 --> User Role: admin
INFO - 2025-01-12 14:36:19 --> Session: Class initialized using 'CodeIgniter\Session\Handlers\FileHandler' driver.
INFO - 2025-01-12 14:40:08 --> Session: Class initialized using 'CodeIgniter\Session\Handlers\FileHandler' driver.
DEBUG - 2025-01-12 14:40:08 --> User ID: 9
DEBUG - 2025-01-12 14:40:08 --> Profile Picture: image.png
DEBUG - 2025-01-12 14:40:08 --> User Name: lili saja
DEBUG - 2025-01-12 14:40:08 --> User Role: admin
INFO - 2025-01-12 14:40:09 --> Session: Class initialized using 'CodeIgniter\Session\Handlers\FileHandler' driver.
INFO - 2025-01-12 14:41:03 --> Session: Class initialized using 'CodeIgniter\Session\Handlers\FileHandler' driver.
DEBUG - 2025-01-12 14:41:03 --> User ID: 9
DEBUG - 2025-01-12 14:41:03 --> Profile Picture: image.png
DEBUG - 2025-01-12 14:41:03 --> User Name: lili saja
DEBUG - 2025-01-12 14:41:03 --> User Role: admin
INFO - 2025-01-12 14:41:04 --> Session: Class initialized using 'CodeIgniter\Session\Handlers\FileHandler' driver.
INFO - 2025-01-12 14:42:29 --> Session: Class initialized using 'CodeIgniter\Session\Handlers\FileHandler' driver.
DEBUG - 2025-01-12 14:42:29 --> User ID: 9
DEBUG - 2025-01-12 14:42:29 --> Profile Picture: image.png
DEBUG - 2025-01-12 14:42:29 --> User Name: lili saja
DEBUG - 2025-01-12 14:42:29 --> User Role: admin
INFO - 2025-01-12 14:42:30 --> Session: Class initialized using 'CodeIgniter\Session\Handlers\FileHandler' driver.
INFO - 2025-01-12 14:43:17 --> Session: Class initialized using 'CodeIgniter\Session\Handlers\FileHandler' driver.
DEBUG - 2025-01-12 14:43:17 --> User ID: 9
DEBUG - 2025-01-12 14:43:17 --> Profile Picture: image.png
DEBUG - 2025-01-12 14:43:17 --> User Name: lili saja
DEBUG - 2025-01-12 14:43:17 --> User Role: admin
INFO - 2025-01-12 14:43:18 --> Session: Class initialized using 'CodeIgniter\Session\Handlers\FileHandler' driver.
INFO - 2025-01-12 14:43:34 --> Session: Class initialized using 'CodeIgniter\Session\Handlers\FileHandler' driver.
DEBUG - 2025-01-12 14:43:34 --> User ID: 9
DEBUG - 2025-01-12 14:43:34 --> Profile Picture: image.png
DEBUG - 2025-01-12 14:43:34 --> User Name: lili saja
DEBUG - 2025-01-12 14:43:34 --> User Role: admin
INFO - 2025-01-12 14:43:35 --> Session: Class initialized using 'CodeIgniter\Session\Handlers\FileHandler' driver.
INFO - 2025-01-12 14:47:17 --> Session: Class initialized using 'CodeIgniter\Session\Handlers\FileHandler' driver.
DEBUG - 2025-01-12 14:47:17 --> User ID: 9
DEBUG - 2025-01-12 14:47:17 --> Profile Picture: image.png
DEBUG - 2025-01-12 14:47:17 --> User Name: lili saja
DEBUG - 2025-01-12 14:47:17 --> User Role: admin
INFO - 2025-01-12 14:47:18 --> Session: Class initialized using 'CodeIgniter\Session\Handlers\FileHandler' driver.
INFO - 2025-01-12 14:47:58 --> Session: Class initialized using 'CodeIgniter\Session\Handlers\FileHandler' driver.
DEBUG - 2025-01-12 14:47:58 --> User ID: 9
DEBUG - 2025-01-12 14:47:58 --> Profile Picture: image.png
DEBUG - 2025-01-12 14:47:58 --> User Name: lili saja
DEBUG - 2025-01-12 14:47:58 --> User Role: admin
INFO - 2025-01-12 14:47:59 --> Session: Class initialized using 'CodeIgniter\Session\Handlers\FileHandler' driver.
INFO - 2025-01-12 14:48:44 --> Session: Class initialized using 'CodeIgniter\Session\Handlers\FileHandler' driver.
DEBUG - 2025-01-12 14:48:44 --> User ID: 9
DEBUG - 2025-01-12 14:48:44 --> Profile Picture: image.png
DEBUG - 2025-01-12 14:48:44 --> User Name: lili saja
DEBUG - 2025-01-12 14:48:44 --> User Role: admin
INFO - 2025-01-12 14:48:45 --> Session: Class initialized using 'CodeIgniter\Session\Handlers\FileHandler' driver.
INFO - 2025-01-12 14:49:19 --> Session: Class initialized using 'CodeIgniter\Session\Handlers\FileHandler' driver.
DEBUG - 2025-01-12 14:49:19 --> User ID: 9
DEBUG - 2025-01-12 14:49:19 --> Profile Picture: image.png
DEBUG - 2025-01-12 14:49:19 --> User Name: lili saja
DEBUG - 2025-01-12 14:49:19 --> User Role: admin
INFO - 2025-01-12 14:49:20 --> Session: Class initialized using 'CodeIgniter\Session\Handlers\FileHandler' driver.
INFO - 2025-01-12 14:49:46 --> Session: Class initialized using 'CodeIgniter\Session\Handlers\FileHandler' driver.
DEBUG - 2025-01-12 14:49:46 --> User ID: 9
DEBUG - 2025-01-12 14:49:46 --> Profile Picture: image.png
DEBUG - 2025-01-12 14:49:46 --> User Name: lili saja
DEBUG - 2025-01-12 14:49:46 --> User Role: admin
INFO - 2025-01-12 14:49:46 --> Session: Class initialized using 'CodeIgniter\Session\Handlers\FileHandler' driver.
INFO - 2025-01-12 14:50:09 --> Session: Class initialized using 'CodeIgniter\Session\Handlers\FileHandler' driver.
DEBUG - 2025-01-12 14:50:09 --> User ID: 9
DEBUG - 2025-01-12 14:50:09 --> Profile Picture: image.png
DEBUG - 2025-01-12 14:50:09 --> User Name: lili saja
DEBUG - 2025-01-12 14:50:09 --> User Role: admin
INFO - 2025-01-12 14:50:10 --> Session: Class initialized using 'CodeIgniter\Session\Handlers\FileHandler' driver.
INFO - 2025-01-12 14:50:25 --> Session: Class initialized using 'CodeIgniter\Session\Handlers\FileHandler' driver.
DEBUG - 2025-01-12 14:50:25 --> User ID: 9
DEBUG - 2025-01-12 14:50:25 --> Profile Picture: image.png
DEBUG - 2025-01-12 14:50:25 --> User Name: lili saja
DEBUG - 2025-01-12 14:50:25 --> User Role: admin
INFO - 2025-01-12 14:50:26 --> Session: Class initialized using 'CodeIgniter\Session\Handlers\FileHandler' driver.
INFO - 2025-01-12 14:50:44 --> Session: Class initialized using 'CodeIgniter\Session\Handlers\FileHandler' driver.
DEBUG - 2025-01-12 14:50:44 --> User ID: 9
DEBUG - 2025-01-12 14:50:44 --> Profile Picture: image.png
DEBUG - 2025-01-12 14:50:44 --> User Name: lili saja
DEBUG - 2025-01-12 14:50:44 --> User Role: admin
INFO - 2025-01-12 14:50:45 --> Session: Class initialized using 'CodeIgniter\Session\Handlers\FileHandler' driver.
INFO - 2025-01-12 14:51:14 --> Session: Class initialized using 'CodeIgniter\Session\Handlers\FileHandler' driver.
DEBUG - 2025-01-12 14:51:14 --> User ID: 9
DEBUG - 2025-01-12 14:51:14 --> Profile Picture: image.png
DEBUG - 2025-01-12 14:51:14 --> User Name: lili saja
DEBUG - 2025-01-12 14:51:14 --> User Role: admin
INFO - 2025-01-12 14:51:15 --> Session: Class initialized using 'CodeIgniter\Session\Handlers\FileHandler' driver.
INFO - 2025-01-12 14:51:32 --> Session: Class initialized using 'CodeIgniter\Session\Handlers\FileHandler' driver.
DEBUG - 2025-01-12 14:51:32 --> User ID: 9
DEBUG - 2025-01-12 14:51:32 --> Profile Picture: image.png
DEBUG - 2025-01-12 14:51:32 --> User Name: lili saja
DEBUG - 2025-01-12 14:51:32 --> User Role: admin
INFO - 2025-01-12 14:51:33 --> Session: Class initialized using 'CodeIgniter\Session\Handlers\FileHandler' driver.
INFO - 2025-01-12 14:51:41 --> Session: Class initialized using 'CodeIgniter\Session\Handlers\FileHandler' driver.
DEBUG - 2025-01-12 14:51:41 --> User ID: 9
DEBUG - 2025-01-12 14:51:41 --> Profile Picture: image.png
DEBUG - 2025-01-12 14:51:41 --> User Name: lili saja
DEBUG - 2025-01-12 14:51:41 --> User Role: admin
INFO - 2025-01-12 14:51:42 --> Session: Class initialized using 'CodeIgniter\Session\Handlers\FileHandler' driver.
INFO - 2025-01-12 14:53:54 --> Session: Class initialized using 'CodeIgniter\Session\Handlers\FileHandler' driver.
DEBUG - 2025-01-12 14:53:54 --> User ID: 9
DEBUG - 2025-01-12 14:53:54 --> Profile Picture: image.png
DEBUG - 2025-01-12 14:53:54 --> User Name: lili saja
DEBUG - 2025-01-12 14:53:54 --> User Role: admin
INFO - 2025-01-12 14:53:54 --> Session: Class initialized using 'CodeIgniter\Session\Handlers\FileHandler' driver.
INFO - 2025-01-12 14:54:08 --> Session: Class initialized using 'CodeIgniter\Session\Handlers\FileHandler' driver.
DEBUG - 2025-01-12 14:54:08 --> User ID: 9
DEBUG - 2025-01-12 14:54:08 --> Profile Picture: image.png
DEBUG - 2025-01-12 14:54:08 --> User Name: lili saja
DEBUG - 2025-01-12 14:54:08 --> User Role: admin
INFO - 2025-01-12 14:54:09 --> Session: Class initialized using 'CodeIgniter\Session\Handlers\FileHandler' driver.
INFO - 2025-01-12 14:55:19 --> Session: Class initialized using 'CodeIgniter\Session\Handlers\FileHandler' driver.
DEBUG - 2025-01-12 14:55:19 --> User ID: 9
DEBUG - 2025-01-12 14:55:19 --> Profile Picture: image.png
DEBUG - 2025-01-12 14:55:19 --> User Name: lili saja
DEBUG - 2025-01-12 14:55:19 --> User Role: admin
INFO - 2025-01-12 14:55:20 --> Session: Class initialized using 'CodeIgniter\Session\Handlers\FileHandler' driver.
INFO - 2025-01-12 14:58:48 --> Session: Class initialized using 'CodeIgniter\Session\Handlers\FileHandler' driver.
INFO - 2025-01-12 14:58:49 --> Session: Class initialized using 'CodeIgniter\Session\Handlers\FileHandler' driver.
INFO - 2025-01-12 14:58:50 --> Session: Class initialized using 'CodeIgniter\Session\Handlers\FileHandler' driver.
INFO - 2025-01-12 14:58:56 --> Session: Class initialized using 'CodeIgniter\Session\Handlers\FileHandler' driver.
ERROR - 2025-01-12 14:58:56 --> Login attempt with username: lili
ERROR - 2025-01-12 14:58:56 --> Checking login for username: lili
ERROR - 2025-01-12 14:58:56 --> User data: Array
(
    [user_id] => 9
    [username] => lili
    [nama] => lili saja
    [nip] => 123456780123456789
    [email] => jurandariyurianidu@gmail.com
    [password] => $2y$10$VOHOtZEaMBJvPLDT6v5/2uXNDqowMBRRYCjIGJtTPqb41gpCwVLI6
    [role] => admin
    [Bidang] => 
    [profil_foto] => image.png
    [alamat] => 
    [created_at] => 2025-01-10 02:06:34
    [updated_at] => 2025-01-12 00:11:35
)

ERROR - 2025-01-12 14:58:56 --> Password verify result for username lili: Success
ERROR - 2025-01-12 14:58:56 --> Login success for username: lili
INFO - 2025-01-12 14:58:56 --> Session: Class initialized using 'CodeIgniter\Session\Handlers\FileHandler' driver.
DEBUG - 2025-01-12 14:58:56 --> User ID: 9
DEBUG - 2025-01-12 14:58:56 --> Profile Picture: image.png
DEBUG - 2025-01-12 14:58:56 --> User Name: lili saja
DEBUG - 2025-01-12 14:58:56 --> User Role: admin
INFO - 2025-01-12 14:58:57 --> Session: Class initialized using 'CodeIgniter\Session\Handlers\FileHandler' driver.
INFO - 2025-01-12 15:05:30 --> Session: Class initialized using 'CodeIgniter\Session\Handlers\FileHandler' driver.
INFO - 2025-01-12 15:05:36 --> Session: Class initialized using 'CodeIgniter\Session\Handlers\FileHandler' driver.
DEBUG - 2025-01-12 15:05:36 --> User ID: 9
DEBUG - 2025-01-12 15:05:36 --> Profile Picture: image.png
DEBUG - 2025-01-12 15:05:36 --> User Name: lili saja
DEBUG - 2025-01-12 15:05:36 --> User Role: admin
INFO - 2025-01-12 15:05:36 --> Session: Class initialized using 'CodeIgniter\Session\Handlers\FileHandler' driver.
INFO - 2025-01-12 15:05:40 --> Session: Class initialized using 'CodeIgniter\Session\Handlers\FileHandler' driver.
INFO - 2025-01-12 15:05:46 --> Session: Class initialized using 'CodeIgniter\Session\Handlers\FileHandler' driver.
INFO - 2025-01-12 15:05:46 --> Session: Class initialized using 'CodeIgniter\Session\Handlers\FileHandler' driver.
INFO - 2025-01-12 15:05:55 --> Session: Class initialized using 'CodeIgniter\Session\Handlers\FileHandler' driver.
ERROR - 2025-01-12 15:05:55 --> Login attempt with username: lili
ERROR - 2025-01-12 15:05:55 --> Checking login for username: lili
ERROR - 2025-01-12 15:05:55 --> User data: Array
(
    [user_id] => 9
    [username] => lili
    [nama] => lili saja
    [nip] => 123456780123456789
    [email] => jurandariyurianidu@gmail.com
    [password] => $2y$10$VOHOtZEaMBJvPLDT6v5/2uXNDqowMBRRYCjIGJtTPqb41gpCwVLI6
    [role] => admin
    [Bidang] => 
    [profil_foto] => image.png
    [alamat] => 
    [created_at] => 2025-01-10 02:06:34
    [updated_at] => 2025-01-12 00:11:35
)

ERROR - 2025-01-12 15:05:55 --> Password verify result for username lili: Success
ERROR - 2025-01-12 15:05:56 --> Login success for username: lili
INFO - 2025-01-12 15:05:56 --> Session: Class initialized using 'CodeIgniter\Session\Handlers\FileHandler' driver.
DEBUG - 2025-01-12 15:05:56 --> User ID: 9
DEBUG - 2025-01-12 15:05:56 --> Profile Picture: image.png
DEBUG - 2025-01-12 15:05:56 --> User Name: lili saja
DEBUG - 2025-01-12 15:05:56 --> User Role: admin
INFO - 2025-01-12 15:05:56 --> Session: Class initialized using 'CodeIgniter\Session\Handlers\FileHandler' driver.
INFO - 2025-01-12 15:06:02 --> Session: Class initialized using 'CodeIgniter\Session\Handlers\FileHandler' driver.
DEBUG - 2025-01-12 15:06:02 --> User ID: 9
DEBUG - 2025-01-12 15:06:02 --> Profile Picture: image.png
DEBUG - 2025-01-12 15:06:02 --> User Name: lili saja
DEBUG - 2025-01-12 15:06:02 --> User Role: admin
INFO - 2025-01-12 15:06:03 --> Session: Class initialized using 'CodeIgniter\Session\Handlers\FileHandler' driver.
INFO - 2025-01-12 15:08:26 --> Session: Class initialized using 'CodeIgniter\Session\Handlers\FileHandler' driver.
DEBUG - 2025-01-12 15:08:26 --> User ID: 9
DEBUG - 2025-01-12 15:08:26 --> Profile Picture: image.png
DEBUG - 2025-01-12 15:08:26 --> User Name: lili saja
DEBUG - 2025-01-12 15:08:26 --> User Role: admin
INFO - 2025-01-12 15:08:26 --> Session: Class initialized using 'CodeIgniter\Session\Handlers\FileHandler' driver.
INFO - 2025-01-12 15:08:30 --> Session: Class initialized using 'CodeIgniter\Session\Handlers\FileHandler' driver.
INFO - 2025-01-12 15:08:35 --> Session: Class initialized using 'CodeIgniter\Session\Handlers\FileHandler' driver.
DEBUG - 2025-01-12 15:08:35 --> User ID: 9
DEBUG - 2025-01-12 15:08:35 --> Profile Picture: image.png
DEBUG - 2025-01-12 15:08:35 --> User Name: lili saja
DEBUG - 2025-01-12 15:08:35 --> User Role: admin
INFO - 2025-01-12 15:08:36 --> Session: Class initialized using 'CodeIgniter\Session\Handlers\FileHandler' driver.
INFO - 2025-01-12 15:10:53 --> Session: Class initialized using 'CodeIgniter\Session\Handlers\FileHandler' driver.
INFO - 2025-01-12 15:11:30 --> Session: Class initialized using 'CodeIgniter\Session\Handlers\FileHandler' driver.
DEBUG - 2025-01-12 15:11:30 --> User ID: 9
DEBUG - 2025-01-12 15:11:30 --> Profile Picture: image.png
DEBUG - 2025-01-12 15:11:30 --> User Name: lili saja
DEBUG - 2025-01-12 15:11:30 --> User Role: admin
INFO - 2025-01-12 15:11:30 --> Session: Class initialized using 'CodeIgniter\Session\Handlers\FileHandler' driver.
INFO - 2025-01-12 15:11:39 --> Session: Class initialized using 'CodeIgniter\Session\Handlers\FileHandler' driver.
INFO - 2025-01-12 15:11:43 --> Session: Class initialized using 'CodeIgniter\Session\Handlers\FileHandler' driver.
INFO - 2025-01-12 15:11:43 --> Session: Class initialized using 'CodeIgniter\Session\Handlers\FileHandler' driver.
INFO - 2025-01-12 15:11:52 --> Session: Class initialized using 'CodeIgniter\Session\Handlers\FileHandler' driver.
ERROR - 2025-01-12 15:11:52 --> Login attempt with username: lili
ERROR - 2025-01-12 15:11:52 --> Checking login for username: lili
ERROR - 2025-01-12 15:11:52 --> User data: Array
(
    [user_id] => 9
    [username] => lili
    [nama] => lili saja
    [nip] => 123456780123456789
    [email] => jurandariyurianidu@gmail.com
    [password] => $2y$10$VOHOtZEaMBJvPLDT6v5/2uXNDqowMBRRYCjIGJtTPqb41gpCwVLI6
    [role] => admin
    [Bidang] => 
    [profil_foto] => image.png
    [alamat] => 
    [created_at] => 2025-01-10 02:06:34
    [updated_at] => 2025-01-12 00:11:35
)

ERROR - 2025-01-12 15:11:52 --> Password verify result for username lili: Success
ERROR - 2025-01-12 15:11:52 --> Login success for username: lili
INFO - 2025-01-12 15:11:53 --> Session: Class initialized using 'CodeIgniter\Session\Handlers\FileHandler' driver.
DEBUG - 2025-01-12 15:11:53 --> User ID: 9
DEBUG - 2025-01-12 15:11:53 --> Profile Picture: image.png
DEBUG - 2025-01-12 15:11:53 --> User Name: lili saja
DEBUG - 2025-01-12 15:11:53 --> User Role: admin
INFO - 2025-01-12 15:11:53 --> Session: Class initialized using 'CodeIgniter\Session\Handlers\FileHandler' driver.
INFO - 2025-01-12 15:16:09 --> Session: Class initialized using 'CodeIgniter\Session\Handlers\FileHandler' driver.
INFO - 2025-01-12 15:19:38 --> Session: Class initialized using 'CodeIgniter\Session\Handlers\FileHandler' driver.
INFO - 2025-01-12 15:21:04 --> Session: Class initialized using 'CodeIgniter\Session\Handlers\FileHandler' driver.
INFO - 2025-01-12 15:21:05 --> Session: Class initialized using 'CodeIgniter\Session\Handlers\FileHandler' driver.
INFO - 2025-01-12 15:21:06 --> Session: Class initialized using 'CodeIgniter\Session\Handlers\FileHandler' driver.
INFO - 2025-01-12 15:21:14 --> Session: Class initialized using 'CodeIgniter\Session\Handlers\FileHandler' driver.
ERROR - 2025-01-12 15:21:14 --> Login attempt with username: lili
ERROR - 2025-01-12 15:21:14 --> Checking login for username: lili
ERROR - 2025-01-12 15:21:14 --> User data: Array
(
    [user_id] => 9
    [username] => lili
    [nama] => lili saja
    [nip] => 123456780123456789
    [email] => jurandariyurianidu@gmail.com
    [password] => $2y$10$VOHOtZEaMBJvPLDT6v5/2uXNDqowMBRRYCjIGJtTPqb41gpCwVLI6
    [role] => admin
    [Bidang] => 
    [profil_foto] => image.png
    [alamat] => 
    [created_at] => 2025-01-10 02:06:34
    [updated_at] => 2025-01-12 00:11:35
)

ERROR - 2025-01-12 15:21:14 --> Password verify result for username lili: Success
ERROR - 2025-01-12 15:21:14 --> Login success for username: lili
INFO - 2025-01-12 15:21:14 --> Session: Class initialized using 'CodeIgniter\Session\Handlers\FileHandler' driver.
DEBUG - 2025-01-12 15:21:14 --> User ID: 9
DEBUG - 2025-01-12 15:21:14 --> Profile Picture: image.png
DEBUG - 2025-01-12 15:21:14 --> User Name: lili saja
DEBUG - 2025-01-12 15:21:14 --> User Role: admin
INFO - 2025-01-12 15:21:15 --> Session: Class initialized using 'CodeIgniter\Session\Handlers\FileHandler' driver.
INFO - 2025-01-12 15:21:26 --> Session: Class initialized using 'CodeIgniter\Session\Handlers\FileHandler' driver.
