INFO - 2025-02-14 04:34:00 --> Session: Class initialized using 'CodeIgniter\Session\Handlers\FileHandler' driver.
INFO - 2025-02-14 04:34:02 --> Session: Class initialized using 'CodeIgniter\Session\Handlers\FileHandler' driver.
INFO - 2025-02-14 04:34:02 --> Session: Class initialized using 'CodeIgniter\Session\Handlers\FileHandler' driver.
INFO - 2025-02-14 04:34:12 --> Session: Class initialized using 'CodeIgniter\Session\Handlers\FileHandler' driver.
ERROR - 2025-02-14 04:34:12 --> Login attempt with username: dadang
ERROR - 2025-02-14 04:34:12 --> Checking login for username: dadang
ERROR - 2025-02-14 04:34:12 --> User data: Array
(
    [user_id] => 32
    [username] => dadang
    [nama] => cindy arwinda 
    [nip] => 098765432234567892
    [email] => dadang@gmail.com
    [password] => $2y$10$FKo1RqxUsHWcoWzbk5ZZae9C4Al32xjQuyf99kyXR4CMMYtDOyMVC
    [role] => notulensi
    [Bidang] => aptika
    [profil_foto] => 2.jpg
    [alamat] => 
    [jabatan] => Sekretaris
    [tanggal_lahir] => 
    [created_at] => 2025-01-17 09:26:42
    [updated_at] => 2025-02-11 14:05:41
)

ERROR - 2025-02-14 04:34:12 --> Password verify result for username dadang: Success
ERROR - 2025-02-14 04:34:12 --> Login success for username: dadang
INFO - 2025-02-14 04:34:13 --> Session: Class initialized using 'CodeIgniter\Session\Handlers\FileHandler' driver.
DEBUG - 2025-02-14 04:34:13 --> User ID: 32
DEBUG - 2025-02-14 04:34:13 --> Profile Picture: 2.jpg
DEBUG - 2025-02-14 04:34:13 --> User Name: cindy arwinda 
DEBUG - 2025-02-14 04:34:13 --> User Role: notulensi
INFO - 2025-02-14 04:34:13 --> Session: Class initialized using 'CodeIgniter\Session\Handlers\FileHandler' driver.
INFO - 2025-02-14 04:34:15 --> Session: Class initialized using 'CodeIgniter\Session\Handlers\FileHandler' driver.
INFO - 2025-02-14 04:34:15 --> Mencoba mengambil profil pengguna dengan ID 32
INFO - 2025-02-14 04:34:15 --> Pengguna dengan ID 32 ditemukan di database: Array
(
    [user_id] => 32
    [username] => dadang
    [nama] => cindy arwinda 
    [nip] => 098765432234567892
    [email] => dadang@gmail.com
    [password] => $2y$10$FKo1RqxUsHWcoWzbk5ZZae9C4Al32xjQuyf99kyXR4CMMYtDOyMVC
    [role] => notulensi
    [Bidang] => aptika
    [profil_foto] => 2.jpg
    [alamat] => 
    [jabatan] => Sekretaris
    [tanggal_lahir] => 
    [created_at] => 2025-01-17 09:26:42
    [updated_at] => 2025-02-11 14:05:41
)

INFO - 2025-02-14 04:34:15 --> Session: Class initialized using 'CodeIgniter\Session\Handlers\FileHandler' driver.
INFO - 2025-02-14 04:35:33 --> Session: Class initialized using 'CodeIgniter\Session\Handlers\FileHandler' driver.
INFO - 2025-02-14 04:35:33 --> Mencoba mengambil profil pengguna dengan ID 32
INFO - 2025-02-14 04:35:33 --> Pengguna dengan ID 32 ditemukan di database: Array
(
    [user_id] => 32
    [username] => dadang
    [nama] => cindy arwinda 
    [nip] => 098765432234567892
    [email] => dadang@gmail.com
    [password] => $2y$10$FKo1RqxUsHWcoWzbk5ZZae9C4Al32xjQuyf99kyXR4CMMYtDOyMVC
    [role] => notulensi
    [Bidang] => aptika
    [profil_foto] => 2.jpg
    [alamat] => 
    [jabatan] => Sekretaris
    [tanggal_lahir] => 
    [created_at] => 2025-01-17 09:26:42
    [updated_at] => 2025-02-11 14:05:41
)

INFO - 2025-02-14 04:35:33 --> Session: Class initialized using 'CodeIgniter\Session\Handlers\FileHandler' driver.
INFO - 2025-02-14 04:37:03 --> Session: Class initialized using 'CodeIgniter\Session\Handlers\FileHandler' driver.
INFO - 2025-02-14 04:37:03 --> Mencoba mengambil profil pengguna dengan ID 32
INFO - 2025-02-14 04:37:03 --> Pengguna dengan ID 32 ditemukan di database: Array
(
    [user_id] => 32
    [username] => dadang
    [nama] => cindy arwinda 
    [nip] => 098765432234567892
    [email] => dadang@gmail.com
    [password] => $2y$10$FKo1RqxUsHWcoWzbk5ZZae9C4Al32xjQuyf99kyXR4CMMYtDOyMVC
    [role] => notulensi
    [Bidang] => aptika
    [profil_foto] => 2.jpg
    [alamat] => 
    [jabatan] => Sekretaris
    [tanggal_lahir] => 
    [created_at] => 2025-01-17 09:26:42
    [updated_at] => 2025-02-11 14:05:41
)

INFO - 2025-02-14 04:37:04 --> Session: Class initialized using 'CodeIgniter\Session\Handlers\FileHandler' driver.
INFO - 2025-02-14 04:37:05 --> Session: Class initialized using 'CodeIgniter\Session\Handlers\FileHandler' driver.
DEBUG - 2025-02-14 04:37:05 --> User ID: 32
DEBUG - 2025-02-14 04:37:05 --> Profile Picture: 2.jpg
DEBUG - 2025-02-14 04:37:05 --> User Name: cindy arwinda 
DEBUG - 2025-02-14 04:37:05 --> User Role: notulensi
INFO - 2025-02-14 04:37:05 --> Session: Class initialized using 'CodeIgniter\Session\Handlers\FileHandler' driver.
INFO - 2025-02-14 04:37:09 --> Session: Class initialized using 'CodeIgniter\Session\Handlers\FileHandler' driver.
INFO - 2025-02-14 04:37:10 --> Session: Class initialized using 'CodeIgniter\Session\Handlers\FileHandler' driver.
INFO - 2025-02-14 04:37:10 --> Session: Class initialized using 'CodeIgniter\Session\Handlers\FileHandler' driver.
INFO - 2025-02-14 04:37:11 --> Session: Class initialized using 'CodeIgniter\Session\Handlers\FileHandler' driver.
ERROR - 2025-02-14 04:37:11 --> Login attempt with username: jaja
ERROR - 2025-02-14 04:37:11 --> Checking login for username: jaja
ERROR - 2025-02-14 04:37:11 --> User data: Array
(
    [user_id] => 13
    [username] => jaja
    [nama] => jungwon
    [nip] => 123456788987654324
    [email] => jaja@gmail.com
    [password] => $2y$10$nVk3.ULQ.f2qJcwl.zo9p.3ZmVs8RESB.SYe8GvwHZ4Y.pEHR.TlO
    [role] => pegawai
    [Bidang] => IKP
    [profil_foto] => pegawai.png
    [alamat] => 
    [jabatan] => korea
    [tanggal_lahir] => 
    [created_at] => 2025-01-13 07:53:10
    [updated_at] => 2025-01-31 05:12:25
)

ERROR - 2025-02-14 04:37:11 --> Password verify result for username jaja: Success
ERROR - 2025-02-14 04:37:11 --> Login success for username: jaja
INFO - 2025-02-14 04:37:12 --> Session: Class initialized using 'CodeIgniter\Session\Handlers\FileHandler' driver.
DEBUG - 2025-02-14 04:37:12 --> User ID: 13
DEBUG - 2025-02-14 04:37:12 --> Profile Picture: pegawai.png
DEBUG - 2025-02-14 04:37:12 --> User Name: jungwon
DEBUG - 2025-02-14 04:37:12 --> User Role: pegawai
INFO - 2025-02-14 04:37:12 --> Session: Class initialized using 'CodeIgniter\Session\Handlers\FileHandler' driver.
INFO - 2025-02-14 04:37:14 --> Session: Class initialized using 'CodeIgniter\Session\Handlers\FileHandler' driver.
INFO - 2025-02-14 04:37:14 --> Mencoba mengambil profil pengguna dengan ID 13
INFO - 2025-02-14 04:37:14 --> Pengguna dengan ID 13 ditemukan di database: Array
(
    [user_id] => 13
    [username] => jaja
    [nama] => jungwon
    [nip] => 123456788987654324
    [email] => jaja@gmail.com
    [password] => $2y$10$nVk3.ULQ.f2qJcwl.zo9p.3ZmVs8RESB.SYe8GvwHZ4Y.pEHR.TlO
    [role] => pegawai
    [Bidang] => IKP
    [profil_foto] => pegawai.png
    [alamat] => 
    [jabatan] => korea
    [tanggal_lahir] => 
    [created_at] => 2025-01-13 07:53:10
    [updated_at] => 2025-01-31 05:12:25
)

INFO - 2025-02-14 04:37:14 --> Session: Class initialized using 'CodeIgniter\Session\Handlers\FileHandler' driver.
INFO - 2025-02-14 04:37:39 --> Session: Class initialized using 'CodeIgniter\Session\Handlers\FileHandler' driver.
DEBUG - 2025-02-14 04:37:39 --> User ID: 13
DEBUG - 2025-02-14 04:37:39 --> Profile Picture: pegawai.png
DEBUG - 2025-02-14 04:37:39 --> User Name: jungwon
DEBUG - 2025-02-14 04:37:39 --> User Role: pegawai
INFO - 2025-02-14 04:37:40 --> Session: Class initialized using 'CodeIgniter\Session\Handlers\FileHandler' driver.
INFO - 2025-02-14 04:37:43 --> Session: Class initialized using 'CodeIgniter\Session\Handlers\FileHandler' driver.
INFO - 2025-02-14 04:37:44 --> Session: Class initialized using 'CodeIgniter\Session\Handlers\FileHandler' driver.
INFO - 2025-02-14 04:37:44 --> Session: Class initialized using 'CodeIgniter\Session\Handlers\FileHandler' driver.
INFO - 2025-02-14 04:37:53 --> Session: Class initialized using 'CodeIgniter\Session\Handlers\FileHandler' driver.
ERROR - 2025-02-14 04:37:53 --> Login attempt with username: dadang
ERROR - 2025-02-14 04:37:53 --> Checking login for username: dadang
ERROR - 2025-02-14 04:37:53 --> User data: Array
(
    [user_id] => 32
    [username] => dadang
    [nama] => cindy arwinda 
    [nip] => 098765432234567892
    [email] => dadang@gmail.com
    [password] => $2y$10$FKo1RqxUsHWcoWzbk5ZZae9C4Al32xjQuyf99kyXR4CMMYtDOyMVC
    [role] => notulensi
    [Bidang] => aptika
    [profil_foto] => 2.jpg
    [alamat] => 
    [jabatan] => Sekretaris
    [tanggal_lahir] => 
    [created_at] => 2025-01-17 09:26:42
    [updated_at] => 2025-02-11 14:05:41
)

ERROR - 2025-02-14 04:37:53 --> Password verify result for username dadang: Success
ERROR - 2025-02-14 04:37:53 --> Login success for username: dadang
INFO - 2025-02-14 04:37:53 --> Session: Class initialized using 'CodeIgniter\Session\Handlers\FileHandler' driver.
DEBUG - 2025-02-14 04:37:53 --> User ID: 32
DEBUG - 2025-02-14 04:37:53 --> Profile Picture: 2.jpg
DEBUG - 2025-02-14 04:37:53 --> User Name: cindy arwinda 
DEBUG - 2025-02-14 04:37:53 --> User Role: notulensi
INFO - 2025-02-14 04:37:53 --> Session: Class initialized using 'CodeIgniter\Session\Handlers\FileHandler' driver.
INFO - 2025-02-14 04:37:55 --> Session: Class initialized using 'CodeIgniter\Session\Handlers\FileHandler' driver.
INFO - 2025-02-14 04:37:55 --> Mencoba mengambil profil pengguna dengan ID 32
INFO - 2025-02-14 04:37:55 --> Pengguna dengan ID 32 ditemukan di database: Array
(
    [user_id] => 32
    [username] => dadang
    [nama] => cindy arwinda 
    [nip] => 098765432234567892
    [email] => dadang@gmail.com
    [password] => $2y$10$FKo1RqxUsHWcoWzbk5ZZae9C4Al32xjQuyf99kyXR4CMMYtDOyMVC
    [role] => notulensi
    [Bidang] => aptika
    [profil_foto] => 2.jpg
    [alamat] => 
    [jabatan] => Sekretaris
    [tanggal_lahir] => 
    [created_at] => 2025-01-17 09:26:42
    [updated_at] => 2025-02-11 14:05:41
)

INFO - 2025-02-14 04:37:55 --> Session: Class initialized using 'CodeIgniter\Session\Handlers\FileHandler' driver.
