INFO - 2025-01-16 08:40:17 --> Mencoba mengambil pengguna dengan role notulensi dan pegawai
INFO - 2025-01-16 08:40:17 --> Pengguna dengan role notulensi atau pegawai ditemukan: Array
(
    [0] => Array
        (
            [user_id] => 3
            [username] => admin
            [nama] => John Doe
            [nip] => 123456789
            [email] => admin@example.com
            [password] => $2y$10$vtl3rv1OaY3pW2hnmPpXoe1OzmxqdjvxJLl.7qZDvhjN8fQfo6Mhq


            [role] => pegawai
            [Bidang] => Statistik dan Persandian
            [profil_foto] => profile1.jpg
            [alamat] => Jl. Merdeka No. 123, Jakarta
            [jabatan] => 
            [tanggal_lahir] => 
            [created_at] => 2025-01-09 22:02:06
            [updated_at] => 2025-01-10 16:07:07
        )

    [1] => Array
        (
            [user_id] => 6
            [username] => wulan
            [nama] => wulandariyulianis
            [nip] => 18679202938390
            [email] => lala@gmail.com
            [password] => $2y$10$QW2QpL2k9f5eBfqMjakx7eNCI3/XVLCO9a42jzNPjzvXpS8iFmqoK
            [role] => notulensi
            [Bidang] => Aptika
            [profil_foto] => wulan.jpg


            [alamat] => 
            [jabatan] => 
            [tanggal_lahir] => 
            [created_at] => 2025-01-09 15:02:18
            [updated_at] => 2025-01-15 21:18:55
        )

    [2] => Array
        (
            [user_id] => 7
            [username] => lala
            [nama] => lala

            [nip] => 123456789123456789
            [email] => lala1@gmail.com
            [password] => $2y$10$tBSYxTpvfWjIlSkqSZ.7TeAQp2RvMqDg2J91d0vUGxaieUvPIv61a
            [role] => notulensi
            [Bidang] => Aptika
            [profil_foto] => 
            [alamat] => 
            [jabatan] => 
            [tanggal_lahir] => 
            [created_at] => 2025-01-09 15:16:16
            [updated_at] => 2025-01-15 21:48:23
        )

    [3] => Array
        (
            [user_id] => 13
            [username] => jaja
            [nama] => jungwon
            [nip] => 123456788987654324
            [email] => jaja@gmail.com
            [password] => $2y$10$nVk3.ULQ.f2qJcwl.zo9p.3ZmVs8RESB.SYe8GvwHZ4Y.pEHR.TlO
            [role] => pegawai
            [Bidang] => IKP
            [profil_foto] => pegawai.png
            [alamat] => 
            [jabatan] => korea
            [tanggal_lahir] => 
            [created_at] => 2025-01-13 07:53:10
            [updated_at] => 2025-01-16 08:09:31
        )

    [4] => Array
        (
            [user_id] => 17
            [username] => notulensi_user17
            [nama] => Nama Notulensi 17
            [nip] => 12345678917
            [email] => notulensi_user17@example.com
            [password] => password_enkripsi17
            [role] => pegawai
            [Bidang] => Administrasi
            [profil_foto] => foto_profil17.jpg
            [alamat] => Alamat Notulensi 17
            [jabatan] => Notulensi
            [tanggal_lahir] => 1997-07-17
            [created_at] => 2025-01-16 09:28:25
            [updated_at] => 2025-01-16 09:28:25
        )

    [5] => Array
        (
            [user_id] => 18
            [username] => notulensi_user18
            [nama] => Nama Notulensi 18
            [nip] => 12345678918
            [email] => notulensi_user18@example.com
            [password] => password_enkripsi18
            [role] => notulensi
            [Bidang] => Administrasi
            [profil_foto] => foto_profil18.jpg
            [alamat] => Alamat Notulensi 18
            [jabatan] => Notulensi
            [tanggal_lahir] => 1998-08-18
            [created_at] => 2025-01-16 09:28:25
            [updated_at] => 2025-01-16 09:28:25
        )

    [6] => Array
        (
            [user_id] => 19
            [username] => notulensi_user19
            [nama] => Nama Notulensi 19
            [nip] => 12345678919
            [email] => notulensi_user19@example.com
            [password] => password_enkripsi19
            [role] => notulensi
            [Bidang] => Administrasi
            [profil_foto] => foto_profil19.jpg
            [alamat] => Alamat Notulensi 19
            [jabatan] => Notulensi
            [tanggal_lahir] => 1999-09-19
            [created_at] => 2025-01-16 09:28:25
            [updated_at] => 2025-01-16 09:28:25
        )

    [7] => Array
        (
            [user_id] => 20
            [username] => notulensi_user20
            [nama] => Nama Notulensi 20
            [nip] => 12345678920
            [email] => notulensi_user20@example.com
            [password] => password_enkripsi20
            [role] => notulensi
            [Bidang] => Administrasi
            [profil_foto] => foto_profil20.jpg
            [alamat] => Alamat Notulensi 20
            [jabatan] => Notulensi
            [tanggal_lahir] => 2000-10-20
            [created_at] => 2025-01-16 09:28:25
            [updated_at] => 2025-01-16 09:28:25
        )

    [8] => Array
        (
            [user_id] => 22
            [username] => notulensi_user22
            [nama] => Nama Notulensi 22
            [nip] => 12345678922
            [email] => notulensi_user22@example.com
            [password] => password_enkripsi22
            [role] => notulensi
            [Bidang] => Administrasi
            [profil_foto] => foto_profil22.jpg
            [alamat] => Alamat Notulensi 22
            [jabatan] => Notulensi
            [tanggal_lahir] => 2002-12-22
            [created_at] => 2025-01-16 09:28:25
            [updated_at] => 2025-01-16 09:28:25
        )

    [9] => Array
        (
            [user_id] => 26
            [username] => notulensi
            [nama] => 
            [nip] => 345678909876789376
            [email] => notulensi@gmail.com
            [password] => $2y$10$ZhNj131GHHBnlqCvbB3.bOR13E/V13x3i1tumnFZPNg.YhqScDCnq
            [role] => notulensi
            [Bidang] => 
            [profil_foto] => notulensi.png

            [alamat] => 
            [jabatan] => 
            [tanggal_lahir] => 
            [created_at] => 2025-01-16 02:36:45
            [updated_at] => 2025-01-16 12:44:04
        )

)

INFO - 2025-01-16 08:40:17 --> Session: Class initialized using 'CodeIgniter\Session\Handlers\FileHandler' driver.
INFO - 2025-01-16 08:40:17 --> User profile for ID 9 retrieved successfully.
INFO - 2025-01-16 08:40:18 --> Session: Class initialized using 'CodeIgniter\Session\Handlers\FileHandler' driver.
INFO - 2025-01-16 08:43:14 --> Mencoba mengambil pengguna dengan role notulensi dan pegawai
INFO - 2025-01-16 08:43:14 --> Pengguna dengan role notulensi atau pegawai ditemukan: Array
(
    [0] => Array
        (
            [user_id] => 3
            [username] => admin
            [nama] => John Doe
            [nip] => 123456789
            [email] => admin@example.com
            [password] => $2y$10$vtl3rv1OaY3pW2hnmPpXoe1OzmxqdjvxJLl.7qZDvhjN8fQfo6Mhq


            [role] => pegawai
            [Bidang] => Statistik dan Persandian
            [profil_foto] => profile1.jpg
            [alamat] => Jl. Merdeka No. 123, Jakarta
            [jabatan] => 
            [tanggal_lahir] => 
            [created_at] => 2025-01-09 22:02:06
            [updated_at] => 2025-01-10 16:07:07
        )

    [1] => Array
        (
            [user_id] => 6
            [username] => wulan
            [nama] => wulandariyulianis
            [nip] => 18679202938390
            [email] => lala@gmail.com
            [password] => $2y$10$QW2QpL2k9f5eBfqMjakx7eNCI3/XVLCO9a42jzNPjzvXpS8iFmqoK
            [role] => notulensi
            [Bidang] => Aptika
            [profil_foto] => wulan.jpg


            [alamat] => 
            [jabatan] => 
            [tanggal_lahir] => 
            [created_at] => 2025-01-09 15:02:18
            [updated_at] => 2025-01-15 21:18:55
        )

    [2] => Array
        (
            [user_id] => 7
            [username] => lala
            [nama] => lala

            [nip] => 123456789123456789
            [email] => lala1@gmail.com
            [password] => $2y$10$tBSYxTpvfWjIlSkqSZ.7TeAQp2RvMqDg2J91d0vUGxaieUvPIv61a
            [role] => notulensi
            [Bidang] => Aptika
            [profil_foto] => 
            [alamat] => 
            [jabatan] => 
            [tanggal_lahir] => 
            [created_at] => 2025-01-09 15:16:16
            [updated_at] => 2025-01-15 21:48:23
        )

    [3] => Array
        (
            [user_id] => 13
            [username] => jaja
            [nama] => jungwon
            [nip] => 123456788987654324
            [email] => jaja@gmail.com
            [password] => $2y$10$nVk3.ULQ.f2qJcwl.zo9p.3ZmVs8RESB.SYe8GvwHZ4Y.pEHR.TlO
            [role] => pegawai
            [Bidang] => IKP
            [profil_foto] => pegawai.png
            [alamat] => 
            [jabatan] => korea
            [tanggal_lahir] => 
            [created_at] => 2025-01-13 07:53:10
            [updated_at] => 2025-01-16 08:09:31
        )

    [4] => Array
        (
            [user_id] => 17
            [username] => notulensi_user17
            [nama] => Nama Notulensi 17
            [nip] => 12345678917
            [email] => notulensi_user17@example.com
            [password] => password_enkripsi17
            [role] => pegawai
            [Bidang] => Administrasi
            [profil_foto] => foto_profil17.jpg
            [alamat] => Alamat Notulensi 17
            [jabatan] => Notulensi
            [tanggal_lahir] => 1997-07-17
            [created_at] => 2025-01-16 09:28:25
            [updated_at] => 2025-01-16 09:28:25
        )

    [5] => Array
        (
            [user_id] => 18
            [username] => notulensi_user18
            [nama] => Nama Notulensi 18
            [nip] => 12345678918
            [email] => notulensi_user18@example.com
            [password] => password_enkripsi18
            [role] => notulensi
            [Bidang] => Administrasi
            [profil_foto] => foto_profil18.jpg
            [alamat] => Alamat Notulensi 18
            [jabatan] => Notulensi
            [tanggal_lahir] => 1998-08-18
            [created_at] => 2025-01-16 09:28:25
            [updated_at] => 2025-01-16 09:28:25
        )

    [6] => Array
        (
            [user_id] => 19
            [username] => notulensi_user19
            [nama] => Nama Notulensi 19
            [nip] => 12345678919
            [email] => notulensi_user19@example.com
            [password] => password_enkripsi19
            [role] => notulensi
            [Bidang] => Administrasi
            [profil_foto] => foto_profil19.jpg
            [alamat] => Alamat Notulensi 19
            [jabatan] => Notulensi
            [tanggal_lahir] => 1999-09-19
            [created_at] => 2025-01-16 09:28:25
            [updated_at] => 2025-01-16 09:28:25
        )

    [7] => Array
        (
            [user_id] => 20
            [username] => notulensi_user20
            [nama] => Nama Notulensi 20
            [nip] => 12345678920
            [email] => notulensi_user20@example.com
            [password] => password_enkripsi20
            [role] => notulensi
            [Bidang] => Administrasi
            [profil_foto] => foto_profil20.jpg
            [alamat] => Alamat Notulensi 20
            [jabatan] => Notulensi
            [tanggal_lahir] => 2000-10-20
            [created_at] => 2025-01-16 09:28:25
            [updated_at] => 2025-01-16 09:28:25
        )

    [8] => Array
        (
            [user_id] => 22
            [username] => notulensi_user22
            [nama] => Nama Notulensi 22
            [nip] => 12345678922
            [email] => notulensi_user22@example.com
            [password] => password_enkripsi22
            [role] => notulensi
            [Bidang] => Administrasi
            [profil_foto] => foto_profil22.jpg
            [alamat] => Alamat Notulensi 22
            [jabatan] => Notulensi
            [tanggal_lahir] => 2002-12-22
            [created_at] => 2025-01-16 09:28:25
            [updated_at] => 2025-01-16 09:28:25
        )

    [9] => Array
        (
            [user_id] => 26
            [username] => notulensi
            [nama] => 
            [nip] => 345678909876789376
            [email] => notulensi@gmail.com
            [password] => $2y$10$ZhNj131GHHBnlqCvbB3.bOR13E/V13x3i1tumnFZPNg.YhqScDCnq
            [role] => notulensi
            [Bidang] => 
            [profil_foto] => notulensi.png

            [alamat] => 
            [jabatan] => 
            [tanggal_lahir] => 
            [created_at] => 2025-01-16 02:36:45
            [updated_at] => 2025-01-16 12:44:04
        )

)

INFO - 2025-01-16 08:43:14 --> Session: Class initialized using 'CodeIgniter\Session\Handlers\FileHandler' driver.
INFO - 2025-01-16 08:43:14 --> User profile for ID 9 retrieved successfully.
INFO - 2025-01-16 08:43:15 --> Session: Class initialized using 'CodeIgniter\Session\Handlers\FileHandler' driver.
INFO - 2025-01-16 08:45:29 --> Mencoba mengambil pengguna dengan role notulensi dan pegawai
INFO - 2025-01-16 08:45:29 --> Pengguna dengan role notulensi atau pegawai ditemukan: Array
(
    [0] => Array
        (
            [user_id] => 3
            [username] => admin
            [nama] => John Doe
            [nip] => 123456789
            [email] => admin@example.com
            [password] => $2y$10$vtl3rv1OaY3pW2hnmPpXoe1OzmxqdjvxJLl.7qZDvhjN8fQfo6Mhq


            [role] => pegawai
            [Bidang] => Statistik dan Persandian
            [profil_foto] => profile1.jpg
            [alamat] => Jl. Merdeka No. 123, Jakarta
            [jabatan] => 
            [tanggal_lahir] => 
            [created_at] => 2025-01-09 22:02:06
            [updated_at] => 2025-01-10 16:07:07
        )

    [1] => Array
        (
            [user_id] => 6
            [username] => wulan
            [nama] => wulandariyulianis
            [nip] => 18679202938390
            [email] => lala@gmail.com
            [password] => $2y$10$QW2QpL2k9f5eBfqMjakx7eNCI3/XVLCO9a42jzNPjzvXpS8iFmqoK
            [role] => notulensi
            [Bidang] => Aptika
            [profil_foto] => wulan.jpg


            [alamat] => 
            [jabatan] => 
            [tanggal_lahir] => 
            [created_at] => 2025-01-09 15:02:18
            [updated_at] => 2025-01-15 21:18:55
        )

    [2] => Array
        (
            [user_id] => 7
            [username] => lala
            [nama] => lala

            [nip] => 123456789123456789
            [email] => lala1@gmail.com
            [password] => $2y$10$tBSYxTpvfWjIlSkqSZ.7TeAQp2RvMqDg2J91d0vUGxaieUvPIv61a
            [role] => notulensi
            [Bidang] => Aptika
            [profil_foto] => 
            [alamat] => 
            [jabatan] => 
            [tanggal_lahir] => 
            [created_at] => 2025-01-09 15:16:16
            [updated_at] => 2025-01-15 21:48:23
        )

    [3] => Array
        (
            [user_id] => 13
            [username] => jaja
            [nama] => jungwon
            [nip] => 123456788987654324
            [email] => jaja@gmail.com
            [password] => $2y$10$nVk3.ULQ.f2qJcwl.zo9p.3ZmVs8RESB.SYe8GvwHZ4Y.pEHR.TlO
            [role] => pegawai
            [Bidang] => IKP
            [profil_foto] => pegawai.png
            [alamat] => 
            [jabatan] => korea
            [tanggal_lahir] => 
            [created_at] => 2025-01-13 07:53:10
            [updated_at] => 2025-01-16 08:09:31
        )

    [4] => Array
        (
            [user_id] => 17
            [username] => notulensi_user17
            [nama] => Nama Notulensi 17
            [nip] => 12345678917
            [email] => notulensi_user17@example.com
            [password] => password_enkripsi17
            [role] => pegawai
            [Bidang] => Administrasi
            [profil_foto] => foto_profil17.jpg
            [alamat] => Alamat Notulensi 17
            [jabatan] => Notulensi
            [tanggal_lahir] => 1997-07-17
            [created_at] => 2025-01-16 09:28:25
            [updated_at] => 2025-01-16 09:28:25
        )

    [5] => Array
        (
            [user_id] => 18
            [username] => notulensi_user18
            [nama] => Nama Notulensi 18
            [nip] => 12345678918
            [email] => notulensi_user18@example.com
            [password] => password_enkripsi18
            [role] => notulensi
            [Bidang] => Administrasi
            [profil_foto] => foto_profil18.jpg
            [alamat] => Alamat Notulensi 18
            [jabatan] => Notulensi
            [tanggal_lahir] => 1998-08-18
            [created_at] => 2025-01-16 09:28:25
            [updated_at] => 2025-01-16 09:28:25
        )

    [6] => Array
        (
            [user_id] => 19
            [username] => notulensi_user19
            [nama] => Nama Notulensi 19
            [nip] => 12345678919
            [email] => notulensi_user19@example.com
            [password] => password_enkripsi19
            [role] => notulensi
            [Bidang] => Administrasi
            [profil_foto] => foto_profil19.jpg
            [alamat] => Alamat Notulensi 19
            [jabatan] => Notulensi
            [tanggal_lahir] => 1999-09-19
            [created_at] => 2025-01-16 09:28:25
            [updated_at] => 2025-01-16 09:28:25
        )

    [7] => Array
        (
            [user_id] => 20
            [username] => notulensi_user20
            [nama] => Nama Notulensi 20
            [nip] => 12345678920
            [email] => notulensi_user20@example.com
            [password] => password_enkripsi20
            [role] => notulensi
            [Bidang] => Administrasi
            [profil_foto] => foto_profil20.jpg
            [alamat] => Alamat Notulensi 20
            [jabatan] => Notulensi
            [tanggal_lahir] => 2000-10-20
            [created_at] => 2025-01-16 09:28:25
            [updated_at] => 2025-01-16 09:28:25
        )

    [8] => Array
        (
            [user_id] => 22
            [username] => notulensi_user22
            [nama] => Nama Notulensi 22
            [nip] => 12345678922
            [email] => notulensi_user22@example.com
            [password] => password_enkripsi22
            [role] => notulensi
            [Bidang] => Administrasi
            [profil_foto] => foto_profil22.jpg
            [alamat] => Alamat Notulensi 22
            [jabatan] => Notulensi
            [tanggal_lahir] => 2002-12-22
            [created_at] => 2025-01-16 09:28:25
            [updated_at] => 2025-01-16 09:28:25
        )

    [9] => Array
        (
            [user_id] => 26
            [username] => notulensi
            [nama] => 
            [nip] => 345678909876789376
            [email] => notulensi@gmail.com
            [password] => $2y$10$ZhNj131GHHBnlqCvbB3.bOR13E/V13x3i1tumnFZPNg.YhqScDCnq
            [role] => notulensi
            [Bidang] => 
            [profil_foto] => notulensi.png

            [alamat] => 
            [jabatan] => 
            [tanggal_lahir] => 
            [created_at] => 2025-01-16 02:36:45
            [updated_at] => 2025-01-16 12:44:04
        )

)

INFO - 2025-01-16 08:45:29 --> Session: Class initialized using 'CodeIgniter\Session\Handlers\FileHandler' driver.
INFO - 2025-01-16 08:45:29 --> User profile for ID 9 retrieved successfully.
INFO - 2025-01-16 08:45:29 --> Session: Class initialized using 'CodeIgniter\Session\Handlers\FileHandler' driver.
INFO - 2025-01-16 08:46:02 --> Mencoba mengambil pengguna dengan role notulensi dan pegawai
INFO - 2025-01-16 08:46:02 --> Pengguna dengan role notulensi atau pegawai ditemukan: Array
(
    [0] => Array
        (
            [user_id] => 3
            [username] => admin
            [nama] => John Doe
            [nip] => 123456789
            [email] => admin@example.com
            [password] => $2y$10$vtl3rv1OaY3pW2hnmPpXoe1OzmxqdjvxJLl.7qZDvhjN8fQfo6Mhq


            [role] => pegawai
            [Bidang] => Statistik dan Persandian
            [profil_foto] => profile1.jpg
            [alamat] => Jl. Merdeka No. 123, Jakarta
            [jabatan] => 
            [tanggal_lahir] => 
            [created_at] => 2025-01-09 22:02:06
            [updated_at] => 2025-01-10 16:07:07
        )

    [1] => Array
        (
            [user_id] => 6
            [username] => wulan
            [nama] => wulandariyulianis
            [nip] => 18679202938390
            [email] => lala@gmail.com
            [password] => $2y$10$QW2QpL2k9f5eBfqMjakx7eNCI3/XVLCO9a42jzNPjzvXpS8iFmqoK
            [role] => notulensi
            [Bidang] => Aptika
            [profil_foto] => wulan.jpg


            [alamat] => 
            [jabatan] => 
            [tanggal_lahir] => 
            [created_at] => 2025-01-09 15:02:18
            [updated_at] => 2025-01-15 21:18:55
        )

    [2] => Array
        (
            [user_id] => 7
            [username] => lala
            [nama] => lala

            [nip] => 123456789123456789
            [email] => lala1@gmail.com
            [password] => $2y$10$tBSYxTpvfWjIlSkqSZ.7TeAQp2RvMqDg2J91d0vUGxaieUvPIv61a
            [role] => notulensi
            [Bidang] => Aptika
            [profil_foto] => 
            [alamat] => 
            [jabatan] => 
            [tanggal_lahir] => 
            [created_at] => 2025-01-09 15:16:16
            [updated_at] => 2025-01-15 21:48:23
        )

    [3] => Array
        (
            [user_id] => 13
            [username] => jaja
            [nama] => jungwon
            [nip] => 123456788987654324
            [email] => jaja@gmail.com
            [password] => $2y$10$nVk3.ULQ.f2qJcwl.zo9p.3ZmVs8RESB.SYe8GvwHZ4Y.pEHR.TlO
            [role] => pegawai
            [Bidang] => IKP
            [profil_foto] => pegawai.png
            [alamat] => 
            [jabatan] => korea
            [tanggal_lahir] => 
            [created_at] => 2025-01-13 07:53:10
            [updated_at] => 2025-01-16 08:09:31
        )

    [4] => Array
        (
            [user_id] => 17
            [username] => notulensi_user17
            [nama] => Nama Notulensi 17
            [nip] => 12345678917
            [email] => notulensi_user17@example.com
            [password] => password_enkripsi17
            [role] => pegawai
            [Bidang] => Administrasi
            [profil_foto] => foto_profil17.jpg
            [alamat] => Alamat Notulensi 17
            [jabatan] => Notulensi
            [tanggal_lahir] => 1997-07-17
            [created_at] => 2025-01-16 09:28:25
            [updated_at] => 2025-01-16 09:28:25
        )

    [5] => Array
        (
            [user_id] => 18
            [username] => notulensi_user18
            [nama] => Nama Notulensi 18
            [nip] => 12345678918
            [email] => notulensi_user18@example.com
            [password] => password_enkripsi18
            [role] => notulensi
            [Bidang] => Administrasi
            [profil_foto] => foto_profil18.jpg
            [alamat] => Alamat Notulensi 18
            [jabatan] => Notulensi
            [tanggal_lahir] => 1998-08-18
            [created_at] => 2025-01-16 09:28:25
            [updated_at] => 2025-01-16 09:28:25
        )

    [6] => Array
        (
            [user_id] => 19
            [username] => notulensi_user19
            [nama] => Nama Notulensi 19
            [nip] => 12345678919
            [email] => notulensi_user19@example.com
            [password] => password_enkripsi19
            [role] => notulensi
            [Bidang] => Administrasi
            [profil_foto] => foto_profil19.jpg
            [alamat] => Alamat Notulensi 19
            [jabatan] => Notulensi
            [tanggal_lahir] => 1999-09-19
            [created_at] => 2025-01-16 09:28:25
            [updated_at] => 2025-01-16 09:28:25
        )

    [7] => Array
        (
            [user_id] => 20
            [username] => notulensi_user20
            [nama] => Nama Notulensi 20
            [nip] => 12345678920
            [email] => notulensi_user20@example.com
            [password] => password_enkripsi20
            [role] => notulensi
            [Bidang] => Administrasi
            [profil_foto] => foto_profil20.jpg
            [alamat] => Alamat Notulensi 20
            [jabatan] => Notulensi
            [tanggal_lahir] => 2000-10-20
            [created_at] => 2025-01-16 09:28:25
            [updated_at] => 2025-01-16 09:28:25
        )

    [8] => Array
        (
            [user_id] => 22
            [username] => notulensi_user22
            [nama] => Nama Notulensi 22
            [nip] => 12345678922
            [email] => notulensi_user22@example.com
            [password] => password_enkripsi22
            [role] => notulensi
            [Bidang] => Administrasi
            [profil_foto] => foto_profil22.jpg
            [alamat] => Alamat Notulensi 22
            [jabatan] => Notulensi
            [tanggal_lahir] => 2002-12-22
            [created_at] => 2025-01-16 09:28:25
            [updated_at] => 2025-01-16 09:28:25
        )

    [9] => Array
        (
            [user_id] => 26
            [username] => notulensi
            [nama] => 
            [nip] => 345678909876789376
            [email] => notulensi@gmail.com
            [password] => $2y$10$ZhNj131GHHBnlqCvbB3.bOR13E/V13x3i1tumnFZPNg.YhqScDCnq
            [role] => notulensi
            [Bidang] => 
            [profil_foto] => notulensi.png

            [alamat] => 
            [jabatan] => 
            [tanggal_lahir] => 
            [created_at] => 2025-01-16 02:36:45
            [updated_at] => 2025-01-16 12:44:04
        )

)

INFO - 2025-01-16 08:46:02 --> Session: Class initialized using 'CodeIgniter\Session\Handlers\FileHandler' driver.
INFO - 2025-01-16 08:46:02 --> User profile for ID 9 retrieved successfully.
INFO - 2025-01-16 08:46:03 --> Session: Class initialized using 'CodeIgniter\Session\Handlers\FileHandler' driver.
INFO - 2025-01-16 08:48:42 --> Mencoba mengambil pengguna dengan role notulensi dan pegawai
INFO - 2025-01-16 08:48:42 --> Pengguna dengan role notulensi atau pegawai ditemukan: Array
(
    [0] => Array
        (
            [user_id] => 3
            [username] => admin
            [nama] => John Doe
            [nip] => 123456789
            [email] => admin@example.com
            [password] => $2y$10$vtl3rv1OaY3pW2hnmPpXoe1OzmxqdjvxJLl.7qZDvhjN8fQfo6Mhq


            [role] => pegawai
            [Bidang] => Statistik dan Persandian
            [profil_foto] => profile1.jpg
            [alamat] => Jl. Merdeka No. 123, Jakarta
            [jabatan] => 
            [tanggal_lahir] => 
            [created_at] => 2025-01-09 22:02:06
            [updated_at] => 2025-01-10 16:07:07
        )

    [1] => Array
        (
            [user_id] => 6
            [username] => wulan
            [nama] => wulandariyulianis
            [nip] => 18679202938390
            [email] => lala@gmail.com
            [password] => $2y$10$QW2QpL2k9f5eBfqMjakx7eNCI3/XVLCO9a42jzNPjzvXpS8iFmqoK
            [role] => notulensi
            [Bidang] => Aptika
            [profil_foto] => wulan.jpg


            [alamat] => 
            [jabatan] => 
            [tanggal_lahir] => 
            [created_at] => 2025-01-09 15:02:18
            [updated_at] => 2025-01-15 21:18:55
        )

    [2] => Array
        (
            [user_id] => 7
            [username] => lala
            [nama] => lala

            [nip] => 123456789123456789
            [email] => lala1@gmail.com
            [password] => $2y$10$tBSYxTpvfWjIlSkqSZ.7TeAQp2RvMqDg2J91d0vUGxaieUvPIv61a
            [role] => notulensi
            [Bidang] => Aptika
            [profil_foto] => 
            [alamat] => 
            [jabatan] => 
            [tanggal_lahir] => 
            [created_at] => 2025-01-09 15:16:16
            [updated_at] => 2025-01-15 21:48:23
        )

    [3] => Array
        (
            [user_id] => 13
            [username] => jaja
            [nama] => jungwon
            [nip] => 123456788987654324
            [email] => jaja@gmail.com
            [password] => $2y$10$nVk3.ULQ.f2qJcwl.zo9p.3ZmVs8RESB.SYe8GvwHZ4Y.pEHR.TlO
            [role] => pegawai
            [Bidang] => IKP
            [profil_foto] => pegawai.png
            [alamat] => 
            [jabatan] => korea
            [tanggal_lahir] => 
            [created_at] => 2025-01-13 07:53:10
            [updated_at] => 2025-01-16 08:09:31
        )

    [4] => Array
        (
            [user_id] => 17
            [username] => notulensi_user17
            [nama] => Nama Notulensi 17
            [nip] => 12345678917
            [email] => notulensi_user17@example.com
            [password] => password_enkripsi17
            [role] => pegawai
            [Bidang] => Administrasi
            [profil_foto] => foto_profil17.jpg
            [alamat] => Alamat Notulensi 17
            [jabatan] => Notulensi
            [tanggal_lahir] => 1997-07-17
            [created_at] => 2025-01-16 09:28:25
            [updated_at] => 2025-01-16 09:28:25
        )

    [5] => Array
        (
            [user_id] => 18
            [username] => notulensi_user18
            [nama] => Nama Notulensi 18
            [nip] => 12345678918
            [email] => notulensi_user18@example.com
            [password] => password_enkripsi18
            [role] => notulensi
            [Bidang] => Administrasi
            [profil_foto] => foto_profil18.jpg
            [alamat] => Alamat Notulensi 18
            [jabatan] => Notulensi
            [tanggal_lahir] => 1998-08-18
            [created_at] => 2025-01-16 09:28:25
            [updated_at] => 2025-01-16 09:28:25
        )

    [6] => Array
        (
            [user_id] => 19
            [username] => notulensi_user19
            [nama] => Nama Notulensi 19
            [nip] => 12345678919
            [email] => notulensi_user19@example.com
            [password] => password_enkripsi19
            [role] => notulensi
            [Bidang] => Administrasi
            [profil_foto] => foto_profil19.jpg
            [alamat] => Alamat Notulensi 19
            [jabatan] => Notulensi
            [tanggal_lahir] => 1999-09-19
            [created_at] => 2025-01-16 09:28:25
            [updated_at] => 2025-01-16 09:28:25
        )

    [7] => Array
        (
            [user_id] => 20
            [username] => notulensi_user20
            [nama] => Nama Notulensi 20
            [nip] => 12345678920
            [email] => notulensi_user20@example.com
            [password] => password_enkripsi20
            [role] => notulensi
            [Bidang] => Administrasi
            [profil_foto] => foto_profil20.jpg
            [alamat] => Alamat Notulensi 20
            [jabatan] => Notulensi
            [tanggal_lahir] => 2000-10-20
            [created_at] => 2025-01-16 09:28:25
            [updated_at] => 2025-01-16 09:28:25
        )

    [8] => Array
        (
            [user_id] => 22
            [username] => notulensi_user22
            [nama] => Nama Notulensi 22
            [nip] => 12345678922
            [email] => notulensi_user22@example.com
            [password] => password_enkripsi22
            [role] => notulensi
            [Bidang] => Administrasi
            [profil_foto] => foto_profil22.jpg
            [alamat] => Alamat Notulensi 22
            [jabatan] => Notulensi
            [tanggal_lahir] => 2002-12-22
            [created_at] => 2025-01-16 09:28:25
            [updated_at] => 2025-01-16 09:28:25
        )

    [9] => Array
        (
            [user_id] => 26
            [username] => notulensi
            [nama] => 
            [nip] => 345678909876789376
            [email] => notulensi@gmail.com
            [password] => $2y$10$ZhNj131GHHBnlqCvbB3.bOR13E/V13x3i1tumnFZPNg.YhqScDCnq
            [role] => notulensi
            [Bidang] => 
            [profil_foto] => notulensi.png

            [alamat] => 
            [jabatan] => 
            [tanggal_lahir] => 
            [created_at] => 2025-01-16 02:36:45
            [updated_at] => 2025-01-16 12:44:04
        )

)

INFO - 2025-01-16 08:48:43 --> Session: Class initialized using 'CodeIgniter\Session\Handlers\FileHandler' driver.
INFO - 2025-01-16 08:48:43 --> User profile for ID 9 retrieved successfully.
INFO - 2025-01-16 08:48:43 --> Session: Class initialized using 'CodeIgniter\Session\Handlers\FileHandler' driver.
INFO - 2025-01-16 08:49:06 --> Mencoba mengambil pengguna dengan role notulensi dan pegawai
INFO - 2025-01-16 08:49:06 --> Pengguna dengan role notulensi atau pegawai ditemukan: Array
(
    [0] => Array
        (
            [user_id] => 3
            [username] => admin
            [nama] => John Doe
            [nip] => 123456789
            [email] => admin@example.com
            [password] => $2y$10$vtl3rv1OaY3pW2hnmPpXoe1OzmxqdjvxJLl.7qZDvhjN8fQfo6Mhq


            [role] => pegawai
            [Bidang] => Statistik dan Persandian
            [profil_foto] => profile1.jpg
            [alamat] => Jl. Merdeka No. 123, Jakarta
            [jabatan] => 
            [tanggal_lahir] => 
            [created_at] => 2025-01-09 22:02:06
            [updated_at] => 2025-01-10 16:07:07
        )

    [1] => Array
        (
            [user_id] => 6
            [username] => wulan
            [nama] => wulandariyulianis
            [nip] => 18679202938390
            [email] => lala@gmail.com
            [password] => $2y$10$QW2QpL2k9f5eBfqMjakx7eNCI3/XVLCO9a42jzNPjzvXpS8iFmqoK
            [role] => notulensi
            [Bidang] => Aptika
            [profil_foto] => wulan.jpg


            [alamat] => 
            [jabatan] => 
            [tanggal_lahir] => 
            [created_at] => 2025-01-09 15:02:18
            [updated_at] => 2025-01-15 21:18:55
        )

    [2] => Array
        (
            [user_id] => 7
            [username] => lala
            [nama] => lala

            [nip] => 123456789123456789
            [email] => lala1@gmail.com
            [password] => $2y$10$tBSYxTpvfWjIlSkqSZ.7TeAQp2RvMqDg2J91d0vUGxaieUvPIv61a
            [role] => notulensi
            [Bidang] => Aptika
            [profil_foto] => 
            [alamat] => 
            [jabatan] => 
            [tanggal_lahir] => 
            [created_at] => 2025-01-09 15:16:16
            [updated_at] => 2025-01-15 21:48:23
        )

    [3] => Array
        (
            [user_id] => 13
            [username] => jaja
            [nama] => jungwon
            [nip] => 123456788987654324
            [email] => jaja@gmail.com
            [password] => $2y$10$nVk3.ULQ.f2qJcwl.zo9p.3ZmVs8RESB.SYe8GvwHZ4Y.pEHR.TlO
            [role] => pegawai
            [Bidang] => IKP
            [profil_foto] => pegawai.png
            [alamat] => 
            [jabatan] => korea
            [tanggal_lahir] => 
            [created_at] => 2025-01-13 07:53:10
            [updated_at] => 2025-01-16 08:09:31
        )

    [4] => Array
        (
            [user_id] => 17
            [username] => notulensi_user17
            [nama] => Nama Notulensi 17
            [nip] => 12345678917
            [email] => notulensi_user17@example.com
            [password] => password_enkripsi17
            [role] => pegawai
            [Bidang] => Administrasi
            [profil_foto] => foto_profil17.jpg
            [alamat] => Alamat Notulensi 17
            [jabatan] => Notulensi
            [tanggal_lahir] => 1997-07-17
            [created_at] => 2025-01-16 09:28:25
            [updated_at] => 2025-01-16 09:28:25
        )

    [5] => Array
        (
            [user_id] => 18
            [username] => notulensi_user18
            [nama] => Nama Notulensi 18
            [nip] => 12345678918
            [email] => notulensi_user18@example.com
            [password] => password_enkripsi18
            [role] => notulensi
            [Bidang] => Administrasi
            [profil_foto] => foto_profil18.jpg
            [alamat] => Alamat Notulensi 18
            [jabatan] => Notulensi
            [tanggal_lahir] => 1998-08-18
            [created_at] => 2025-01-16 09:28:25
            [updated_at] => 2025-01-16 09:28:25
        )

    [6] => Array
        (
            [user_id] => 19
            [username] => notulensi_user19
            [nama] => Nama Notulensi 19
            [nip] => 12345678919
            [email] => notulensi_user19@example.com
            [password] => password_enkripsi19
            [role] => notulensi
            [Bidang] => Administrasi
            [profil_foto] => foto_profil19.jpg
            [alamat] => Alamat Notulensi 19
            [jabatan] => Notulensi
            [tanggal_lahir] => 1999-09-19
            [created_at] => 2025-01-16 09:28:25
            [updated_at] => 2025-01-16 09:28:25
        )

    [7] => Array
        (
            [user_id] => 20
            [username] => notulensi_user20
            [nama] => Nama Notulensi 20
            [nip] => 12345678920
            [email] => notulensi_user20@example.com
            [password] => password_enkripsi20
            [role] => notulensi
            [Bidang] => Administrasi
            [profil_foto] => foto_profil20.jpg
            [alamat] => Alamat Notulensi 20
            [jabatan] => Notulensi
            [tanggal_lahir] => 2000-10-20
            [created_at] => 2025-01-16 09:28:25
            [updated_at] => 2025-01-16 09:28:25
        )

    [8] => Array
        (
            [user_id] => 26
            [username] => notulensi
            [nama] => 
            [nip] => 345678909876789376
            [email] => notulensi@gmail.com
            [password] => $2y$10$ZhNj131GHHBnlqCvbB3.bOR13E/V13x3i1tumnFZPNg.YhqScDCnq
            [role] => notulensi
            [Bidang] => 
            [profil_foto] => notulensi.png

            [alamat] => 
            [jabatan] => 
            [tanggal_lahir] => 
            [created_at] => 2025-01-16 02:36:45
            [updated_at] => 2025-01-16 12:44:04
        )

)

INFO - 2025-01-16 08:49:06 --> Session: Class initialized using 'CodeIgniter\Session\Handlers\FileHandler' driver.
INFO - 2025-01-16 08:49:06 --> User profile for ID 9 retrieved successfully.
INFO - 2025-01-16 08:49:07 --> Session: Class initialized using 'CodeIgniter\Session\Handlers\FileHandler' driver.
INFO - 2025-01-16 08:49:14 --> Session: Class initialized using 'CodeIgniter\Session\Handlers\FileHandler' driver.
DEBUG - 2025-01-16 08:49:14 --> User ID: 9
DEBUG - 2025-01-16 08:49:14 --> Profile Picture: image.png
DEBUG - 2025-01-16 08:49:14 --> User Name: alhamdulillah
DEBUG - 2025-01-16 08:49:14 --> User Role: admin
INFO - 2025-01-16 08:49:15 --> Session: Class initialized using 'CodeIgniter\Session\Handlers\FileHandler' driver.
INFO - 2025-01-16 08:52:41 --> Session: Class initialized using 'CodeIgniter\Session\Handlers\FileHandler' driver.
DEBUG - 2025-01-16 08:52:41 --> User ID: 9
DEBUG - 2025-01-16 08:52:41 --> Profile Picture: image.png
DEBUG - 2025-01-16 08:52:41 --> User Name: alhamdulillah
DEBUG - 2025-01-16 08:52:41 --> User Role: admin
INFO - 2025-01-16 08:52:41 --> Session: Class initialized using 'CodeIgniter\Session\Handlers\FileHandler' driver.
INFO - 2025-01-16 08:52:46 --> Session: Class initialized using 'CodeIgniter\Session\Handlers\FileHandler' driver.
DEBUG - 2025-01-16 08:52:46 --> User ID: 9
DEBUG - 2025-01-16 08:52:46 --> Profile Picture: image.png
DEBUG - 2025-01-16 08:52:46 --> User Name: alhamdulillah
DEBUG - 2025-01-16 08:52:46 --> User Role: admin
INFO - 2025-01-16 08:52:46 --> Session: Class initialized using 'CodeIgniter\Session\Handlers\FileHandler' driver.
INFO - 2025-01-16 08:53:17 --> Session: Class initialized using 'CodeIgniter\Session\Handlers\FileHandler' driver.
DEBUG - 2025-01-16 08:53:17 --> User ID: 9
DEBUG - 2025-01-16 08:53:17 --> Profile Picture: image.png
DEBUG - 2025-01-16 08:53:17 --> User Name: alhamdulillah
DEBUG - 2025-01-16 08:53:17 --> User Role: admin
INFO - 2025-01-16 08:53:17 --> Session: Class initialized using 'CodeIgniter\Session\Handlers\FileHandler' driver.
INFO - 2025-01-16 08:53:58 --> Session: Class initialized using 'CodeIgniter\Session\Handlers\FileHandler' driver.
DEBUG - 2025-01-16 08:53:58 --> User ID: 9
DEBUG - 2025-01-16 08:53:58 --> Profile Picture: image.png
DEBUG - 2025-01-16 08:53:58 --> User Name: alhamdulillah
DEBUG - 2025-01-16 08:53:58 --> User Role: admin
INFO - 2025-01-16 08:53:59 --> Session: Class initialized using 'CodeIgniter\Session\Handlers\FileHandler' driver.
INFO - 2025-01-16 08:55:52 --> Session: Class initialized using 'CodeIgniter\Session\Handlers\FileHandler' driver.
DEBUG - 2025-01-16 08:55:52 --> User ID: 9
DEBUG - 2025-01-16 08:55:52 --> Profile Picture: image.png
DEBUG - 2025-01-16 08:55:52 --> User Name: alhamdulillah
DEBUG - 2025-01-16 08:55:52 --> User Role: admin
INFO - 2025-01-16 08:55:52 --> Session: Class initialized using 'CodeIgniter\Session\Handlers\FileHandler' driver.
INFO - 2025-01-16 08:56:40 --> Session: Class initialized using 'CodeIgniter\Session\Handlers\FileHandler' driver.
DEBUG - 2025-01-16 08:56:40 --> User ID: 9
DEBUG - 2025-01-16 08:56:40 --> Profile Picture: image.png
DEBUG - 2025-01-16 08:56:40 --> User Name: alhamdulillah
DEBUG - 2025-01-16 08:56:40 --> User Role: admin
INFO - 2025-01-16 08:56:40 --> Session: Class initialized using 'CodeIgniter\Session\Handlers\FileHandler' driver.
CRITICAL - 2025-01-16 08:58:53 --> Error: Class "App\Controllers\CI_Controller" not found
[Method: GET, Route: admin/riwayatadmin]
in APPPATH\Controllers\RiwayatAdminController.php on line 5.
 1 SYSTEMPATH\Autoloader\Autoloader.php(317): include_once()
 2 SYSTEMPATH\Autoloader\Autoloader.php(296): CodeIgniter\Autoloader\Autoloader->includeFile('C:\\xampp\\htdocs\\SiNotik\\app\\Controllers\\RiwayatAdminController.php')
 3 SYSTEMPATH\Autoloader\Autoloader.php(272): CodeIgniter\Autoloader\Autoloader->loadInNamespace('App\\Controllers\\RiwayatAdminController')
 4 [internal function]: CodeIgniter\Autoloader\Autoloader->loadClass('App\\Controllers\\RiwayatAdminController')
 5 SYSTEMPATH\CodeIgniter.php(887): class_exists('\\App\\Controllers\\RiwayatAdminController', true)
 6 SYSTEMPATH\CodeIgniter.php(496): CodeIgniter\CodeIgniter->startController()
 7 SYSTEMPATH\CodeIgniter.php(355): CodeIgniter\CodeIgniter->handleRequest(null, Object(Config\Cache), false)
 8 SYSTEMPATH\Boot.php(325): CodeIgniter\CodeIgniter->run()
 9 SYSTEMPATH\Boot.php(67): CodeIgniter\Boot::runCodeIgniter(Object(CodeIgniter\CodeIgniter))
10 FCPATH\index.php(56): CodeIgniter\Boot::bootWeb(Object(Config\Paths))
11 SYSTEMPATH\rewrite.php(44): require_once('C:\\xampp\\htdocs\\SiNotik\\public\\index.php')
INFO - 2025-01-16 08:59:50 --> Session: Class initialized using 'CodeIgniter\Session\Handlers\FileHandler' driver.
INFO - 2025-01-16 09:00:30 --> Session: Class initialized using 'CodeIgniter\Session\Handlers\FileHandler' driver.
INFO - 2025-01-16 09:00:31 --> Session: Class initialized using 'CodeIgniter\Session\Handlers\FileHandler' driver.
DEBUG - 2025-01-16 09:00:31 --> User ID: 9
DEBUG - 2025-01-16 09:00:31 --> Profile Picture: image.png
DEBUG - 2025-01-16 09:00:31 --> User Name: alhamdulillah
DEBUG - 2025-01-16 09:00:31 --> User Role: admin
INFO - 2025-01-16 09:00:32 --> Session: Class initialized using 'CodeIgniter\Session\Handlers\FileHandler' driver.
INFO - 2025-01-16 09:00:34 --> Mencoba mengambil pengguna dengan role notulensi dan pegawai
INFO - 2025-01-16 09:00:35 --> Pengguna dengan role notulensi atau pegawai ditemukan: Array
(
    [0] => Array
        (
            [user_id] => 3
            [username] => admin
            [nama] => John Doe
            [nip] => 123456789
            [email] => admin@example.com
            [password] => $2y$10$vtl3rv1OaY3pW2hnmPpXoe1OzmxqdjvxJLl.7qZDvhjN8fQfo6Mhq


            [role] => pegawai
            [Bidang] => Statistik dan Persandian
            [profil_foto] => profile1.jpg
            [alamat] => Jl. Merdeka No. 123, Jakarta
            [jabatan] => 
            [tanggal_lahir] => 
            [created_at] => 2025-01-09 22:02:06
            [updated_at] => 2025-01-10 16:07:07
        )

    [1] => Array
        (
            [user_id] => 6
            [username] => wulan
            [nama] => wulandariyulianis
            [nip] => 18679202938390
            [email] => lala@gmail.com
            [password] => $2y$10$QW2QpL2k9f5eBfqMjakx7eNCI3/XVLCO9a42jzNPjzvXpS8iFmqoK
            [role] => notulensi
            [Bidang] => Aptika
            [profil_foto] => wulan.jpg


            [alamat] => 
            [jabatan] => 
            [tanggal_lahir] => 
            [created_at] => 2025-01-09 15:02:18
            [updated_at] => 2025-01-15 21:18:55
        )

    [2] => Array
        (
            [user_id] => 7
            [username] => lala
            [nama] => lala

            [nip] => 123456789123456789
            [email] => lala1@gmail.com
            [password] => $2y$10$tBSYxTpvfWjIlSkqSZ.7TeAQp2RvMqDg2J91d0vUGxaieUvPIv61a
            [role] => notulensi
            [Bidang] => Aptika
            [profil_foto] => 
            [alamat] => 
            [jabatan] => 
            [tanggal_lahir] => 
            [created_at] => 2025-01-09 15:16:16
            [updated_at] => 2025-01-15 21:48:23
        )

    [3] => Array
        (
            [user_id] => 13
            [username] => jaja
            [nama] => jungwon
            [nip] => 123456788987654324
            [email] => jaja@gmail.com
            [password] => $2y$10$nVk3.ULQ.f2qJcwl.zo9p.3ZmVs8RESB.SYe8GvwHZ4Y.pEHR.TlO
            [role] => pegawai
            [Bidang] => IKP
            [profil_foto] => pegawai.png
            [alamat] => 
            [jabatan] => korea
            [tanggal_lahir] => 
            [created_at] => 2025-01-13 07:53:10
            [updated_at] => 2025-01-16 08:09:31
        )

    [4] => Array
        (
            [user_id] => 17
            [username] => notulensi_user17
            [nama] => Nama Notulensi 17
            [nip] => 12345678917
            [email] => notulensi_user17@example.com
            [password] => password_enkripsi17
            [role] => pegawai
            [Bidang] => Administrasi
            [profil_foto] => foto_profil17.jpg
            [alamat] => Alamat Notulensi 17
            [jabatan] => Notulensi
            [tanggal_lahir] => 1997-07-17
            [created_at] => 2025-01-16 09:28:25
            [updated_at] => 2025-01-16 09:28:25
        )

    [5] => Array
        (
            [user_id] => 18
            [username] => notulensi_user18
            [nama] => Nama Notulensi 18
            [nip] => 12345678918
            [email] => notulensi_user18@example.com
            [password] => password_enkripsi18
            [role] => notulensi
            [Bidang] => Administrasi
            [profil_foto] => foto_profil18.jpg
            [alamat] => Alamat Notulensi 18
            [jabatan] => Notulensi
            [tanggal_lahir] => 1998-08-18
            [created_at] => 2025-01-16 09:28:25
            [updated_at] => 2025-01-16 09:28:25
        )

    [6] => Array
        (
            [user_id] => 19
            [username] => notulensi_user19
            [nama] => Nama Notulensi 19
            [nip] => 12345678919
            [email] => notulensi_user19@example.com
            [password] => password_enkripsi19
            [role] => notulensi
            [Bidang] => Administrasi
            [profil_foto] => foto_profil19.jpg
            [alamat] => Alamat Notulensi 19
            [jabatan] => Notulensi
            [tanggal_lahir] => 1999-09-19
            [created_at] => 2025-01-16 09:28:25
            [updated_at] => 2025-01-16 09:28:25
        )

    [7] => Array
        (
            [user_id] => 20
            [username] => notulensi_user20
            [nama] => Nama Notulensi 20
            [nip] => 12345678920
            [email] => notulensi_user20@example.com
            [password] => password_enkripsi20
            [role] => notulensi
            [Bidang] => Administrasi
            [profil_foto] => foto_profil20.jpg
            [alamat] => Alamat Notulensi 20
            [jabatan] => Notulensi
            [tanggal_lahir] => 2000-10-20
            [created_at] => 2025-01-16 09:28:25
            [updated_at] => 2025-01-16 09:28:25
        )

    [8] => Array
        (
            [user_id] => 26
            [username] => notulensi
            [nama] => 
            [nip] => 345678909876789376
            [email] => notulensi@gmail.com
            [password] => $2y$10$ZhNj131GHHBnlqCvbB3.bOR13E/V13x3i1tumnFZPNg.YhqScDCnq
            [role] => notulensi
            [Bidang] => 
            [profil_foto] => notulensi.png

            [alamat] => 
            [jabatan] => 
            [tanggal_lahir] => 
            [created_at] => 2025-01-16 02:36:45
            [updated_at] => 2025-01-16 12:44:04
        )

)

INFO - 2025-01-16 09:00:35 --> Session: Class initialized using 'CodeIgniter\Session\Handlers\FileHandler' driver.
INFO - 2025-01-16 09:00:35 --> User profile for ID 9 retrieved successfully.
INFO - 2025-01-16 09:00:35 --> Session: Class initialized using 'CodeIgniter\Session\Handlers\FileHandler' driver.
INFO - 2025-01-16 09:01:08 --> Mencoba mengambil pengguna dengan role notulensi dan pegawai
INFO - 2025-01-16 09:01:08 --> Pengguna dengan role notulensi atau pegawai ditemukan: Array
(
    [0] => Array
        (
            [user_id] => 3
            [username] => admin
            [nama] => John Doe
            [nip] => 123456789
            [email] => admin@example.com
            [password] => $2y$10$vtl3rv1OaY3pW2hnmPpXoe1OzmxqdjvxJLl.7qZDvhjN8fQfo6Mhq


            [role] => pegawai
            [Bidang] => Statistik dan Persandian
            [profil_foto] => profile1.jpg
            [alamat] => Jl. Merdeka No. 123, Jakarta
            [jabatan] => 
            [tanggal_lahir] => 
            [created_at] => 2025-01-09 22:02:06
            [updated_at] => 2025-01-10 16:07:07
        )

    [1] => Array
        (
            [user_id] => 6
            [username] => wulan
            [nama] => wulandariyulianis
            [nip] => 18679202938390
            [email] => lala@gmail.com
            [password] => $2y$10$QW2QpL2k9f5eBfqMjakx7eNCI3/XVLCO9a42jzNPjzvXpS8iFmqoK
            [role] => notulensi
            [Bidang] => Aptika
            [profil_foto] => wulan.jpg


            [alamat] => 
            [jabatan] => 
            [tanggal_lahir] => 
            [created_at] => 2025-01-09 15:02:18
            [updated_at] => 2025-01-15 21:18:55
        )

    [2] => Array
        (
            [user_id] => 7
            [username] => lala
            [nama] => lala

            [nip] => 123456789123456789
            [email] => lala1@gmail.com
            [password] => $2y$10$tBSYxTpvfWjIlSkqSZ.7TeAQp2RvMqDg2J91d0vUGxaieUvPIv61a
            [role] => notulensi
            [Bidang] => Aptika
            [profil_foto] => 
            [alamat] => 
            [jabatan] => 
            [tanggal_lahir] => 
            [created_at] => 2025-01-09 15:16:16
            [updated_at] => 2025-01-15 21:48:23
        )

    [3] => Array
        (
            [user_id] => 13
            [username] => jaja
            [nama] => jungwon
            [nip] => 123456788987654324
            [email] => jaja@gmail.com
            [password] => $2y$10$nVk3.ULQ.f2qJcwl.zo9p.3ZmVs8RESB.SYe8GvwHZ4Y.pEHR.TlO
            [role] => pegawai
            [Bidang] => IKP
            [profil_foto] => pegawai.png
            [alamat] => 
            [jabatan] => korea
            [tanggal_lahir] => 
            [created_at] => 2025-01-13 07:53:10
            [updated_at] => 2025-01-16 08:09:31
        )

    [4] => Array
        (
            [user_id] => 17
            [username] => notulensi_user17
            [nama] => Nama Notulensi 17
            [nip] => 12345678917
            [email] => notulensi_user17@example.com
            [password] => password_enkripsi17
            [role] => pegawai
            [Bidang] => Administrasi
            [profil_foto] => foto_profil17.jpg
            [alamat] => Alamat Notulensi 17
            [jabatan] => Notulensi
            [tanggal_lahir] => 1997-07-17
            [created_at] => 2025-01-16 09:28:25
            [updated_at] => 2025-01-16 09:28:25
        )

    [5] => Array
        (
            [user_id] => 18
            [username] => notulensi_user18
            [nama] => Nama Notulensi 18
            [nip] => 12345678918
            [email] => notulensi_user18@example.com
            [password] => password_enkripsi18
            [role] => notulensi
            [Bidang] => Administrasi
            [profil_foto] => foto_profil18.jpg
            [alamat] => Alamat Notulensi 18
            [jabatan] => Notulensi
            [tanggal_lahir] => 1998-08-18
            [created_at] => 2025-01-16 09:28:25
            [updated_at] => 2025-01-16 09:28:25
        )

    [6] => Array
        (
            [user_id] => 19
            [username] => notulensi_user19
            [nama] => Nama Notulensi 19
            [nip] => 12345678919
            [email] => notulensi_user19@example.com
            [password] => password_enkripsi19
            [role] => notulensi
            [Bidang] => Administrasi
            [profil_foto] => foto_profil19.jpg
            [alamat] => Alamat Notulensi 19
            [jabatan] => Notulensi
            [tanggal_lahir] => 1999-09-19
            [created_at] => 2025-01-16 09:28:25
            [updated_at] => 2025-01-16 09:28:25
        )

    [7] => Array
        (
            [user_id] => 20
            [username] => notulensi_user20
            [nama] => Nama Notulensi 20
            [nip] => 12345678920
            [email] => notulensi_user20@example.com
            [password] => password_enkripsi20
            [role] => notulensi
            [Bidang] => Administrasi
            [profil_foto] => foto_profil20.jpg
            [alamat] => Alamat Notulensi 20
            [jabatan] => Notulensi
            [tanggal_lahir] => 2000-10-20
            [created_at] => 2025-01-16 09:28:25
            [updated_at] => 2025-01-16 09:28:25
        )

    [8] => Array
        (
            [user_id] => 26
            [username] => notulensi
            [nama] => 
            [nip] => 345678909876789376
            [email] => notulensi@gmail.com
            [password] => $2y$10$ZhNj131GHHBnlqCvbB3.bOR13E/V13x3i1tumnFZPNg.YhqScDCnq
            [role] => notulensi
            [Bidang] => 
            [profil_foto] => notulensi.png

            [alamat] => 
            [jabatan] => 
            [tanggal_lahir] => 
            [created_at] => 2025-01-16 02:36:45
            [updated_at] => 2025-01-16 12:44:04
        )

)

INFO - 2025-01-16 09:01:08 --> Session: Class initialized using 'CodeIgniter\Session\Handlers\FileHandler' driver.
INFO - 2025-01-16 09:01:08 --> User profile for ID 9 retrieved successfully.
INFO - 2025-01-16 09:01:09 --> Session: Class initialized using 'CodeIgniter\Session\Handlers\FileHandler' driver.
INFO - 2025-01-16 09:01:10 --> Session: Class initialized using 'CodeIgniter\Session\Handlers\FileHandler' driver.
INFO - 2025-01-16 09:01:18 --> Session: Class initialized using 'CodeIgniter\Session\Handlers\FileHandler' driver.
DEBUG - 2025-01-16 09:01:18 --> User ID: 9
DEBUG - 2025-01-16 09:01:18 --> Profile Picture: image.png
DEBUG - 2025-01-16 09:01:18 --> User Name: alhamdulillah
DEBUG - 2025-01-16 09:01:18 --> User Role: admin
INFO - 2025-01-16 09:01:18 --> Session: Class initialized using 'CodeIgniter\Session\Handlers\FileHandler' driver.
INFO - 2025-01-16 09:01:19 --> Session: Class initialized using 'CodeIgniter\Session\Handlers\FileHandler' driver.
DEBUG - 2025-01-16 09:01:19 --> User ID: 9
DEBUG - 2025-01-16 09:01:19 --> Profile Picture: image.png
DEBUG - 2025-01-16 09:01:19 --> User Name: alhamdulillah
DEBUG - 2025-01-16 09:01:19 --> User Role: admin
INFO - 2025-01-16 09:01:20 --> Session: Class initialized using 'CodeIgniter\Session\Handlers\FileHandler' driver.
INFO - 2025-01-16 09:01:21 --> Mencoba mengambil pengguna dengan role notulensi dan pegawai
INFO - 2025-01-16 09:01:21 --> Pengguna dengan role notulensi atau pegawai ditemukan: Array
(
    [0] => Array
        (
            [user_id] => 3
            [username] => admin
            [nama] => John Doe
            [nip] => 123456789
            [email] => admin@example.com
            [password] => $2y$10$vtl3rv1OaY3pW2hnmPpXoe1OzmxqdjvxJLl.7qZDvhjN8fQfo6Mhq


            [role] => pegawai
            [Bidang] => Statistik dan Persandian
            [profil_foto] => profile1.jpg
            [alamat] => Jl. Merdeka No. 123, Jakarta
            [jabatan] => 
            [tanggal_lahir] => 
            [created_at] => 2025-01-09 22:02:06
            [updated_at] => 2025-01-10 16:07:07
        )

    [1] => Array
        (
            [user_id] => 6
            [username] => wulan
            [nama] => wulandariyulianis
            [nip] => 18679202938390
            [email] => lala@gmail.com
            [password] => $2y$10$QW2QpL2k9f5eBfqMjakx7eNCI3/XVLCO9a42jzNPjzvXpS8iFmqoK
            [role] => notulensi
            [Bidang] => Aptika
            [profil_foto] => wulan.jpg


            [alamat] => 
            [jabatan] => 
            [tanggal_lahir] => 
            [created_at] => 2025-01-09 15:02:18
            [updated_at] => 2025-01-15 21:18:55
        )

    [2] => Array
        (
            [user_id] => 7
            [username] => lala
            [nama] => lala

            [nip] => 123456789123456789
            [email] => lala1@gmail.com
            [password] => $2y$10$tBSYxTpvfWjIlSkqSZ.7TeAQp2RvMqDg2J91d0vUGxaieUvPIv61a
            [role] => notulensi
            [Bidang] => Aptika
            [profil_foto] => 
            [alamat] => 
            [jabatan] => 
            [tanggal_lahir] => 
            [created_at] => 2025-01-09 15:16:16
            [updated_at] => 2025-01-15 21:48:23
        )

    [3] => Array
        (
            [user_id] => 13
            [username] => jaja
            [nama] => jungwon
            [nip] => 123456788987654324
            [email] => jaja@gmail.com
            [password] => $2y$10$nVk3.ULQ.f2qJcwl.zo9p.3ZmVs8RESB.SYe8GvwHZ4Y.pEHR.TlO
            [role] => pegawai
            [Bidang] => IKP
            [profil_foto] => pegawai.png
            [alamat] => 
            [jabatan] => korea
            [tanggal_lahir] => 
            [created_at] => 2025-01-13 07:53:10
            [updated_at] => 2025-01-16 08:09:31
        )

    [4] => Array
        (
            [user_id] => 17
            [username] => notulensi_user17
            [nama] => Nama Notulensi 17
            [nip] => 12345678917
            [email] => notulensi_user17@example.com
            [password] => password_enkripsi17
            [role] => pegawai
            [Bidang] => Administrasi
            [profil_foto] => foto_profil17.jpg
            [alamat] => Alamat Notulensi 17
            [jabatan] => Notulensi
            [tanggal_lahir] => 1997-07-17
            [created_at] => 2025-01-16 09:28:25
            [updated_at] => 2025-01-16 09:28:25
        )

    [5] => Array
        (
            [user_id] => 18
            [username] => notulensi_user18
            [nama] => Nama Notulensi 18
            [nip] => 12345678918
            [email] => notulensi_user18@example.com
            [password] => password_enkripsi18
            [role] => notulensi
            [Bidang] => Administrasi
            [profil_foto] => foto_profil18.jpg
            [alamat] => Alamat Notulensi 18
            [jabatan] => Notulensi
            [tanggal_lahir] => 1998-08-18
            [created_at] => 2025-01-16 09:28:25
            [updated_at] => 2025-01-16 09:28:25
        )

    [6] => Array
        (
            [user_id] => 19
            [username] => notulensi_user19
            [nama] => Nama Notulensi 19
            [nip] => 12345678919
            [email] => notulensi_user19@example.com
            [password] => password_enkripsi19
            [role] => notulensi
            [Bidang] => Administrasi
            [profil_foto] => foto_profil19.jpg
            [alamat] => Alamat Notulensi 19
            [jabatan] => Notulensi
            [tanggal_lahir] => 1999-09-19
            [created_at] => 2025-01-16 09:28:25
            [updated_at] => 2025-01-16 09:28:25
        )

    [7] => Array
        (
            [user_id] => 20
            [username] => notulensi_user20
            [nama] => Nama Notulensi 20
            [nip] => 12345678920
            [email] => notulensi_user20@example.com
            [password] => password_enkripsi20
            [role] => notulensi
            [Bidang] => Administrasi
            [profil_foto] => foto_profil20.jpg
            [alamat] => Alamat Notulensi 20
            [jabatan] => Notulensi
            [tanggal_lahir] => 2000-10-20
            [created_at] => 2025-01-16 09:28:25
            [updated_at] => 2025-01-16 09:28:25
        )

    [8] => Array
        (
            [user_id] => 26
            [username] => notulensi
            [nama] => 
            [nip] => 345678909876789376
            [email] => notulensi@gmail.com
            [password] => $2y$10$ZhNj131GHHBnlqCvbB3.bOR13E/V13x3i1tumnFZPNg.YhqScDCnq
            [role] => notulensi
            [Bidang] => 
            [profil_foto] => notulensi.png

            [alamat] => 
            [jabatan] => 
            [tanggal_lahir] => 
            [created_at] => 2025-01-16 02:36:45
            [updated_at] => 2025-01-16 12:44:04
        )

)

INFO - 2025-01-16 09:01:21 --> Session: Class initialized using 'CodeIgniter\Session\Handlers\FileHandler' driver.
INFO - 2025-01-16 09:01:21 --> User profile for ID 9 retrieved successfully.
INFO - 2025-01-16 09:01:22 --> Session: Class initialized using 'CodeIgniter\Session\Handlers\FileHandler' driver.
INFO - 2025-01-16 09:01:23 --> Session: Class initialized using 'CodeIgniter\Session\Handlers\FileHandler' driver.
DEBUG - 2025-01-16 09:01:23 --> User ID: 9
DEBUG - 2025-01-16 09:01:23 --> Profile Picture: image.png
DEBUG - 2025-01-16 09:01:23 --> User Name: alhamdulillah
DEBUG - 2025-01-16 09:01:23 --> User Role: admin
INFO - 2025-01-16 09:01:24 --> Session: Class initialized using 'CodeIgniter\Session\Handlers\FileHandler' driver.
INFO - 2025-01-16 09:01:25 --> Session: Class initialized using 'CodeIgniter\Session\Handlers\FileHandler' driver.
INFO - 2025-01-16 09:01:46 --> Session: Class initialized using 'CodeIgniter\Session\Handlers\FileHandler' driver.
INFO - 2025-01-16 09:01:47 --> Mencoba mengambil pengguna dengan role notulensi dan pegawai
INFO - 2025-01-16 09:01:47 --> Pengguna dengan role notulensi atau pegawai ditemukan: Array
(
    [0] => Array
        (
            [user_id] => 3
            [username] => admin
            [nama] => John Doe
            [nip] => 123456789
            [email] => admin@example.com
            [password] => $2y$10$vtl3rv1OaY3pW2hnmPpXoe1OzmxqdjvxJLl.7qZDvhjN8fQfo6Mhq


            [role] => pegawai
            [Bidang] => Statistik dan Persandian
            [profil_foto] => profile1.jpg
            [alamat] => Jl. Merdeka No. 123, Jakarta
            [jabatan] => 
            [tanggal_lahir] => 
            [created_at] => 2025-01-09 22:02:06
            [updated_at] => 2025-01-10 16:07:07
        )

    [1] => Array
        (
            [user_id] => 6
            [username] => wulan
            [nama] => wulandariyulianis
            [nip] => 18679202938390
            [email] => lala@gmail.com
            [password] => $2y$10$QW2QpL2k9f5eBfqMjakx7eNCI3/XVLCO9a42jzNPjzvXpS8iFmqoK
            [role] => notulensi
            [Bidang] => Aptika
            [profil_foto] => wulan.jpg


            [alamat] => 
            [jabatan] => 
            [tanggal_lahir] => 
            [created_at] => 2025-01-09 15:02:18
            [updated_at] => 2025-01-15 21:18:55
        )

    [2] => Array
        (
            [user_id] => 7
            [username] => lala
            [nama] => lala

            [nip] => 123456789123456789
            [email] => lala1@gmail.com
            [password] => $2y$10$tBSYxTpvfWjIlSkqSZ.7TeAQp2RvMqDg2J91d0vUGxaieUvPIv61a
            [role] => notulensi
            [Bidang] => Aptika
            [profil_foto] => 
            [alamat] => 
            [jabatan] => 
            [tanggal_lahir] => 
            [created_at] => 2025-01-09 15:16:16
            [updated_at] => 2025-01-15 21:48:23
        )

    [3] => Array
        (
            [user_id] => 13
            [username] => jaja
            [nama] => jungwon
            [nip] => 123456788987654324
            [email] => jaja@gmail.com
            [password] => $2y$10$nVk3.ULQ.f2qJcwl.zo9p.3ZmVs8RESB.SYe8GvwHZ4Y.pEHR.TlO
            [role] => pegawai
            [Bidang] => IKP
            [profil_foto] => pegawai.png
            [alamat] => 
            [jabatan] => korea
            [tanggal_lahir] => 
            [created_at] => 2025-01-13 07:53:10
            [updated_at] => 2025-01-16 08:09:31
        )

    [4] => Array
        (
            [user_id] => 17
            [username] => notulensi_user17
            [nama] => Nama Notulensi 17
            [nip] => 12345678917
            [email] => notulensi_user17@example.com
            [password] => password_enkripsi17
            [role] => pegawai
            [Bidang] => Administrasi
            [profil_foto] => foto_profil17.jpg
            [alamat] => Alamat Notulensi 17
            [jabatan] => Notulensi
            [tanggal_lahir] => 1997-07-17
            [created_at] => 2025-01-16 09:28:25
            [updated_at] => 2025-01-16 09:28:25
        )

    [5] => Array
        (
            [user_id] => 18
            [username] => notulensi_user18
            [nama] => Nama Notulensi 18
            [nip] => 12345678918
            [email] => notulensi_user18@example.com
            [password] => password_enkripsi18
            [role] => notulensi
            [Bidang] => Administrasi
            [profil_foto] => foto_profil18.jpg
            [alamat] => Alamat Notulensi 18
            [jabatan] => Notulensi
            [tanggal_lahir] => 1998-08-18
            [created_at] => 2025-01-16 09:28:25
            [updated_at] => 2025-01-16 09:28:25
        )

    [6] => Array
        (
            [user_id] => 19
            [username] => notulensi_user19
            [nama] => Nama Notulensi 19
            [nip] => 12345678919
            [email] => notulensi_user19@example.com
            [password] => password_enkripsi19
            [role] => notulensi
            [Bidang] => Administrasi
            [profil_foto] => foto_profil19.jpg
            [alamat] => Alamat Notulensi 19
            [jabatan] => Notulensi
            [tanggal_lahir] => 1999-09-19
            [created_at] => 2025-01-16 09:28:25
            [updated_at] => 2025-01-16 09:28:25
        )

    [7] => Array
        (
            [user_id] => 20
            [username] => notulensi_user20
            [nama] => Nama Notulensi 20
            [nip] => 12345678920
            [email] => notulensi_user20@example.com
            [password] => password_enkripsi20
            [role] => notulensi
            [Bidang] => Administrasi
            [profil_foto] => foto_profil20.jpg
            [alamat] => Alamat Notulensi 20
            [jabatan] => Notulensi
            [tanggal_lahir] => 2000-10-20
            [created_at] => 2025-01-16 09:28:25
            [updated_at] => 2025-01-16 09:28:25
        )

    [8] => Array
        (
            [user_id] => 26
            [username] => notulensi
            [nama] => 
            [nip] => 345678909876789376
            [email] => notulensi@gmail.com
            [password] => $2y$10$ZhNj131GHHBnlqCvbB3.bOR13E/V13x3i1tumnFZPNg.YhqScDCnq
            [role] => notulensi
            [Bidang] => 
            [profil_foto] => notulensi.png

            [alamat] => 
            [jabatan] => 
            [tanggal_lahir] => 
            [created_at] => 2025-01-16 02:36:45
            [updated_at] => 2025-01-16 12:44:04
        )

)

INFO - 2025-01-16 09:01:47 --> Session: Class initialized using 'CodeIgniter\Session\Handlers\FileHandler' driver.
INFO - 2025-01-16 09:01:47 --> User profile for ID 9 retrieved successfully.
INFO - 2025-01-16 09:01:47 --> Session: Class initialized using 'CodeIgniter\Session\Handlers\FileHandler' driver.
