INFO - 2025-01-14 14:14:06 --> Session: Class initialized using 'CodeIgniter\Session\Handlers\FileHandler' driver.
INFO - 2025-01-14 14:14:06 --> Data yang akan diperbarui: Array
(
    [nama] => lala
)

INFO - 2025-01-14 14:14:06 --> Data sebelum pembaruan: Array
(
    [user_id] => 9
    [username] => lili
    [nama] => lili saja
    [nip] => 123456780123456789
    [email] => jurandariyurianidu@gmail.com
    [password] => $2y$10$VOHOtZEaMBJvPLDT6v5/2uXNDqowMBRRYCjIGJtTPqb41gpCwVLI6
    [role] => admin
    [Bidang] => 
    [profil_foto] => image.png
    [alamat] => N/A
    [jabatan] => 
    [tanggal_lahir] => 
    [created_at] => 2025-01-10 02:06:34
    [updated_at] => 2025-01-14 13:03:04
)

INFO - 2025-01-14 14:14:06 --> Data yang akan dikirim: Array
(
    [nama] => lala
)

INFO - 2025-01-14 14:14:06 --> Data pengguna yang ada: Array
(
    [user_id] => 9
    [username] => lili
    [nama] => lili saja
    [nip] => 123456780123456789
    [email] => jurandariyurianidu@gmail.com
    [password] => $2y$10$VOHOtZEaMBJvPLDT6v5/2uXNDqowMBRRYCjIGJtTPqb41gpCwVLI6
    [role] => admin
    [Bidang] => 
    [profil_foto] => image.png
    [alamat] => N/A
    [jabatan] => 
    [tanggal_lahir] => 
    [created_at] => 2025-01-10 02:06:34
    [updated_at] => 2025-01-14 13:03:04
)

INFO - 2025-01-14 14:14:06 --> Data yang akan diperbarui: Array
(
    [nama] => lala
)

ERROR - 2025-01-14 14:14:06 --> Terjadi kesalahan saat memperbarui profil pengguna dengan ID 9: There is no data to update.
INFO - 2025-01-14 14:14:06 --> Data profil pengguna dengan ID 9 diperbarui. Perubahan: Nama: lili saja -> lala
INFO - 2025-01-14 14:14:07 --> Session: Class initialized using 'CodeIgniter\Session\Handlers\FileHandler' driver.
INFO - 2025-01-14 14:26:17 --> Session: Class initialized using 'CodeIgniter\Session\Handlers\FileHandler' driver.
INFO - 2025-01-14 14:26:17 --> Data yang akan diperbarui: Array
(
    [nama] => lala
)

INFO - 2025-01-14 14:26:17 --> Data sebelum pembaruan: Array
(
    [user_id] => 9
    [username] => lili
    [nama] => lili saja
    [nip] => 123456780123456789
    [email] => jurandariyurianidu@gmail.com
    [password] => $2y$10$VOHOtZEaMBJvPLDT6v5/2uXNDqowMBRRYCjIGJtTPqb41gpCwVLI6
    [role] => admin
    [Bidang] => 
    [profil_foto] => image.png
    [alamat] => N/A
    [jabatan] => 
    [tanggal_lahir] => 
    [created_at] => 2025-01-10 02:06:34
    [updated_at] => 2025-01-14 13:03:04
)

INFO - 2025-01-14 14:26:17 --> Data yang akan dikirim: Array
(
    [nama] => lala
)

INFO - 2025-01-14 14:26:17 --> Data pengguna yang ada: Array
(
    [user_id] => 9
    [username] => lili
    [nama] => lili saja
    [nip] => 123456780123456789
    [email] => jurandariyurianidu@gmail.com
    [password] => $2y$10$VOHOtZEaMBJvPLDT6v5/2uXNDqowMBRRYCjIGJtTPqb41gpCwVLI6
    [role] => admin
    [Bidang] => 
    [profil_foto] => image.png
    [alamat] => N/A
    [jabatan] => 
    [tanggal_lahir] => 
    [created_at] => 2025-01-10 02:06:34
    [updated_at] => 2025-01-14 13:03:04
)

INFO - 2025-01-14 14:26:17 --> Data yang akan diperbarui: Array
(
    [nama] => lala
)

INFO - 2025-01-14 14:26:17 --> Berhasil memperbarui profil pengguna dengan ID 9. Perubahan: Array
(
    [nama] => lala
)

INFO - 2025-01-14 14:26:17 --> Data profil pengguna dengan ID 9 diperbarui. Perubahan: Nama: lili saja -> lala
INFO - 2025-01-14 14:26:18 --> Session: Class initialized using 'CodeIgniter\Session\Handlers\FileHandler' driver.
INFO - 2025-01-14 14:26:23 --> Session: Class initialized using 'CodeIgniter\Session\Handlers\FileHandler' driver.
INFO - 2025-01-14 14:26:23 --> Data yang akan diperbarui: Array
(
)

INFO - 2025-01-14 14:26:23 --> Data sebelum pembaruan: Array
(
    [user_id] => 9
    [username] => lili
    [nama] => lala
    [nip] => 123456780123456789
    [email] => jurandariyurianidu@gmail.com
    [password] => $2y$10$VOHOtZEaMBJvPLDT6v5/2uXNDqowMBRRYCjIGJtTPqb41gpCwVLI6
    [role] => admin
    [Bidang] => 
    [profil_foto] => image.png
    [alamat] => N/A
    [jabatan] => 
    [tanggal_lahir] => 
    [created_at] => 2025-01-10 02:06:34
    [updated_at] => 2025-01-14 14:26:17
)

INFO - 2025-01-14 14:26:23 --> Data yang akan dikirim: Array
(
)

INFO - 2025-01-14 14:26:23 --> Tidak ada perubahan data untuk profil pengguna dengan ID 9
INFO - 2025-01-14 14:26:24 --> Session: Class initialized using 'CodeIgniter\Session\Handlers\FileHandler' driver.
INFO - 2025-01-14 14:26:41 --> Session: Class initialized using 'CodeIgniter\Session\Handlers\FileHandler' driver.
INFO - 2025-01-14 14:27:12 --> Session: Class initialized using 'CodeIgniter\Session\Handlers\FileHandler' driver.
INFO - 2025-01-14 14:27:13 --> Session: Class initialized using 'CodeIgniter\Session\Handlers\FileHandler' driver.
INFO - 2025-01-14 14:27:14 --> Session: Class initialized using 'CodeIgniter\Session\Handlers\FileHandler' driver.
INFO - 2025-01-14 14:27:20 --> Session: Class initialized using 'CodeIgniter\Session\Handlers\FileHandler' driver.
ERROR - 2025-01-14 14:27:20 --> Login attempt with username: lili
ERROR - 2025-01-14 14:27:20 --> Checking login for username: lili
ERROR - 2025-01-14 14:27:20 --> User data: Array
(
    [user_id] => 9
    [username] => lili
    [nama] => lala
    [nip] => 123456780123456789
    [email] => jurandariyurianidu@gmail.com
    [password] => $2y$10$VOHOtZEaMBJvPLDT6v5/2uXNDqowMBRRYCjIGJtTPqb41gpCwVLI6
    [role] => admin
    [Bidang] => 
    [profil_foto] => image.png
    [alamat] => N/A
    [jabatan] => 
    [tanggal_lahir] => 
    [created_at] => 2025-01-10 02:06:34
    [updated_at] => 2025-01-14 14:26:17
)

ERROR - 2025-01-14 14:27:20 --> Password verify result for username lili: Success
ERROR - 2025-01-14 14:27:20 --> Login success for username: lili
INFO - 2025-01-14 14:27:20 --> Session: Class initialized using 'CodeIgniter\Session\Handlers\FileHandler' driver.
DEBUG - 2025-01-14 14:27:20 --> User ID: 9
DEBUG - 2025-01-14 14:27:20 --> Profile Picture: image.png
DEBUG - 2025-01-14 14:27:20 --> User Name: lala
DEBUG - 2025-01-14 14:27:20 --> User Role: admin
INFO - 2025-01-14 14:27:21 --> Session: Class initialized using 'CodeIgniter\Session\Handlers\FileHandler' driver.
INFO - 2025-01-14 14:27:24 --> Session: Class initialized using 'CodeIgniter\Session\Handlers\FileHandler' driver.
INFO - 2025-01-14 14:27:25 --> User profile for ID 9 retrieved successfully.
INFO - 2025-01-14 14:27:26 --> Session: Class initialized using 'CodeIgniter\Session\Handlers\FileHandler' driver.
INFO - 2025-01-14 14:28:06 --> Session: Class initialized using 'CodeIgniter\Session\Handlers\FileHandler' driver.
INFO - 2025-01-14 14:28:06 --> Data yang akan diperbarui: Array
(
)

INFO - 2025-01-14 14:28:06 --> Data sebelum pembaruan: Array
(
    [user_id] => 9
    [username] => lili
    [nama] => lala
    [nip] => 123456780123456789
    [email] => jurandariyurianidu@gmail.com
    [password] => $2y$10$VOHOtZEaMBJvPLDT6v5/2uXNDqowMBRRYCjIGJtTPqb41gpCwVLI6
    [role] => admin
    [Bidang] => 
    [profil_foto] => image.png
    [alamat] => N/A
    [jabatan] => 
    [tanggal_lahir] => 
    [created_at] => 2025-01-10 02:06:34
    [updated_at] => 2025-01-14 14:26:17
)

INFO - 2025-01-14 14:28:06 --> Data yang akan dikirim: Array
(
)

INFO - 2025-01-14 14:28:06 --> Tidak ada perubahan data untuk profil pengguna dengan ID 9
INFO - 2025-01-14 14:28:07 --> Session: Class initialized using 'CodeIgniter\Session\Handlers\FileHandler' driver.
INFO - 2025-01-14 14:29:04 --> Session: Class initialized using 'CodeIgniter\Session\Handlers\FileHandler' driver.
INFO - 2025-01-14 14:29:04 --> Data yang akan diperbarui: Array
(
    [email] => lala@gmail.com
    [alamat] => jalan gajah mada 
    [jabatan] => Sekretaris
    [tanggal_lahir] => 2006-06-06
)

INFO - 2025-01-14 14:29:04 --> Data sebelum pembaruan: Array
(
    [user_id] => 9
    [username] => lili
    [nama] => lala
    [nip] => 123456780123456789
    [email] => jurandariyurianidu@gmail.com
    [password] => $2y$10$VOHOtZEaMBJvPLDT6v5/2uXNDqowMBRRYCjIGJtTPqb41gpCwVLI6
    [role] => admin
    [Bidang] => 
    [profil_foto] => image.png
    [alamat] => N/A
    [jabatan] => 
    [tanggal_lahir] => 
    [created_at] => 2025-01-10 02:06:34
    [updated_at] => 2025-01-14 14:26:17
)

INFO - 2025-01-14 14:29:04 --> Data yang akan dikirim: Array
(
    [email] => lala@gmail.com
    [alamat] => jalan gajah mada 
    [jabatan] => Sekretaris
    [tanggal_lahir] => 2006-06-06
)

INFO - 2025-01-14 14:29:04 --> Data pengguna yang ada: Array
(
    [user_id] => 9
    [username] => lili
    [nama] => lala
    [nip] => 123456780123456789
    [email] => jurandariyurianidu@gmail.com
    [password] => $2y$10$VOHOtZEaMBJvPLDT6v5/2uXNDqowMBRRYCjIGJtTPqb41gpCwVLI6
    [role] => admin
    [Bidang] => 
    [profil_foto] => image.png
    [alamat] => N/A
    [jabatan] => 
    [tanggal_lahir] => 
    [created_at] => 2025-01-10 02:06:34
    [updated_at] => 2025-01-14 14:26:17
)

INFO - 2025-01-14 14:29:04 --> Data yang akan diperbarui: Array
(
    [email] => lala@gmail.com
    [alamat] => jalan gajah mada 
    [jabatan] => Sekretaris
    [tanggal_lahir] => 2006-06-06
)

ERROR - 2025-01-14 14:29:04 --> mysqli_sql_exception: Duplicate entry 'lala@gmail.com' for key 'email' in C:\xampp\htdocs\SiNotik\system\Database\MySQLi\Connection.php:312
Stack trace:
#0 C:\xampp\htdocs\SiNotik\system\Database\MySQLi\Connection.php(312): mysqli->query('UPDATE `user` S...', 0)
#1 C:\xampp\htdocs\SiNotik\system\Database\BaseConnection.php(734): CodeIgniter\Database\MySQLi\Connection->execute('UPDATE `user` S...')
#2 C:\xampp\htdocs\SiNotik\system\Database\BaseConnection.php(648): CodeIgniter\Database\BaseConnection->simpleQuery('UPDATE `user` S...')
#3 C:\xampp\htdocs\SiNotik\system\Database\BaseBuilder.php(2516): CodeIgniter\Database\BaseConnection->query('UPDATE `user` S...', Array, false)
#4 C:\xampp\htdocs\SiNotik\system\Model.php(461): CodeIgniter\Database\BaseBuilder->update()
#5 C:\xampp\htdocs\SiNotik\system\BaseModel.php(1028): CodeIgniter\Model->doUpdate(Array, Array)
#6 C:\xampp\htdocs\SiNotik\system\Model.php(865): CodeIgniter\BaseModel->update(Array, Array)
#7 C:\xampp\htdocs\SiNotik\app\Models\UserModel.php(59): CodeIgniter\Model->update('9', Array)
#8 C:\xampp\htdocs\SiNotik\app\Controllers\EditProfilController.php(95): App\Models\UserModel->updateUser('9', Array)
#9 C:\xampp\htdocs\SiNotik\system\CodeIgniter.php(933): App\Controllers\EditProfilController->editProfil()
#10 C:\xampp\htdocs\SiNotik\system\CodeIgniter.php(509): CodeIgniter\CodeIgniter->runController(Object(App\Controllers\EditProfilController))
#11 C:\xampp\htdocs\SiNotik\system\CodeIgniter.php(355): CodeIgniter\CodeIgniter->handleRequest(NULL, Object(Config\Cache), false)
#12 C:\xampp\htdocs\SiNotik\system\Boot.php(325): CodeIgniter\CodeIgniter->run()
#13 C:\xampp\htdocs\SiNotik\system\Boot.php(67): CodeIgniter\Boot::runCodeIgniter(Object(CodeIgniter\CodeIgniter))
#14 C:\xampp\htdocs\SiNotik\public\index.php(56): CodeIgniter\Boot::bootWeb(Object(Config\Paths))
#15 C:\xampp\htdocs\SiNotik\system\rewrite.php(44): require_once('C:\\xampp\\htdocs...')
#16 {main}
CRITICAL - 2025-01-14 14:29:04 --> CodeIgniter\Database\Exceptions\DatabaseException: Duplicate entry 'lala@gmail.com' for key 'email'
[Method: POST, Route: admin/editprofil]
in SYSTEMPATH\Database\BaseConnection.php on line 688.
 1 SYSTEMPATH\Database\BaseBuilder.php(2516): CodeIgniter\Database\BaseConnection->query('UPDATE `user` SET `email` = :email:, `alamat` = :alamat:, `jabatan` = :jabatan:, `tanggal_lahir` = :tanggal_lahir:, `updated_at` = :updated_at:
WHERE `user`.`user_id` IN :user.user_id:', [...], false)
 2 SYSTEMPATH\Model.php(461): CodeIgniter\Database\BaseBuilder->update()
 3 SYSTEMPATH\BaseModel.php(1028): CodeIgniter\Model->doUpdate([...], [...])
 4 SYSTEMPATH\Model.php(865): CodeIgniter\BaseModel->update([...], [...])
 5 APPPATH\Models\UserModel.php(59): CodeIgniter\Model->update('9', [...])
 6 APPPATH\Controllers\EditProfilController.php(95): App\Models\UserModel->updateUser('9', [...])
 7 SYSTEMPATH\CodeIgniter.php(933): App\Controllers\EditProfilController->editProfil()
 8 SYSTEMPATH\CodeIgniter.php(509): CodeIgniter\CodeIgniter->runController(Object(App\Controllers\EditProfilController))
 9 SYSTEMPATH\CodeIgniter.php(355): CodeIgniter\CodeIgniter->handleRequest(null, Object(Config\Cache), false)
10 SYSTEMPATH\Boot.php(325): CodeIgniter\CodeIgniter->run()
11 SYSTEMPATH\Boot.php(67): CodeIgniter\Boot::runCodeIgniter(Object(CodeIgniter\CodeIgniter))
12 FCPATH\index.php(56): CodeIgniter\Boot::bootWeb(Object(Config\Paths))
13 SYSTEMPATH\rewrite.php(44): require_once('C:\\xampp\\htdocs\\SiNotik\\public\\index.php')
CRITICAL - 2025-01-14 14:29:04 --> [Caused by] CodeIgniter\Database\Exceptions\DatabaseException: Duplicate entry 'lala@gmail.com' for key 'email'
in SYSTEMPATH\Database\MySQLi\Connection.php on line 317.
 1 SYSTEMPATH\Database\BaseConnection.php(734): CodeIgniter\Database\MySQLi\Connection->execute('UPDATE `user` SET `email` = \'lala@gmail.com\', `alamat` = \'jalan gajah mada \', `jabatan` = \'Sekretaris\', `tanggal_lahir` = \'2006-06-06\', `updated_at` = \'2025-01-14 14:29:04\'
WHERE `user`.`user_id` IN (\'9\')')
 2 SYSTEMPATH\Database\BaseConnection.php(648): CodeIgniter\Database\BaseConnection->simpleQuery('UPDATE `user` SET `email` = \'lala@gmail.com\', `alamat` = \'jalan gajah mada \', `jabatan` = \'Sekretaris\', `tanggal_lahir` = \'2006-06-06\', `updated_at` = \'2025-01-14 14:29:04\'
WHERE `user`.`user_id` IN (\'9\')')
 3 SYSTEMPATH\Database\BaseBuilder.php(2516): CodeIgniter\Database\BaseConnection->query('UPDATE `user` SET `email` = :email:, `alamat` = :alamat:, `jabatan` = :jabatan:, `tanggal_lahir` = :tanggal_lahir:, `updated_at` = :updated_at:
WHERE `user`.`user_id` IN :user.user_id:', [...], false)
 4 SYSTEMPATH\Model.php(461): CodeIgniter\Database\BaseBuilder->update()
 5 SYSTEMPATH\BaseModel.php(1028): CodeIgniter\Model->doUpdate([...], [...])
 6 SYSTEMPATH\Model.php(865): CodeIgniter\BaseModel->update([...], [...])
 7 APPPATH\Models\UserModel.php(59): CodeIgniter\Model->update('9', [...])
 8 APPPATH\Controllers\EditProfilController.php(95): App\Models\UserModel->updateUser('9', [...])
 9 SYSTEMPATH\CodeIgniter.php(933): App\Controllers\EditProfilController->editProfil()
10 SYSTEMPATH\CodeIgniter.php(509): CodeIgniter\CodeIgniter->runController(Object(App\Controllers\EditProfilController))
11 SYSTEMPATH\CodeIgniter.php(355): CodeIgniter\CodeIgniter->handleRequest(null, Object(Config\Cache), false)
12 SYSTEMPATH\Boot.php(325): CodeIgniter\CodeIgniter->run()
13 SYSTEMPATH\Boot.php(67): CodeIgniter\Boot::runCodeIgniter(Object(CodeIgniter\CodeIgniter))
14 FCPATH\index.php(56): CodeIgniter\Boot::bootWeb(Object(Config\Paths))
15 SYSTEMPATH\rewrite.php(44): require_once('C:\\xampp\\htdocs\\SiNotik\\public\\index.php')
CRITICAL - 2025-01-14 14:29:04 --> [Caused by] mysqli_sql_exception: Duplicate entry 'lala@gmail.com' for key 'email'
in SYSTEMPATH\Database\MySQLi\Connection.php on line 312.
 1 SYSTEMPATH\Database\MySQLi\Connection.php(312): mysqli->query('UPDATE `user` SET `email` = \'lala@gmail.com\', `alamat` = \'jalan gajah mada \', `jabatan` = \'Sekretaris\', `tanggal_lahir` = \'2006-06-06\', `updated_at` = \'2025-01-14 14:29:04\'
WHERE `user`.`user_id` IN (\'9\')', 0)
 2 SYSTEMPATH\Database\BaseConnection.php(734): CodeIgniter\Database\MySQLi\Connection->execute('UPDATE `user` SET `email` = \'lala@gmail.com\', `alamat` = \'jalan gajah mada \', `jabatan` = \'Sekretaris\', `tanggal_lahir` = \'2006-06-06\', `updated_at` = \'2025-01-14 14:29:04\'
WHERE `user`.`user_id` IN (\'9\')')
 3 SYSTEMPATH\Database\BaseConnection.php(648): CodeIgniter\Database\BaseConnection->simpleQuery('UPDATE `user` SET `email` = \'lala@gmail.com\', `alamat` = \'jalan gajah mada \', `jabatan` = \'Sekretaris\', `tanggal_lahir` = \'2006-06-06\', `updated_at` = \'2025-01-14 14:29:04\'
WHERE `user`.`user_id` IN (\'9\')')
 4 SYSTEMPATH\Database\BaseBuilder.php(2516): CodeIgniter\Database\BaseConnection->query('UPDATE `user` SET `email` = :email:, `alamat` = :alamat:, `jabatan` = :jabatan:, `tanggal_lahir` = :tanggal_lahir:, `updated_at` = :updated_at:
WHERE `user`.`user_id` IN :user.user_id:', [...], false)
 5 SYSTEMPATH\Model.php(461): CodeIgniter\Database\BaseBuilder->update()
 6 SYSTEMPATH\BaseModel.php(1028): CodeIgniter\Model->doUpdate([...], [...])
 7 SYSTEMPATH\Model.php(865): CodeIgniter\BaseModel->update([...], [...])
 8 APPPATH\Models\UserModel.php(59): CodeIgniter\Model->update('9', [...])
 9 APPPATH\Controllers\EditProfilController.php(95): App\Models\UserModel->updateUser('9', [...])
10 SYSTEMPATH\CodeIgniter.php(933): App\Controllers\EditProfilController->editProfil()
11 SYSTEMPATH\CodeIgniter.php(509): CodeIgniter\CodeIgniter->runController(Object(App\Controllers\EditProfilController))
12 SYSTEMPATH\CodeIgniter.php(355): CodeIgniter\CodeIgniter->handleRequest(null, Object(Config\Cache), false)
13 SYSTEMPATH\Boot.php(325): CodeIgniter\CodeIgniter->run()
14 SYSTEMPATH\Boot.php(67): CodeIgniter\Boot::runCodeIgniter(Object(CodeIgniter\CodeIgniter))
15 FCPATH\index.php(56): CodeIgniter\Boot::bootWeb(Object(Config\Paths))
16 SYSTEMPATH\rewrite.php(44): require_once('C:\\xampp\\htdocs\\SiNotik\\public\\index.php')
INFO - 2025-01-14 14:29:28 --> Session: Class initialized using 'CodeIgniter\Session\Handlers\FileHandler' driver.
INFO - 2025-01-14 14:29:29 --> Session: Class initialized using 'CodeIgniter\Session\Handlers\FileHandler' driver.
INFO - 2025-01-14 14:29:30 --> Session: Class initialized using 'CodeIgniter\Session\Handlers\FileHandler' driver.
INFO - 2025-01-14 14:29:36 --> Session: Class initialized using 'CodeIgniter\Session\Handlers\FileHandler' driver.
ERROR - 2025-01-14 14:29:36 --> Login attempt with username: lili
ERROR - 2025-01-14 14:29:36 --> Checking login for username: lili
ERROR - 2025-01-14 14:29:36 --> User data: Array
(
    [user_id] => 9
    [username] => lili
    [nama] => lala
    [nip] => 123456780123456789
    [email] => jurandariyurianidu@gmail.com
    [password] => $2y$10$VOHOtZEaMBJvPLDT6v5/2uXNDqowMBRRYCjIGJtTPqb41gpCwVLI6
    [role] => admin
    [Bidang] => 
    [profil_foto] => image.png
    [alamat] => N/A
    [jabatan] => 
    [tanggal_lahir] => 
    [created_at] => 2025-01-10 02:06:34
    [updated_at] => 2025-01-14 14:26:17
)

ERROR - 2025-01-14 14:29:37 --> Password verify result for username lili: Failure
ERROR - 2025-01-14 14:29:37 --> Login failed for username: lili
INFO - 2025-01-14 14:29:38 --> Session: Class initialized using 'CodeIgniter\Session\Handlers\FileHandler' driver.
INFO - 2025-01-14 14:29:38 --> Session: Class initialized using 'CodeIgniter\Session\Handlers\FileHandler' driver.
INFO - 2025-01-14 14:29:42 --> Session: Class initialized using 'CodeIgniter\Session\Handlers\FileHandler' driver.
ERROR - 2025-01-14 14:29:42 --> Login attempt with username: lili
ERROR - 2025-01-14 14:29:42 --> Checking login for username: lili
ERROR - 2025-01-14 14:29:42 --> User data: Array
(
    [user_id] => 9
    [username] => lili
    [nama] => lala
    [nip] => 123456780123456789
    [email] => jurandariyurianidu@gmail.com
    [password] => $2y$10$VOHOtZEaMBJvPLDT6v5/2uXNDqowMBRRYCjIGJtTPqb41gpCwVLI6
    [role] => admin
    [Bidang] => 
    [profil_foto] => image.png
    [alamat] => N/A
    [jabatan] => 
    [tanggal_lahir] => 
    [created_at] => 2025-01-10 02:06:34
    [updated_at] => 2025-01-14 14:26:17
)

ERROR - 2025-01-14 14:29:43 --> Password verify result for username lili: Success
ERROR - 2025-01-14 14:29:43 --> Login success for username: lili
INFO - 2025-01-14 14:29:43 --> Session: Class initialized using 'CodeIgniter\Session\Handlers\FileHandler' driver.
DEBUG - 2025-01-14 14:29:43 --> User ID: 9
DEBUG - 2025-01-14 14:29:43 --> Profile Picture: image.png
DEBUG - 2025-01-14 14:29:43 --> User Name: lala
DEBUG - 2025-01-14 14:29:43 --> User Role: admin
INFO - 2025-01-14 14:29:44 --> Session: Class initialized using 'CodeIgniter\Session\Handlers\FileHandler' driver.
INFO - 2025-01-14 14:29:46 --> Session: Class initialized using 'CodeIgniter\Session\Handlers\FileHandler' driver.
INFO - 2025-01-14 14:29:46 --> User profile for ID 9 retrieved successfully.
INFO - 2025-01-14 14:29:47 --> Session: Class initialized using 'CodeIgniter\Session\Handlers\FileHandler' driver.
INFO - 2025-01-14 14:29:58 --> Session: Class initialized using 'CodeIgniter\Session\Handlers\FileHandler' driver.
INFO - 2025-01-14 14:29:58 --> Data yang akan diperbarui: Array
(
)

INFO - 2025-01-14 14:29:58 --> Data sebelum pembaruan: Array
(
    [user_id] => 9
    [username] => lili
    [nama] => lala
    [nip] => 123456780123456789
    [email] => jurandariyurianidu@gmail.com
    [password] => $2y$10$VOHOtZEaMBJvPLDT6v5/2uXNDqowMBRRYCjIGJtTPqb41gpCwVLI6
    [role] => admin
    [Bidang] => 
    [profil_foto] => image.png
    [alamat] => N/A
    [jabatan] => 
    [tanggal_lahir] => 
    [created_at] => 2025-01-10 02:06:34
    [updated_at] => 2025-01-14 14:26:17
)

INFO - 2025-01-14 14:29:58 --> Data yang akan dikirim: Array
(
)

INFO - 2025-01-14 14:29:58 --> Tidak ada perubahan data untuk profil pengguna dengan ID 9
INFO - 2025-01-14 14:29:59 --> Session: Class initialized using 'CodeIgniter\Session\Handlers\FileHandler' driver.
INFO - 2025-01-14 14:30:50 --> Session: Class initialized using 'CodeIgniter\Session\Handlers\FileHandler' driver.
INFO - 2025-01-14 14:30:50 --> Data yang akan diperbarui: Array
(
    [email] => lala10@gmail.com
    [alamat] => jalan gajah mada 
    [jabatan] => Sekretaris
    [tanggal_lahir] => 2003-07-04
)

INFO - 2025-01-14 14:30:50 --> Data sebelum pembaruan: Array
(
    [user_id] => 9
    [username] => lili
    [nama] => lala
    [nip] => 123456780123456789
    [email] => jurandariyurianidu@gmail.com
    [password] => $2y$10$VOHOtZEaMBJvPLDT6v5/2uXNDqowMBRRYCjIGJtTPqb41gpCwVLI6
    [role] => admin
    [Bidang] => 
    [profil_foto] => image.png
    [alamat] => N/A
    [jabatan] => 
    [tanggal_lahir] => 
    [created_at] => 2025-01-10 02:06:34
    [updated_at] => 2025-01-14 14:26:17
)

INFO - 2025-01-14 14:30:50 --> Data yang akan dikirim: Array
(
    [email] => lala10@gmail.com
    [alamat] => jalan gajah mada 
    [jabatan] => Sekretaris
    [tanggal_lahir] => 2003-07-04
)

INFO - 2025-01-14 14:30:50 --> Data pengguna yang ada: Array
(
    [user_id] => 9
    [username] => lili
    [nama] => lala
    [nip] => 123456780123456789
    [email] => jurandariyurianidu@gmail.com
    [password] => $2y$10$VOHOtZEaMBJvPLDT6v5/2uXNDqowMBRRYCjIGJtTPqb41gpCwVLI6
    [role] => admin
    [Bidang] => 
    [profil_foto] => image.png
    [alamat] => N/A
    [jabatan] => 
    [tanggal_lahir] => 
    [created_at] => 2025-01-10 02:06:34
    [updated_at] => 2025-01-14 14:26:17
)

INFO - 2025-01-14 14:30:50 --> Data yang akan diperbarui: Array
(
    [email] => lala10@gmail.com
    [alamat] => jalan gajah mada 
    [jabatan] => Sekretaris
    [tanggal_lahir] => 2003-07-04
)

INFO - 2025-01-14 14:30:50 --> Berhasil memperbarui profil pengguna dengan ID 9. Perubahan: Array
(
    [email] => lala10@gmail.com
    [alamat] => jalan gajah mada 
    [jabatan] => Sekretaris
    [tanggal_lahir] => 2003-07-04
)

INFO - 2025-01-14 14:30:50 --> Data profil pengguna dengan ID 9 diperbarui. Perubahan: Email: jurandariyurianidu@gmail.com -> lala10@gmail.com, Alamat: N/A -> jalan gajah mada , Jabatan:  -> Sekretaris, Tanggal Lahir:  -> 2003-07-04
INFO - 2025-01-14 14:30:50 --> Session: Class initialized using 'CodeIgniter\Session\Handlers\FileHandler' driver.
INFO - 2025-01-14 14:31:29 --> Session: Class initialized using 'CodeIgniter\Session\Handlers\FileHandler' driver.
INFO - 2025-01-14 14:31:29 --> Data yang akan diperbarui: Array
(
)

INFO - 2025-01-14 14:31:29 --> Data sebelum pembaruan: Array
(
    [user_id] => 9
    [username] => lili
    [nama] => lala
    [nip] => 123456780123456789
    [email] => lala10@gmail.com
    [password] => $2y$10$VOHOtZEaMBJvPLDT6v5/2uXNDqowMBRRYCjIGJtTPqb41gpCwVLI6
    [role] => admin
    [Bidang] => 
    [profil_foto] => image.png
    [alamat] => jalan gajah mada 
    [jabatan] => Sekretaris
    [tanggal_lahir] => 2003-07-04
    [created_at] => 2025-01-10 02:06:34
    [updated_at] => 2025-01-14 14:30:50
)

INFO - 2025-01-14 14:31:29 --> Data yang akan dikirim: Array
(
)

INFO - 2025-01-14 14:31:29 --> Tidak ada perubahan data untuk profil pengguna dengan ID 9
CRITICAL - 2025-01-14 14:31:29 --> ErrorException: Undefined variable $user_profile
[Method: POST, Route: admin/editprofil]
in APPPATH\Views\admin\profiladmin.php on line 46.
 1 APPPATH\Views\admin\profiladmin.php(46): CodeIgniter\Debug\Exceptions->errorHandler(2, 'Undefined variable $user_profile', 'C:\\xampp\\htdocs\\SiNotik\\app\\Views\\admin\\profiladmin.php', 46)
 2 SYSTEMPATH\View\View.php(234): include('C:\\xampp\\htdocs\\SiNotik\\app\\Views\\admin\\profiladmin.php')
 3 SYSTEMPATH\View\View.php(237): CodeIgniter\View\View->CodeIgniter\View\{closure}()
 4 SYSTEMPATH\Common.php(1171): CodeIgniter\View\View->render('admin/profiladmin', [], true)
 5 APPPATH\Controllers\EditProfilController.php(105): view('admin/profiladmin', [...])
 6 SYSTEMPATH\CodeIgniter.php(933): App\Controllers\EditProfilController->editProfil()
 7 SYSTEMPATH\CodeIgniter.php(509): CodeIgniter\CodeIgniter->runController(Object(App\Controllers\EditProfilController))
 8 SYSTEMPATH\CodeIgniter.php(355): CodeIgniter\CodeIgniter->handleRequest(null, Object(Config\Cache), false)
 9 SYSTEMPATH\Boot.php(325): CodeIgniter\CodeIgniter->run()
10 SYSTEMPATH\Boot.php(67): CodeIgniter\Boot::runCodeIgniter(Object(CodeIgniter\CodeIgniter))
11 FCPATH\index.php(56): CodeIgniter\Boot::bootWeb(Object(Config\Paths))
12 SYSTEMPATH\rewrite.php(44): require_once('C:\\xampp\\htdocs\\SiNotik\\public\\index.php')
INFO - 2025-01-14 14:32:57 --> Session: Class initialized using 'CodeIgniter\Session\Handlers\FileHandler' driver.
INFO - 2025-01-14 14:32:59 --> Session: Class initialized using 'CodeIgniter\Session\Handlers\FileHandler' driver.
INFO - 2025-01-14 14:33:00 --> Session: Class initialized using 'CodeIgniter\Session\Handlers\FileHandler' driver.
INFO - 2025-01-14 14:33:06 --> Session: Class initialized using 'CodeIgniter\Session\Handlers\FileHandler' driver.
ERROR - 2025-01-14 14:33:06 --> Login attempt with username: lili
ERROR - 2025-01-14 14:33:06 --> Checking login for username: lili
ERROR - 2025-01-14 14:33:06 --> User data: Array
(
    [user_id] => 9
    [username] => lili
    [nama] => lala
    [nip] => 123456780123456789
    [email] => lala10@gmail.com
    [password] => $2y$10$VOHOtZEaMBJvPLDT6v5/2uXNDqowMBRRYCjIGJtTPqb41gpCwVLI6
    [role] => admin
    [Bidang] => 
    [profil_foto] => image.png
    [alamat] => jalan gajah mada 
    [jabatan] => Sekretaris
    [tanggal_lahir] => 2003-07-04
    [created_at] => 2025-01-10 02:06:34
    [updated_at] => 2025-01-14 14:30:50
)

ERROR - 2025-01-14 14:33:06 --> Password verify result for username lili: Success
ERROR - 2025-01-14 14:33:06 --> Login success for username: lili
INFO - 2025-01-14 14:33:07 --> Session: Class initialized using 'CodeIgniter\Session\Handlers\FileHandler' driver.
DEBUG - 2025-01-14 14:33:07 --> User ID: 9
DEBUG - 2025-01-14 14:33:07 --> Profile Picture: image.png
DEBUG - 2025-01-14 14:33:07 --> User Name: lala
DEBUG - 2025-01-14 14:33:07 --> User Role: admin
INFO - 2025-01-14 14:33:08 --> Session: Class initialized using 'CodeIgniter\Session\Handlers\FileHandler' driver.
INFO - 2025-01-14 14:33:10 --> Session: Class initialized using 'CodeIgniter\Session\Handlers\FileHandler' driver.
INFO - 2025-01-14 14:33:10 --> User profile for ID 9 retrieved successfully.
INFO - 2025-01-14 14:33:11 --> Session: Class initialized using 'CodeIgniter\Session\Handlers\FileHandler' driver.
INFO - 2025-01-14 14:34:54 --> Session: Class initialized using 'CodeIgniter\Session\Handlers\FileHandler' driver.
INFO - 2025-01-14 14:34:54 --> User profile for ID 9 retrieved successfully.
INFO - 2025-01-14 14:34:55 --> Session: Class initialized using 'CodeIgniter\Session\Handlers\FileHandler' driver.
INFO - 2025-01-14 14:35:01 --> Session: Class initialized using 'CodeIgniter\Session\Handlers\FileHandler' driver.
INFO - 2025-01-14 14:35:01 --> User profile for ID 9 retrieved successfully.
INFO - 2025-01-14 14:35:02 --> Session: Class initialized using 'CodeIgniter\Session\Handlers\FileHandler' driver.
INFO - 2025-01-14 14:37:57 --> Session: Class initialized using 'CodeIgniter\Session\Handlers\FileHandler' driver.
INFO - 2025-01-14 14:37:57 --> User profile for ID 9 retrieved successfully.
INFO - 2025-01-14 14:37:57 --> Session: Class initialized using 'CodeIgniter\Session\Handlers\FileHandler' driver.
INFO - 2025-01-14 14:38:00 --> Session: Class initialized using 'CodeIgniter\Session\Handlers\FileHandler' driver.
INFO - 2025-01-14 14:38:00 --> Data yang akan diperbarui: Array
(
)

INFO - 2025-01-14 14:38:00 --> Data sebelum pembaruan: Array
(
    [user_id] => 9
    [username] => lili
    [nama] => lala
    [nip] => 123456780123456789
    [email] => lala10@gmail.com
    [password] => $2y$10$VOHOtZEaMBJvPLDT6v5/2uXNDqowMBRRYCjIGJtTPqb41gpCwVLI6
    [role] => admin
    [Bidang] => 
    [profil_foto] => image.png
    [alamat] => jalan gajah mada 
    [jabatan] => Sekretaris
    [tanggal_lahir] => 2003-07-04
    [created_at] => 2025-01-10 02:06:34
    [updated_at] => 2025-01-14 14:30:50
)

INFO - 2025-01-14 14:38:00 --> Data yang akan dikirim: Array
(
)

INFO - 2025-01-14 14:38:00 --> Tidak ada perubahan data untuk profil pengguna dengan ID 9
INFO - 2025-01-14 14:38:01 --> Session: Class initialized using 'CodeIgniter\Session\Handlers\FileHandler' driver.
INFO - 2025-01-14 14:38:01 --> User profile for ID 9 retrieved successfully.
INFO - 2025-01-14 14:38:01 --> Session: Class initialized using 'CodeIgniter\Session\Handlers\FileHandler' driver.
INFO - 2025-01-14 14:38:04 --> Session: Class initialized using 'CodeIgniter\Session\Handlers\FileHandler' driver.
INFO - 2025-01-14 14:38:04 --> Data yang akan diperbarui: Array
(
)

INFO - 2025-01-14 14:38:04 --> Data sebelum pembaruan: Array
(
    [user_id] => 9
    [username] => lili
    [nama] => lala
    [nip] => 123456780123456789
    [email] => lala10@gmail.com
    [password] => $2y$10$VOHOtZEaMBJvPLDT6v5/2uXNDqowMBRRYCjIGJtTPqb41gpCwVLI6
    [role] => admin
    [Bidang] => 
    [profil_foto] => image.png
    [alamat] => jalan gajah mada 
    [jabatan] => Sekretaris
    [tanggal_lahir] => 2003-07-04
    [created_at] => 2025-01-10 02:06:34
    [updated_at] => 2025-01-14 14:30:50
)

INFO - 2025-01-14 14:38:04 --> Data yang akan dikirim: Array
(
)

INFO - 2025-01-14 14:38:04 --> Tidak ada perubahan data untuk profil pengguna dengan ID 9
INFO - 2025-01-14 14:38:04 --> Session: Class initialized using 'CodeIgniter\Session\Handlers\FileHandler' driver.
INFO - 2025-01-14 14:38:04 --> User profile for ID 9 retrieved successfully.
INFO - 2025-01-14 14:38:05 --> Session: Class initialized using 'CodeIgniter\Session\Handlers\FileHandler' driver.
INFO - 2025-01-14 14:38:07 --> Session: Class initialized using 'CodeIgniter\Session\Handlers\FileHandler' driver.
INFO - 2025-01-14 14:38:07 --> Data yang akan diperbarui: Array
(
)

INFO - 2025-01-14 14:38:07 --> Data sebelum pembaruan: Array
(
    [user_id] => 9
    [username] => lili
    [nama] => lala
    [nip] => 123456780123456789
    [email] => lala10@gmail.com
    [password] => $2y$10$VOHOtZEaMBJvPLDT6v5/2uXNDqowMBRRYCjIGJtTPqb41gpCwVLI6
    [role] => admin
    [Bidang] => 
    [profil_foto] => image.png
    [alamat] => jalan gajah mada 
    [jabatan] => Sekretaris
    [tanggal_lahir] => 2003-07-04
    [created_at] => 2025-01-10 02:06:34
    [updated_at] => 2025-01-14 14:30:50
)

INFO - 2025-01-14 14:38:07 --> Data yang akan dikirim: Array
(
)

INFO - 2025-01-14 14:38:07 --> Tidak ada perubahan data untuk profil pengguna dengan ID 9
INFO - 2025-01-14 14:38:08 --> Session: Class initialized using 'CodeIgniter\Session\Handlers\FileHandler' driver.
INFO - 2025-01-14 14:38:08 --> User profile for ID 9 retrieved successfully.
INFO - 2025-01-14 14:38:08 --> Session: Class initialized using 'CodeIgniter\Session\Handlers\FileHandler' driver.
INFO - 2025-01-14 14:38:19 --> Session: Class initialized using 'CodeIgniter\Session\Handlers\FileHandler' driver.
INFO - 2025-01-14 14:38:19 --> User profile for ID 9 retrieved successfully.
INFO - 2025-01-14 14:38:20 --> Session: Class initialized using 'CodeIgniter\Session\Handlers\FileHandler' driver.
INFO - 2025-01-14 14:38:21 --> Session: Class initialized using 'CodeIgniter\Session\Handlers\FileHandler' driver.
INFO - 2025-01-14 14:38:21 --> Data yang akan diperbarui: Array
(
)

INFO - 2025-01-14 14:38:21 --> Data sebelum pembaruan: Array
(
    [user_id] => 9
    [username] => lili
    [nama] => lala
    [nip] => 123456780123456789
    [email] => lala10@gmail.com
    [password] => $2y$10$VOHOtZEaMBJvPLDT6v5/2uXNDqowMBRRYCjIGJtTPqb41gpCwVLI6
    [role] => admin
    [Bidang] => 
    [profil_foto] => image.png
    [alamat] => jalan gajah mada 
    [jabatan] => Sekretaris
    [tanggal_lahir] => 2003-07-04
    [created_at] => 2025-01-10 02:06:34
    [updated_at] => 2025-01-14 14:30:50
)

INFO - 2025-01-14 14:38:21 --> Data yang akan dikirim: Array
(
)

INFO - 2025-01-14 14:38:21 --> Tidak ada perubahan data untuk profil pengguna dengan ID 9
INFO - 2025-01-14 14:38:21 --> Session: Class initialized using 'CodeIgniter\Session\Handlers\FileHandler' driver.
INFO - 2025-01-14 14:40:33 --> Session: Class initialized using 'CodeIgniter\Session\Handlers\FileHandler' driver.
INFO - 2025-01-14 14:41:01 --> Session: Class initialized using 'CodeIgniter\Session\Handlers\FileHandler' driver.
INFO - 2025-01-14 14:41:01 --> User profile for ID 9 retrieved successfully.
INFO - 2025-01-14 14:41:02 --> Session: Class initialized using 'CodeIgniter\Session\Handlers\FileHandler' driver.
INFO - 2025-01-14 14:41:05 --> Session: Class initialized using 'CodeIgniter\Session\Handlers\FileHandler' driver.
INFO - 2025-01-14 14:41:06 --> Session: Class initialized using 'CodeIgniter\Session\Handlers\FileHandler' driver.
INFO - 2025-01-14 14:41:06 --> User profile for ID 9 retrieved successfully.
INFO - 2025-01-14 14:41:07 --> Session: Class initialized using 'CodeIgniter\Session\Handlers\FileHandler' driver.
INFO - 2025-01-14 14:41:08 --> Session: Class initialized using 'CodeIgniter\Session\Handlers\FileHandler' driver.
INFO - 2025-01-14 14:41:09 --> Session: Class initialized using 'CodeIgniter\Session\Handlers\FileHandler' driver.
INFO - 2025-01-14 14:41:09 --> User profile for ID 9 retrieved successfully.
INFO - 2025-01-14 14:41:09 --> Session: Class initialized using 'CodeIgniter\Session\Handlers\FileHandler' driver.
INFO - 2025-01-14 14:41:25 --> Session: Class initialized using 'CodeIgniter\Session\Handlers\FileHandler' driver.
INFO - 2025-01-14 14:41:25 --> User profile for ID 9 retrieved successfully.
INFO - 2025-01-14 14:41:26 --> Session: Class initialized using 'CodeIgniter\Session\Handlers\FileHandler' driver.
INFO - 2025-01-14 14:41:28 --> Session: Class initialized using 'CodeIgniter\Session\Handlers\FileHandler' driver.
INFO - 2025-01-14 14:41:28 --> Data yang akan diperbarui: Array
(
)

INFO - 2025-01-14 14:41:28 --> Data sebelum pembaruan: Array
(
    [user_id] => 9
    [username] => lili
    [nama] => lala
    [nip] => 123456780123456789
    [email] => lala10@gmail.com
    [password] => $2y$10$VOHOtZEaMBJvPLDT6v5/2uXNDqowMBRRYCjIGJtTPqb41gpCwVLI6
    [role] => admin
    [Bidang] => 
    [profil_foto] => image.png
    [alamat] => jalan gajah mada 
    [jabatan] => Sekretaris
    [tanggal_lahir] => 2003-07-04
    [created_at] => 2025-01-10 02:06:34
    [updated_at] => 2025-01-14 14:30:50
)

INFO - 2025-01-14 14:41:28 --> Data yang akan dikirim: Array
(
)

INFO - 2025-01-14 14:41:28 --> Tidak ada perubahan data untuk profil pengguna dengan ID 9
INFO - 2025-01-14 14:41:29 --> Session: Class initialized using 'CodeIgniter\Session\Handlers\FileHandler' driver.
INFO - 2025-01-14 14:43:40 --> Session: Class initialized using 'CodeIgniter\Session\Handlers\FileHandler' driver.
INFO - 2025-01-14 14:43:40 --> Data yang akan diperbarui: Array
(
)

INFO - 2025-01-14 14:43:40 --> Data sebelum pembaruan: Array
(
    [user_id] => 9
    [username] => lili
    [nama] => lala
    [nip] => 123456780123456789
    [email] => lala10@gmail.com
    [password] => $2y$10$VOHOtZEaMBJvPLDT6v5/2uXNDqowMBRRYCjIGJtTPqb41gpCwVLI6
    [role] => admin
    [Bidang] => 
    [profil_foto] => image.png
    [alamat] => jalan gajah mada 
    [jabatan] => Sekretaris
    [tanggal_lahir] => 2003-07-04
    [created_at] => 2025-01-10 02:06:34
    [updated_at] => 2025-01-14 14:30:50
)

INFO - 2025-01-14 14:43:40 --> Data yang akan dikirim: Array
(
)

INFO - 2025-01-14 14:43:40 --> Tidak ada perubahan data untuk profil pengguna dengan ID 9
INFO - 2025-01-14 14:43:41 --> Session: Class initialized using 'CodeIgniter\Session\Handlers\FileHandler' driver.
INFO - 2025-01-14 14:44:35 --> Session: Class initialized using 'CodeIgniter\Session\Handlers\FileHandler' driver.
INFO - 2025-01-14 14:44:35 --> Data yang akan diperbarui: Array
(
)

INFO - 2025-01-14 14:44:35 --> Data sebelum pembaruan: Array
(
    [user_id] => 9
    [username] => lili
    [nama] => lala
    [nip] => 123456780123456789
    [email] => lala10@gmail.com
    [password] => $2y$10$VOHOtZEaMBJvPLDT6v5/2uXNDqowMBRRYCjIGJtTPqb41gpCwVLI6
    [role] => admin
    [Bidang] => 
    [profil_foto] => image.png
    [alamat] => jalan gajah mada 
    [jabatan] => Sekretaris
    [tanggal_lahir] => 2003-07-04
    [created_at] => 2025-01-10 02:06:34
    [updated_at] => 2025-01-14 14:30:50
)

INFO - 2025-01-14 14:44:35 --> Data yang akan dikirim: Array
(
)

INFO - 2025-01-14 14:44:35 --> Tidak ada perubahan data untuk profil pengguna dengan ID 9
INFO - 2025-01-14 14:44:36 --> Session: Class initialized using 'CodeIgniter\Session\Handlers\FileHandler' driver.
INFO - 2025-01-14 14:46:45 --> Session: Class initialized using 'CodeIgniter\Session\Handlers\FileHandler' driver.
DEBUG - 2025-01-14 14:46:45 --> User ID: 9
DEBUG - 2025-01-14 14:46:45 --> Profile Picture: image.png
DEBUG - 2025-01-14 14:46:45 --> User Name: lala
DEBUG - 2025-01-14 14:46:45 --> User Role: admin
INFO - 2025-01-14 14:46:45 --> Session: Class initialized using 'CodeIgniter\Session\Handlers\FileHandler' driver.
INFO - 2025-01-14 14:46:53 --> Session: Class initialized using 'CodeIgniter\Session\Handlers\FileHandler' driver.
INFO - 2025-01-14 14:46:53 --> User profile for ID 9 retrieved successfully.
INFO - 2025-01-14 14:46:54 --> Session: Class initialized using 'CodeIgniter\Session\Handlers\FileHandler' driver.
INFO - 2025-01-14 14:50:32 --> Session: Class initialized using 'CodeIgniter\Session\Handlers\FileHandler' driver.
INFO - 2025-01-14 14:50:32 --> User profile for ID 9 retrieved successfully.
INFO - 2025-01-14 14:50:33 --> Session: Class initialized using 'CodeIgniter\Session\Handlers\FileHandler' driver.
INFO - 2025-01-14 14:51:15 --> Session: Class initialized using 'CodeIgniter\Session\Handlers\FileHandler' driver.
INFO - 2025-01-14 14:51:15 --> User profile for ID 9 retrieved successfully.
INFO - 2025-01-14 14:51:15 --> Session: Class initialized using 'CodeIgniter\Session\Handlers\FileHandler' driver.
CRITICAL - 2025-01-14 14:51:21 --> CodeIgniter\View\Exceptions\ViewException: Invalid file: "admin/data_pengguna.php"
[Method: GET, Route: admin/data_pengguna]
in SYSTEMPATH\Exceptions\FrameworkException.php on line 41.
 1 SYSTEMPATH\View\View.php(222): CodeIgniter\Exceptions\FrameworkException::forInvalidFile('admin/data_pengguna.php')
 2 SYSTEMPATH\Common.php(1171): CodeIgniter\View\View->render('admin/data_pengguna', [], true)
 3 APPPATH\Controllers\DetailPenggunaController.php(9): view('admin/data_pengguna')
 4 SYSTEMPATH\CodeIgniter.php(933): App\Controllers\DetailPenggunaController->index()
 5 SYSTEMPATH\CodeIgniter.php(509): CodeIgniter\CodeIgniter->runController(Object(App\Controllers\DetailPenggunaController))
 6 SYSTEMPATH\CodeIgniter.php(355): CodeIgniter\CodeIgniter->handleRequest(null, Object(Config\Cache), false)
 7 SYSTEMPATH\Boot.php(325): CodeIgniter\CodeIgniter->run()
 8 SYSTEMPATH\Boot.php(67): CodeIgniter\Boot::runCodeIgniter(Object(CodeIgniter\CodeIgniter))
 9 FCPATH\index.php(56): CodeIgniter\Boot::bootWeb(Object(Config\Paths))
10 SYSTEMPATH\rewrite.php(44): require_once('C:\\xampp\\htdocs\\SiNotik\\public\\index.php')
INFO - 2025-01-14 14:51:33 --> Session: Class initialized using 'CodeIgniter\Session\Handlers\FileHandler' driver.
INFO - 2025-01-14 14:51:33 --> User profile for ID 9 retrieved successfully.
INFO - 2025-01-14 14:51:33 --> Session: Class initialized using 'CodeIgniter\Session\Handlers\FileHandler' driver.
INFO - 2025-01-14 14:51:35 --> Session: Class initialized using 'CodeIgniter\Session\Handlers\FileHandler' driver.
DEBUG - 2025-01-14 14:51:35 --> User ID: 9
DEBUG - 2025-01-14 14:51:35 --> Profile Picture: image.png
DEBUG - 2025-01-14 14:51:35 --> User Name: lala
DEBUG - 2025-01-14 14:51:35 --> User Role: admin
INFO - 2025-01-14 14:51:37 --> Session: Class initialized using 'CodeIgniter\Session\Handlers\FileHandler' driver.
CRITICAL - 2025-01-14 14:51:37 --> CodeIgniter\View\Exceptions\ViewException: Invalid file: "admin/data_pengguna.php"
[Method: GET, Route: admin/data_pengguna]
in SYSTEMPATH\Exceptions\FrameworkException.php on line 41.
 1 SYSTEMPATH\View\View.php(222): CodeIgniter\Exceptions\FrameworkException::forInvalidFile('admin/data_pengguna.php')
 2 SYSTEMPATH\Common.php(1171): CodeIgniter\View\View->render('admin/data_pengguna', [], true)
 3 APPPATH\Controllers\DetailPenggunaController.php(9): view('admin/data_pengguna')
 4 SYSTEMPATH\CodeIgniter.php(933): App\Controllers\DetailPenggunaController->index()
 5 SYSTEMPATH\CodeIgniter.php(509): CodeIgniter\CodeIgniter->runController(Object(App\Controllers\DetailPenggunaController))
 6 SYSTEMPATH\CodeIgniter.php(355): CodeIgniter\CodeIgniter->handleRequest(null, Object(Config\Cache), false)
 7 SYSTEMPATH\Boot.php(325): CodeIgniter\CodeIgniter->run()
 8 SYSTEMPATH\Boot.php(67): CodeIgniter\Boot::runCodeIgniter(Object(CodeIgniter\CodeIgniter))
 9 FCPATH\index.php(56): CodeIgniter\Boot::bootWeb(Object(Config\Paths))
10 SYSTEMPATH\rewrite.php(44): require_once('C:\\xampp\\htdocs\\SiNotik\\public\\index.php')
INFO - 2025-01-14 14:52:14 --> Session: Class initialized using 'CodeIgniter\Session\Handlers\FileHandler' driver.
CRITICAL - 2025-01-14 14:54:26 --> Error: Class "App\Controllers\UserModel" not found
[Method: GET, Route: admin/data_pengguna]
in APPPATH\Controllers\DetailPenggunaController.php on line 9.
 1 SYSTEMPATH\CodeIgniter.php(933): App\Controllers\DetailPenggunaController->index()
 2 SYSTEMPATH\CodeIgniter.php(509): CodeIgniter\CodeIgniter->runController(Object(App\Controllers\DetailPenggunaController))
 3 SYSTEMPATH\CodeIgniter.php(355): CodeIgniter\CodeIgniter->handleRequest(null, Object(Config\Cache), false)
 4 SYSTEMPATH\Boot.php(325): CodeIgniter\CodeIgniter->run()
 5 SYSTEMPATH\Boot.php(67): CodeIgniter\Boot::runCodeIgniter(Object(CodeIgniter\CodeIgniter))
 6 FCPATH\index.php(56): CodeIgniter\Boot::bootWeb(Object(Config\Paths))
 7 SYSTEMPATH\rewrite.php(44): require_once('C:\\xampp\\htdocs\\SiNotik\\public\\index.php')
INFO - 2025-01-14 14:54:47 --> Session: Class initialized using 'CodeIgniter\Session\Handlers\FileHandler' driver.
INFO - 2025-01-14 15:03:38 --> Session: Class initialized using 'CodeIgniter\Session\Handlers\FileHandler' driver.
INFO - 2025-01-14 15:03:50 --> Session: Class initialized using 'CodeIgniter\Session\Handlers\FileHandler' driver.
INFO - 2025-01-14 15:03:51 --> Session: Class initialized using 'CodeIgniter\Session\Handlers\FileHandler' driver.
INFO - 2025-01-14 15:03:57 --> Session: Class initialized using 'CodeIgniter\Session\Handlers\FileHandler' driver.
ERROR - 2025-01-14 15:03:57 --> Login attempt with username: lili
ERROR - 2025-01-14 15:04:02 --> Error connecting to the database: mysqli_sql_exception: No connection could be made because the target machine actively refused it in C:\xampp\htdocs\SiNotik\system\Database\MySQLi\Connection.php:186
Stack trace:
#0 C:\xampp\htdocs\SiNotik\system\Database\MySQLi\Connection.php(186): mysqli->real_connect('localhost', 'root', Object(SensitiveParameterValue), 'sinotik', 3306, '', 0)
#1 C:\xampp\htdocs\SiNotik\system\Database\BaseConnection.php(421): CodeIgniter\Database\MySQLi\Connection->connect(false)
#2 C:\xampp\htdocs\SiNotik\system\Database\BaseConnection.php(616): CodeIgniter\Database\BaseConnection->initialize()
#3 C:\xampp\htdocs\SiNotik\system\Database\BaseBuilder.php(1644): CodeIgniter\Database\BaseConnection->query('SELECT *\nFROM `...', Array, false)
#4 C:\xampp\htdocs\SiNotik\system\Model.php(330): CodeIgniter\Database\BaseBuilder->get()
#5 C:\xampp\htdocs\SiNotik\system\BaseModel.php(714): CodeIgniter\Model->doFirst()
#6 C:\xampp\htdocs\SiNotik\app\Models\AuthModel.php(16): CodeIgniter\BaseModel->first()
#7 C:\xampp\htdocs\SiNotik\app\Controllers\Auth.php(20): App\Models\AuthModel->checkLogin('lili')
#8 C:\xampp\htdocs\SiNotik\system\CodeIgniter.php(933): App\Controllers\Auth->login()
#9 C:\xampp\htdocs\SiNotik\system\CodeIgniter.php(509): CodeIgniter\CodeIgniter->runController(Object(App\Controllers\Auth))
#10 C:\xampp\htdocs\SiNotik\system\CodeIgniter.php(355): CodeIgniter\CodeIgniter->handleRequest(NULL, Object(Config\Cache), false)
#11 C:\xampp\htdocs\SiNotik\system\Boot.php(325): CodeIgniter\CodeIgniter->run()
#12 C:\xampp\htdocs\SiNotik\system\Boot.php(67): CodeIgniter\Boot::runCodeIgniter(Object(CodeIgniter\CodeIgniter))
#13 C:\xampp\htdocs\SiNotik\public\index.php(56): CodeIgniter\Boot::bootWeb(Object(Config\Paths))
#14 C:\xampp\htdocs\SiNotik\system\rewrite.php(44): require_once('C:\\xampp\\htdocs...')
#15 {main}

Next CodeIgniter\Database\Exceptions\DatabaseException: No connection could be made because the target machine actively refused it in C:\xampp\htdocs\SiNotik\system\Database\MySQLi\Connection.php:231
Stack trace:
#0 C:\xampp\htdocs\SiNotik\system\Database\BaseConnection.php(421): CodeIgniter\Database\MySQLi\Connection->connect(false)
#1 C:\xampp\htdocs\SiNotik\system\Database\BaseConnection.php(616): CodeIgniter\Database\BaseConnection->initialize()
#2 C:\xampp\htdocs\SiNotik\system\Database\BaseBuilder.php(1644): CodeIgniter\Database\BaseConnection->query('SELECT *\nFROM `...', Array, false)
#3 C:\xampp\htdocs\SiNotik\system\Model.php(330): CodeIgniter\Database\BaseBuilder->get()
#4 C:\xampp\htdocs\SiNotik\system\BaseModel.php(714): CodeIgniter\Model->doFirst()
#5 C:\xampp\htdocs\SiNotik\app\Models\AuthModel.php(16): CodeIgniter\BaseModel->first()
#6 C:\xampp\htdocs\SiNotik\app\Controllers\Auth.php(20): App\Models\AuthModel->checkLogin('lili')
#7 C:\xampp\htdocs\SiNotik\system\CodeIgniter.php(933): App\Controllers\Auth->login()
#8 C:\xampp\htdocs\SiNotik\system\CodeIgniter.php(509): CodeIgniter\CodeIgniter->runController(Object(App\Controllers\Auth))
#9 C:\xampp\htdocs\SiNotik\system\CodeIgniter.php(355): CodeIgniter\CodeIgniter->handleRequest(NULL, Object(Config\Cache), false)
#10 C:\xampp\htdocs\SiNotik\system\Boot.php(325): CodeIgniter\CodeIgniter->run()
#11 C:\xampp\htdocs\SiNotik\system\Boot.php(67): CodeIgniter\Boot::runCodeIgniter(Object(CodeIgniter\CodeIgniter))
#12 C:\xampp\htdocs\SiNotik\public\index.php(56): CodeIgniter\Boot::bootWeb(Object(Config\Paths))
#13 C:\xampp\htdocs\SiNotik\system\rewrite.php(44): require_once('C:\\xampp\\htdocs...')
#14 {main}
CRITICAL - 2025-01-14 15:04:02 --> CodeIgniter\Database\Exceptions\DatabaseException: Unable to connect to the database.
Main connection [MySQLi]: No connection could be made because the target machine actively refused it
[Method: POST, Route: login]
in SYSTEMPATH\Database\BaseConnection.php on line 467.
 1 SYSTEMPATH\Database\BaseConnection.php(616): CodeIgniter\Database\BaseConnection->initialize()
 2 SYSTEMPATH\Database\BaseBuilder.php(1644): CodeIgniter\Database\BaseConnection->query('SELECT *
FROM `user`
WHERE `username` = :username:
 LIMIT 1', [...], false)
 3 SYSTEMPATH\Model.php(330): CodeIgniter\Database\BaseBuilder->get()
 4 SYSTEMPATH\BaseModel.php(714): CodeIgniter\Model->doFirst()
 5 APPPATH\Models\AuthModel.php(16): CodeIgniter\BaseModel->first()
 6 APPPATH\Controllers\Auth.php(20): App\Models\AuthModel->checkLogin('lili')
 7 SYSTEMPATH\CodeIgniter.php(933): App\Controllers\Auth->login()
 8 SYSTEMPATH\CodeIgniter.php(509): CodeIgniter\CodeIgniter->runController(Object(App\Controllers\Auth))
 9 SYSTEMPATH\CodeIgniter.php(355): CodeIgniter\CodeIgniter->handleRequest(null, Object(Config\Cache), false)
10 SYSTEMPATH\Boot.php(325): CodeIgniter\CodeIgniter->run()
11 SYSTEMPATH\Boot.php(67): CodeIgniter\Boot::runCodeIgniter(Object(CodeIgniter\CodeIgniter))
12 FCPATH\index.php(56): CodeIgniter\Boot::bootWeb(Object(Config\Paths))
13 SYSTEMPATH\rewrite.php(44): require_once('C:\\xampp\\htdocs\\SiNotik\\public\\index.php')
INFO - 2025-01-14 15:04:22 --> Session: Class initialized using 'CodeIgniter\Session\Handlers\FileHandler' driver.
INFO - 2025-01-14 15:04:24 --> Session: Class initialized using 'CodeIgniter\Session\Handlers\FileHandler' driver.
INFO - 2025-01-14 15:04:25 --> Session: Class initialized using 'CodeIgniter\Session\Handlers\FileHandler' driver.
INFO - 2025-01-14 15:04:31 --> Session: Class initialized using 'CodeIgniter\Session\Handlers\FileHandler' driver.
ERROR - 2025-01-14 15:04:31 --> Login attempt with username: lili
ERROR - 2025-01-14 15:04:35 --> Error connecting to the database: mysqli_sql_exception: No connection could be made because the target machine actively refused it in C:\xampp\htdocs\SiNotik\system\Database\MySQLi\Connection.php:186
Stack trace:
#0 C:\xampp\htdocs\SiNotik\system\Database\MySQLi\Connection.php(186): mysqli->real_connect('localhost', 'root', Object(SensitiveParameterValue), 'sinotik', 3306, '', 0)
#1 C:\xampp\htdocs\SiNotik\system\Database\BaseConnection.php(421): CodeIgniter\Database\MySQLi\Connection->connect(false)
#2 C:\xampp\htdocs\SiNotik\system\Database\BaseConnection.php(616): CodeIgniter\Database\BaseConnection->initialize()
#3 C:\xampp\htdocs\SiNotik\system\Database\BaseBuilder.php(1644): CodeIgniter\Database\BaseConnection->query('SELECT *\nFROM `...', Array, false)
#4 C:\xampp\htdocs\SiNotik\system\Model.php(330): CodeIgniter\Database\BaseBuilder->get()
#5 C:\xampp\htdocs\SiNotik\system\BaseModel.php(714): CodeIgniter\Model->doFirst()
#6 C:\xampp\htdocs\SiNotik\app\Models\AuthModel.php(16): CodeIgniter\BaseModel->first()
#7 C:\xampp\htdocs\SiNotik\app\Controllers\Auth.php(20): App\Models\AuthModel->checkLogin('lili')
#8 C:\xampp\htdocs\SiNotik\system\CodeIgniter.php(933): App\Controllers\Auth->login()
#9 C:\xampp\htdocs\SiNotik\system\CodeIgniter.php(509): CodeIgniter\CodeIgniter->runController(Object(App\Controllers\Auth))
#10 C:\xampp\htdocs\SiNotik\system\CodeIgniter.php(355): CodeIgniter\CodeIgniter->handleRequest(NULL, Object(Config\Cache), false)
#11 C:\xampp\htdocs\SiNotik\system\Boot.php(325): CodeIgniter\CodeIgniter->run()
#12 C:\xampp\htdocs\SiNotik\system\Boot.php(67): CodeIgniter\Boot::runCodeIgniter(Object(CodeIgniter\CodeIgniter))
#13 C:\xampp\htdocs\SiNotik\public\index.php(56): CodeIgniter\Boot::bootWeb(Object(Config\Paths))
#14 C:\xampp\htdocs\SiNotik\system\rewrite.php(44): require_once('C:\\xampp\\htdocs...')
#15 {main}

Next CodeIgniter\Database\Exceptions\DatabaseException: No connection could be made because the target machine actively refused it in C:\xampp\htdocs\SiNotik\system\Database\MySQLi\Connection.php:231
Stack trace:
#0 C:\xampp\htdocs\SiNotik\system\Database\BaseConnection.php(421): CodeIgniter\Database\MySQLi\Connection->connect(false)
#1 C:\xampp\htdocs\SiNotik\system\Database\BaseConnection.php(616): CodeIgniter\Database\BaseConnection->initialize()
#2 C:\xampp\htdocs\SiNotik\system\Database\BaseBuilder.php(1644): CodeIgniter\Database\BaseConnection->query('SELECT *\nFROM `...', Array, false)
#3 C:\xampp\htdocs\SiNotik\system\Model.php(330): CodeIgniter\Database\BaseBuilder->get()
#4 C:\xampp\htdocs\SiNotik\system\BaseModel.php(714): CodeIgniter\Model->doFirst()
#5 C:\xampp\htdocs\SiNotik\app\Models\AuthModel.php(16): CodeIgniter\BaseModel->first()
#6 C:\xampp\htdocs\SiNotik\app\Controllers\Auth.php(20): App\Models\AuthModel->checkLogin('lili')
#7 C:\xampp\htdocs\SiNotik\system\CodeIgniter.php(933): App\Controllers\Auth->login()
#8 C:\xampp\htdocs\SiNotik\system\CodeIgniter.php(509): CodeIgniter\CodeIgniter->runController(Object(App\Controllers\Auth))
#9 C:\xampp\htdocs\SiNotik\system\CodeIgniter.php(355): CodeIgniter\CodeIgniter->handleRequest(NULL, Object(Config\Cache), false)
#10 C:\xampp\htdocs\SiNotik\system\Boot.php(325): CodeIgniter\CodeIgniter->run()
#11 C:\xampp\htdocs\SiNotik\system\Boot.php(67): CodeIgniter\Boot::runCodeIgniter(Object(CodeIgniter\CodeIgniter))
#12 C:\xampp\htdocs\SiNotik\public\index.php(56): CodeIgniter\Boot::bootWeb(Object(Config\Paths))
#13 C:\xampp\htdocs\SiNotik\system\rewrite.php(44): require_once('C:\\xampp\\htdocs...')
#14 {main}
CRITICAL - 2025-01-14 15:04:35 --> CodeIgniter\Database\Exceptions\DatabaseException: Unable to connect to the database.
Main connection [MySQLi]: No connection could be made because the target machine actively refused it
[Method: POST, Route: login]
in SYSTEMPATH\Database\BaseConnection.php on line 467.
 1 SYSTEMPATH\Database\BaseConnection.php(616): CodeIgniter\Database\BaseConnection->initialize()
 2 SYSTEMPATH\Database\BaseBuilder.php(1644): CodeIgniter\Database\BaseConnection->query('SELECT *
FROM `user`
WHERE `username` = :username:
 LIMIT 1', [...], false)
 3 SYSTEMPATH\Model.php(330): CodeIgniter\Database\BaseBuilder->get()
 4 SYSTEMPATH\BaseModel.php(714): CodeIgniter\Model->doFirst()
 5 APPPATH\Models\AuthModel.php(16): CodeIgniter\BaseModel->first()
 6 APPPATH\Controllers\Auth.php(20): App\Models\AuthModel->checkLogin('lili')
 7 SYSTEMPATH\CodeIgniter.php(933): App\Controllers\Auth->login()
 8 SYSTEMPATH\CodeIgniter.php(509): CodeIgniter\CodeIgniter->runController(Object(App\Controllers\Auth))
 9 SYSTEMPATH\CodeIgniter.php(355): CodeIgniter\CodeIgniter->handleRequest(null, Object(Config\Cache), false)
10 SYSTEMPATH\Boot.php(325): CodeIgniter\CodeIgniter->run()
11 SYSTEMPATH\Boot.php(67): CodeIgniter\Boot::runCodeIgniter(Object(CodeIgniter\CodeIgniter))
12 FCPATH\index.php(56): CodeIgniter\Boot::bootWeb(Object(Config\Paths))
13 SYSTEMPATH\rewrite.php(44): require_once('C:\\xampp\\htdocs\\SiNotik\\public\\index.php')
INFO - 2025-01-14 15:05:00 --> Session: Class initialized using 'CodeIgniter\Session\Handlers\FileHandler' driver.
ERROR - 2025-01-14 15:05:00 --> Login attempt with username: lili
ERROR - 2025-01-14 15:05:01 --> Checking login for username: lili
ERROR - 2025-01-14 15:05:01 --> User data: Array
(
    [user_id] => 9
    [username] => lili
    [nama] => lala
    [nip] => 123456780123456789
    [email] => lala10@gmail.com
    [password] => $2y$10$VOHOtZEaMBJvPLDT6v5/2uXNDqowMBRRYCjIGJtTPqb41gpCwVLI6
    [role] => admin
    [Bidang] => 
    [profil_foto] => image.png
    [alamat] => jalan gajah mada 
    [jabatan] => Sekretaris
    [tanggal_lahir] => 2003-07-04
    [created_at] => 2025-01-10 02:06:34
    [updated_at] => 2025-01-14 14:30:50
)

ERROR - 2025-01-14 15:05:01 --> Password verify result for username lili: Success
ERROR - 2025-01-14 15:05:01 --> Login success for username: lili
INFO - 2025-01-14 15:05:01 --> Session: Class initialized using 'CodeIgniter\Session\Handlers\FileHandler' driver.
DEBUG - 2025-01-14 15:05:01 --> User ID: 9
DEBUG - 2025-01-14 15:05:01 --> Profile Picture: image.png
DEBUG - 2025-01-14 15:05:01 --> User Name: lala
DEBUG - 2025-01-14 15:05:01 --> User Role: admin
INFO - 2025-01-14 15:05:03 --> Session: Class initialized using 'CodeIgniter\Session\Handlers\FileHandler' driver.
INFO - 2025-01-14 15:05:10 --> Session: Class initialized using 'CodeIgniter\Session\Handlers\FileHandler' driver.
INFO - 2025-01-14 15:07:53 --> Session: Class initialized using 'CodeIgniter\Session\Handlers\FileHandler' driver.
INFO - 2025-01-14 15:14:47 --> Session: Class initialized using 'CodeIgniter\Session\Handlers\FileHandler' driver.
INFO - 2025-01-14 15:15:45 --> Session: Class initialized using 'CodeIgniter\Session\Handlers\FileHandler' driver.
INFO - 2025-01-14 15:15:46 --> Session: Class initialized using 'CodeIgniter\Session\Handlers\FileHandler' driver.
INFO - 2025-01-14 15:15:51 --> Session: Class initialized using 'CodeIgniter\Session\Handlers\FileHandler' driver.
INFO - 2025-01-14 15:15:53 --> Session: Class initialized using 'CodeIgniter\Session\Handlers\FileHandler' driver.
INFO - 2025-01-14 15:15:53 --> Session: Class initialized using 'CodeIgniter\Session\Handlers\FileHandler' driver.
INFO - 2025-01-14 15:16:57 --> Session: Class initialized using 'CodeIgniter\Session\Handlers\FileHandler' driver.
ERROR - 2025-01-14 15:16:57 --> Login attempt with username: fff
ERROR - 2025-01-14 15:16:57 --> Checking login for username: fff
ERROR - 2025-01-14 15:16:57 --> User data: 
ERROR - 2025-01-14 15:16:57 --> User not found for username: fff
INFO - 2025-01-14 15:16:58 --> Session: Class initialized using 'CodeIgniter\Session\Handlers\FileHandler' driver.
INFO - 2025-01-14 15:16:58 --> Session: Class initialized using 'CodeIgniter\Session\Handlers\FileHandler' driver.
INFO - 2025-01-14 15:17:08 --> Session: Class initialized using 'CodeIgniter\Session\Handlers\FileHandler' driver.
ERROR - 2025-01-14 15:17:08 --> Login attempt with username: fff
ERROR - 2025-01-14 15:17:08 --> Checking login for username: fff
ERROR - 2025-01-14 15:17:08 --> User data: 
ERROR - 2025-01-14 15:17:08 --> User not found for username: fff
INFO - 2025-01-14 15:17:08 --> Session: Class initialized using 'CodeIgniter\Session\Handlers\FileHandler' driver.
INFO - 2025-01-14 15:17:08 --> Session: Class initialized using 'CodeIgniter\Session\Handlers\FileHandler' driver.
INFO - 2025-01-14 15:17:22 --> Session: Class initialized using 'CodeIgniter\Session\Handlers\FileHandler' driver.
ERROR - 2025-01-14 15:17:22 --> Login attempt with username: lili
ERROR - 2025-01-14 15:17:22 --> Checking login for username: lili
ERROR - 2025-01-14 15:17:22 --> User data: Array
(
    [user_id] => 9
    [username] => lili
    [nama] => lala
    [nip] => 123456780123456789
    [email] => lala10@gmail.com
    [password] => $2y$10$VOHOtZEaMBJvPLDT6v5/2uXNDqowMBRRYCjIGJtTPqb41gpCwVLI6
    [role] => admin
    [Bidang] => 
    [profil_foto] => image.png
    [alamat] => jalan gajah mada 
    [jabatan] => Sekretaris
    [tanggal_lahir] => 2003-07-04
    [created_at] => 2025-01-10 02:06:34
    [updated_at] => 2025-01-14 14:30:50
)

ERROR - 2025-01-14 15:17:22 --> Password verify result for username lili: Success
ERROR - 2025-01-14 15:17:22 --> Login success for username: lili
INFO - 2025-01-14 15:17:22 --> Session: Class initialized using 'CodeIgniter\Session\Handlers\FileHandler' driver.
DEBUG - 2025-01-14 15:17:22 --> User ID: 9
DEBUG - 2025-01-14 15:17:22 --> Profile Picture: image.png
DEBUG - 2025-01-14 15:17:22 --> User Name: lala
DEBUG - 2025-01-14 15:17:22 --> User Role: admin
INFO - 2025-01-14 15:17:24 --> Session: Class initialized using 'CodeIgniter\Session\Handlers\FileHandler' driver.
INFO - 2025-01-14 15:17:26 --> Session: Class initialized using 'CodeIgniter\Session\Handlers\FileHandler' driver.
INFO - 2025-01-14 15:17:27 --> Session: Class initialized using 'CodeIgniter\Session\Handlers\FileHandler' driver.
INFO - 2025-01-14 15:17:55 --> Session: Class initialized using 'CodeIgniter\Session\Handlers\FileHandler' driver.
ERROR - 2025-01-14 15:17:55 --> Login attempt with username: jaja
ERROR - 2025-01-14 15:17:55 --> Checking login for username: jaja
ERROR - 2025-01-14 15:17:55 --> User data: Array
(
    [user_id] => 13
    [username] => jaja
    [nama] => 
    [nip] => 123456788987654324
    [email] => jaja@gmail.com
    [password] => $2y$10$nVk3.ULQ.f2qJcwl.zo9p.3ZmVs8RESB.SYe8GvwHZ4Y.pEHR.TlO
    [role] => pegawai
    [Bidang] => 
    [profil_foto] => 
    [alamat] => 
    [jabatan] => 
    [tanggal_lahir] => 
    [created_at] => 2025-01-13 07:53:10
    [updated_at] => 2025-01-13 07:53:10
)

ERROR - 2025-01-14 15:17:55 --> Password verify result for username jaja: Success
ERROR - 2025-01-14 15:17:56 --> Login success for username: jaja
INFO - 2025-01-14 15:22:37 --> Session: Class initialized using 'CodeIgniter\Session\Handlers\FileHandler' driver.
INFO - 2025-01-14 15:22:38 --> Session: Class initialized using 'CodeIgniter\Session\Handlers\FileHandler' driver.
INFO - 2025-01-14 15:22:42 --> Session: Class initialized using 'CodeIgniter\Session\Handlers\FileHandler' driver.
ERROR - 2025-01-14 15:22:42 --> Login attempt with username: jaja
ERROR - 2025-01-14 15:22:42 --> Checking login for username: jaja
ERROR - 2025-01-14 15:22:42 --> User data: Array
(
    [user_id] => 13
    [username] => jaja
    [nama] => 
    [nip] => 123456788987654324
    [email] => jaja@gmail.com
    [password] => $2y$10$nVk3.ULQ.f2qJcwl.zo9p.3ZmVs8RESB.SYe8GvwHZ4Y.pEHR.TlO
    [role] => pegawai
    [Bidang] => 
    [profil_foto] => 
    [alamat] => 
    [jabatan] => 
    [tanggal_lahir] => 
    [created_at] => 2025-01-13 07:53:10
    [updated_at] => 2025-01-13 07:53:10
)

ERROR - 2025-01-14 15:22:42 --> Password verify result for username jaja: Failure
ERROR - 2025-01-14 15:22:42 --> Login failed for username: jaja
INFO - 2025-01-14 15:22:42 --> Session: Class initialized using 'CodeIgniter\Session\Handlers\FileHandler' driver.
INFO - 2025-01-14 15:22:42 --> Session: Class initialized using 'CodeIgniter\Session\Handlers\FileHandler' driver.
INFO - 2025-01-14 15:22:50 --> Session: Class initialized using 'CodeIgniter\Session\Handlers\FileHandler' driver.
ERROR - 2025-01-14 15:22:50 --> Login attempt with username: jaja
ERROR - 2025-01-14 15:22:50 --> Checking login for username: jaja
ERROR - 2025-01-14 15:22:50 --> User data: Array
(
    [user_id] => 13
    [username] => jaja
    [nama] => 
    [nip] => 123456788987654324
    [email] => jaja@gmail.com
    [password] => $2y$10$nVk3.ULQ.f2qJcwl.zo9p.3ZmVs8RESB.SYe8GvwHZ4Y.pEHR.TlO
    [role] => pegawai
    [Bidang] => 
    [profil_foto] => 
    [alamat] => 
    [jabatan] => 
    [tanggal_lahir] => 
    [created_at] => 2025-01-13 07:53:10
    [updated_at] => 2025-01-13 07:53:10
)

ERROR - 2025-01-14 15:22:50 --> Password verify result for username jaja: Failure
ERROR - 2025-01-14 15:22:50 --> Login failed for username: jaja
INFO - 2025-01-14 15:22:51 --> Session: Class initialized using 'CodeIgniter\Session\Handlers\FileHandler' driver.
INFO - 2025-01-14 15:22:51 --> Session: Class initialized using 'CodeIgniter\Session\Handlers\FileHandler' driver.
INFO - 2025-01-14 15:23:01 --> Session: Class initialized using 'CodeIgniter\Session\Handlers\FileHandler' driver.
ERROR - 2025-01-14 15:23:01 --> Login attempt with username: register
ERROR - 2025-01-14 15:23:01 --> Checking login for username: register
ERROR - 2025-01-14 15:23:01 --> User data: Array
(
    [user_id] => 14
    [username] => register
    [nama] => 
    [nip] => 123456788987654356
    [email] => register@gmail.com
    [password] => $2y$10$.uukRdu9Mvv6dlPtkcecoelGWi/VaQTlew7h0wIyIk7YqRJMd73Xy
    [role] => pegawai
    [Bidang] => 
    [profil_foto] => 
    [alamat] => 
    [jabatan] => 
    [tanggal_lahir] => 
    [created_at] => 2025-01-13 08:26:44
    [updated_at] => 2025-01-13 08:26:44
)

ERROR - 2025-01-14 15:23:01 --> Password verify result for username register: Failure
ERROR - 2025-01-14 15:23:01 --> Login failed for username: register
INFO - 2025-01-14 15:23:02 --> Session: Class initialized using 'CodeIgniter\Session\Handlers\FileHandler' driver.
INFO - 2025-01-14 15:23:02 --> Session: Class initialized using 'CodeIgniter\Session\Handlers\FileHandler' driver.
INFO - 2025-01-14 15:23:16 --> Session: Class initialized using 'CodeIgniter\Session\Handlers\FileHandler' driver.
ERROR - 2025-01-14 15:23:16 --> Login attempt with username: lili
ERROR - 2025-01-14 15:23:16 --> Checking login for username: lili
ERROR - 2025-01-14 15:23:16 --> User data: Array
(
    [user_id] => 9
    [username] => lili
    [nama] => lala
    [nip] => 123456780123456789
    [email] => lala10@gmail.com
    [password] => $2y$10$VOHOtZEaMBJvPLDT6v5/2uXNDqowMBRRYCjIGJtTPqb41gpCwVLI6
    [role] => admin
    [Bidang] => 
    [profil_foto] => image.png
    [alamat] => jalan gajah mada 
    [jabatan] => Sekretaris
    [tanggal_lahir] => 2003-07-04
    [created_at] => 2025-01-10 02:06:34
    [updated_at] => 2025-01-14 14:30:50
)

ERROR - 2025-01-14 15:23:16 --> Password verify result for username lili: Success
ERROR - 2025-01-14 15:23:16 --> Login success for username: lili
INFO - 2025-01-14 15:23:17 --> Session: Class initialized using 'CodeIgniter\Session\Handlers\FileHandler' driver.
DEBUG - 2025-01-14 15:23:17 --> User ID: 9
DEBUG - 2025-01-14 15:23:17 --> Profile Picture: image.png
DEBUG - 2025-01-14 15:23:17 --> User Name: lala
DEBUG - 2025-01-14 15:23:17 --> User Role: admin
INFO - 2025-01-14 15:23:18 --> Session: Class initialized using 'CodeIgniter\Session\Handlers\FileHandler' driver.
INFO - 2025-01-14 15:23:20 --> Session: Class initialized using 'CodeIgniter\Session\Handlers\FileHandler' driver.
INFO - 2025-01-14 15:23:20 --> Session: Class initialized using 'CodeIgniter\Session\Handlers\FileHandler' driver.
INFO - 2025-01-14 15:23:34 --> Session: Class initialized using 'CodeIgniter\Session\Handlers\FileHandler' driver.
ERROR - 2025-01-14 15:23:34 --> Login attempt with username: jaja
ERROR - 2025-01-14 15:23:34 --> Checking login for username: jaja
ERROR - 2025-01-14 15:23:34 --> User data: Array
(
    [user_id] => 13
    [username] => jaja
    [nama] => 
    [nip] => 123456788987654324
    [email] => jaja@gmail.com
    [password] => $2y$10$nVk3.ULQ.f2qJcwl.zo9p.3ZmVs8RESB.SYe8GvwHZ4Y.pEHR.TlO
    [role] => pegawai
    [Bidang] => 
    [profil_foto] => 
    [alamat] => 
    [jabatan] => 
    [tanggal_lahir] => 
    [created_at] => 2025-01-13 07:53:10
    [updated_at] => 2025-01-13 07:53:10
)

ERROR - 2025-01-14 15:23:34 --> Password verify result for username jaja: Success
ERROR - 2025-01-14 15:23:34 --> Login success for username: jaja
INFO - 2025-01-14 15:24:12 --> Session: Class initialized using 'CodeIgniter\Session\Handlers\FileHandler' driver.
ERROR - 2025-01-14 15:24:12 --> Login attempt with username: jaja
ERROR - 2025-01-14 15:24:12 --> Checking login for username: jaja
ERROR - 2025-01-14 15:24:12 --> User data: Array
(
    [user_id] => 13
    [username] => jaja
    [nama] => 
    [nip] => 123456788987654324
    [email] => jaja@gmail.com
    [password] => $2y$10$nVk3.ULQ.f2qJcwl.zo9p.3ZmVs8RESB.SYe8GvwHZ4Y.pEHR.TlO
    [role] => pegawai
    [Bidang] => 
    [profil_foto] => 
    [alamat] => 
    [jabatan] => 
    [tanggal_lahir] => 
    [created_at] => 2025-01-13 07:53:10
    [updated_at] => 2025-01-13 07:53:10
)

ERROR - 2025-01-14 15:24:12 --> Password verify result for username jaja: Success
ERROR - 2025-01-14 15:24:12 --> Login success for username: jaja
INFO - 2025-01-14 15:26:50 --> Session: Class initialized using 'CodeIgniter\Session\Handlers\FileHandler' driver.
INFO - 2025-01-14 15:26:51 --> Session: Class initialized using 'CodeIgniter\Session\Handlers\FileHandler' driver.
INFO - 2025-01-14 15:26:56 --> Session: Class initialized using 'CodeIgniter\Session\Handlers\FileHandler' driver.
ERROR - 2025-01-14 15:26:56 --> Login attempt with username: jaja
ERROR - 2025-01-14 15:26:56 --> Checking login for username: jaja
ERROR - 2025-01-14 15:26:56 --> User data: Array
(
    [user_id] => 13
    [username] => jaja
    [nama] => 
    [nip] => 123456788987654324
    [email] => jaja@gmail.com
    [password] => $2y$10$nVk3.ULQ.f2qJcwl.zo9p.3ZmVs8RESB.SYe8GvwHZ4Y.pEHR.TlO
    [role] => pegawai
    [Bidang] => 
    [profil_foto] => 
    [alamat] => 
    [jabatan] => 
    [tanggal_lahir] => 
    [created_at] => 2025-01-13 07:53:10
    [updated_at] => 2025-01-13 07:53:10
)

ERROR - 2025-01-14 15:26:56 --> Password verify result for username jaja: Success
ERROR - 2025-01-14 15:26:56 --> Login success for username: jaja
INFO - 2025-01-14 15:27:51 --> Session: Class initialized using 'CodeIgniter\Session\Handlers\FileHandler' driver.
DEBUG - 2025-01-14 15:27:51 --> User ID: 13
DEBUG - 2025-01-14 15:27:51 --> Profile Picture: default.jpg
DEBUG - 2025-01-14 15:27:51 --> User Name: Guest
DEBUG - 2025-01-14 15:27:51 --> User Role: pegawai
INFO - 2025-01-14 15:27:52 --> Session: Class initialized using 'CodeIgniter\Session\Handlers\FileHandler' driver.
INFO - 2025-01-14 15:30:32 --> Session: Class initialized using 'CodeIgniter\Session\Handlers\FileHandler' driver.
DEBUG - 2025-01-14 15:30:32 --> User ID: 13
DEBUG - 2025-01-14 15:30:32 --> Profile Picture: default.jpg
DEBUG - 2025-01-14 15:30:32 --> User Name: Guest
DEBUG - 2025-01-14 15:30:32 --> User Role: pegawai
INFO - 2025-01-14 15:30:32 --> Session: Class initialized using 'CodeIgniter\Session\Handlers\FileHandler' driver.
INFO - 2025-01-14 15:30:39 --> Session: Class initialized using 'CodeIgniter\Session\Handlers\FileHandler' driver.
INFO - 2025-01-14 15:30:39 --> User profile for ID 13 retrieved successfully.
INFO - 2025-01-14 15:30:40 --> Session: Class initialized using 'CodeIgniter\Session\Handlers\FileHandler' driver.
INFO - 2025-01-14 15:30:47 --> Session: Class initialized using 'CodeIgniter\Session\Handlers\FileHandler' driver.
DEBUG - 2025-01-14 15:30:47 --> User ID: 13
DEBUG - 2025-01-14 15:30:47 --> Profile Picture: default.jpg
DEBUG - 2025-01-14 15:30:47 --> User Name: Guest
DEBUG - 2025-01-14 15:30:47 --> User Role: pegawai
INFO - 2025-01-14 15:30:48 --> Session: Class initialized using 'CodeIgniter\Session\Handlers\FileHandler' driver.
INFO - 2025-01-14 15:30:54 --> Session: Class initialized using 'CodeIgniter\Session\Handlers\FileHandler' driver.
INFO - 2025-01-14 15:30:54 --> User profile for ID 13 retrieved successfully.
INFO - 2025-01-14 15:30:55 --> Session: Class initialized using 'CodeIgniter\Session\Handlers\FileHandler' driver.
