INFO - 2025-01-31 05:09:16 --> Session: Class initialized using 'CodeIgniter\Session\Handlers\FileHandler' driver.
INFO - 2025-01-31 05:09:16 --> Attempting to retrieve user profile for user with ID: 6
INFO - 2025-01-31 05:09:16 --> User profile for ID 6 retrieved successfully.
INFO - 2025-01-31 05:09:16 --> User profile data: Array
(
    [user_id] => 6
    [username] => wulan saja
    [nama] => wulandari yulianis
    [nip] => 18679202938390
    [email] => lala@gmail.com
    [password] => $2y$10$Sbofb2lg7PyOSv1D1/vCauYJmgWsYc62iaww/yz9aMuZHwdpRyscG
    [role] => notulensi
    [Bidang] => Aptika
    [profil_foto] => 1738290802_cd73a766bdd2bfe09306.png
    [alamat] => 
    [jabatan] => sek
    [tanggal_lahir] => 
    [created_at] => 2025-01-09 15:02:18
    [updated_at] => 2025-01-31 02:35:03
)

INFO - 2025-01-31 05:09:16 --> Session: Class initialized using 'CodeIgniter\Session\Handlers\FileHandler' driver.
INFO - 2025-01-31 05:09:17 --> Session: Class initialized using 'CodeIgniter\Session\Handlers\FileHandler' driver.
DEBUG - 2025-01-31 05:09:24 --> Data input: Array
(
    [password] => 
    [confirm-password] => 
    [username] => wulan saja
    [nama] => wulandari yulianis
    [nip] => 18679202938390
    [email] => lala@gmail.com
    [status] => notulensi
    [bidang] => Aptika
    [jabatan] => sek
)

DEBUG - 2025-01-31 05:09:24 --> Data yang akan diperbarui: Array
(
    [username] => wulan saja
    [nama] => wulandari yulianis
    [nip] => 18679202938390
    [email] => lala@gmail.com
    [status] => notulensi
    [bidang] => Aptika
    [jabatan] => sek
)

DEBUG - 2025-01-31 05:09:24 --> Foto berhasil diupload dengan nama: 1738300164_7ee36e5925e89cba61ad.jpg
DEBUG - 2025-01-31 05:09:24 --> Memperbarui foto profil pengguna ID: 6 dengan nama file: 1738300164_7ee36e5925e89cba61ad.jpg
DEBUG - 2025-01-31 05:09:24 --> Foto profil berhasil diperbarui di database untuk user_id: 6
INFO - 2025-01-31 05:09:24 --> Session: Class initialized using 'CodeIgniter\Session\Handlers\FileHandler' driver.
INFO - 2025-01-31 05:09:25 --> Mencoba mengambil pengguna dengan role notulensi dan pegawai
INFO - 2025-01-31 05:09:25 --> Pengguna dengan role notulensi atau pegawai ditemukan: Array
(
    [0] => Array
        (
            [user_id] => 3
            [username] => wulan dari yulianis
            [nama] => John 
            [nip] => 123456789
            [email] => admin@example.com
            [password] => $2y$10$bt4.BEmdIhnRDA3GANoKeeIiyFy6FgKuhWEF3oGI1mNGglFfdCg3u
            [role] => pegawai
            [Bidang] => Statistik dan Persandian
            [profil_foto] => 1738295456_3d1deade901af1e30d29.png
            [alamat] => Jl. Merdeka No. 123, Jakarta
            [jabatan] => korea
            [tanggal_lahir] => 
            [created_at] => 2025-01-09 22:02:06
            [updated_at] => 2025-01-31 03:50:56
        )

    [1] => Array
        (
            [user_id] => 6
            [username] => wulan saja
            [nama] => wulandari yulianis
            [nip] => 18679202938390
            [email] => lala@gmail.com
            [password] => $2y$10$Sbofb2lg7PyOSv1D1/vCauYJmgWsYc62iaww/yz9aMuZHwdpRyscG
            [role] => notulensi
            [Bidang] => Aptika
            [profil_foto] => 1738300164_7ee36e5925e89cba61ad.jpg
            [alamat] => 
            [jabatan] => sek
            [tanggal_lahir] => 
            [created_at] => 2025-01-09 15:02:18
            [updated_at] => 2025-01-31 05:09:24
        )

    [2] => Array
        (
            [user_id] => 7
            [username] => lala
            [nama] => lala
            [nip] => 123456789123456789
            [email] => lala1@gmail.com
            [password] => $2y$10$tBSYxTpvfWjIlSkqSZ.7TeAQp2RvMqDg2J91d0vUGxaieUvPIv61a
            [role] => notulensi
            [Bidang] => Aptika
            [profil_foto] => 
            [alamat] => 
            [jabatan] => 
            [tanggal_lahir] => 
            [created_at] => 2025-01-09 15:16:16
            [updated_at] => 2025-01-30 15:15:20
        )

    [3] => Array
        (
            [user_id] => 13
            [username] => jaja
            [nama] => jungwon
            [nip] => 123456788987654324
            [email] => jaja@gmail.com
            [password] => $2y$10$nVk3.ULQ.f2qJcwl.zo9p.3ZmVs8RESB.SYe8GvwHZ4Y.pEHR.TlO
            [role] => pegawai
            [Bidang] => IKP
            [profil_foto] => pegawai.png
            [alamat] => 
            [jabatan] => korea
            [tanggal_lahir] => 
            [created_at] => 2025-01-13 07:53:10
            [updated_at] => 2025-01-28 06:34:05
        )

    [4] => Array
        (
            [user_id] => 18
            [username] => notulensi_user18
            [nama] => Nama Notulensi 18
            [nip] => 12345678918
            [email] => notulensi_user18@example.com
            [password] => password_enkripsi18
            [role] => notulensi
            [Bidang] => Administrasi
            [profil_foto] => 
            [alamat] => Alamat Notulensi 18
            [jabatan] => Notulensi
            [tanggal_lahir] => 1998-08-18
            [created_at] => 2025-01-16 09:28:25
            [updated_at] => 2025-01-17 00:16:49
        )

    [5] => Array
        (
            [user_id] => 26
            [username] => notulensi
            [nama] => alhamdulilla
            [nip] => 345678909876789376
            [email] => notulensi@gmail.com
            [password] => $2y$10$ZhNj131GHHBnlqCvbB3.bOR13E/V13x3i1tumnFZPNg.YhqScDCnq
            [role] => notulensi
            [Bidang] => 
            [profil_foto] => image.png

            [alamat] => 
            [jabatan] => 
            [tanggal_lahir] => 
            [created_at] => 2025-01-16 02:36:45
            [updated_at] => 2025-01-16 15:11:16
        )

    [6] => Array
        (
            [user_id] => 32
            [username] => dadang
            [nama] => cindy arwinda 
            [nip] => 098765432234567892
            [email] => dadang@gmail.com
            [password] => $2y$10$FKo1RqxUsHWcoWzbk5ZZae9C4Al32xjQuyf99kyXR4CMMYtDOyMVC
            [role] => notulensi
            [Bidang] => IKP
            [profil_foto] => 2.jpg
            [alamat] => 
            [jabatan] => Sekretaris
            [tanggal_lahir] => 
            [created_at] => 2025-01-17 09:26:42
            [updated_at] => 2025-01-30 15:15:46
        )

    [7] => Array
        (
            [user_id] => 40
            [username] => cindy
            [nama] => cindy arwinda putry
            [nip] => 123456788987654259
            [email] => cindy@gmail.com
            [password] => $2y$10$fFtsHB1wzUtGMaBUM0/c3uv.EFy0QXZgTj6.q2gKaPtCdUVYHNMqG
            [role] => notulensi
            [Bidang] => IKP
            [profil_foto] => 2.jpg
            [alamat] => 
            [jabatan] => Sekretaris
            [tanggal_lahir] => 
            [created_at] => 2025-01-21 05:07:14
            [updated_at] => 2025-01-27 00:04:23
        )

)

INFO - 2025-01-31 05:09:25 --> Session: Class initialized using 'CodeIgniter\Session\Handlers\FileHandler' driver.
INFO - 2025-01-31 05:09:25 --> User profile for ID 9 retrieved successfully.
INFO - 2025-01-31 05:09:25 --> Session: Class initialized using 'CodeIgniter\Session\Handlers\FileHandler' driver.
INFO - 2025-01-31 05:09:25 --> Session: Class initialized using 'CodeIgniter\Session\Handlers\FileHandler' driver.
INFO - 2025-01-31 05:09:28 --> Mencoba mengambil pengguna dengan role notulensi dan pegawai
INFO - 2025-01-31 05:09:28 --> Pengguna dengan role notulensi atau pegawai ditemukan: Array
(
    [0] => Array
        (
            [user_id] => 3
            [username] => wulan dari yulianis
            [nama] => John 
            [nip] => 123456789
            [email] => admin@example.com
            [password] => $2y$10$bt4.BEmdIhnRDA3GANoKeeIiyFy6FgKuhWEF3oGI1mNGglFfdCg3u
            [role] => pegawai
            [Bidang] => Statistik dan Persandian
            [profil_foto] => 1738295456_3d1deade901af1e30d29.png
            [alamat] => Jl. Merdeka No. 123, Jakarta
            [jabatan] => korea
            [tanggal_lahir] => 
            [created_at] => 2025-01-09 22:02:06
            [updated_at] => 2025-01-31 03:50:56
        )

    [1] => Array
        (
            [user_id] => 6
            [username] => wulan saja
            [nama] => wulandari yulianis
            [nip] => 18679202938390
            [email] => lala@gmail.com
            [password] => $2y$10$Sbofb2lg7PyOSv1D1/vCauYJmgWsYc62iaww/yz9aMuZHwdpRyscG
            [role] => notulensi
            [Bidang] => Aptika
            [profil_foto] => 1738300164_7ee36e5925e89cba61ad.jpg
            [alamat] => 
            [jabatan] => sek
            [tanggal_lahir] => 
            [created_at] => 2025-01-09 15:02:18
            [updated_at] => 2025-01-31 05:09:24
        )

    [2] => Array
        (
            [user_id] => 7
            [username] => lala
            [nama] => lala
            [nip] => 123456789123456789
            [email] => lala1@gmail.com
            [password] => $2y$10$tBSYxTpvfWjIlSkqSZ.7TeAQp2RvMqDg2J91d0vUGxaieUvPIv61a
            [role] => notulensi
            [Bidang] => Aptika
            [profil_foto] => 
            [alamat] => 
            [jabatan] => 
            [tanggal_lahir] => 
            [created_at] => 2025-01-09 15:16:16
            [updated_at] => 2025-01-30 15:15:20
        )

    [3] => Array
        (
            [user_id] => 13
            [username] => jaja
            [nama] => jungwon
            [nip] => 123456788987654324
            [email] => jaja@gmail.com
            [password] => $2y$10$nVk3.ULQ.f2qJcwl.zo9p.3ZmVs8RESB.SYe8GvwHZ4Y.pEHR.TlO
            [role] => pegawai
            [Bidang] => IKP
            [profil_foto] => pegawai.png
            [alamat] => 
            [jabatan] => korea
            [tanggal_lahir] => 
            [created_at] => 2025-01-13 07:53:10
            [updated_at] => 2025-01-28 06:34:05
        )

    [4] => Array
        (
            [user_id] => 18
            [username] => notulensi_user18
            [nama] => Nama Notulensi 18
            [nip] => 12345678918
            [email] => notulensi_user18@example.com
            [password] => password_enkripsi18
            [role] => notulensi
            [Bidang] => Administrasi
            [profil_foto] => 
            [alamat] => Alamat Notulensi 18
            [jabatan] => Notulensi
            [tanggal_lahir] => 1998-08-18
            [created_at] => 2025-01-16 09:28:25
            [updated_at] => 2025-01-17 00:16:49
        )

    [5] => Array
        (
            [user_id] => 26
            [username] => notulensi
            [nama] => alhamdulilla
            [nip] => 345678909876789376
            [email] => notulensi@gmail.com
            [password] => $2y$10$ZhNj131GHHBnlqCvbB3.bOR13E/V13x3i1tumnFZPNg.YhqScDCnq
            [role] => notulensi
            [Bidang] => 
            [profil_foto] => image.png

            [alamat] => 
            [jabatan] => 
            [tanggal_lahir] => 
            [created_at] => 2025-01-16 02:36:45
            [updated_at] => 2025-01-16 15:11:16
        )

    [6] => Array
        (
            [user_id] => 32
            [username] => dadang
            [nama] => cindy arwinda 
            [nip] => 098765432234567892
            [email] => dadang@gmail.com
            [password] => $2y$10$FKo1RqxUsHWcoWzbk5ZZae9C4Al32xjQuyf99kyXR4CMMYtDOyMVC
            [role] => notulensi
            [Bidang] => IKP
            [profil_foto] => 2.jpg
            [alamat] => 
            [jabatan] => Sekretaris
            [tanggal_lahir] => 
            [created_at] => 2025-01-17 09:26:42
            [updated_at] => 2025-01-30 15:15:46
        )

    [7] => Array
        (
            [user_id] => 40
            [username] => cindy
            [nama] => cindy arwinda putry
            [nip] => 123456788987654259
            [email] => cindy@gmail.com
            [password] => $2y$10$fFtsHB1wzUtGMaBUM0/c3uv.EFy0QXZgTj6.q2gKaPtCdUVYHNMqG
            [role] => notulensi
            [Bidang] => IKP
            [profil_foto] => 2.jpg
            [alamat] => 
            [jabatan] => Sekretaris
            [tanggal_lahir] => 
            [created_at] => 2025-01-21 05:07:14
            [updated_at] => 2025-01-27 00:04:23
        )

)

INFO - 2025-01-31 05:09:28 --> Session: Class initialized using 'CodeIgniter\Session\Handlers\FileHandler' driver.
INFO - 2025-01-31 05:09:28 --> User profile for ID 9 retrieved successfully.
INFO - 2025-01-31 05:09:28 --> Session: Class initialized using 'CodeIgniter\Session\Handlers\FileHandler' driver.
